<?xml version="1.0" encoding="UTF-8"?>
<coverage generated="1507894796656" clover="3.2.0">
  <project timestamp="1507894796656" name="All files">
    <metrics statements="634" coveredstatements="485" conditionals="167" coveredconditionals="97" methods="207" coveredmethods="169" elements="1008" coveredelements="751" complexity="0" loc="634" ncloc="634" packages="9" files="50" classes="50">
      <package name="flux">
        <metrics statements="14" coveredstatements="14" conditionals="0" coveredconditionals="0" methods="5" coveredmethods="5"/>
        <file name="ActionTypes.js" path="/Users/andeladeveloper/Desktop/postIt/post-it-app/client/src/flux/ActionTypes.js">
          <metrics statements="1" coveredstatements="1" conditionals="0" coveredconditionals="0" methods="0" coveredmethods="0"/>
          <line num="1" count="66" type="stmt"/>
        </file>
        <file name="Dispatcher.js" path="/Users/andeladeveloper/Desktop/postIt/post-it-app/client/src/flux/Dispatcher.js">
          <metrics statements="3" coveredstatements="3" conditionals="0" coveredconditionals="0" methods="2" coveredmethods="2"/>
          <line num="15" count="1" type="stmt"/>
          <line num="27" count="3" type="stmt"/>
          <line num="34" count="35" type="stmt"/>
        </file>
        <file name="firebaseFunctions.js" path="/Users/andeladeveloper/Desktop/postIt/post-it-app/client/src/flux/firebaseFunctions.js">
          <metrics statements="10" coveredstatements="10" conditionals="0" coveredconditionals="0" methods="3" coveredmethods="3"/>
          <line num="3" count="24" type="stmt"/>
          <line num="5" count="7" type="stmt"/>
          <line num="13" count="7" type="stmt"/>
          <line num="16" count="24" type="stmt"/>
          <line num="17" count="29" type="stmt"/>
          <line num="18" count="29" type="stmt"/>
          <line num="21" count="24" type="stmt"/>
          <line num="22" count="36" type="stmt"/>
          <line num="23" count="36" type="stmt"/>
          <line num="26" count="24" type="stmt"/>
        </file>
      </package>
      <package name="flux.actions">
        <metrics statements="174" coveredstatements="143" conditionals="38" coveredconditionals="32" methods="53" coveredmethods="42"/>
        <file name="acceptRejectGroupRequestAction.js" path="/Users/andeladeveloper/Desktop/postIt/post-it-app/client/src/flux/actions/acceptRejectGroupRequestAction.js">
          <metrics statements="11" coveredstatements="11" conditionals="4" coveredconditionals="3" methods="2" coveredmethods="2"/>
          <line num="6" count="2" type="stmt"/>
          <line num="7" count="2" type="stmt"/>
          <line num="9" count="2" type="stmt"/>
          <line num="10" count="2" type="cond" truecount="2" falsecount="0"/>
          <line num="11" count="1" type="stmt"/>
          <line num="12" count="1" type="cond" truecount="1" falsecount="1"/>
          <line num="14" count="1" type="stmt"/>
          <line num="17" count="1" type="stmt"/>
          <line num="22" count="1" type="stmt"/>
          <line num="25" count="1" type="stmt"/>
          <line num="26" count="1" type="stmt"/>
        </file>
        <file name="addUserGroup.js" path="/Users/andeladeveloper/Desktop/postIt/post-it-app/client/src/flux/actions/addUserGroup.js">
          <metrics statements="7" coveredstatements="7" conditionals="2" coveredconditionals="2" methods="2" coveredmethods="2"/>
          <line num="12" count="2" type="stmt"/>
          <line num="13" count="2" type="stmt"/>
          <line num="15" count="2" type="stmt"/>
          <line num="16" count="3" type="cond" truecount="2" falsecount="0"/>
          <line num="18" count="2" type="stmt"/>
          <line num="19" count="2" type="stmt"/>
          <line num="25" count="1" type="stmt"/>
        </file>
        <file name="getAllUsersAction.js" path="/Users/andeladeveloper/Desktop/postIt/post-it-app/client/src/flux/actions/getAllUsersAction.js">
          <metrics statements="23" coveredstatements="22" conditionals="2" coveredconditionals="2" methods="7" coveredmethods="6"/>
          <line num="13" count="3" type="stmt"/>
          <line num="14" count="3" type="stmt"/>
          <line num="15" count="3" type="stmt"/>
          <line num="16" count="3" type="cond" truecount="2" falsecount="0"/>
          <line num="18" count="2" type="stmt"/>
          <line num="21" count="2" type="stmt"/>
          <line num="24" count="2" type="stmt"/>
          <line num="27" count="2" type="stmt"/>
          <line num="29" count="2" type="stmt"/>
          <line num="30" count="2" type="stmt"/>
          <line num="31" count="2" type="stmt"/>
          <line num="32" count="2" type="stmt"/>
          <line num="33" count="2" type="stmt"/>
          <line num="35" count="2" type="stmt"/>
          <line num="36" count="2" type="stmt"/>
          <line num="37" count="2" type="stmt"/>
          <line num="38" count="2" type="stmt"/>
          <line num="39" count="0" type="stmt"/>
          <line num="42" count="2" type="stmt"/>
          <line num="43" count="2" type="stmt"/>
          <line num="44" count="2" type="stmt"/>
          <line num="47" count="2" type="stmt"/>
          <line num="55" count="1" type="stmt"/>
        </file>
        <file name="getMessagesAction.js" path="/Users/andeladeveloper/Desktop/postIt/post-it-app/client/src/flux/actions/getMessagesAction.js">
          <metrics statements="23" coveredstatements="23" conditionals="10" coveredconditionals="8" methods="4" coveredmethods="4"/>
          <line num="14" count="4" type="stmt"/>
          <line num="15" count="4" type="stmt"/>
          <line num="16" count="4" type="stmt"/>
          <line num="18" count="4" type="stmt"/>
          <line num="19" count="5" type="cond" truecount="2" falsecount="0"/>
          <line num="21" count="2" type="stmt"/>
          <line num="23" count="2" type="stmt"/>
          <line num="29" count="2" type="stmt"/>
          <line num="30" count="2" type="stmt"/>
          <line num="31" count="2" type="stmt"/>
          <line num="32" count="2" type="stmt"/>
          <line num="33" count="2" type="stmt"/>
          <line num="34" count="6" type="stmt"/>
          <line num="35" count="6" type="stmt"/>
          <line num="36" count="6" type="stmt"/>
          <line num="37" count="6" type="cond" truecount="2" falsecount="0"/>
          <line num="38" count="4" type="cond" truecount="2" falsecount="0"/>
          <line num="39" count="2" type="cond" truecount="1" falsecount="1"/>
          <line num="40" count="2" type="stmt"/>
          <line num="43" count="2" type="cond" truecount="1" falsecount="1"/>
          <line num="44" count="2" type="stmt"/>
          <line num="46" count="6" type="stmt"/>
          <line num="55" count="3" type="stmt"/>
        </file>
        <file name="googleSignInAction.js" path="/Users/andeladeveloper/Desktop/postIt/post-it-app/client/src/flux/actions/googleSignInAction.js">
          <metrics statements="9" coveredstatements="6" conditionals="0" coveredconditionals="0" methods="4" coveredmethods="3"/>
          <line num="13" count="2" type="stmt"/>
          <line num="14" count="2" type="stmt"/>
          <line num="15" count="2" type="stmt"/>
          <line num="17" count="2" type="stmt"/>
          <line num="19" count="2" type="stmt"/>
          <line num="24" count="0" type="stmt"/>
          <line num="27" count="0" type="stmt"/>
          <line num="29" count="0" type="stmt"/>
          <line num="35" count="2" type="stmt"/>
        </file>
        <file name="groupActions.js" path="/Users/andeladeveloper/Desktop/postIt/post-it-app/client/src/flux/actions/groupActions.js">
          <metrics statements="43" coveredstatements="17" conditionals="4" coveredconditionals="2" methods="14" coveredmethods="5"/>
          <line num="13" count="1" type="stmt"/>
          <line num="24" count="1" type="stmt"/>
          <line num="36" count="6" type="stmt"/>
          <line num="37" count="6" type="stmt"/>
          <line num="39" count="6" type="stmt"/>
          <line num="40" count="6" type="stmt"/>
          <line num="42" count="6" type="stmt"/>
          <line num="43" count="0" type="cond" truecount="0" falsecount="2"/>
          <line num="44" count="0" type="stmt"/>
          <line num="46" count="0" type="stmt"/>
          <line num="48" count="0" type="stmt"/>
          <line num="49" count="0" type="stmt"/>
          <line num="50" count="0" type="stmt"/>
          <line num="51" count="0" type="stmt"/>
          <line num="53" count="0" type="stmt"/>
          <line num="54" count="0" type="stmt"/>
          <line num="55" count="0" type="stmt"/>
          <line num="56" count="0" type="stmt"/>
          <line num="57" count="0" type="stmt"/>
          <line num="58" count="0" type="stmt"/>
          <line num="60" count="0" type="stmt"/>
          <line num="64" count="0" type="stmt"/>
          <line num="66" count="0" type="stmt"/>
          <line num="67" count="0" type="stmt"/>
          <line num="70" count="0" type="stmt"/>
          <line num="71" count="0" type="stmt"/>
          <line num="74" count="0" type="stmt"/>
          <line num="75" count="0" type="stmt"/>
          <line num="76" count="0" type="stmt"/>
          <line num="77" count="0" type="stmt"/>
          <line num="78" count="0" type="stmt"/>
          <line num="79" count="0" type="stmt"/>
          <line num="81" count="0" type="stmt"/>
          <line num="94" count="2" type="stmt"/>
          <line num="95" count="2" type="stmt"/>
          <line num="97" count="2" type="stmt"/>
          <line num="98" count="5" type="cond" truecount="2" falsecount="0"/>
          <line num="99" count="4" type="stmt"/>
          <line num="101" count="4" type="stmt"/>
          <line num="106" count="4" type="stmt"/>
          <line num="111" count="4" type="stmt"/>
          <line num="114" count="4" type="stmt"/>
          <line num="118" count="1" type="stmt"/>
        </file>
        <file name="readMessagesAction.js" path="/Users/andeladeveloper/Desktop/postIt/post-it-app/client/src/flux/actions/readMessagesAction.js">
          <metrics statements="12" coveredstatements="12" conditionals="6" coveredconditionals="5" methods="3" coveredmethods="3"/>
          <line num="14" count="2" type="stmt"/>
          <line num="15" count="2" type="stmt"/>
          <line num="17" count="2" type="stmt"/>
          <line num="18" count="3" type="cond" truecount="2" falsecount="0"/>
          <line num="19" count="2" type="stmt"/>
          <line num="20" count="2" type="stmt"/>
          <line num="22" count="2" type="cond" truecount="1" falsecount="1"/>
          <line num="23" count="2" type="stmt"/>
          <line num="24" count="4" type="cond" truecount="2" falsecount="0"/>
          <line num="25" count="2" type="stmt"/>
          <line num="28" count="2" type="stmt"/>
          <line num="34" count="1" type="stmt"/>
        </file>
        <file name="receiveRequestAction.js" path="/Users/andeladeveloper/Desktop/postIt/post-it-app/client/src/flux/actions/receiveRequestAction.js">
          <metrics statements="1" coveredstatements="1" conditionals="0" coveredconditionals="0" methods="1" coveredmethods="1"/>
          <line num="5" count="1" type="stmt"/>
        </file>
        <file name="registerUserAction.js" path="/Users/andeladeveloper/Desktop/postIt/post-it-app/client/src/flux/actions/registerUserAction.js">
          <metrics statements="13" coveredstatements="13" conditionals="6" coveredconditionals="6" methods="3" coveredmethods="3"/>
          <line num="15" count="4" type="stmt"/>
          <line num="16" count="4" type="stmt"/>
          <line num="18" count="4" type="cond" truecount="2" falsecount="0"/>
          <line num="19" count="3" type="cond" truecount="2" falsecount="0"/>
          <line num="20" count="2" type="cond" truecount="2" falsecount="0"/>
          <line num="21" count="1" type="stmt"/>
          <line num="23" count="1" type="stmt"/>
          <line num="27" count="1" type="stmt"/>
          <line num="32" count="1" type="stmt"/>
          <line num="33" count="1" type="stmt"/>
          <line num="40" count="1" type="stmt"/>
          <line num="45" count="1" type="stmt"/>
          <line num="52" count="1" type="stmt"/>
        </file>
        <file name="resetPasswordAction.js" path="/Users/andeladeveloper/Desktop/postIt/post-it-app/client/src/flux/actions/resetPasswordAction.js">
          <metrics statements="4" coveredstatements="4" conditionals="0" coveredconditionals="0" methods="3" coveredmethods="3"/>
          <line num="14" count="2" type="stmt"/>
          <line num="16" count="2" type="stmt"/>
          <line num="18" count="1" type="stmt"/>
          <line num="23" count="1" type="stmt"/>
        </file>
        <file name="sendMessageAction.js" path="/Users/andeladeveloper/Desktop/postIt/post-it-app/client/src/flux/actions/sendMessageAction.js">
          <metrics statements="13" coveredstatements="12" conditionals="2" coveredconditionals="2" methods="4" coveredmethods="4"/>
          <line num="15" count="2" type="stmt"/>
          <line num="16" count="2" type="stmt"/>
          <line num="18" count="2" type="stmt"/>
          <line num="19" count="3" type="cond" truecount="2" falsecount="0"/>
          <line num="20" count="2" type="stmt"/>
          <line num="23" count="2" type="stmt"/>
          <line num="24" count="2" type="stmt"/>
          <line num="29" count="2" type="stmt"/>
          <line num="31" count="2" type="stmt"/>
          <line num="33" count="2" type="stmt"/>
          <line num="36" count="2" type="stmt"/>
          <line num="38" count="0" type="stmt"/>
          <line num="44" count="1" type="stmt"/>
        </file>
        <file name="signOutAction.js" path="/Users/andeladeveloper/Desktop/postIt/post-it-app/client/src/flux/actions/signOutAction.js">
          <metrics statements="9" coveredstatements="9" conditionals="0" coveredconditionals="0" methods="3" coveredmethods="3"/>
          <line num="7" count="2" type="stmt"/>
          <line num="8" count="2" type="stmt"/>
          <line num="10" count="1" type="stmt"/>
          <line num="13" count="1" type="stmt"/>
          <line num="16" count="1" type="stmt"/>
          <line num="19" count="1" type="stmt"/>
          <line num="22" count="1" type="stmt"/>
          <line num="25" count="1" type="stmt"/>
          <line num="30" count="1" type="stmt"/>
        </file>
        <file name="userSignInAction.js" path="/Users/andeladeveloper/Desktop/postIt/post-it-app/client/src/flux/actions/userSignInAction.js">
          <metrics statements="6" coveredstatements="6" conditionals="2" coveredconditionals="2" methods="3" coveredmethods="3"/>
          <line num="15" count="3" type="stmt"/>
          <line num="17" count="3" type="cond" truecount="2" falsecount="0"/>
          <line num="18" count="2" type="stmt"/>
          <line num="20" count="1" type="stmt"/>
          <line num="26" count="1" type="stmt"/>
          <line num="33" count="1" type="stmt"/>
        </file>
      </package>
      <package name="flux.models">
        <metrics statements="1" coveredstatements="1" conditionals="0" coveredconditionals="0" methods="0" coveredmethods="0"/>
        <file name="groupList.js" path="/Users/andeladeveloper/Desktop/postIt/post-it-app/client/src/flux/models/groupList.js">
          <metrics statements="1" coveredstatements="1" conditionals="0" coveredconditionals="0" methods="0" coveredmethods="0"/>
          <line num="3" count="26" type="stmt"/>
        </file>
      </package>
      <package name="flux.stores">
        <metrics statements="175" coveredstatements="131" conditionals="37" coveredconditionals="17" methods="35" coveredmethods="33"/>
        <file name="AllUsersStore.js" path="/Users/andeladeveloper/Desktop/postIt/post-it-app/client/src/flux/stores/AllUsersStore.js">
          <metrics statements="38" coveredstatements="21" conditionals="9" coveredconditionals="3" methods="5" coveredmethods="5"/>
          <line num="8" count="10" type="stmt"/>
          <line num="11" count="10" type="stmt"/>
          <line num="12" count="1" type="stmt"/>
          <line num="28" count="1" type="stmt"/>
          <line num="39" count="1" type="stmt"/>
          <line num="51" count="2" type="stmt"/>
          <line num="55" count="10" type="stmt"/>
          <line num="57" count="10" type="stmt"/>
          <line num="58" count="2" type="stmt"/>
          <line num="64" count="2" type="cond" truecount="2" falsecount="3"/>
          <line num="66" count="1" type="stmt"/>
          <line num="67" count="1" type="stmt"/>
          <line num="70" count="1" type="stmt"/>
          <line num="71" count="1" type="stmt"/>
          <line num="72" count="1" type="stmt"/>
          <line num="73" count="1" type="cond" truecount="1" falsecount="1"/>
          <line num="74" count="0" type="stmt"/>
          <line num="75" count="0" type="stmt"/>
          <line num="76" count="0" type="stmt"/>
          <line num="77" count="0" type="stmt"/>
          <line num="79" count="1" type="stmt"/>
          <line num="80" count="1" type="stmt"/>
          <line num="81" count="1" type="stmt"/>
          <line num="83" count="1" type="stmt"/>
          <line num="84" count="1" type="stmt"/>
          <line num="87" count="0" type="stmt"/>
          <line num="88" count="0" type="stmt"/>
          <line num="89" count="0" type="stmt"/>
          <line num="90" count="0" type="cond" truecount="0" falsecount="2"/>
          <line num="91" count="0" type="stmt"/>
          <line num="92" count="0" type="stmt"/>
          <line num="93" count="0" type="stmt"/>
          <line num="94" count="0" type="stmt"/>
          <line num="95" count="0" type="stmt"/>
          <line num="97" count="0" type="stmt"/>
          <line num="100" count="0" type="stmt"/>
          <line num="101" count="0" type="stmt"/>
          <line num="104" count="0" type="stmt"/>
        </file>
        <file name="ErrorStore.js" path="/Users/andeladeveloper/Desktop/postIt/post-it-app/client/src/flux/stores/ErrorStore.js">
          <metrics statements="18" coveredstatements="17" conditionals="3" coveredconditionals="2" methods="5" coveredmethods="5"/>
          <line num="5" count="12" type="stmt"/>
          <line num="22" count="20" type="stmt"/>
          <line num="32" count="1" type="stmt"/>
          <line num="42" count="1" type="stmt"/>
          <line num="50" count="1" type="stmt"/>
          <line num="54" count="12" type="stmt"/>
          <line num="56" count="12" type="stmt"/>
          <line num="57" count="4" type="stmt"/>
          <line num="59" count="4" type="cond" truecount="2" falsecount="1"/>
          <line num="61" count="2" type="stmt"/>
          <line num="62" count="2" type="stmt"/>
          <line num="63" count="2" type="stmt"/>
          <line num="64" count="2" type="stmt"/>
          <line num="67" count="2" type="stmt"/>
          <line num="68" count="2" type="stmt"/>
          <line num="69" count="2" type="stmt"/>
          <line num="70" count="2" type="stmt"/>
          <line num="73" count="0" type="stmt"/>
        </file>
        <file name="GroupRequestStore.js" path="/Users/andeladeveloper/Desktop/postIt/post-it-app/client/src/flux/stores/GroupRequestStore.js">
          <metrics statements="22" coveredstatements="14" conditionals="4" coveredconditionals="1" methods="5" coveredmethods="4"/>
          <line num="6" count="5" type="stmt"/>
          <line num="8" count="5" type="stmt"/>
          <line num="10" count="5" type="stmt"/>
          <line num="11" count="0" type="stmt"/>
          <line num="27" count="5" type="stmt"/>
          <line num="37" count="1" type="stmt"/>
          <line num="47" count="5" type="stmt"/>
          <line num="51" count="5" type="stmt"/>
          <line num="53" count="5" type="stmt"/>
          <line num="54" count="2" type="stmt"/>
          <line num="58" count="2" type="cond" truecount="1" falsecount="3"/>
          <line num="60" count="0" type="stmt"/>
          <line num="61" count="0" type="stmt"/>
          <line num="62" count="0" type="stmt"/>
          <line num="63" count="0" type="stmt"/>
          <line num="66" count="2" type="stmt"/>
          <line num="67" count="2" type="stmt"/>
          <line num="68" count="2" type="stmt"/>
          <line num="69" count="2" type="stmt"/>
          <line num="72" count="0" type="stmt"/>
          <line num="73" count="0" type="stmt"/>
          <line num="76" count="0" type="stmt"/>
        </file>
        <file name="GroupStore.js" path="/Users/andeladeveloper/Desktop/postIt/post-it-app/client/src/flux/stores/GroupStore.js">
          <metrics statements="25" coveredstatements="21" conditionals="7" coveredconditionals="4" methods="6" coveredmethods="5"/>
          <line num="7" count="9" type="stmt"/>
          <line num="10" count="9" type="stmt"/>
          <line num="13" count="9" type="stmt"/>
          <line num="14" count="1" type="stmt"/>
          <line num="30" count="5" type="stmt"/>
          <line num="40" count="1" type="stmt"/>
          <line num="50" count="7" type="stmt"/>
          <line num="60" count="0" type="stmt"/>
          <line num="64" count="9" type="stmt"/>
          <line num="66" count="9" type="stmt"/>
          <line num="67" count="3" type="stmt"/>
          <line num="68" count="3" type="stmt"/>
          <line num="72" count="3" type="cond" truecount="3" falsecount="2"/>
          <line num="74" count="1" type="cond" truecount="1" falsecount="1"/>
          <line num="75" count="1" type="stmt"/>
          <line num="77" count="1" type="stmt"/>
          <line num="81" count="1" type="stmt"/>
          <line num="82" count="1" type="stmt"/>
          <line num="85" count="1" type="stmt"/>
          <line num="86" count="1" type="stmt"/>
          <line num="87" count="1" type="stmt"/>
          <line num="88" count="1" type="stmt"/>
          <line num="91" count="0" type="stmt"/>
          <line num="92" count="0" type="stmt"/>
          <line num="95" count="0" type="stmt"/>
        </file>
        <file name="MessageStore.js" path="/Users/andeladeveloper/Desktop/postIt/post-it-app/client/src/flux/stores/MessageStore.js">
          <metrics statements="42" coveredstatements="33" conditionals="8" coveredconditionals="4" methods="8" coveredmethods="8"/>
          <line num="6" count="12" type="stmt"/>
          <line num="9" count="12" type="stmt"/>
          <line num="11" count="12" type="stmt"/>
          <line num="16" count="12" type="stmt"/>
          <line num="17" count="1" type="stmt"/>
          <line num="34" count="1" type="stmt"/>
          <line num="45" count="1" type="stmt"/>
          <line num="53" count="6" type="stmt"/>
          <line num="61" count="2" type="stmt"/>
          <line num="73" count="1" type="stmt"/>
          <line num="81" count="8" type="stmt"/>
          <line num="88" count="12" type="stmt"/>
          <line num="90" count="12" type="stmt"/>
          <line num="91" count="2" type="stmt"/>
          <line num="98" count="2" type="cond" truecount="2" falsecount="2"/>
          <line num="100" count="1" type="stmt"/>
          <line num="101" count="1" type="stmt"/>
          <line num="102" count="1" type="stmt"/>
          <line num="103" count="1" type="stmt"/>
          <line num="105" count="1" type="stmt"/>
          <line num="106" count="1" type="cond" truecount="1" falsecount="1"/>
          <line num="107" count="0" type="stmt"/>
          <line num="108" count="0" type="stmt"/>
          <line num="111" count="1" type="stmt"/>
          <line num="113" count="1" type="cond" truecount="1" falsecount="1"/>
          <line num="114" count="0" type="stmt"/>
          <line num="115" count="0" type="stmt"/>
          <line num="116" count="0" type="stmt"/>
          <line num="117" count="0" type="stmt"/>
          <line num="119" count="1" type="stmt"/>
          <line num="120" count="1" type="stmt"/>
          <line num="122" count="1" type="stmt"/>
          <line num="124" count="1" type="stmt"/>
          <line num="125" count="1" type="stmt"/>
          <line num="129" count="1" type="stmt"/>
          <line num="131" count="1" type="stmt"/>
          <line num="132" count="1" type="stmt"/>
          <line num="133" count="1" type="stmt"/>
          <line num="134" count="1" type="stmt"/>
          <line num="138" count="0" type="stmt"/>
          <line num="139" count="0" type="stmt"/>
          <line num="143" count="0" type="stmt"/>
        </file>
        <file name="UserStore.js" path="/Users/andeladeveloper/Desktop/postIt/post-it-app/client/src/flux/stores/UserStore.js">
          <metrics statements="30" coveredstatements="25" conditionals="6" coveredconditionals="3" methods="6" coveredmethods="6"/>
          <line num="6" count="6" type="stmt"/>
          <line num="8" count="6" type="stmt"/>
          <line num="20" count="1" type="stmt"/>
          <line num="30" count="1" type="stmt"/>
          <line num="41" count="1" type="stmt"/>
          <line num="51" count="1" type="stmt"/>
          <line num="55" count="6" type="stmt"/>
          <line num="57" count="6" type="stmt"/>
          <line num="58" count="2" type="stmt"/>
          <line num="59" count="2" type="stmt"/>
          <line num="62" count="2" type="cond" truecount="2" falsecount="2"/>
          <line num="64" count="1" type="cond" truecount="1" falsecount="1"/>
          <line num="65" count="1" type="stmt"/>
          <line num="66" count="1" type="stmt"/>
          <line num="67" count="1" type="stmt"/>
          <line num="69" count="1" type="stmt"/>
          <line num="71" count="1" type="stmt"/>
          <line num="73" count="1" type="stmt"/>
          <line num="74" count="1" type="stmt"/>
          <line num="75" count="1" type="stmt"/>
          <line num="76" count="1" type="stmt"/>
          <line num="78" count="1" type="stmt"/>
          <line num="81" count="1" type="stmt"/>
          <line num="82" count="1" type="stmt"/>
          <line num="83" count="1" type="stmt"/>
          <line num="87" count="0" type="stmt"/>
          <line num="88" count="0" type="stmt"/>
          <line num="89" count="0" type="stmt"/>
          <line num="90" count="0" type="stmt"/>
          <line num="93" count="0" type="stmt"/>
        </file>
      </package>
      <package name="utility">
        <metrics statements="38" coveredstatements="38" conditionals="8" coveredconditionals="8" methods="16" coveredmethods="16"/>
        <file name="bulkMessageRequest.js" path="/Users/andeladeveloper/Desktop/postIt/post-it-app/client/src/utility/bulkMessageRequest.js">
          <metrics statements="3" coveredstatements="3" conditionals="0" coveredconditionals="0" methods="2" coveredmethods="2"/>
          <line num="6" count="1" type="stmt"/>
          <line num="7" count="1" type="stmt"/>
          <line num="10" count="1" type="stmt"/>
        </file>
        <file name="getReadStatus.js" path="/Users/andeladeveloper/Desktop/postIt/post-it-app/client/src/utility/getReadStatus.js">
          <metrics statements="4" coveredstatements="4" conditionals="4" coveredconditionals="4" methods="1" coveredmethods="1"/>
          <line num="4" count="11" type="cond" truecount="2" falsecount="0"/>
          <line num="5" count="2" type="cond" truecount="2" falsecount="0"/>
          <line num="6" count="1" type="stmt"/>
          <line num="9" count="9" type="stmt"/>
        </file>
        <file name="getSenderInitials.js" path="/Users/andeladeveloper/Desktop/postIt/post-it-app/client/src/utility/getSenderInitials.js">
          <metrics statements="6" coveredstatements="6" conditionals="2" coveredconditionals="2" methods="2" coveredmethods="2"/>
          <line num="3" count="11" type="stmt"/>
          <line num="4" count="11" type="cond" truecount="2" falsecount="0"/>
          <line num="5" count="2" type="stmt"/>
          <line num="7" count="2" type="stmt"/>
          <line num="8" count="3" type="stmt"/>
          <line num="12" count="11" type="stmt"/>
        </file>
        <file name="getUsersEmailsNumbers.js" path="/Users/andeladeveloper/Desktop/postIt/post-it-app/client/src/utility/getUsersEmailsNumbers.js">
          <metrics statements="21" coveredstatements="21" conditionals="0" coveredconditionals="0" methods="9" coveredmethods="9"/>
          <line num="3" count="6" type="stmt"/>
          <line num="4" count="1" type="stmt"/>
          <line num="5" count="1" type="stmt"/>
          <line num="7" count="1" type="stmt"/>
          <line num="8" count="1" type="stmt"/>
          <line num="9" count="1" type="stmt"/>
          <line num="12" count="1" type="stmt"/>
          <line num="13" count="1" type="stmt"/>
          <line num="14" count="1" type="stmt"/>
          <line num="15" count="1" type="stmt"/>
          <line num="23" count="1" type="stmt"/>
          <line num="24" count="1" type="stmt"/>
          <line num="25" count="1" type="stmt"/>
          <line num="26" count="1" type="stmt"/>
          <line num="28" count="1" type="stmt"/>
          <line num="29" count="1" type="stmt"/>
          <line num="31" count="1" type="stmt"/>
          <line num="32" count="1" type="stmt"/>
          <line num="34" count="1" type="stmt"/>
          <line num="35" count="1" type="stmt"/>
          <line num="37" count="1" type="stmt"/>
        </file>
        <file name="sendNotifications.js" path="/Users/andeladeveloper/Desktop/postIt/post-it-app/client/src/utility/sendNotifications.js">
          <metrics statements="4" coveredstatements="4" conditionals="2" coveredconditionals="2" methods="2" coveredmethods="2"/>
          <line num="5" count="2" type="stmt"/>
          <line num="13" count="2" type="cond" truecount="2" falsecount="0"/>
          <line num="14" count="1" type="stmt"/>
          <line num="18" count="1" type="stmt"/>
        </file>
      </package>
      <package name="views">
        <metrics statements="27" coveredstatements="16" conditionals="20" coveredconditionals="8" methods="11" coveredmethods="7"/>
        <file name="App.jsx" path="/Users/andeladeveloper/Desktop/postIt/post-it-app/client/src/views/App.jsx">
          <metrics statements="22" coveredstatements="11" conditionals="20" coveredconditionals="8" methods="9" coveredmethods="5"/>
          <line num="23" count="7" type="stmt"/>
          <line num="24" count="7" type="stmt"/>
          <line num="25" count="7" type="stmt"/>
          <line num="32" count="7" type="stmt"/>
          <line num="33" count="7" type="stmt"/>
          <line num="34" count="7" type="stmt"/>
          <line num="43" count="6" type="stmt"/>
          <line num="52" count="1" type="stmt"/>
          <line num="61" count="0" type="stmt"/>
          <line num="62" count="0" type="cond" truecount="0" falsecount="2"/>
          <line num="63" count="0" type="stmt"/>
          <line num="65" count="0" type="stmt"/>
          <line num="78" count="1" type="stmt"/>
          <line num="79" count="1" type="stmt"/>
          <line num="91" count="0" type="stmt"/>
          <line num="101" count="11" type="stmt"/>
          <line num="107" count="0" type="cond" truecount="0" falsecount="2"/>
          <line num="108" count="0" type="stmt"/>
          <line num="110" count="0" type="cond" truecount="0" falsecount="2"/>
          <line num="113" count="0" type="cond" truecount="0" falsecount="2"/>
          <line num="114" count="0" type="stmt"/>
          <line num="116" count="0" type="cond" truecount="0" falsecount="2"/>
        </file>
        <file name="Header.jsx" path="/Users/andeladeveloper/Desktop/postIt/post-it-app/client/src/views/Header.jsx">
          <metrics statements="5" coveredstatements="5" conditionals="0" coveredconditionals="0" methods="2" coveredmethods="2"/>
          <line num="12" count="3" type="stmt"/>
          <line num="13" count="1" type="stmt"/>
          <line num="14" count="1" type="stmt"/>
          <line num="18" count="7" type="stmt"/>
          <line num="19" count="7" type="stmt"/>
        </file>
      </package>
      <package name="views.GroupContainer">
        <metrics statements="74" coveredstatements="54" conditionals="18" coveredconditionals="5" methods="35" coveredmethods="28"/>
        <file name="AddGroup.jsx" path="/Users/andeladeveloper/Desktop/postIt/post-it-app/client/src/views/GroupContainer/AddGroup.jsx">
          <metrics statements="11" coveredstatements="11" conditionals="0" coveredconditionals="0" methods="5" coveredmethods="5"/>
          <line num="18" count="8" type="stmt"/>
          <line num="20" count="8" type="stmt"/>
          <line num="24" count="8" type="stmt"/>
          <line num="25" count="8" type="stmt"/>
          <line num="35" count="2" type="stmt"/>
          <line num="37" count="2" type="stmt"/>
          <line num="50" count="1" type="stmt"/>
          <line num="51" count="1" type="stmt"/>
          <line num="52" count="1" type="stmt"/>
          <line num="56" count="1" type="stmt"/>
          <line num="67" count="11" type="stmt"/>
        </file>
        <file name="Dashboard.jsx" path="/Users/andeladeveloper/Desktop/postIt/post-it-app/client/src/views/GroupContainer/Dashboard.jsx">
          <metrics statements="10" coveredstatements="7" conditionals="2" coveredconditionals="0" methods="5" coveredmethods="4"/>
          <line num="19" count="5" type="stmt"/>
          <line num="20" count="5" type="stmt"/>
          <line num="24" count="5" type="stmt"/>
          <line num="34" count="5" type="stmt"/>
          <line num="35" count="5" type="stmt"/>
          <line num="44" count="1" type="stmt"/>
          <line num="53" count="0" type="stmt"/>
          <line num="54" count="0" type="cond" truecount="0" falsecount="2"/>
          <line num="55" count="0" type="stmt"/>
          <line num="67" count="5" type="stmt"/>
        </file>
        <file name="GroupItem.jsx" path="/Users/andeladeveloper/Desktop/postIt/post-it-app/client/src/views/GroupContainer/GroupItem.jsx">
          <metrics statements="7" coveredstatements="6" conditionals="2" coveredconditionals="2" methods="4" coveredmethods="3"/>
          <line num="19" count="4" type="stmt"/>
          <line num="21" count="4" type="stmt"/>
          <line num="26" count="4" type="stmt"/>
          <line num="34" count="1" type="stmt"/>
          <line num="44" count="0" type="stmt"/>
          <line num="55" count="5" type="stmt"/>
          <line num="88" count="4" type="stmt"/>
        </file>
        <file name="GroupList.jsx" path="/Users/andeladeveloper/Desktop/postIt/post-it-app/client/src/views/GroupContainer/GroupList.jsx">
          <metrics statements="25" coveredstatements="12" conditionals="12" coveredconditionals="1" methods="8" coveredmethods="5"/>
          <line num="22" count="8" type="stmt"/>
          <line num="23" count="8" type="stmt"/>
          <line num="28" count="8" type="stmt"/>
          <line num="29" count="8" type="stmt"/>
          <line num="37" count="5" type="stmt"/>
          <line num="45" count="1" type="stmt"/>
          <line num="53" count="0" type="stmt"/>
          <line num="54" count="0" type="stmt"/>
          <line num="55" count="0" type="stmt"/>
          <line num="57" count="0" type="cond" truecount="0" falsecount="2"/>
          <line num="58" count="0" type="stmt"/>
          <line num="70" count="8" type="stmt"/>
          <line num="71" count="8" type="stmt"/>
          <line num="74" count="8" type="cond" truecount="1" falsecount="1"/>
          <line num="75" count="0" type="cond" truecount="0" falsecount="2"/>
          <line num="76" count="0" type="stmt"/>
          <line num="77" count="0" type="cond" truecount="0" falsecount="2"/>
          <line num="78" count="0" type="stmt"/>
          <line num="79" count="0" type="cond" truecount="0" falsecount="2"/>
          <line num="80" count="0" type="stmt"/>
          <line num="82" count="0" type="stmt"/>
          <line num="86" count="8" type="stmt"/>
          <line num="94" count="8" type="stmt"/>
          <line num="104" count="0" type="stmt"/>
          <line num="133" count="4" type="stmt"/>
        </file>
        <file name="GroupListView.jsx" path="/Users/andeladeveloper/Desktop/postIt/post-it-app/client/src/views/GroupContainer/GroupListView.jsx">
          <metrics statements="2" coveredstatements="1" conditionals="0" coveredconditionals="0" methods="2" coveredmethods="1"/>
          <line num="13" count="9" type="stmt"/>
          <line num="23" count="0" type="stmt"/>
        </file>
        <file name="RequestItem.jsx" path="/Users/andeladeveloper/Desktop/postIt/post-it-app/client/src/views/GroupContainer/RequestItem.jsx">
          <metrics statements="9" coveredstatements="9" conditionals="0" coveredconditionals="0" methods="4" coveredmethods="4"/>
          <line num="12" count="12" type="stmt"/>
          <line num="13" count="2" type="stmt"/>
          <line num="14" count="2" type="stmt"/>
          <line num="15" count="2" type="stmt"/>
          <line num="17" count="2" type="stmt"/>
          <line num="23" count="2" type="stmt"/>
          <line num="30" count="12" type="stmt"/>
          <line num="39" count="1" type="stmt"/>
          <line num="47" count="1" type="stmt"/>
        </file>
        <file name="RequestList.jsx" path="/Users/andeladeveloper/Desktop/postIt/post-it-app/client/src/views/GroupContainer/RequestList.jsx">
          <metrics statements="9" coveredstatements="7" conditionals="2" coveredconditionals="2" methods="6" coveredmethods="5"/>
          <line num="16" count="10" type="stmt"/>
          <line num="17" count="10" type="stmt"/>
          <line num="21" count="10" type="stmt"/>
          <line num="29" count="10" type="stmt"/>
          <line num="37" count="2" type="stmt"/>
          <line num="45" count="0" type="stmt"/>
          <line num="46" count="0" type="stmt"/>
          <line num="56" count="10" type="stmt"/>
          <line num="60" count="8" type="stmt"/>
        </file>
        <file name="WelcomeView.jsx" path="/Users/andeladeveloper/Desktop/postIt/post-it-app/client/src/views/GroupContainer/WelcomeView.jsx">
          <metrics statements="1" coveredstatements="1" conditionals="0" coveredconditionals="0" methods="1" coveredmethods="1"/>
          <line num="5" count="2" type="stmt"/>
        </file>
      </package>
      <package name="views.GroupContainer.GroupBodyContainer">
        <metrics statements="76" coveredstatements="44" conditionals="20" coveredconditionals="7" methods="24" coveredmethods="16"/>
        <file name="AddUserView.jsx" path="/Users/andeladeveloper/Desktop/postIt/post-it-app/client/src/views/GroupContainer/GroupBodyContainer/AddUserView.jsx">
          <metrics statements="13" coveredstatements="9" conditionals="0" coveredconditionals="0" methods="6" coveredmethods="4"/>
          <line num="17" count="5" type="stmt"/>
          <line num="19" count="5" type="stmt"/>
          <line num="21" count="5" type="stmt"/>
          <line num="26" count="5" type="stmt"/>
          <line num="27" count="5" type="stmt"/>
          <line num="35" count="5" type="stmt"/>
          <line num="43" count="1" type="stmt"/>
          <line num="51" count="0" type="stmt"/>
          <line num="62" count="0" type="stmt"/>
          <line num="63" count="0" type="stmt"/>
          <line num="64" count="0" type="stmt"/>
          <line num="74" count="5" type="stmt"/>
          <line num="85" count="5" type="stmt"/>
        </file>
        <file name="MessageBody.jsx" path="/Users/andeladeveloper/Desktop/postIt/post-it-app/client/src/views/GroupContainer/GroupBodyContainer/MessageBody.jsx">
          <metrics statements="11" coveredstatements="6" conditionals="0" coveredconditionals="0" methods="6" coveredmethods="4"/>
          <line num="20" count="6" type="stmt"/>
          <line num="21" count="6" type="stmt"/>
          <line num="25" count="6" type="stmt"/>
          <line num="34" count="6" type="stmt"/>
          <line num="43" count="1" type="stmt"/>
          <line num="53" count="0" type="stmt"/>
          <line num="54" count="0" type="stmt"/>
          <line num="55" count="0" type="stmt"/>
          <line num="58" count="0" type="stmt"/>
          <line num="69" count="0" type="stmt"/>
          <line num="80" count="6" type="stmt"/>
        </file>
        <file name="MessageListView.jsx" path="/Users/andeladeveloper/Desktop/postIt/post-it-app/client/src/views/GroupContainer/GroupBodyContainer/MessageListView.jsx">
          <metrics statements="6" coveredstatements="4" conditionals="12" coveredconditionals="7" methods="3" coveredmethods="2"/>
          <line num="13" count="8" type="stmt"/>
          <line num="14" count="8" type="stmt"/>
          <line num="17" count="8" type="cond" truecount="1" falsecount="1"/>
          <line num="18" count="0" type="stmt"/>
          <line num="20" count="8" type="stmt"/>
          <line num="44" count="0" type="stmt"/>
        </file>
        <file name="SendMessageView.jsx" path="/Users/andeladeveloper/Desktop/postIt/post-it-app/client/src/views/GroupContainer/GroupBodyContainer/SendMessageView.jsx">
          <metrics statements="31" coveredstatements="15" conditionals="4" coveredconditionals="0" methods="5" coveredmethods="4"/>
          <line num="18" count="10" type="stmt"/>
          <line num="20" count="10" type="stmt"/>
          <line num="27" count="10" type="stmt"/>
          <line num="28" count="10" type="stmt"/>
          <line num="29" count="10" type="stmt"/>
          <line num="39" count="2" type="stmt"/>
          <line num="41" count="2" type="stmt"/>
          <line num="54" count="1" type="stmt"/>
          <line num="55" count="1" type="stmt"/>
          <line num="56" count="1" type="stmt"/>
          <line num="58" count="1" type="stmt"/>
          <line num="64" count="1" type="stmt"/>
          <line num="65" count="1" type="stmt"/>
          <line num="79" count="0" type="stmt"/>
          <line num="80" count="0" type="stmt"/>
          <line num="81" count="0" type="stmt"/>
          <line num="86" count="0" type="cond" truecount="0" falsecount="4"/>
          <line num="88" count="0" type="stmt"/>
          <line num="89" count="0" type="stmt"/>
          <line num="90" count="0" type="stmt"/>
          <line num="93" count="0" type="stmt"/>
          <line num="94" count="0" type="stmt"/>
          <line num="95" count="0" type="stmt"/>
          <line num="98" count="0" type="stmt"/>
          <line num="99" count="0" type="stmt"/>
          <line num="100" count="0" type="stmt"/>
          <line num="103" count="0" type="stmt"/>
          <line num="104" count="0" type="stmt"/>
          <line num="108" count="0" type="stmt"/>
          <line num="121" count="13" type="stmt"/>
          <line num="153" count="6" type="stmt"/>
        </file>
        <file name="userListView.jsx" path="/Users/andeladeveloper/Desktop/postIt/post-it-app/client/src/views/GroupContainer/GroupBodyContainer/userListView.jsx">
          <metrics statements="15" coveredstatements="10" conditionals="4" coveredconditionals="0" methods="4" coveredmethods="2"/>
          <line num="17" count="8" type="stmt"/>
          <line num="18" count="1" type="stmt"/>
          <line num="19" count="1" type="stmt"/>
          <line num="20" count="1" type="stmt"/>
          <line num="21" count="1" type="stmt"/>
          <line num="25" count="1" type="stmt"/>
          <line num="26" count="1" type="stmt"/>
          <line num="34" count="8" type="stmt"/>
          <line num="35" count="0" type="stmt"/>
          <line num="36" count="0" type="cond" truecount="0" falsecount="2"/>
          <line num="37" count="0" type="stmt"/>
          <line num="39" count="0" type="stmt"/>
          <line num="42" count="8" type="stmt"/>
          <line num="50" count="0" type="stmt"/>
          <line num="63" count="6" type="stmt"/>
        </file>
      </package>
      <package name="views.LoginRegisterContainer">
        <metrics statements="55" coveredstatements="44" conditionals="26" coveredconditionals="20" methods="28" coveredmethods="22"/>
        <file name="GoogleSignInComponent.jsx" path="/Users/andeladeveloper/Desktop/postIt/post-it-app/client/src/views/LoginRegisterContainer/GoogleSignInComponent.jsx">
          <metrics statements="5" coveredstatements="3" conditionals="0" coveredconditionals="0" methods="3" coveredmethods="2"/>
          <line num="16" count="3" type="stmt"/>
          <line num="17" count="3" type="stmt"/>
          <line num="28" count="0" type="stmt"/>
          <line num="29" count="0" type="stmt"/>
          <line num="37" count="3" type="stmt"/>
        </file>
        <file name="LandingPageContainer.jsx" path="/Users/andeladeveloper/Desktop/postIt/post-it-app/client/src/views/LoginRegisterContainer/LandingPageContainer.jsx">
          <metrics statements="1" coveredstatements="1" conditionals="0" coveredconditionals="0" methods="1" coveredmethods="1"/>
          <line num="9" count="1" type="stmt"/>
        </file>
        <file name="LoginComponent.jsx" path="/Users/andeladeveloper/Desktop/postIt/post-it-app/client/src/views/LoginRegisterContainer/LoginComponent.jsx">
          <metrics statements="16" coveredstatements="12" conditionals="8" coveredconditionals="5" methods="7" coveredmethods="5"/>
          <line num="19" count="8" type="stmt"/>
          <line num="21" count="8" type="stmt"/>
          <line num="28" count="8" type="stmt"/>
          <line num="29" count="8" type="stmt"/>
          <line num="30" count="8" type="stmt"/>
          <line num="38" count="4" type="stmt"/>
          <line num="40" count="4" type="stmt"/>
          <line num="51" count="1" type="stmt"/>
          <line num="53" count="1" type="stmt"/>
          <line num="58" count="1" type="stmt"/>
          <line num="69" count="0" type="stmt"/>
          <line num="70" count="0" type="cond" truecount="0" falsecount="2"/>
          <line num="71" count="0" type="stmt"/>
          <line num="85" count="8" type="stmt"/>
          <line num="94" count="0" type="stmt"/>
          <line num="102" count="13" type="stmt"/>
        </file>
        <file name="LoginRegisterContainer.jsx" path="/Users/andeladeveloper/Desktop/postIt/post-it-app/client/src/views/LoginRegisterContainer/LoginRegisterContainer.jsx">
          <metrics statements="2" coveredstatements="2" conditionals="0" coveredconditionals="0" methods="2" coveredmethods="2"/>
          <line num="13" count="2" type="stmt"/>
          <line num="22" count="1" type="stmt"/>
        </file>
        <file name="Nav.js" path="/Users/andeladeveloper/Desktop/postIt/post-it-app/client/src/views/LoginRegisterContainer/Nav.js">
          <metrics statements="1" coveredstatements="1" conditionals="0" coveredconditionals="0" methods="1" coveredmethods="1"/>
          <line num="11" count="2" type="stmt"/>
        </file>
        <file name="RegisterComponent.jsx" path="/Users/andeladeveloper/Desktop/postIt/post-it-app/client/src/views/LoginRegisterContainer/RegisterComponent.jsx">
          <metrics statements="17" coveredstatements="13" conditionals="18" coveredconditionals="15" methods="7" coveredmethods="5"/>
          <line num="18" count="11" type="stmt"/>
          <line num="20" count="11" type="stmt"/>
          <line num="30" count="11" type="stmt"/>
          <line num="31" count="11" type="stmt"/>
          <line num="32" count="11" type="stmt"/>
          <line num="41" count="12" type="stmt"/>
          <line num="42" count="12" type="stmt"/>
          <line num="53" count="2" type="stmt"/>
          <line num="54" count="2" type="cond" truecount="2" falsecount="0"/>
          <line num="55" count="1" type="stmt"/>
          <line num="61" count="1" type="stmt"/>
          <line num="73" count="0" type="stmt"/>
          <line num="74" count="0" type="cond" truecount="0" falsecount="2"/>
          <line num="75" count="0" type="stmt"/>
          <line num="88" count="11" type="stmt"/>
          <line num="97" count="0" type="stmt"/>
          <line num="105" count="24" type="stmt"/>
        </file>
        <file name="ResetPasswordView.jsx" path="/Users/andeladeveloper/Desktop/postIt/post-it-app/client/src/views/LoginRegisterContainer/ResetPasswordView.jsx">
          <metrics statements="13" coveredstatements="12" conditionals="0" coveredconditionals="0" methods="7" coveredmethods="6"/>
          <line num="14" count="7" type="stmt"/>
          <line num="16" count="7" type="stmt"/>
          <line num="20" count="7" type="stmt"/>
          <line num="21" count="7" type="stmt"/>
          <line num="22" count="7" type="stmt"/>
          <line num="30" count="1" type="stmt"/>
          <line num="32" count="1" type="stmt"/>
          <line num="42" count="1" type="stmt"/>
          <line num="43" count="1" type="stmt"/>
          <line num="54" count="7" type="stmt"/>
          <line num="63" count="1" type="stmt"/>
          <line num="70" count="0" type="stmt"/>
          <line num="80" count="8" type="stmt"/>
        </file>
      </package>
    </metrics>
  </project>
</coverage>
