<?xml version="1.0" encoding="UTF-8"?>
<coverage generated="1502872754311" clover="3.2.0">
  <project timestamp="1502872754311" name="All files">
    <metrics statements="808" coveredstatements="608" conditionals="185" coveredconditionals="117" methods="244" coveredmethods="186" elements="1237" coveredelements="911" complexity="0" loc="808" ncloc="808" packages="11" files="60" classes="60">
      <package name="client.src.data">
        <metrics statements="5" coveredstatements="5" conditionals="0" coveredconditionals="0" methods="2" coveredmethods="2"/>
        <file name="PostItActionTypes.js" path="/Users/andeladeveloper/Desktop/postIt/post-it-app/client/src/data/PostItActionTypes.js">
          <metrics statements="1" coveredstatements="1" conditionals="0" coveredconditionals="0" methods="0" coveredmethods="0"/>
          <line num="1" count="64" type="stmt"/>
        </file>
        <file name="PostItDispatcher.js" path="/Users/andeladeveloper/Desktop/postIt/post-it-app/client/src/data/PostItDispatcher.js">
          <metrics statements="4" coveredstatements="4" conditionals="0" coveredconditionals="0" methods="2" coveredmethods="2"/>
          <line num="16" count="1" type="stmt"/>
          <line num="28" count="10" type="stmt"/>
          <line num="35" count="32" type="stmt"/>
          <line num="36" count="32" type="stmt"/>
        </file>
      </package>
      <package name="client.src.data.models">
        <metrics statements="1" coveredstatements="1" conditionals="0" coveredconditionals="0" methods="0" coveredmethods="0"/>
        <file name="groupList.js" path="/Users/andeladeveloper/Desktop/postIt/post-it-app/client/src/data/models/groupList.js">
          <metrics statements="1" coveredstatements="1" conditionals="0" coveredconditionals="0" methods="0" coveredmethods="0"/>
          <line num="3" count="26" type="stmt"/>
        </file>
      </package>
      <package name="client.src.data.postItActions">
        <metrics statements="97" coveredstatements="88" conditionals="26" coveredconditionals="23" methods="29" coveredmethods="26"/>
        <file name="acceptRejectGroupRequestAction.js" path="/Users/andeladeveloper/Desktop/postIt/post-it-app/client/src/data/postItActions/acceptRejectGroupRequestAction.js">
          <metrics statements="6" coveredstatements="0" conditionals="2" coveredconditionals="0" methods="2" coveredmethods="0"/>
          <line num="6" count="0" type="stmt"/>
          <line num="10" count="0" type="cond" truecount="0" falsecount="2"/>
          <line num="11" count="0" type="stmt"/>
          <line num="13" count="0" type="stmt"/>
          <line num="14" count="0" type="stmt"/>
          <line num="15" count="0" type="stmt"/>
        </file>
        <file name="addUserGroup.js" path="/Users/andeladeveloper/Desktop/postIt/post-it-app/client/src/data/postItActions/addUserGroup.js">
          <metrics statements="11" coveredstatements="11" conditionals="2" coveredconditionals="2" methods="2" coveredmethods="2"/>
          <line num="11" count="2" type="stmt"/>
          <line num="12" count="2" type="stmt"/>
          <line num="14" count="2" type="stmt"/>
          <line num="15" count="2" type="stmt"/>
          <line num="17" count="2" type="stmt"/>
          <line num="18" count="2" type="stmt"/>
          <line num="24" count="2" type="cond" truecount="2" falsecount="0"/>
          <line num="25" count="1" type="stmt"/>
          <line num="26" count="1" type="stmt"/>
          <line num="30" count="1" type="stmt"/>
          <line num="31" count="1" type="stmt"/>
        </file>
        <file name="getAllUsersAction.js" path="/Users/andeladeveloper/Desktop/postIt/post-it-app/client/src/data/postItActions/getAllUsersAction.js">
          <metrics statements="6" coveredstatements="6" conditionals="2" coveredconditionals="2" methods="2" coveredmethods="2"/>
          <line num="12" count="6" type="stmt"/>
          <line num="16" count="6" type="cond" truecount="2" falsecount="0"/>
          <line num="17" count="1" type="stmt"/>
          <line num="18" count="1" type="stmt"/>
          <line num="22" count="5" type="stmt"/>
          <line num="23" count="5" type="stmt"/>
        </file>
        <file name="getMessagesAction.js" path="/Users/andeladeveloper/Desktop/postIt/post-it-app/client/src/data/postItActions/getMessagesAction.js">
          <metrics statements="5" coveredstatements="5" conditionals="2" coveredconditionals="2" methods="2" coveredmethods="2"/>
          <line num="11" count="2" type="stmt"/>
          <line num="12" count="2" type="stmt"/>
          <line num="16" count="2" type="cond" truecount="2" falsecount="0"/>
          <line num="18" count="1" type="stmt"/>
          <line num="22" count="1" type="stmt"/>
        </file>
        <file name="googleSignInAction.js" path="/Users/andeladeveloper/Desktop/postIt/post-it-app/client/src/data/postItActions/googleSignInAction.js">
          <metrics statements="8" coveredstatements="8" conditionals="2" coveredconditionals="2" methods="2" coveredmethods="2"/>
          <line num="14" count="2" type="stmt"/>
          <line num="15" count="2" type="stmt"/>
          <line num="19" count="2" type="stmt"/>
          <line num="20" count="2" type="cond" truecount="2" falsecount="0"/>
          <line num="21" count="1" type="stmt"/>
          <line num="22" count="1" type="stmt"/>
          <line num="26" count="1" type="stmt"/>
          <line num="27" count="1" type="stmt"/>
        </file>
        <file name="groupActions.js" path="/Users/andeladeveloper/Desktop/postIt/post-it-app/client/src/data/postItActions/groupActions.js">
          <metrics statements="18" coveredstatements="17" conditionals="4" coveredconditionals="3" methods="6" coveredmethods="6"/>
          <line num="11" count="2" type="stmt"/>
          <line num="22" count="1" type="stmt"/>
          <line num="33" count="7" type="stmt"/>
          <line num="34" count="7" type="stmt"/>
          <line num="35" count="5" type="stmt"/>
          <line num="36" count="5" type="stmt"/>
          <line num="39" count="5" type="cond" truecount="1" falsecount="1"/>
          <line num="41" count="0" type="stmt"/>
          <line num="46" count="5" type="stmt"/>
          <line num="47" count="5" type="stmt"/>
          <line num="60" count="2" type="stmt"/>
          <line num="61" count="2" type="stmt"/>
          <line num="65" count="2" type="cond" truecount="2" falsecount="0"/>
          <line num="66" count="1" type="stmt"/>
          <line num="67" count="1" type="stmt"/>
          <line num="72" count="1" type="stmt"/>
          <line num="73" count="1" type="stmt"/>
          <line num="74" count="1" type="stmt"/>
        </file>
        <file name="readMessagesAction.js" path="/Users/andeladeveloper/Desktop/postIt/post-it-app/client/src/data/postItActions/readMessagesAction.js">
          <metrics statements="8" coveredstatements="8" conditionals="2" coveredconditionals="2" methods="2" coveredmethods="2"/>
          <line num="14" count="2" type="stmt"/>
          <line num="17" count="2" type="stmt"/>
          <line num="21" count="2" type="cond" truecount="2" falsecount="0"/>
          <line num="22" count="1" type="stmt"/>
          <line num="23" count="1" type="stmt"/>
          <line num="27" count="1" type="stmt"/>
          <line num="28" count="1" type="stmt"/>
          <line num="29" count="1" type="stmt"/>
        </file>
        <file name="receiveRequestAction.js" path="/Users/andeladeveloper/Desktop/postIt/post-it-app/client/src/data/postItActions/receiveRequestAction.js">
          <metrics statements="2" coveredstatements="0" conditionals="0" coveredconditionals="0" methods="1" coveredmethods="0"/>
          <line num="5" count="0" type="stmt"/>
          <line num="6" count="0" type="stmt"/>
        </file>
        <file name="registerUserAction.js" path="/Users/andeladeveloper/Desktop/postIt/post-it-app/client/src/data/postItActions/registerUserAction.js">
          <metrics statements="5" coveredstatements="5" conditionals="2" coveredconditionals="2" methods="2" coveredmethods="2"/>
          <line num="15" count="2" type="stmt"/>
          <line num="19" count="2" type="cond" truecount="2" falsecount="0"/>
          <line num="20" count="1" type="stmt"/>
          <line num="25" count="1" type="stmt"/>
          <line num="26" count="1" type="stmt"/>
        </file>
        <file name="resetPasswordAction.js" path="/Users/andeladeveloper/Desktop/postIt/post-it-app/client/src/data/postItActions/resetPasswordAction.js">
          <metrics statements="8" coveredstatements="8" conditionals="2" coveredconditionals="2" methods="2" coveredmethods="2"/>
          <line num="14" count="2" type="stmt"/>
          <line num="15" count="2" type="stmt"/>
          <line num="19" count="2" type="stmt"/>
          <line num="20" count="2" type="cond" truecount="2" falsecount="0"/>
          <line num="21" count="1" type="stmt"/>
          <line num="22" count="1" type="stmt"/>
          <line num="26" count="1" type="stmt"/>
          <line num="27" count="1" type="stmt"/>
        </file>
        <file name="sendMessageAction.js" path="/Users/andeladeveloper/Desktop/postIt/post-it-app/client/src/data/postItActions/sendMessageAction.js">
          <metrics statements="9" coveredstatements="9" conditionals="2" coveredconditionals="2" methods="2" coveredmethods="2"/>
          <line num="12" count="2" type="stmt"/>
          <line num="13" count="2" type="stmt"/>
          <line num="17" count="2" type="cond" truecount="2" falsecount="0"/>
          <line num="18" count="1" type="stmt"/>
          <line num="19" count="1" type="stmt"/>
          <line num="23" count="1" type="stmt"/>
          <line num="24" count="1" type="stmt"/>
          <line num="25" count="1" type="stmt"/>
          <line num="31" count="1" type="stmt"/>
        </file>
        <file name="signOutAction.js" path="/Users/andeladeveloper/Desktop/postIt/post-it-app/client/src/data/postItActions/signOutAction.js">
          <metrics statements="4" coveredstatements="4" conditionals="2" coveredconditionals="2" methods="2" coveredmethods="2"/>
          <line num="7" count="2" type="stmt"/>
          <line num="10" count="2" type="cond" truecount="2" falsecount="0"/>
          <line num="11" count="1" type="stmt"/>
          <line num="15" count="1" type="stmt"/>
        </file>
        <file name="userSignInAction.js" path="/Users/andeladeveloper/Desktop/postIt/post-it-app/client/src/data/postItActions/userSignInAction.js">
          <metrics statements="7" coveredstatements="7" conditionals="2" coveredconditionals="2" methods="2" coveredmethods="2"/>
          <line num="14" count="2" type="stmt"/>
          <line num="15" count="2" type="stmt"/>
          <line num="19" count="2" type="stmt"/>
          <line num="20" count="2" type="cond" truecount="2" falsecount="0"/>
          <line num="21" count="1" type="stmt"/>
          <line num="26" count="1" type="stmt"/>
          <line num="27" count="1" type="stmt"/>
        </file>
      </package>
      <package name="client.src.data.postItStores">
        <metrics statements="193" coveredstatements="149" conditionals="33" coveredconditionals="20" methods="34" coveredmethods="32"/>
        <file name="PostItAllUsersStore.js" path="/Users/andeladeveloper/Desktop/postIt/post-it-app/client/src/data/postItStores/PostItAllUsersStore.js">
          <metrics statements="43" coveredstatements="27" conditionals="8" coveredconditionals="4" methods="5" coveredmethods="5"/>
          <line num="7" count="10" type="stmt"/>
          <line num="9" count="10" type="stmt"/>
          <line num="12" count="10" type="stmt"/>
          <line num="14" count="1" type="stmt"/>
          <line num="30" count="1" type="stmt"/>
          <line num="41" count="1" type="stmt"/>
          <line num="51" count="2" type="stmt"/>
          <line num="52" count="2" type="stmt"/>
          <line num="53" count="2" type="stmt"/>
          <line num="54" count="2" type="stmt"/>
          <line num="58" count="10" type="stmt"/>
          <line num="60" count="10" type="stmt"/>
          <line num="61" count="11" type="stmt"/>
          <line num="63" count="11" type="cond" truecount="3" falsecount="1"/>
          <line num="66" count="1" type="stmt"/>
          <line num="67" count="1" type="stmt"/>
          <line num="71" count="1" type="stmt"/>
          <line num="72" count="1" type="stmt"/>
          <line num="74" count="1" type="stmt"/>
          <line num="75" count="1" type="cond" truecount="1" falsecount="1"/>
          <line num="76" count="0" type="stmt"/>
          <line num="77" count="0" type="stmt"/>
          <line num="78" count="0" type="stmt"/>
          <line num="79" count="0" type="stmt"/>
          <line num="81" count="1" type="stmt"/>
          <line num="82" count="1" type="stmt"/>
          <line num="83" count="1" type="stmt"/>
          <line num="86" count="1" type="stmt"/>
          <line num="87" count="1" type="stmt"/>
          <line num="91" count="0" type="stmt"/>
          <line num="92" count="0" type="stmt"/>
          <line num="93" count="0" type="stmt"/>
          <line num="95" count="0" type="stmt"/>
          <line num="96" count="0" type="stmt"/>
          <line num="97" count="0" type="cond" truecount="0" falsecount="2"/>
          <line num="99" count="0" type="stmt"/>
          <line num="101" count="0" type="stmt"/>
          <line num="102" count="0" type="stmt"/>
          <line num="103" count="0" type="stmt"/>
          <line num="104" count="0" type="stmt"/>
          <line num="107" count="0" type="stmt"/>
          <line num="111" count="9" type="stmt"/>
          <line num="116" count="10" type="stmt"/>
        </file>
        <file name="PostItErrorStore.js" path="/Users/andeladeveloper/Desktop/postIt/post-it-app/client/src/data/postItStores/PostItErrorStore.js">
          <metrics statements="19" coveredstatements="18" conditionals="3" coveredconditionals="2" methods="5" coveredmethods="5"/>
          <line num="5" count="12" type="stmt"/>
          <line num="22" count="20" type="stmt"/>
          <line num="32" count="1" type="stmt"/>
          <line num="40" count="1" type="stmt"/>
          <line num="48" count="1" type="stmt"/>
          <line num="52" count="12" type="stmt"/>
          <line num="54" count="12" type="stmt"/>
          <line num="55" count="4" type="stmt"/>
          <line num="57" count="4" type="cond" truecount="2" falsecount="1"/>
          <line num="59" count="2" type="stmt"/>
          <line num="60" count="2" type="stmt"/>
          <line num="61" count="2" type="stmt"/>
          <line num="62" count="2" type="stmt"/>
          <line num="66" count="2" type="stmt"/>
          <line num="67" count="2" type="stmt"/>
          <line num="68" count="2" type="stmt"/>
          <line num="69" count="2" type="stmt"/>
          <line num="73" count="0" type="stmt"/>
          <line num="78" count="12" type="stmt"/>
        </file>
        <file name="PostItGroupRequestStore.js" path="/Users/andeladeveloper/Desktop/postIt/post-it-app/client/src/data/postItStores/PostItGroupRequestStore.js">
          <metrics statements="28" coveredstatements="13" conditionals="3" coveredconditionals="1" methods="5" coveredmethods="4"/>
          <line num="6" count="5" type="stmt"/>
          <line num="8" count="5" type="stmt"/>
          <line num="10" count="5" type="stmt"/>
          <line num="11" count="0" type="stmt"/>
          <line num="27" count="5" type="stmt"/>
          <line num="37" count="1" type="stmt"/>
          <line num="45" count="5" type="stmt"/>
          <line num="46" count="5" type="stmt"/>
          <line num="50" count="5" type="stmt"/>
          <line num="52" count="5" type="stmt"/>
          <line num="53" count="5" type="stmt"/>
          <line num="55" count="5" type="cond" truecount="1" falsecount="2"/>
          <line num="57" count="0" type="stmt"/>
          <line num="58" count="0" type="stmt"/>
          <line num="59" count="0" type="stmt"/>
          <line num="60" count="0" type="stmt"/>
          <line num="61" count="0" type="stmt"/>
          <line num="62" count="0" type="stmt"/>
          <line num="63" count="0" type="stmt"/>
          <line num="67" count="0" type="stmt"/>
          <line num="68" count="0" type="stmt"/>
          <line num="69" count="0" type="stmt"/>
          <line num="70" count="0" type="stmt"/>
          <line num="71" count="0" type="stmt"/>
          <line num="72" count="0" type="stmt"/>
          <line num="73" count="0" type="stmt"/>
          <line num="76" count="5" type="stmt"/>
          <line num="80" count="5" type="stmt"/>
        </file>
        <file name="PostItGroupStore.js" path="/Users/andeladeveloper/Desktop/postIt/post-it-app/client/src/data/postItStores/PostItGroupStore.js">
          <metrics statements="30" coveredstatements="29" conditionals="6" coveredconditionals="5" methods="6" coveredmethods="5"/>
          <line num="7" count="9" type="stmt"/>
          <line num="10" count="9" type="stmt"/>
          <line num="13" count="9" type="stmt"/>
          <line num="14" count="1" type="stmt"/>
          <line num="15" count="1" type="stmt"/>
          <line num="31" count="5" type="stmt"/>
          <line num="41" count="1" type="stmt"/>
          <line num="50" count="7" type="stmt"/>
          <line num="51" count="7" type="stmt"/>
          <line num="52" count="7" type="stmt"/>
          <line num="53" count="7" type="stmt"/>
          <line num="63" count="0" type="stmt"/>
          <line num="67" count="9" type="stmt"/>
          <line num="69" count="9" type="stmt"/>
          <line num="70" count="8" type="stmt"/>
          <line num="71" count="8" type="stmt"/>
          <line num="73" count="8" type="cond" truecount="4" falsecount="0"/>
          <line num="75" count="1" type="cond" truecount="1" falsecount="1"/>
          <line num="77" count="1" type="stmt"/>
          <line num="79" count="1" type="stmt"/>
          <line num="83" count="1" type="stmt"/>
          <line num="84" count="1" type="stmt"/>
          <line num="88" count="1" type="stmt"/>
          <line num="89" count="1" type="stmt"/>
          <line num="90" count="1" type="stmt"/>
          <line num="91" count="1" type="stmt"/>
          <line num="92" count="1" type="stmt"/>
          <line num="93" count="1" type="stmt"/>
          <line num="96" count="5" type="stmt"/>
          <line num="101" count="9" type="stmt"/>
        </file>
        <file name="PostItMessageStore.js" path="/Users/andeladeveloper/Desktop/postIt/post-it-app/client/src/data/postItStores/PostItMessageStore.js">
          <metrics statements="40" coveredstatements="34" conditionals="7" coveredconditionals="5" methods="8" coveredmethods="8"/>
          <line num="6" count="12" type="stmt"/>
          <line num="9" count="12" type="stmt"/>
          <line num="11" count="12" type="stmt"/>
          <line num="15" count="12" type="stmt"/>
          <line num="18" count="1" type="stmt"/>
          <line num="35" count="1" type="stmt"/>
          <line num="46" count="1" type="stmt"/>
          <line num="54" count="6" type="stmt"/>
          <line num="62" count="2" type="stmt"/>
          <line num="72" count="1" type="stmt"/>
          <line num="80" count="8" type="stmt"/>
          <line num="87" count="12" type="stmt"/>
          <line num="89" count="12" type="stmt"/>
          <line num="90" count="11" type="stmt"/>
          <line num="92" count="11" type="cond" truecount="3" falsecount="0"/>
          <line num="95" count="1" type="stmt"/>
          <line num="96" count="1" type="stmt"/>
          <line num="97" count="1" type="stmt"/>
          <line num="99" count="1" type="stmt"/>
          <line num="100" count="1" type="cond" truecount="1" falsecount="1"/>
          <line num="101" count="0" type="stmt"/>
          <line num="102" count="0" type="stmt"/>
          <line num="105" count="1" type="stmt"/>
          <line num="107" count="1" type="cond" truecount="1" falsecount="1"/>
          <line num="109" count="0" type="stmt"/>
          <line num="110" count="0" type="stmt"/>
          <line num="111" count="0" type="stmt"/>
          <line num="112" count="0" type="stmt"/>
          <line num="114" count="1" type="stmt"/>
          <line num="115" count="1" type="stmt"/>
          <line num="116" count="1" type="stmt"/>
          <line num="119" count="1" type="stmt"/>
          <line num="120" count="1" type="stmt"/>
          <line num="124" count="1" type="stmt"/>
          <line num="126" count="1" type="stmt"/>
          <line num="127" count="1" type="stmt"/>
          <line num="128" count="1" type="stmt"/>
          <line num="129" count="1" type="stmt"/>
          <line num="133" count="9" type="stmt"/>
          <line num="138" count="12" type="stmt"/>
        </file>
        <file name="PostItUserStore.js" path="/Users/andeladeveloper/Desktop/postIt/post-it-app/client/src/data/postItStores/PostItUserStore.js">
          <metrics statements="33" coveredstatements="28" conditionals="6" coveredconditionals="3" methods="5" coveredmethods="5"/>
          <line num="6" count="6" type="stmt"/>
          <line num="8" count="6" type="stmt"/>
          <line num="10" count="6" type="stmt"/>
          <line num="23" count="1" type="stmt"/>
          <line num="33" count="1" type="stmt"/>
          <line num="42" count="1" type="stmt"/>
          <line num="43" count="1" type="stmt"/>
          <line num="47" count="1" type="stmt"/>
          <line num="51" count="6" type="stmt"/>
          <line num="53" count="6" type="stmt"/>
          <line num="54" count="2" type="stmt"/>
          <line num="55" count="2" type="stmt"/>
          <line num="57" count="2" type="stmt"/>
          <line num="59" count="2" type="cond" truecount="2" falsecount="2"/>
          <line num="61" count="1" type="cond" truecount="1" falsecount="1"/>
          <line num="62" count="1" type="stmt"/>
          <line num="63" count="1" type="stmt"/>
          <line num="64" count="1" type="stmt"/>
          <line num="65" count="1" type="stmt"/>
          <line num="66" count="1" type="stmt"/>
          <line num="67" count="1" type="stmt"/>
          <line num="68" count="1" type="stmt"/>
          <line num="69" count="1" type="stmt"/>
          <line num="71" count="1" type="stmt"/>
          <line num="75" count="1" type="stmt"/>
          <line num="76" count="1" type="stmt"/>
          <line num="77" count="1" type="stmt"/>
          <line num="81" count="0" type="stmt"/>
          <line num="82" count="0" type="stmt"/>
          <line num="83" count="0" type="stmt"/>
          <line num="85" count="0" type="stmt"/>
          <line num="89" count="0" type="stmt"/>
          <line num="94" count="6" type="stmt"/>
        </file>
      </package>
      <package name="client.src.utility">
        <metrics statements="13" coveredstatements="13" conditionals="6" coveredconditionals="6" methods="5" coveredmethods="5"/>
        <file name="bulkMessageRequest.js" path="/Users/andeladeveloper/Desktop/postIt/post-it-app/client/src/utility/bulkMessageRequest.js">
          <metrics statements="3" coveredstatements="3" conditionals="0" coveredconditionals="0" methods="2" coveredmethods="2"/>
          <line num="5" count="1" type="stmt"/>
          <line num="6" count="1" type="stmt"/>
          <line num="7" count="3" type="stmt"/>
        </file>
        <file name="getReadStatus.js" path="/Users/andeladeveloper/Desktop/postIt/post-it-app/client/src/utility/getReadStatus.js">
          <metrics statements="4" coveredstatements="4" conditionals="4" coveredconditionals="4" methods="1" coveredmethods="1"/>
          <line num="4" count="3" type="cond" truecount="2" falsecount="0"/>
          <line num="5" count="2" type="cond" truecount="2" falsecount="0"/>
          <line num="6" count="1" type="stmt"/>
          <line num="12" count="1" type="stmt"/>
        </file>
        <file name="getSenderInitials.js" path="/Users/andeladeveloper/Desktop/postIt/post-it-app/client/src/utility/getSenderInitials.js">
          <metrics statements="6" coveredstatements="6" conditionals="2" coveredconditionals="2" methods="2" coveredmethods="2"/>
          <line num="3" count="3" type="stmt"/>
          <line num="4" count="3" type="cond" truecount="2" falsecount="0"/>
          <line num="5" count="2" type="stmt"/>
          <line num="7" count="2" type="stmt"/>
          <line num="8" count="3" type="stmt"/>
          <line num="12" count="3" type="stmt"/>
        </file>
      </package>
      <package name="client.src.views">
        <metrics statements="26" coveredstatements="15" conditionals="20" coveredconditionals="8" methods="11" coveredmethods="7"/>
        <file name="App.jsx" path="/Users/andeladeveloper/Desktop/postIt/post-it-app/client/src/views/App.jsx">
          <metrics statements="21" coveredstatements="10" conditionals="20" coveredconditionals="8" methods="9" coveredmethods="5"/>
          <line num="20" count="7" type="stmt"/>
          <line num="21" count="7" type="stmt"/>
          <line num="28" count="7" type="stmt"/>
          <line num="29" count="7" type="stmt"/>
          <line num="38" count="6" type="stmt"/>
          <line num="47" count="1" type="stmt"/>
          <line num="56" count="0" type="stmt"/>
          <line num="57" count="0" type="cond" truecount="0" falsecount="2"/>
          <line num="58" count="0" type="stmt"/>
          <line num="60" count="0" type="stmt"/>
          <line num="73" count="1" type="stmt"/>
          <line num="74" count="1" type="stmt"/>
          <line num="84" count="11" type="stmt"/>
          <line num="90" count="0" type="cond" truecount="0" falsecount="2"/>
          <line num="91" count="0" type="stmt"/>
          <line num="93" count="0" type="cond" truecount="0" falsecount="2"/>
          <line num="98" count="0" type="cond" truecount="0" falsecount="2"/>
          <line num="99" count="0" type="stmt"/>
          <line num="101" count="0" type="cond" truecount="0" falsecount="2"/>
          <line num="121" count="0" type="stmt"/>
          <line num="131" count="1" type="stmt"/>
        </file>
        <file name="Header.jsx" path="/Users/andeladeveloper/Desktop/postIt/post-it-app/client/src/views/Header.jsx">
          <metrics statements="5" coveredstatements="5" conditionals="0" coveredconditionals="0" methods="2" coveredmethods="2"/>
          <line num="13" count="1" type="stmt"/>
          <line num="14" count="1" type="stmt"/>
          <line num="15" count="1" type="stmt"/>
          <line num="18" count="7" type="stmt"/>
          <line num="19" count="7" type="stmt"/>
        </file>
      </package>
      <package name="client.src.views.GroupContainer">
        <metrics statements="101" coveredstatements="61" conditionals="18" coveredconditionals="4" methods="39" coveredmethods="24"/>
        <file name="AddGroup.jsx" path="/Users/andeladeveloper/Desktop/postIt/post-it-app/client/src/views/GroupContainer/AddGroup.jsx">
          <metrics statements="12" coveredstatements="10" conditionals="0" coveredconditionals="0" methods="5" coveredmethods="5"/>
          <line num="16" count="8" type="stmt"/>
          <line num="18" count="8" type="stmt"/>
          <line num="22" count="8" type="stmt"/>
          <line num="23" count="8" type="stmt"/>
          <line num="33" count="2" type="stmt"/>
          <line num="35" count="2" type="stmt"/>
          <line num="48" count="1" type="stmt"/>
          <line num="49" count="1" type="stmt"/>
          <line num="50" count="0" type="stmt"/>
          <line num="54" count="0" type="stmt"/>
          <line num="65" count="10" type="stmt"/>
          <line num="87" count="5" type="stmt"/>
        </file>
        <file name="Dashboard.jsx" path="/Users/andeladeveloper/Desktop/postIt/post-it-app/client/src/views/GroupContainer/Dashboard.jsx">
          <metrics statements="20" coveredstatements="12" conditionals="2" coveredconditionals="0" methods="7" coveredmethods="4"/>
          <line num="14" count="2" type="stmt"/>
          <line num="29" count="5" type="stmt"/>
          <line num="30" count="5" type="stmt"/>
          <line num="34" count="5" type="stmt"/>
          <line num="44" count="5" type="stmt"/>
          <line num="45" count="5" type="stmt"/>
          <line num="48" count="5" type="stmt"/>
          <line num="49" count="0" type="stmt"/>
          <line num="50" count="0" type="stmt"/>
          <line num="53" count="5" type="stmt"/>
          <line num="54" count="0" type="stmt"/>
          <line num="55" count="0" type="stmt"/>
          <line num="56" count="0" type="stmt"/>
          <line num="59" count="5" type="stmt"/>
          <line num="69" count="1" type="stmt"/>
          <line num="79" count="0" type="stmt"/>
          <line num="80" count="0" type="cond" truecount="0" falsecount="2"/>
          <line num="81" count="0" type="stmt"/>
          <line num="105" count="5" type="stmt"/>
          <line num="114" count="2" type="stmt"/>
        </file>
        <file name="GroupItem.jsx" path="/Users/andeladeveloper/Desktop/postIt/post-it-app/client/src/views/GroupContainer/GroupItem.jsx">
          <metrics statements="10" coveredstatements="8" conditionals="2" coveredconditionals="2" methods="4" coveredmethods="3"/>
          <line num="22" count="4" type="stmt"/>
          <line num="24" count="4" type="stmt"/>
          <line num="28" count="4" type="stmt"/>
          <line num="32" count="4" type="stmt"/>
          <line num="40" count="1" type="stmt"/>
          <line num="50" count="0" type="stmt"/>
          <line num="54" count="0" type="stmt"/>
          <line num="64" count="5" type="stmt"/>
          <line num="96" count="4" type="stmt"/>
          <line num="101" count="4" type="stmt"/>
        </file>
        <file name="GroupList.jsx" path="/Users/andeladeveloper/Desktop/postIt/post-it-app/client/src/views/GroupContainer/GroupList.jsx">
          <metrics statements="28" coveredstatements="15" conditionals="12" coveredconditionals="1" methods="8" coveredmethods="5"/>
          <line num="21" count="8" type="stmt"/>
          <line num="22" count="8" type="stmt"/>
          <line num="23" count="8" type="stmt"/>
          <line num="24" count="8" type="stmt"/>
          <line num="29" count="8" type="stmt"/>
          <line num="30" count="8" type="stmt"/>
          <line num="38" count="5" type="stmt"/>
          <line num="46" count="1" type="stmt"/>
          <line num="71" count="0" type="stmt"/>
          <line num="72" count="0" type="stmt"/>
          <line num="73" count="0" type="stmt"/>
          <line num="75" count="0" type="cond" truecount="0" falsecount="2"/>
          <line num="76" count="0" type="stmt"/>
          <line num="88" count="8" type="stmt"/>
          <line num="89" count="8" type="stmt"/>
          <line num="92" count="8" type="cond" truecount="1" falsecount="1"/>
          <line num="93" count="0" type="cond" truecount="0" falsecount="2"/>
          <line num="94" count="0" type="stmt"/>
          <line num="95" count="0" type="cond" truecount="0" falsecount="2"/>
          <line num="96" count="0" type="stmt"/>
          <line num="97" count="0" type="cond" truecount="0" falsecount="2"/>
          <line num="98" count="0" type="stmt"/>
          <line num="100" count="0" type="stmt"/>
          <line num="104" count="8" type="stmt"/>
          <line num="112" count="8" type="stmt"/>
          <line num="122" count="0" type="stmt"/>
          <line num="151" count="4" type="stmt"/>
          <line num="155" count="4" type="stmt"/>
        </file>
        <file name="GroupListView.jsx" path="/Users/andeladeveloper/Desktop/postIt/post-it-app/client/src/views/GroupContainer/GroupListView.jsx">
          <metrics statements="8" coveredstatements="5" conditionals="0" coveredconditionals="0" methods="4" coveredmethods="1"/>
          <line num="16" count="11" type="stmt"/>
          <line num="19" count="11" type="stmt"/>
          <line num="20" count="0" type="stmt"/>
          <line num="29" count="11" type="stmt"/>
          <line num="30" count="0" type="stmt"/>
          <line num="40" count="11" type="stmt"/>
          <line num="51" count="0" type="stmt"/>
          <line num="59" count="3" type="stmt"/>
        </file>
        <file name="RequestItem.jsx" path="/Users/andeladeveloper/Desktop/postIt/post-it-app/client/src/views/GroupContainer/RequestItem.jsx">
          <metrics statements="10" coveredstatements="2" conditionals="0" coveredconditionals="0" methods="4" coveredmethods="1"/>
          <line num="12" count="4" type="stmt"/>
          <line num="13" count="0" type="stmt"/>
          <line num="15" count="0" type="stmt"/>
          <line num="16" count="0" type="stmt"/>
          <line num="17" count="0" type="stmt"/>
          <line num="19" count="0" type="stmt"/>
          <line num="25" count="0" type="stmt"/>
          <line num="32" count="4" type="stmt"/>
          <line num="41" count="0" type="stmt"/>
          <line num="49" count="0" type="stmt"/>
        </file>
        <file name="RequestList.jsx" path="/Users/andeladeveloper/Desktop/postIt/post-it-app/client/src/views/GroupContainer/RequestList.jsx">
          <metrics statements="12" coveredstatements="8" conditionals="2" coveredconditionals="1" methods="6" coveredmethods="4"/>
          <line num="14" count="10" type="stmt"/>
          <line num="15" count="10" type="stmt"/>
          <line num="16" count="10" type="stmt"/>
          <line num="20" count="10" type="stmt"/>
          <line num="28" count="5" type="stmt"/>
          <line num="36" count="1" type="stmt"/>
          <line num="44" count="0" type="stmt"/>
          <line num="45" count="0" type="stmt"/>
          <line num="46" count="0" type="stmt"/>
          <line num="56" count="10" type="stmt"/>
          <line num="60" count="0" type="stmt"/>
          <line num="77" count="5" type="stmt"/>
        </file>
        <file name="WelcomeView.jsx" path="/Users/andeladeveloper/Desktop/postIt/post-it-app/client/src/views/GroupContainer/WelcomeView.jsx">
          <metrics statements="1" coveredstatements="1" conditionals="0" coveredconditionals="0" methods="1" coveredmethods="1"/>
          <line num="5" count="2" type="stmt"/>
        </file>
      </package>
      <package name="client.src.views.GroupContainer.GroupBodyContainer">
        <metrics statements="94" coveredstatements="58" conditionals="20" coveredconditionals="4" methods="26" coveredmethods="18"/>
        <file name="AddUserView.jsx" path="/Users/andeladeveloper/Desktop/postIt/post-it-app/client/src/views/GroupContainer/GroupBodyContainer/AddUserView.jsx">
          <metrics statements="18" coveredstatements="10" conditionals="0" coveredconditionals="0" methods="7" coveredmethods="4"/>
          <line num="18" count="5" type="stmt"/>
          <line num="20" count="5" type="stmt"/>
          <line num="22" count="5" type="stmt"/>
          <line num="27" count="5" type="stmt"/>
          <line num="28" count="5" type="stmt"/>
          <line num="36" count="5" type="stmt"/>
          <line num="44" count="1" type="stmt"/>
          <line num="54" count="0" type="stmt"/>
          <line num="55" count="0" type="stmt"/>
          <line num="57" count="0" type="stmt"/>
          <line num="67" count="0" type="stmt"/>
          <line num="78" count="0" type="stmt"/>
          <line num="79" count="0" type="stmt"/>
          <line num="80" count="0" type="stmt"/>
          <line num="81" count="0" type="stmt"/>
          <line num="91" count="5" type="stmt"/>
          <line num="102" count="5" type="stmt"/>
          <line num="106" count="5" type="stmt"/>
        </file>
        <file name="MessageBody.jsx" path="/Users/andeladeveloper/Desktop/postIt/post-it-app/client/src/views/GroupContainer/GroupBodyContainer/MessageBody.jsx">
          <metrics statements="16" coveredstatements="10" conditionals="0" coveredconditionals="0" methods="6" coveredmethods="4"/>
          <line num="21" count="6" type="stmt"/>
          <line num="22" count="6" type="stmt"/>
          <line num="23" count="6" type="stmt"/>
          <line num="28" count="6" type="stmt"/>
          <line num="33" count="6" type="stmt"/>
          <line num="42" count="6" type="stmt"/>
          <line num="51" count="1" type="stmt"/>
          <line num="61" count="0" type="stmt"/>
          <line num="62" count="0" type="stmt"/>
          <line num="63" count="0" type="stmt"/>
          <line num="68" count="0" type="stmt"/>
          <line num="71" count="0" type="stmt"/>
          <line num="82" count="0" type="stmt"/>
          <line num="93" count="6" type="stmt"/>
          <line num="94" count="6" type="stmt"/>
          <line num="107" count="5" type="stmt"/>
        </file>
        <file name="MessageListView.jsx" path="/Users/andeladeveloper/Desktop/postIt/post-it-app/client/src/views/GroupContainer/GroupBodyContainer/MessageListView.jsx">
          <metrics statements="9" coveredstatements="5" conditionals="12" coveredconditionals="2" methods="3" coveredmethods="1"/>
          <line num="12" count="8" type="stmt"/>
          <line num="13" count="8" type="stmt"/>
          <line num="14" count="8" type="stmt"/>
          <line num="15" count="8" type="stmt"/>
          <line num="18" count="0" type="cond" truecount="0" falsecount="2"/>
          <line num="19" count="0" type="stmt"/>
          <line num="21" count="0" type="stmt"/>
          <line num="42" count="0" type="stmt"/>
          <line num="55" count="6" type="stmt"/>
        </file>
        <file name="SendMessageView.jsx" path="/Users/andeladeveloper/Desktop/postIt/post-it-app/client/src/views/GroupContainer/GroupBodyContainer/SendMessageView.jsx">
          <metrics statements="33" coveredstatements="17" conditionals="4" coveredconditionals="0" methods="6" coveredmethods="5"/>
          <line num="19" count="10" type="stmt"/>
          <line num="21" count="10" type="stmt"/>
          <line num="28" count="10" type="stmt"/>
          <line num="29" count="10" type="stmt"/>
          <line num="30" count="10" type="stmt"/>
          <line num="40" count="2" type="stmt"/>
          <line num="42" count="2" type="stmt"/>
          <line num="55" count="1" type="stmt"/>
          <line num="56" count="1" type="stmt"/>
          <line num="57" count="1" type="stmt"/>
          <line num="59" count="1" type="stmt"/>
          <line num="65" count="1" type="stmt"/>
          <line num="66" count="1" type="stmt"/>
          <line num="67" count="1" type="stmt"/>
          <line num="81" count="0" type="stmt"/>
          <line num="82" count="0" type="stmt"/>
          <line num="83" count="0" type="stmt"/>
          <line num="88" count="0" type="cond" truecount="0" falsecount="4"/>
          <line num="90" count="0" type="stmt"/>
          <line num="91" count="0" type="stmt"/>
          <line num="92" count="0" type="stmt"/>
          <line num="95" count="0" type="stmt"/>
          <line num="96" count="0" type="stmt"/>
          <line num="97" count="0" type="stmt"/>
          <line num="100" count="0" type="stmt"/>
          <line num="101" count="0" type="stmt"/>
          <line num="102" count="0" type="stmt"/>
          <line num="105" count="0" type="stmt"/>
          <line num="106" count="0" type="stmt"/>
          <line num="110" count="0" type="stmt"/>
          <line num="123" count="13" type="stmt"/>
          <line num="155" count="6" type="stmt"/>
          <line num="159" count="6" type="stmt"/>
        </file>
        <file name="userListView.jsx" path="/Users/andeladeveloper/Desktop/postIt/post-it-app/client/src/views/GroupContainer/GroupBodyContainer/userListView.jsx">
          <metrics statements="18" coveredstatements="16" conditionals="4" coveredconditionals="2" methods="4" coveredmethods="4"/>
          <line num="12" count="8" type="stmt"/>
          <line num="19" count="8" type="stmt"/>
          <line num="20" count="1" type="stmt"/>
          <line num="21" count="1" type="stmt"/>
          <line num="22" count="1" type="stmt"/>
          <line num="26" count="1" type="stmt"/>
          <line num="27" count="1" type="stmt"/>
          <line num="35" count="8" type="stmt"/>
          <line num="36" count="5" type="stmt"/>
          <line num="37" count="5" type="stmt"/>
          <line num="38" count="5" type="cond" truecount="1" falsecount="1"/>
          <line num="39" count="0" type="stmt"/>
          <line num="40" count="0" type="stmt"/>
          <line num="42" count="5" type="stmt"/>
          <line num="45" count="8" type="stmt"/>
          <line num="53" count="5" type="stmt"/>
          <line num="66" count="6" type="stmt"/>
          <line num="70" count="6" type="stmt"/>
        </file>
      </package>
      <package name="client.src.views.LoginRegisterContainer">
        <metrics statements="67" coveredstatements="53" conditionals="26" coveredconditionals="20" methods="30" coveredmethods="23"/>
        <file name="GoogleSignInComponent.jsx" path="/Users/andeladeveloper/Desktop/postIt/post-it-app/client/src/views/LoginRegisterContainer/GoogleSignInComponent.jsx">
          <metrics statements="11" coveredstatements="6" conditionals="0" coveredconditionals="0" methods="5" coveredmethods="3"/>
          <line num="16" count="4" type="stmt"/>
          <line num="18" count="4" type="stmt"/>
          <line num="19" count="4" type="stmt"/>
          <line num="28" count="0" type="stmt"/>
          <line num="29" count="0" type="stmt"/>
          <line num="30" count="0" type="stmt"/>
          <line num="40" count="0" type="stmt"/>
          <line num="41" count="0" type="stmt"/>
          <line num="57" count="4" type="stmt"/>
          <line num="65" count="4" type="stmt"/>
          <line num="74" count="3" type="stmt"/>
        </file>
        <file name="LandingPageContainer.jsx" path="/Users/andeladeveloper/Desktop/postIt/post-it-app/client/src/views/LoginRegisterContainer/LandingPageContainer.jsx">
          <metrics statements="2" coveredstatements="2" conditionals="0" coveredconditionals="0" methods="1" coveredmethods="1"/>
          <line num="9" count="1" type="stmt"/>
          <line num="25" count="2" type="stmt"/>
        </file>
        <file name="LoginComponent.jsx" path="/Users/andeladeveloper/Desktop/postIt/post-it-app/client/src/views/LoginRegisterContainer/LoginComponent.jsx">
          <metrics statements="18" coveredstatements="14" conditionals="8" coveredconditionals="5" methods="7" coveredmethods="5"/>
          <line num="17" count="8" type="stmt"/>
          <line num="19" count="8" type="stmt"/>
          <line num="26" count="8" type="stmt"/>
          <line num="27" count="8" type="stmt"/>
          <line num="28" count="8" type="stmt"/>
          <line num="36" count="4" type="stmt"/>
          <line num="38" count="4" type="stmt"/>
          <line num="49" count="1" type="stmt"/>
          <line num="51" count="1" type="stmt"/>
          <line num="52" count="1" type="stmt"/>
          <line num="58" count="1" type="stmt"/>
          <line num="69" count="0" type="stmt"/>
          <line num="70" count="0" type="cond" truecount="0" falsecount="2"/>
          <line num="71" count="0" type="stmt"/>
          <line num="85" count="8" type="stmt"/>
          <line num="94" count="0" type="stmt"/>
          <line num="102" count="13" type="stmt"/>
          <line num="140" count="4" type="stmt"/>
        </file>
        <file name="LoginRegisterContainer.jsx" path="/Users/andeladeveloper/Desktop/postIt/post-it-app/client/src/views/LoginRegisterContainer/LoginRegisterContainer.jsx">
          <metrics statements="3" coveredstatements="3" conditionals="0" coveredconditionals="0" methods="2" coveredmethods="2"/>
          <line num="13" count="2" type="stmt"/>
          <line num="22" count="1" type="stmt"/>
          <line num="29" count="3" type="stmt"/>
        </file>
        <file name="Nav.js" path="/Users/andeladeveloper/Desktop/postIt/post-it-app/client/src/views/LoginRegisterContainer/Nav.js">
          <metrics statements="2" coveredstatements="2" conditionals="0" coveredconditionals="0" methods="1" coveredmethods="1"/>
          <line num="11" count="2" type="stmt"/>
          <line num="26" count="4" type="stmt"/>
        </file>
        <file name="RegisterComponent.jsx" path="/Users/andeladeveloper/Desktop/postIt/post-it-app/client/src/views/LoginRegisterContainer/RegisterComponent.jsx">
          <metrics statements="17" coveredstatements="13" conditionals="18" coveredconditionals="15" methods="7" coveredmethods="5"/>
          <line num="18" count="11" type="stmt"/>
          <line num="20" count="11" type="stmt"/>
          <line num="30" count="11" type="stmt"/>
          <line num="31" count="11" type="stmt"/>
          <line num="32" count="11" type="stmt"/>
          <line num="41" count="12" type="stmt"/>
          <line num="42" count="12" type="stmt"/>
          <line num="53" count="2" type="stmt"/>
          <line num="54" count="2" type="cond" truecount="2" falsecount="0"/>
          <line num="55" count="1" type="stmt"/>
          <line num="61" count="1" type="stmt"/>
          <line num="73" count="0" type="stmt"/>
          <line num="74" count="0" type="cond" truecount="0" falsecount="2"/>
          <line num="75" count="0" type="stmt"/>
          <line num="88" count="11" type="stmt"/>
          <line num="97" count="0" type="stmt"/>
          <line num="105" count="24" type="stmt"/>
        </file>
        <file name="ResetPasswordView.jsx" path="/Users/andeladeveloper/Desktop/postIt/post-it-app/client/src/views/LoginRegisterContainer/ResetPasswordView.jsx">
          <metrics statements="14" coveredstatements="13" conditionals="0" coveredconditionals="0" methods="7" coveredmethods="6"/>
          <line num="15" count="7" type="stmt"/>
          <line num="17" count="7" type="stmt"/>
          <line num="21" count="7" type="stmt"/>
          <line num="22" count="7" type="stmt"/>
          <line num="23" count="7" type="stmt"/>
          <line num="31" count="1" type="stmt"/>
          <line num="33" count="1" type="stmt"/>
          <line num="43" count="1" type="stmt"/>
          <line num="44" count="1" type="stmt"/>
          <line num="55" count="7" type="stmt"/>
          <line num="64" count="1" type="stmt"/>
          <line num="71" count="0" type="stmt"/>
          <line num="81" count="8" type="stmt"/>
          <line num="107" count="2" type="stmt"/>
        </file>
      </package>
      <package name="server.routes">
        <metrics statements="208" coveredstatements="162" conditionals="36" coveredconditionals="32" methods="67" coveredmethods="48"/>
        <file name="add_user_group_routes.js" path="/Users/andeladeveloper/Desktop/postIt/post-it-app/server/routes/add_user_group_routes.js">
          <metrics statements="10" coveredstatements="10" conditionals="2" coveredconditionals="2" methods="3" coveredmethods="3"/>
          <line num="3" count="1" type="stmt"/>
          <line num="4" count="1" type="stmt"/>
          <line num="6" count="2" type="stmt"/>
          <line num="9" count="2" type="stmt"/>
          <line num="10" count="2" type="stmt"/>
          <line num="13" count="2" type="stmt"/>
          <line num="14" count="3" type="cond" truecount="2" falsecount="0"/>
          <line num="24" count="2" type="stmt"/>
          <line num="26" count="2" type="stmt"/>
          <line num="30" count="1" type="stmt"/>
        </file>
        <file name="create_group_routes.js" path="/Users/andeladeveloper/Desktop/postIt/post-it-app/server/routes/create_group_routes.js">
          <metrics statements="14" coveredstatements="14" conditionals="2" coveredconditionals="2" methods="3" coveredmethods="3"/>
          <line num="5" count="1" type="stmt"/>
          <line num="6" count="1" type="stmt"/>
          <line num="8" count="2" type="stmt"/>
          <line num="9" count="3" type="cond" truecount="2" falsecount="0"/>
          <line num="10" count="2" type="stmt"/>
          <line num="12" count="2" type="stmt"/>
          <line num="13" count="2" type="stmt"/>
          <line num="16" count="2" type="stmt"/>
          <line num="22" count="2" type="stmt"/>
          <line num="27" count="2" type="stmt"/>
          <line num="32" count="2" type="stmt"/>
          <line num="33" count="2" type="stmt"/>
          <line num="38" count="2" type="stmt"/>
          <line num="43" count="1" type="stmt"/>
        </file>
        <file name="get_all_users_route.js" path="/Users/andeladeveloper/Desktop/postIt/post-it-app/server/routes/get_all_users_route.js">
          <metrics statements="28" coveredstatements="28" conditionals="2" coveredconditionals="2" methods="8" coveredmethods="8"/>
          <line num="4" count="1" type="stmt"/>
          <line num="5" count="1" type="stmt"/>
          <line num="6" count="1" type="stmt"/>
          <line num="7" count="2" type="stmt"/>
          <line num="8" count="2" type="stmt"/>
          <line num="9" count="3" type="cond" truecount="2" falsecount="0"/>
          <line num="11" count="2" type="stmt"/>
          <line num="14" count="2" type="stmt"/>
          <line num="17" count="2" type="stmt"/>
          <line num="20" count="2" type="stmt"/>
          <line num="23" count="2" type="stmt"/>
          <line num="24" count="2" type="stmt"/>
          <line num="25" count="2" type="stmt"/>
          <line num="28" count="2" type="stmt"/>
          <line num="29" count="2" type="stmt"/>
          <line num="31" count="2" type="stmt"/>
          <line num="32" count="2" type="stmt"/>
          <line num="33" count="2" type="stmt"/>
          <line num="34" count="2" type="stmt"/>
          <line num="36" count="2" type="stmt"/>
          <line num="37" count="2" type="stmt"/>
          <line num="38" count="2" type="stmt"/>
          <line num="41" count="2" type="stmt"/>
          <line num="42" count="2" type="stmt"/>
          <line num="43" count="2" type="stmt"/>
          <line num="45" count="2" type="stmt"/>
          <line num="51" count="2" type="stmt"/>
          <line num="55" count="1" type="stmt"/>
        </file>
        <file name="get_groups_route.js" path="/Users/andeladeveloper/Desktop/postIt/post-it-app/server/routes/get_groups_route.js">
          <metrics statements="43" coveredstatements="2" conditionals="2" coveredconditionals="0" methods="17" coveredmethods="1"/>
          <line num="4" count="1" type="stmt"/>
          <line num="5" count="1" type="stmt"/>
          <line num="6" count="0" type="stmt"/>
          <line num="7" count="0" type="cond" truecount="0" falsecount="2"/>
          <line num="9" count="0" type="stmt"/>
          <line num="10" count="0" type="stmt"/>
          <line num="13" count="0" type="stmt"/>
          <line num="16" count="0" type="stmt"/>
          <line num="18" count="0" type="stmt"/>
          <line num="19" count="0" type="stmt"/>
          <line num="22" count="0" type="stmt"/>
          <line num="24" count="0" type="stmt"/>
          <line num="26" count="0" type="stmt"/>
          <line num="27" count="0" type="stmt"/>
          <line num="29" count="0" type="stmt"/>
          <line num="30" count="0" type="stmt"/>
          <line num="34" count="0" type="stmt"/>
          <line num="35" count="0" type="stmt"/>
          <line num="36" count="0" type="stmt"/>
          <line num="37" count="0" type="stmt"/>
          <line num="39" count="0" type="stmt"/>
          <line num="40" count="0" type="stmt"/>
          <line num="45" count="0" type="stmt"/>
          <line num="47" count="0" type="stmt"/>
          <line num="50" count="0" type="stmt"/>
          <line num="56" count="0" type="stmt"/>
          <line num="58" count="0" type="stmt"/>
          <line num="60" count="0" type="stmt"/>
          <line num="61" count="0" type="stmt"/>
          <line num="63" count="0" type="stmt"/>
          <line num="64" count="0" type="stmt"/>
          <line num="69" count="0" type="stmt"/>
          <line num="70" count="0" type="stmt"/>
          <line num="71" count="0" type="stmt"/>
          <line num="72" count="0" type="stmt"/>
          <line num="74" count="0" type="stmt"/>
          <line num="75" count="0" type="stmt"/>
          <line num="80" count="0" type="stmt"/>
          <line num="83" count="0" type="stmt"/>
          <line num="84" count="0" type="stmt"/>
          <line num="87" count="0" type="stmt"/>
          <line num="92" count="0" type="stmt"/>
          <line num="96" count="0" type="stmt"/>
        </file>
        <file name="get_messages_route.js" path="/Users/andeladeveloper/Desktop/postIt/post-it-app/server/routes/get_messages_route.js">
          <metrics statements="30" coveredstatements="30" conditionals="10" coveredconditionals="10" methods="7" coveredmethods="7"/>
          <line num="3" count="1" type="stmt"/>
          <line num="4" count="1" type="stmt"/>
          <line num="5" count="5" type="stmt"/>
          <line num="6" count="9" type="cond" truecount="2" falsecount="0"/>
          <line num="8" count="8" type="stmt"/>
          <line num="9" count="8" type="stmt"/>
          <line num="11" count="8" type="stmt"/>
          <line num="14" count="8" type="stmt"/>
          <line num="15" count="8" type="stmt"/>
          <line num="18" count="8" type="stmt"/>
          <line num="21" count="8" type="stmt"/>
          <line num="27" count="8" type="stmt"/>
          <line num="28" count="8" type="stmt"/>
          <line num="29" count="8" type="stmt"/>
          <line num="30" count="8" type="stmt"/>
          <line num="31" count="8" type="stmt"/>
          <line num="32" count="16" type="stmt"/>
          <line num="33" count="16" type="stmt"/>
          <line num="34" count="16" type="stmt"/>
          <line num="35" count="16" type="cond" truecount="2" falsecount="0"/>
          <line num="36" count="8" type="cond" truecount="2" falsecount="0"/>
          <line num="37" count="6" type="cond" truecount="2" falsecount="0"/>
          <line num="38" count="2" type="stmt"/>
          <line num="41" count="8" type="cond" truecount="2" falsecount="0"/>
          <line num="42" count="2" type="stmt"/>
          <line num="44" count="16" type="stmt"/>
          <line num="47" count="8" type="stmt"/>
          <line num="49" count="8" type="stmt"/>
          <line num="56" count="8" type="stmt"/>
          <line num="60" count="1" type="stmt"/>
        </file>
        <file name="google_signin_route.js" path="/Users/andeladeveloper/Desktop/postIt/post-it-app/server/routes/google_signin_route.js">
          <metrics statements="10" coveredstatements="9" conditionals="0" coveredconditionals="0" methods="5" coveredmethods="4"/>
          <line num="3" count="1" type="stmt"/>
          <line num="4" count="1" type="stmt"/>
          <line num="5" count="2" type="stmt"/>
          <line num="6" count="2" type="stmt"/>
          <line num="8" count="2" type="stmt"/>
          <line num="10" count="2" type="stmt"/>
          <line num="13" count="1" type="stmt"/>
          <line num="18" count="0" type="stmt"/>
          <line num="23" count="1" type="stmt"/>
          <line num="29" count="1" type="stmt"/>
        </file>
        <file name="mark_messages_read_route.js" path="/Users/andeladeveloper/Desktop/postIt/post-it-app/server/routes/mark_messages_read_route.js">
          <metrics statements="15" coveredstatements="13" conditionals="6" coveredconditionals="4" methods="4" coveredmethods="3"/>
          <line num="3" count="1" type="stmt"/>
          <line num="4" count="1" type="stmt"/>
          <line num="5" count="3" type="stmt"/>
          <line num="6" count="5" type="cond" truecount="2" falsecount="0"/>
          <line num="7" count="4" type="stmt"/>
          <line num="8" count="4" type="stmt"/>
          <line num="10" count="4" type="stmt"/>
          <line num="11" count="4" type="stmt"/>
          <line num="13" count="4" type="cond" truecount="2" falsecount="0"/>
          <line num="14" count="2" type="stmt"/>
          <line num="15" count="0" type="cond" truecount="0" falsecount="2"/>
          <line num="16" count="0" type="stmt"/>
          <line num="19" count="2" type="stmt"/>
          <line num="23" count="2" type="stmt"/>
          <line num="28" count="1" type="stmt"/>
        </file>
        <file name="reset_password_route.js" path="/Users/andeladeveloper/Desktop/postIt/post-it-app/server/routes/reset_password_route.js">
          <metrics statements="6" coveredstatements="6" conditionals="0" coveredconditionals="0" methods="4" coveredmethods="4"/>
          <line num="3" count="1" type="stmt"/>
          <line num="4" count="1" type="stmt"/>
          <line num="5" count="2" type="stmt"/>
          <line num="7" count="2" type="stmt"/>
          <line num="9" count="1" type="stmt"/>
          <line num="14" count="1" type="stmt"/>
        </file>
        <file name="send_message_route.js" path="/Users/andeladeveloper/Desktop/postIt/post-it-app/server/routes/send_message_route.js">
          <metrics statements="16" coveredstatements="16" conditionals="2" coveredconditionals="2" methods="3" coveredmethods="3"/>
          <line num="5" count="1" type="stmt"/>
          <line num="6" count="1" type="stmt"/>
          <line num="7" count="2" type="stmt"/>
          <line num="8" count="3" type="cond" truecount="2" falsecount="0"/>
          <line num="9" count="2" type="stmt"/>
          <line num="10" count="2" type="stmt"/>
          <line num="11" count="2" type="stmt"/>
          <line num="12" count="2" type="stmt"/>
          <line num="14" count="2" type="stmt"/>
          <line num="17" count="2" type="stmt"/>
          <line num="21" count="2" type="stmt"/>
          <line num="28" count="2" type="stmt"/>
          <line num="29" count="2" type="stmt"/>
          <line num="36" count="2" type="stmt"/>
          <line num="43" count="1" type="stmt"/>
          <line num="45" count="1" type="stmt"/>
        </file>
        <file name="sign_out_route.js" path="/Users/andeladeveloper/Desktop/postIt/post-it-app/server/routes/sign_out_route.js">
          <metrics statements="5" coveredstatements="5" conditionals="0" coveredconditionals="0" methods="4" coveredmethods="4"/>
          <line num="3" count="1" type="stmt"/>
          <line num="4" count="2" type="stmt"/>
          <line num="5" count="2" type="stmt"/>
          <line num="6" count="1" type="stmt"/>
          <line num="10" count="1" type="stmt"/>
        </file>
        <file name="user_signin_route.js" path="/Users/andeladeveloper/Desktop/postIt/post-it-app/server/routes/user_signin_route.js">
          <metrics statements="13" coveredstatements="13" conditionals="4" coveredconditionals="4" methods="4" coveredmethods="4"/>
          <line num="4" count="1" type="stmt"/>
          <line num="5" count="4" type="stmt"/>
          <line num="6" count="4" type="stmt"/>
          <line num="7" count="4" type="stmt"/>
          <line num="9" count="4" type="cond" truecount="2" falsecount="0"/>
          <line num="10" count="1" type="stmt"/>
          <line num="13" count="3" type="cond" truecount="2" falsecount="0"/>
          <line num="15" count="2" type="stmt"/>
          <line num="17" count="2" type="stmt"/>
          <line num="18" count="1" type="stmt"/>
          <line num="19" count="1" type="stmt"/>
          <line num="24" count="1" type="stmt"/>
          <line num="29" count="1" type="stmt"/>
        </file>
        <file name="user_signup_route.js" path="/Users/andeladeveloper/Desktop/postIt/post-it-app/server/routes/user_signup_route.js">
          <metrics statements="18" coveredstatements="16" conditionals="6" coveredconditionals="6" methods="5" coveredmethods="4"/>
          <line num="4" count="1" type="stmt"/>
          <line num="5" count="3" type="stmt"/>
          <line num="7" count="3" type="stmt"/>
          <line num="8" count="3" type="stmt"/>
          <line num="9" count="3" type="stmt"/>
          <line num="10" count="3" type="stmt"/>
          <line num="11" count="3" type="stmt"/>
          <line num="13" count="3" type="cond" truecount="2" falsecount="0"/>
          <line num="14" count="1" type="stmt"/>
          <line num="17" count="2" type="cond" truecount="4" falsecount="0"/>
          <line num="19" count="1" type="stmt"/>
          <line num="22" count="1" type="stmt"/>
          <line num="27" count="1" type="stmt"/>
          <line num="34" count="1" type="stmt"/>
          <line num="35" count="1" type="stmt"/>
          <line num="41" count="0" type="stmt"/>
          <line num="42" count="0" type="stmt"/>
          <line num="46" count="1" type="stmt"/>
        </file>
      </package>
      <package name="server.utilities">
        <metrics statements="3" coveredstatements="3" conditionals="0" coveredconditionals="0" methods="1" coveredmethods="1"/>
        <file name="validate_email.js" path="/Users/andeladeveloper/Desktop/postIt/post-it-app/server/utilities/validate_email.js">
          <metrics statements="3" coveredstatements="3" conditionals="0" coveredconditionals="0" methods="1" coveredmethods="1"/>
          <line num="1" count="2" type="stmt"/>
          <line num="2" count="7" type="stmt"/>
          <line num="3" count="7" type="stmt"/>
        </file>
      </package>
    </metrics>
  </project>
</coverage>
