{"/Users/andeladeveloper/Desktop/postIt/post-it-app/client/src/data/PostItActionTypes.js": {"path":"/Users/andeladeveloper/Desktop/postIt/post-it-app/client/src/data/PostItActionTypes.js","statementMap":{"0":{"start":{"line":1,"column":20},"end":{"line":36,"column":1}}},"fnMap":{},"branchMap":{},"s":{"0":64},"f":{},"b":{},"_coverageSchema":"332fd63041d2c1bcb487cc26dd0d5f7d97098a6c","hash":"7823a8ec0a888de72b40229faa8f2283e9bbfd26"}
,"/Users/andeladeveloper/Desktop/postIt/post-it-app/client/src/data/PostItDispatcher.js": {"path":"/Users/andeladeveloper/Desktop/postIt/post-it-app/client/src/data/PostItDispatcher.js","statementMap":{"0":{"start":{"line":16,"column":4},"end":{"line":19,"column":7}},"1":{"start":{"line":28,"column":4},"end":{"line":31,"column":7}},"2":{"start":{"line":35,"column":25},"end":{"line":35,"column":46}},"3":{"start":{"line":36,"column":0},"end":{"line":36,"column":34}}},"fnMap":{"0":{"name":"(anonymous_0)","decl":{"start":{"line":15,"column":2},"end":{"line":15,"column":3}},"loc":{"start":{"line":15,"column":24},"end":{"line":20,"column":3}},"line":15},"1":{"name":"(anonymous_1)","decl":{"start":{"line":27,"column":2},"end":{"line":27,"column":3}},"loc":{"start":{"line":27,"column":26},"end":{"line":32,"column":3}},"line":27}},"branchMap":{},"s":{"0":1,"1":10,"2":32,"3":32},"f":{"0":1,"1":10},"b":{},"_coverageSchema":"332fd63041d2c1bcb487cc26dd0d5f7d97098a6c","hash":"f2e0a403b9e916590967c90946730ec79693519d"}
,"/Users/andeladeveloper/Desktop/postIt/post-it-app/client/src/data/models/groupList.js": {"path":"/Users/andeladeveloper/Desktop/postIt/post-it-app/client/src/data/models/groupList.js","statementMap":{"0":{"start":{"line":3,"column":17},"end":{"line":3,"column":30}}},"fnMap":{},"branchMap":{},"s":{"0":26},"f":{},"b":{},"_coverageSchema":"332fd63041d2c1bcb487cc26dd0d5f7d97098a6c","hash":"48de998eaee3e0bcf1c22a7b8053f7c5c1e52503"}
,"/Users/andeladeveloper/Desktop/postIt/post-it-app/client/src/data/postItActions/acceptRejectGroupRequestAction.js": {"path":"/Users/andeladeveloper/Desktop/postIt/post-it-app/client/src/data/postItActions/acceptRejectGroupRequestAction.js","statementMap":{"0":{"start":{"line":6,"column":2},"end":{"line":20,"column":7}},"1":{"start":{"line":10,"column":6},"end":{"line":19,"column":7}},"2":{"start":{"line":11,"column":8},"end":{"line":11,"column":27}},"3":{"start":{"line":13,"column":8},"end":{"line":13,"column":28}},"4":{"start":{"line":14,"column":8},"end":{"line":14,"column":54}},"5":{"start":{"line":15,"column":8},"end":{"line":18,"column":11}}},"fnMap":{"0":{"name":"(anonymous_0)","decl":{"start":{"line":5,"column":15},"end":{"line":5,"column":16}},"loc":{"start":{"line":5,"column":39},"end":{"line":21,"column":1}},"line":5},"1":{"name":"(anonymous_1)","decl":{"start":{"line":9,"column":10},"end":{"line":9,"column":11}},"loc":{"start":{"line":9,"column":29},"end":{"line":20,"column":5}},"line":9}},"branchMap":{"0":{"loc":{"start":{"line":10,"column":6},"end":{"line":19,"column":7}},"type":"if","locations":[{"start":{"line":10,"column":6},"end":{"line":19,"column":7}},{"start":{"line":10,"column":6},"end":{"line":19,"column":7}}],"line":10}},"s":{"0":0,"1":0,"2":0,"3":0,"4":0,"5":0},"f":{"0":0,"1":0},"b":{"0":[0,0]},"_coverageSchema":"332fd63041d2c1bcb487cc26dd0d5f7d97098a6c","hash":"d557c6111f3b0bc23c36a78a26d4598628bfc7a1"}
,"/Users/andeladeveloper/Desktop/postIt/post-it-app/client/src/data/postItActions/addUserGroup.js": {"path":"/Users/andeladeveloper/Desktop/postIt/post-it-app/client/src/data/postItActions/addUserGroup.js","statementMap":{"0":{"start":{"line":11,"column":15},"end":{"line":11,"column":29}},"1":{"start":{"line":12,"column":18},"end":{"line":12,"column":33}},"2":{"start":{"line":14,"column":2},"end":{"line":14,"column":20}},"3":{"start":{"line":15,"column":2},"end":{"line":15,"column":23}},"4":{"start":{"line":17,"column":2},"end":{"line":17,"column":41}},"5":{"start":{"line":18,"column":2},"end":{"line":37,"column":7}},"6":{"start":{"line":24,"column":6},"end":{"line":36,"column":7}},"7":{"start":{"line":25,"column":8},"end":{"line":25,"column":27}},"8":{"start":{"line":26,"column":8},"end":{"line":28,"column":11}},"9":{"start":{"line":30,"column":8},"end":{"line":30,"column":28}},"10":{"start":{"line":31,"column":8},"end":{"line":35,"column":11}}},"fnMap":{"0":{"name":"(anonymous_0)","decl":{"start":{"line":10,"column":15},"end":{"line":10,"column":16}},"loc":{"start":{"line":10,"column":28},"end":{"line":38,"column":1}},"line":10},"1":{"name":"(anonymous_1)","decl":{"start":{"line":23,"column":9},"end":{"line":23,"column":10}},"loc":{"start":{"line":23,"column":28},"end":{"line":37,"column":5}},"line":23}},"branchMap":{"0":{"loc":{"start":{"line":24,"column":6},"end":{"line":36,"column":7}},"type":"if","locations":[{"start":{"line":24,"column":6},"end":{"line":36,"column":7}},{"start":{"line":24,"column":6},"end":{"line":36,"column":7}}],"line":24}},"s":{"0":2,"1":2,"2":2,"3":2,"4":2,"5":2,"6":2,"7":1,"8":1,"9":1,"10":1},"f":{"0":2,"1":2},"b":{"0":[1,1]},"_coverageSchema":"332fd63041d2c1bcb487cc26dd0d5f7d97098a6c","hash":"0d9103379b9692001204992fea1d45d2f05d6b3a"}
,"/Users/andeladeveloper/Desktop/postIt/post-it-app/client/src/data/postItActions/getAllUsersAction.js": {"path":"/Users/andeladeveloper/Desktop/postIt/post-it-app/client/src/data/postItActions/getAllUsersAction.js","statementMap":{"0":{"start":{"line":12,"column":2},"end":{"line":27,"column":5}},"1":{"start":{"line":16,"column":4},"end":{"line":26,"column":5}},"2":{"start":{"line":17,"column":6},"end":{"line":17,"column":25}},"3":{"start":{"line":18,"column":6},"end":{"line":20,"column":9}},"4":{"start":{"line":22,"column":6},"end":{"line":22,"column":26}},"5":{"start":{"line":23,"column":6},"end":{"line":25,"column":9}}},"fnMap":{"0":{"name":"(anonymous_0)","decl":{"start":{"line":11,"column":15},"end":{"line":11,"column":16}},"loc":{"start":{"line":11,"column":28},"end":{"line":28,"column":1}},"line":11},"1":{"name":"(anonymous_1)","decl":{"start":{"line":15,"column":7},"end":{"line":15,"column":8}},"loc":{"start":{"line":15,"column":26},"end":{"line":27,"column":3}},"line":15}},"branchMap":{"0":{"loc":{"start":{"line":16,"column":4},"end":{"line":26,"column":5}},"type":"if","locations":[{"start":{"line":16,"column":4},"end":{"line":26,"column":5}},{"start":{"line":16,"column":4},"end":{"line":26,"column":5}}],"line":16}},"s":{"0":6,"1":6,"2":1,"3":1,"4":5,"5":5},"f":{"0":6,"1":6},"b":{"0":[1,5]},"_coverageSchema":"332fd63041d2c1bcb487cc26dd0d5f7d97098a6c","hash":"135de346261746c88adc003ccc018498422962ee"}
,"/Users/andeladeveloper/Desktop/postIt/post-it-app/client/src/data/postItActions/getMessagesAction.js": {"path":"/Users/andeladeveloper/Desktop/postIt/post-it-app/client/src/data/postItActions/getMessagesAction.js","statementMap":{"0":{"start":{"line":11,"column":2},"end":{"line":11,"column":44}},"1":{"start":{"line":12,"column":2},"end":{"line":27,"column":7}},"2":{"start":{"line":16,"column":6},"end":{"line":26,"column":7}},"3":{"start":{"line":18,"column":8},"end":{"line":20,"column":11}},"4":{"start":{"line":22,"column":8},"end":{"line":24,"column":11}}},"fnMap":{"0":{"name":"(anonymous_0)","decl":{"start":{"line":10,"column":15},"end":{"line":10,"column":16}},"loc":{"start":{"line":10,"column":28},"end":{"line":28,"column":1}},"line":10},"1":{"name":"(anonymous_1)","decl":{"start":{"line":15,"column":9},"end":{"line":15,"column":10}},"loc":{"start":{"line":15,"column":28},"end":{"line":27,"column":5}},"line":15}},"branchMap":{"0":{"loc":{"start":{"line":16,"column":6},"end":{"line":26,"column":7}},"type":"if","locations":[{"start":{"line":16,"column":6},"end":{"line":26,"column":7}},{"start":{"line":16,"column":6},"end":{"line":26,"column":7}}],"line":16}},"s":{"0":2,"1":2,"2":2,"3":1,"4":1},"f":{"0":2,"1":2},"b":{"0":[1,1]},"_coverageSchema":"332fd63041d2c1bcb487cc26dd0d5f7d97098a6c","hash":"076e9b834dfb494a69e694d55d5787b9150533de"}
,"/Users/andeladeveloper/Desktop/postIt/post-it-app/client/src/data/postItActions/googleSignInAction.js": {"path":"/Users/andeladeveloper/Desktop/postIt/post-it-app/client/src/data/postItActions/googleSignInAction.js","statementMap":{"0":{"start":{"line":14,"column":2},"end":{"line":14,"column":46}},"1":{"start":{"line":15,"column":2},"end":{"line":32,"column":5}},"2":{"start":{"line":19,"column":4},"end":{"line":19,"column":53}},"3":{"start":{"line":20,"column":4},"end":{"line":31,"column":5}},"4":{"start":{"line":21,"column":6},"end":{"line":21,"column":25}},"5":{"start":{"line":22,"column":6},"end":{"line":24,"column":9}},"6":{"start":{"line":26,"column":23},"end":{"line":26,"column":45}},"7":{"start":{"line":27,"column":6},"end":{"line":30,"column":9}}},"fnMap":{"0":{"name":"GoogleSignInAction","decl":{"start":{"line":13,"column":24},"end":{"line":13,"column":42}},"loc":{"start":{"line":13,"column":52},"end":{"line":33,"column":1}},"line":13},"1":{"name":"(anonymous_1)","decl":{"start":{"line":18,"column":7},"end":{"line":18,"column":8}},"loc":{"start":{"line":18,"column":26},"end":{"line":32,"column":3}},"line":18}},"branchMap":{"0":{"loc":{"start":{"line":20,"column":4},"end":{"line":31,"column":5}},"type":"if","locations":[{"start":{"line":20,"column":4},"end":{"line":31,"column":5}},{"start":{"line":20,"column":4},"end":{"line":31,"column":5}}],"line":20}},"s":{"0":2,"1":2,"2":2,"3":2,"4":1,"5":1,"6":1,"7":1},"f":{"0":2,"1":2},"b":{"0":[1,1]},"_coverageSchema":"332fd63041d2c1bcb487cc26dd0d5f7d97098a6c","hash":"e991f5bbeb5d2b1aca5594d43320017a2abd4af5"}
,"/Users/andeladeveloper/Desktop/postIt/post-it-app/client/src/data/postItActions/groupActions.js": {"path":"/Users/andeladeveloper/Desktop/postIt/post-it-app/client/src/data/postItActions/groupActions.js","statementMap":{"0":{"start":{"line":11,"column":2},"end":{"line":14,"column":5}},"1":{"start":{"line":22,"column":2},"end":{"line":25,"column":5}},"2":{"start":{"line":33,"column":2},"end":{"line":33,"column":37}},"3":{"start":{"line":34,"column":17},"end":{"line":34,"column":47}},"4":{"start":{"line":35,"column":2},"end":{"line":35,"column":22}},"5":{"start":{"line":36,"column":2},"end":{"line":51,"column":7}},"6":{"start":{"line":39,"column":6},"end":{"line":50,"column":7}},"7":{"start":{"line":41,"column":8},"end":{"line":44,"column":11}},"8":{"start":{"line":46,"column":8},"end":{"line":46,"column":28}},"9":{"start":{"line":47,"column":8},"end":{"line":49,"column":11}},"10":{"start":{"line":60,"column":2},"end":{"line":60,"column":42}},"11":{"start":{"line":61,"column":2},"end":{"line":76,"column":7}},"12":{"start":{"line":65,"column":6},"end":{"line":75,"column":7}},"13":{"start":{"line":66,"column":8},"end":{"line":66,"column":27}},"14":{"start":{"line":67,"column":8},"end":{"line":69,"column":11}},"15":{"start":{"line":72,"column":8},"end":{"line":72,"column":28}},"16":{"start":{"line":73,"column":25},"end":{"line":73,"column":42}},"17":{"start":{"line":74,"column":8},"end":{"line":74,"column":32}}},"fnMap":{"0":{"name":"recieveGroups","decl":{"start":{"line":10,"column":16},"end":{"line":10,"column":29}},"loc":{"start":{"line":10,"column":35},"end":{"line":15,"column":1}},"line":10},"1":{"name":"addGroup","decl":{"start":{"line":21,"column":16},"end":{"line":21,"column":24}},"loc":{"start":{"line":21,"column":31},"end":{"line":26,"column":1}},"line":21},"2":{"name":"getGroups","decl":{"start":{"line":32,"column":16},"end":{"line":32,"column":25}},"loc":{"start":{"line":32,"column":28},"end":{"line":52,"column":1}},"line":32},"3":{"name":"(anonymous_3)","decl":{"start":{"line":38,"column":9},"end":{"line":38,"column":10}},"loc":{"start":{"line":38,"column":28},"end":{"line":51,"column":5}},"line":38},"4":{"name":"addGroupApi","decl":{"start":{"line":59,"column":16},"end":{"line":59,"column":27}},"loc":{"start":{"line":59,"column":39},"end":{"line":77,"column":1}},"line":59},"5":{"name":"(anonymous_5)","decl":{"start":{"line":64,"column":9},"end":{"line":64,"column":10}},"loc":{"start":{"line":64,"column":28},"end":{"line":76,"column":5}},"line":64}},"branchMap":{"0":{"loc":{"start":{"line":39,"column":6},"end":{"line":50,"column":7}},"type":"if","locations":[{"start":{"line":39,"column":6},"end":{"line":50,"column":7}},{"start":{"line":39,"column":6},"end":{"line":50,"column":7}}],"line":39},"1":{"loc":{"start":{"line":65,"column":6},"end":{"line":75,"column":7}},"type":"if","locations":[{"start":{"line":65,"column":6},"end":{"line":75,"column":7}},{"start":{"line":65,"column":6},"end":{"line":75,"column":7}}],"line":65}},"s":{"0":2,"1":1,"2":7,"3":7,"4":5,"5":5,"6":5,"7":0,"8":5,"9":5,"10":2,"11":2,"12":2,"13":1,"14":1,"15":1,"16":1,"17":1},"f":{"0":2,"1":1,"2":7,"3":5,"4":2,"5":2},"b":{"0":[0,5],"1":[1,1]},"_coverageSchema":"332fd63041d2c1bcb487cc26dd0d5f7d97098a6c","hash":"953be9aafa5493b7d2fde47fd4a7845f80e4eec4"}
,"/Users/andeladeveloper/Desktop/postIt/post-it-app/client/src/data/postItActions/readMessagesAction.js": {"path":"/Users/andeladeveloper/Desktop/postIt/post-it-app/client/src/data/postItActions/readMessagesAction.js","statementMap":{"0":{"start":{"line":14,"column":2},"end":{"line":16,"column":4}},"1":{"start":{"line":17,"column":2},"end":{"line":34,"column":5}},"2":{"start":{"line":21,"column":4},"end":{"line":33,"column":5}},"3":{"start":{"line":22,"column":6},"end":{"line":22,"column":25}},"4":{"start":{"line":23,"column":6},"end":{"line":25,"column":9}},"5":{"start":{"line":27,"column":6},"end":{"line":27,"column":26}},"6":{"start":{"line":28,"column":6},"end":{"line":28,"column":46}},"7":{"start":{"line":29,"column":6},"end":{"line":32,"column":9}}},"fnMap":{"0":{"name":"(anonymous_0)","decl":{"start":{"line":13,"column":15},"end":{"line":13,"column":16}},"loc":{"start":{"line":13,"column":38},"end":{"line":35,"column":1}},"line":13},"1":{"name":"(anonymous_1)","decl":{"start":{"line":20,"column":7},"end":{"line":20,"column":8}},"loc":{"start":{"line":20,"column":26},"end":{"line":34,"column":3}},"line":20}},"branchMap":{"0":{"loc":{"start":{"line":21,"column":4},"end":{"line":33,"column":5}},"type":"if","locations":[{"start":{"line":21,"column":4},"end":{"line":33,"column":5}},{"start":{"line":21,"column":4},"end":{"line":33,"column":5}}],"line":21}},"s":{"0":2,"1":2,"2":2,"3":1,"4":1,"5":1,"6":1,"7":1},"f":{"0":2,"1":2},"b":{"0":[1,1]},"_coverageSchema":"332fd63041d2c1bcb487cc26dd0d5f7d97098a6c","hash":"be5f202bfff30055dbe10ab1c901e614acf90a35"}
,"/Users/andeladeveloper/Desktop/postIt/post-it-app/client/src/data/postItActions/receiveRequestAction.js": {"path":"/Users/andeladeveloper/Desktop/postIt/post-it-app/client/src/data/postItActions/receiveRequestAction.js","statementMap":{"0":{"start":{"line":5,"column":2},"end":{"line":5,"column":48}},"1":{"start":{"line":6,"column":2},"end":{"line":9,"column":5}}},"fnMap":{"0":{"name":"(anonymous_0)","decl":{"start":{"line":4,"column":15},"end":{"line":4,"column":16}},"loc":{"start":{"line":4,"column":32},"end":{"line":10,"column":1}},"line":4}},"branchMap":{},"s":{"0":0,"1":0},"f":{"0":0},"b":{},"_coverageSchema":"332fd63041d2c1bcb487cc26dd0d5f7d97098a6c","hash":"15e48a3d5691469ab00550e74db2fe9d1544d0c4"}
,"/Users/andeladeveloper/Desktop/postIt/post-it-app/client/src/data/postItActions/registerUserAction.js": {"path":"/Users/andeladeveloper/Desktop/postIt/post-it-app/client/src/data/postItActions/registerUserAction.js","statementMap":{"0":{"start":{"line":15,"column":2},"end":{"line":31,"column":7}},"1":{"start":{"line":19,"column":6},"end":{"line":30,"column":7}},"2":{"start":{"line":20,"column":8},"end":{"line":23,"column":11}},"3":{"start":{"line":25,"column":25},"end":{"line":25,"column":45}},"4":{"start":{"line":26,"column":8},"end":{"line":29,"column":11}}},"fnMap":{"0":{"name":"(anonymous_0)","decl":{"start":{"line":13,"column":15},"end":{"line":13,"column":16}},"loc":{"start":{"line":13,"column":35},"end":{"line":32,"column":1}},"line":13},"1":{"name":"(anonymous_1)","decl":{"start":{"line":18,"column":9},"end":{"line":18,"column":10}},"loc":{"start":{"line":18,"column":28},"end":{"line":31,"column":5}},"line":18}},"branchMap":{"0":{"loc":{"start":{"line":19,"column":6},"end":{"line":30,"column":7}},"type":"if","locations":[{"start":{"line":19,"column":6},"end":{"line":30,"column":7}},{"start":{"line":19,"column":6},"end":{"line":30,"column":7}}],"line":19}},"s":{"0":2,"1":2,"2":1,"3":1,"4":1},"f":{"0":2,"1":2},"b":{"0":[1,1]},"_coverageSchema":"332fd63041d2c1bcb487cc26dd0d5f7d97098a6c","hash":"940e52e6879ee038707a385036294775fbf7e90c"}
,"/Users/andeladeveloper/Desktop/postIt/post-it-app/client/src/data/postItActions/resetPasswordAction.js": {"path":"/Users/andeladeveloper/Desktop/postIt/post-it-app/client/src/data/postItActions/resetPasswordAction.js","statementMap":{"0":{"start":{"line":14,"column":2},"end":{"line":14,"column":46}},"1":{"start":{"line":15,"column":2},"end":{"line":31,"column":5}},"2":{"start":{"line":19,"column":4},"end":{"line":19,"column":46}},"3":{"start":{"line":20,"column":4},"end":{"line":30,"column":5}},"4":{"start":{"line":21,"column":6},"end":{"line":21,"column":25}},"5":{"start":{"line":22,"column":6},"end":{"line":24,"column":9}},"6":{"start":{"line":26,"column":6},"end":{"line":26,"column":26}},"7":{"start":{"line":27,"column":6},"end":{"line":29,"column":9}}},"fnMap":{"0":{"name":"ResetPassword","decl":{"start":{"line":13,"column":24},"end":{"line":13,"column":37}},"loc":{"start":{"line":13,"column":45},"end":{"line":32,"column":1}},"line":13},"1":{"name":"(anonymous_1)","decl":{"start":{"line":18,"column":7},"end":{"line":18,"column":8}},"loc":{"start":{"line":18,"column":26},"end":{"line":31,"column":3}},"line":18}},"branchMap":{"0":{"loc":{"start":{"line":20,"column":4},"end":{"line":30,"column":5}},"type":"if","locations":[{"start":{"line":20,"column":4},"end":{"line":30,"column":5}},{"start":{"line":20,"column":4},"end":{"line":30,"column":5}}],"line":20}},"s":{"0":2,"1":2,"2":2,"3":2,"4":1,"5":1,"6":1,"7":1},"f":{"0":2,"1":2},"b":{"0":[1,1]},"_coverageSchema":"332fd63041d2c1bcb487cc26dd0d5f7d97098a6c","hash":"25173285c4c4877c8ec48dd6b387d6d6970ede47"}
,"/Users/andeladeveloper/Desktop/postIt/post-it-app/client/src/data/postItActions/sendMessageAction.js": {"path":"/Users/andeladeveloper/Desktop/postIt/post-it-app/client/src/data/postItActions/sendMessageAction.js","statementMap":{"0":{"start":{"line":12,"column":2},"end":{"line":12,"column":45}},"1":{"start":{"line":13,"column":2},"end":{"line":33,"column":7}},"2":{"start":{"line":17,"column":6},"end":{"line":32,"column":7}},"3":{"start":{"line":18,"column":8},"end":{"line":18,"column":27}},"4":{"start":{"line":19,"column":8},"end":{"line":21,"column":11}},"5":{"start":{"line":23,"column":27},"end":{"line":23,"column":49}},"6":{"start":{"line":24,"column":24},"end":{"line":24,"column":38}},"7":{"start":{"line":25,"column":8},"end":{"line":30,"column":11}},"8":{"start":{"line":31,"column":8},"end":{"line":31,"column":28}}},"fnMap":{"0":{"name":"(anonymous_0)","decl":{"start":{"line":11,"column":15},"end":{"line":11,"column":16}},"loc":{"start":{"line":11,"column":35},"end":{"line":34,"column":1}},"line":11},"1":{"name":"(anonymous_1)","decl":{"start":{"line":16,"column":9},"end":{"line":16,"column":10}},"loc":{"start":{"line":16,"column":28},"end":{"line":33,"column":5}},"line":16}},"branchMap":{"0":{"loc":{"start":{"line":17,"column":6},"end":{"line":32,"column":7}},"type":"if","locations":[{"start":{"line":17,"column":6},"end":{"line":32,"column":7}},{"start":{"line":17,"column":6},"end":{"line":32,"column":7}}],"line":17}},"s":{"0":2,"1":2,"2":2,"3":1,"4":1,"5":1,"6":1,"7":1,"8":1},"f":{"0":2,"1":2},"b":{"0":[1,1]},"_coverageSchema":"332fd63041d2c1bcb487cc26dd0d5f7d97098a6c","hash":"612db0b50381f86972e7cc1298f292f21d09a9ef"}
,"/Users/andeladeveloper/Desktop/postIt/post-it-app/client/src/data/postItActions/signOutAction.js": {"path":"/Users/andeladeveloper/Desktop/postIt/post-it-app/client/src/data/postItActions/signOutAction.js","statementMap":{"0":{"start":{"line":7,"column":2},"end":{"line":19,"column":5}},"1":{"start":{"line":10,"column":4},"end":{"line":18,"column":5}},"2":{"start":{"line":11,"column":6},"end":{"line":13,"column":9}},"3":{"start":{"line":15,"column":6},"end":{"line":17,"column":9}}},"fnMap":{"0":{"name":"(anonymous_0)","decl":{"start":{"line":6,"column":15},"end":{"line":6,"column":16}},"loc":{"start":{"line":6,"column":21},"end":{"line":20,"column":1}},"line":6},"1":{"name":"(anonymous_1)","decl":{"start":{"line":9,"column":7},"end":{"line":9,"column":8}},"loc":{"start":{"line":9,"column":26},"end":{"line":19,"column":3}},"line":9}},"branchMap":{"0":{"loc":{"start":{"line":10,"column":4},"end":{"line":18,"column":5}},"type":"if","locations":[{"start":{"line":10,"column":4},"end":{"line":18,"column":5}},{"start":{"line":10,"column":4},"end":{"line":18,"column":5}}],"line":10}},"s":{"0":2,"1":2,"2":1,"3":1},"f":{"0":2,"1":2},"b":{"0":[1,1]},"_coverageSchema":"332fd63041d2c1bcb487cc26dd0d5f7d97098a6c","hash":"d9385bdf525b3613506b905fb9c3665660dd08cf"}
,"/Users/andeladeveloper/Desktop/postIt/post-it-app/client/src/data/postItActions/userSignInAction.js": {"path":"/Users/andeladeveloper/Desktop/postIt/post-it-app/client/src/data/postItActions/userSignInAction.js","statementMap":{"0":{"start":{"line":14,"column":2},"end":{"line":14,"column":46}},"1":{"start":{"line":15,"column":2},"end":{"line":32,"column":5}},"2":{"start":{"line":19,"column":4},"end":{"line":19,"column":46}},"3":{"start":{"line":20,"column":4},"end":{"line":31,"column":5}},"4":{"start":{"line":21,"column":6},"end":{"line":24,"column":9}},"5":{"start":{"line":26,"column":23},"end":{"line":26,"column":43}},"6":{"start":{"line":27,"column":6},"end":{"line":30,"column":9}}},"fnMap":{"0":{"name":"SignInAction","decl":{"start":{"line":13,"column":24},"end":{"line":13,"column":36}},"loc":{"start":{"line":13,"column":50},"end":{"line":33,"column":1}},"line":13},"1":{"name":"(anonymous_1)","decl":{"start":{"line":18,"column":7},"end":{"line":18,"column":8}},"loc":{"start":{"line":18,"column":26},"end":{"line":32,"column":3}},"line":18}},"branchMap":{"0":{"loc":{"start":{"line":20,"column":4},"end":{"line":31,"column":5}},"type":"if","locations":[{"start":{"line":20,"column":4},"end":{"line":31,"column":5}},{"start":{"line":20,"column":4},"end":{"line":31,"column":5}}],"line":20}},"s":{"0":2,"1":2,"2":2,"3":2,"4":1,"5":1,"6":1},"f":{"0":2,"1":2},"b":{"0":[1,1]},"_coverageSchema":"332fd63041d2c1bcb487cc26dd0d5f7d97098a6c","hash":"a91b3158dd7a08a60dd08566f0f7f39b225cae7a"}
,"/Users/andeladeveloper/Desktop/postIt/post-it-app/client/src/data/postItStores/PostItAllUsersStore.js": {"path":"/Users/andeladeveloper/Desktop/postIt/post-it-app/client/src/data/postItStores/PostItAllUsersStore.js","statementMap":{"0":{"start":{"line":7,"column":21},"end":{"line":7,"column":29}},"1":{"start":{"line":9,"column":12},"end":{"line":9,"column":26}},"2":{"start":{"line":12,"column":20},"end":{"line":15,"column":1}},"3":{"start":{"line":14,"column":2},"end":{"line":14,"column":35}},"4":{"start":{"line":30,"column":4},"end":{"line":30,"column":42}},"5":{"start":{"line":41,"column":4},"end":{"line":41,"column":54}},"6":{"start":{"line":51,"column":4},"end":{"line":51,"column":34}},"7":{"start":{"line":52,"column":4},"end":{"line":52,"column":31}},"8":{"start":{"line":53,"column":4},"end":{"line":53,"column":36}},"9":{"start":{"line":54,"column":4},"end":{"line":54,"column":30}},"10":{"start":{"line":58,"column":21},"end":{"line":58,"column":45}},"11":{"start":{"line":60,"column":0},"end":{"line":114,"column":3}},"12":{"start":{"line":61,"column":17},"end":{"line":61,"column":31}},"13":{"start":{"line":63,"column":2},"end":{"line":113,"column":3}},"14":{"start":{"line":66,"column":4},"end":{"line":66,"column":24}},"15":{"start":{"line":67,"column":4},"end":{"line":67,"column":10}},"16":{"start":{"line":71,"column":20},"end":{"line":71,"column":29}},"17":{"start":{"line":72,"column":21},"end":{"line":72,"column":33}},"18":{"start":{"line":74,"column":24},"end":{"line":74,"column":42}},"19":{"start":{"line":75,"column":4},"end":{"line":84,"column":5}},"20":{"start":{"line":76,"column":6},"end":{"line":76,"column":61}},"21":{"start":{"line":77,"column":25},"end":{"line":77,"column":34}},"22":{"start":{"line":78,"column":6},"end":{"line":78,"column":45}},"23":{"start":{"line":79,"column":6},"end":{"line":79,"column":30}},"24":{"start":{"line":81,"column":25},"end":{"line":81,"column":34}},"25":{"start":{"line":82,"column":6},"end":{"line":82,"column":54}},"26":{"start":{"line":83,"column":6},"end":{"line":83,"column":30}},"27":{"start":{"line":86,"column":4},"end":{"line":86,"column":31}},"28":{"start":{"line":87,"column":4},"end":{"line":87,"column":10}},"29":{"start":{"line":91,"column":4},"end":{"line":91,"column":46}},"30":{"start":{"line":92,"column":19},"end":{"line":92,"column":28}},"31":{"start":{"line":93,"column":20},"end":{"line":93,"column":34}},"32":{"start":{"line":95,"column":4},"end":{"line":95,"column":68}},"33":{"start":{"line":96,"column":24},"end":{"line":96,"column":42}},"34":{"start":{"line":97,"column":4},"end":{"line":105,"column":5}},"35":{"start":{"line":99,"column":6},"end":{"line":99,"column":51}},"36":{"start":{"line":101,"column":34},"end":{"line":101,"column":43}},"37":{"start":{"line":102,"column":6},"end":{"line":102,"column":54}},"38":{"start":{"line":103,"column":6},"end":{"line":103,"column":39}},"39":{"start":{"line":104,"column":6},"end":{"line":104,"column":33}},"40":{"start":{"line":107,"column":4},"end":{"line":107,"column":10}},"41":{"start":{"line":111,"column":4},"end":{"line":111,"column":16}},"42":{"start":{"line":116,"column":0},"end":{"line":116,"column":30}}},"fnMap":{"0":{"name":"(anonymous_0)","decl":{"start":{"line":12,"column":20},"end":{"line":12,"column":21}},"loc":{"start":{"line":12,"column":37},"end":{"line":15,"column":1}},"line":12},"1":{"name":"(anonymous_1)","decl":{"start":{"line":29,"column":2},"end":{"line":29,"column":3}},"loc":{"start":{"line":29,"column":50},"end":{"line":31,"column":3}},"line":29},"2":{"name":"(anonymous_2)","decl":{"start":{"line":40,"column":2},"end":{"line":40,"column":3}},"loc":{"start":{"line":40,"column":53},"end":{"line":42,"column":3}},"line":40},"3":{"name":"(anonymous_3)","decl":{"start":{"line":50,"column":2},"end":{"line":50,"column":3}},"loc":{"start":{"line":50,"column":20},"end":{"line":55,"column":3}},"line":50},"4":{"name":"(anonymous_4)","decl":{"start":{"line":60,"column":26},"end":{"line":60,"column":27}},"loc":{"start":{"line":60,"column":39},"end":{"line":114,"column":1}},"line":60}},"branchMap":{"0":{"loc":{"start":{"line":63,"column":2},"end":{"line":113,"column":3}},"type":"switch","locations":[{"start":{"line":64,"column":2},"end":{"line":68,"column":3}},{"start":{"line":70,"column":2},"end":{"line":88,"column":3}},{"start":{"line":90,"column":2},"end":{"line":108,"column":3}},{"start":{"line":110,"column":2},"end":{"line":112,"column":3}}],"line":63},"1":{"loc":{"start":{"line":75,"column":4},"end":{"line":84,"column":5}},"type":"if","locations":[{"start":{"line":75,"column":4},"end":{"line":84,"column":5}},{"start":{"line":75,"column":4},"end":{"line":84,"column":5}}],"line":75},"2":{"loc":{"start":{"line":97,"column":4},"end":{"line":105,"column":5}},"type":"if","locations":[{"start":{"line":97,"column":4},"end":{"line":105,"column":5}},{"start":{"line":97,"column":4},"end":{"line":105,"column":5}}],"line":97}},"s":{"0":10,"1":10,"2":10,"3":1,"4":1,"5":1,"6":2,"7":2,"8":2,"9":2,"10":10,"11":10,"12":11,"13":11,"14":1,"15":1,"16":1,"17":1,"18":1,"19":1,"20":0,"21":0,"22":0,"23":0,"24":1,"25":1,"26":1,"27":1,"28":1,"29":0,"30":0,"31":0,"32":0,"33":0,"34":0,"35":0,"36":0,"37":0,"38":0,"39":0,"40":0,"41":9,"42":10},"f":{"0":1,"1":1,"2":1,"3":2,"4":11},"b":{"0":[1,1,0,9],"1":[0,1],"2":[0,0]},"_coverageSchema":"332fd63041d2c1bcb487cc26dd0d5f7d97098a6c","hash":"5b6d31b05f70ed5be0e0d1328bcc447cc26173cb"}
,"/Users/andeladeveloper/Desktop/postIt/post-it-app/client/src/data/postItStores/PostItErrorStore.js": {"path":"/Users/andeladeveloper/Desktop/postIt/post-it-app/client/src/data/postItStores/PostItErrorStore.js","statementMap":{"0":{"start":{"line":5,"column":21},"end":{"line":5,"column":29}},"1":{"start":{"line":22,"column":4},"end":{"line":22,"column":36}},"2":{"start":{"line":32,"column":4},"end":{"line":32,"column":48}},"3":{"start":{"line":40,"column":4},"end":{"line":40,"column":22}},"4":{"start":{"line":48,"column":4},"end":{"line":48,"column":25}},"5":{"start":{"line":52,"column":19},"end":{"line":52,"column":41}},"6":{"start":{"line":54,"column":0},"end":{"line":76,"column":3}},"7":{"start":{"line":55,"column":17},"end":{"line":55,"column":31}},"8":{"start":{"line":57,"column":2},"end":{"line":75,"column":3}},"9":{"start":{"line":59,"column":4},"end":{"line":59,"column":37}},"10":{"start":{"line":60,"column":4},"end":{"line":60,"column":30}},"11":{"start":{"line":61,"column":4},"end":{"line":61,"column":34}},"12":{"start":{"line":62,"column":4},"end":{"line":62,"column":10}},"13":{"start":{"line":66,"column":4},"end":{"line":66,"column":40}},"14":{"start":{"line":67,"column":4},"end":{"line":67,"column":27}},"15":{"start":{"line":68,"column":4},"end":{"line":68,"column":34}},"16":{"start":{"line":69,"column":4},"end":{"line":69,"column":10}},"17":{"start":{"line":73,"column":4},"end":{"line":73,"column":16}},"18":{"start":{"line":78,"column":0},"end":{"line":78,"column":28}}},"fnMap":{"0":{"name":"(anonymous_0)","decl":{"start":{"line":21,"column":2},"end":{"line":21,"column":3}},"loc":{"start":{"line":21,"column":30},"end":{"line":23,"column":3}},"line":21},"1":{"name":"(anonymous_1)","decl":{"start":{"line":31,"column":2},"end":{"line":31,"column":3}},"loc":{"start":{"line":31,"column":33},"end":{"line":33,"column":3}},"line":31},"2":{"name":"(anonymous_2)","decl":{"start":{"line":39,"column":2},"end":{"line":39,"column":3}},"loc":{"start":{"line":39,"column":18},"end":{"line":41,"column":3}},"line":39},"3":{"name":"(anonymous_3)","decl":{"start":{"line":47,"column":2},"end":{"line":47,"column":3}},"loc":{"start":{"line":47,"column":21},"end":{"line":49,"column":3}},"line":47},"4":{"name":"(anonymous_4)","decl":{"start":{"line":54,"column":26},"end":{"line":54,"column":27}},"loc":{"start":{"line":54,"column":39},"end":{"line":76,"column":1}},"line":54}},"branchMap":{"0":{"loc":{"start":{"line":57,"column":2},"end":{"line":75,"column":3}},"type":"switch","locations":[{"start":{"line":58,"column":2},"end":{"line":63,"column":3}},{"start":{"line":65,"column":2},"end":{"line":70,"column":3}},{"start":{"line":72,"column":2},"end":{"line":74,"column":3}}],"line":57}},"s":{"0":12,"1":20,"2":1,"3":1,"4":1,"5":12,"6":12,"7":4,"8":4,"9":2,"10":2,"11":2,"12":2,"13":2,"14":2,"15":2,"16":2,"17":0,"18":12},"f":{"0":20,"1":1,"2":1,"3":1,"4":4},"b":{"0":[2,2,0]},"_coverageSchema":"332fd63041d2c1bcb487cc26dd0d5f7d97098a6c","hash":"8a7f93da77af304eba1336d6734518e0725aea5c"}
,"/Users/andeladeveloper/Desktop/postIt/post-it-app/client/src/data/postItStores/PostItGroupRequestStore.js": {"path":"/Users/andeladeveloper/Desktop/postIt/post-it-app/client/src/data/postItStores/PostItGroupRequestStore.js","statementMap":{"0":{"start":{"line":6,"column":21},"end":{"line":6,"column":36}},"1":{"start":{"line":8,"column":15},"end":{"line":8,"column":32}},"2":{"start":{"line":10,"column":23},"end":{"line":12,"column":1}},"3":{"start":{"line":11,"column":2},"end":{"line":11,"column":44}},"4":{"start":{"line":27,"column":4},"end":{"line":27,"column":36}},"5":{"start":{"line":37,"column":4},"end":{"line":37,"column":48}},"6":{"start":{"line":45,"column":4},"end":{"line":45,"column":26}},"7":{"start":{"line":46,"column":4},"end":{"line":46,"column":20}},"8":{"start":{"line":50,"column":21},"end":{"line":50,"column":45}},"9":{"start":{"line":52,"column":0},"end":{"line":79,"column":3}},"10":{"start":{"line":53,"column":17},"end":{"line":53,"column":31}},"11":{"start":{"line":55,"column":2},"end":{"line":78,"column":3}},"12":{"start":{"line":57,"column":4},"end":{"line":57,"column":56}},"13":{"start":{"line":58,"column":4},"end":{"line":58,"column":33}},"14":{"start":{"line":59,"column":24},"end":{"line":59,"column":48}},"15":{"start":{"line":60,"column":4},"end":{"line":60,"column":32}},"16":{"start":{"line":61,"column":4},"end":{"line":61,"column":29}},"17":{"start":{"line":62,"column":4},"end":{"line":62,"column":36}},"18":{"start":{"line":63,"column":4},"end":{"line":63,"column":10}},"19":{"start":{"line":67,"column":4},"end":{"line":67,"column":49}},"20":{"start":{"line":68,"column":20},"end":{"line":68,"column":29}},"21":{"start":{"line":69,"column":4},"end":{"line":69,"column":56}},"22":{"start":{"line":70,"column":4},"end":{"line":70,"column":40}},"23":{"start":{"line":71,"column":4},"end":{"line":71,"column":55}},"24":{"start":{"line":72,"column":4},"end":{"line":72,"column":36}},"25":{"start":{"line":73,"column":4},"end":{"line":73,"column":10}},"26":{"start":{"line":76,"column":4},"end":{"line":76,"column":16}},"27":{"start":{"line":80,"column":0},"end":{"line":80,"column":30}}},"fnMap":{"0":{"name":"(anonymous_0)","decl":{"start":{"line":10,"column":23},"end":{"line":10,"column":24}},"loc":{"start":{"line":10,"column":43},"end":{"line":12,"column":1}},"line":10},"1":{"name":"(anonymous_1)","decl":{"start":{"line":26,"column":2},"end":{"line":26,"column":3}},"loc":{"start":{"line":26,"column":30},"end":{"line":28,"column":3}},"line":26},"2":{"name":"(anonymous_2)","decl":{"start":{"line":36,"column":2},"end":{"line":36,"column":3}},"loc":{"start":{"line":36,"column":33},"end":{"line":38,"column":3}},"line":36},"3":{"name":"(anonymous_3)","decl":{"start":{"line":44,"column":2},"end":{"line":44,"column":3}},"loc":{"start":{"line":44,"column":16},"end":{"line":47,"column":3}},"line":44},"4":{"name":"(anonymous_4)","decl":{"start":{"line":52,"column":26},"end":{"line":52,"column":27}},"loc":{"start":{"line":52,"column":39},"end":{"line":79,"column":1}},"line":52}},"branchMap":{"0":{"loc":{"start":{"line":55,"column":2},"end":{"line":78,"column":3}},"type":"switch","locations":[{"start":{"line":56,"column":2},"end":{"line":64,"column":3}},{"start":{"line":66,"column":2},"end":{"line":74,"column":3}},{"start":{"line":75,"column":2},"end":{"line":77,"column":3}}],"line":55}},"s":{"0":5,"1":5,"2":5,"3":0,"4":5,"5":1,"6":5,"7":5,"8":5,"9":5,"10":5,"11":5,"12":0,"13":0,"14":0,"15":0,"16":0,"17":0,"18":0,"19":0,"20":0,"21":0,"22":0,"23":0,"24":0,"25":0,"26":5,"27":5},"f":{"0":0,"1":5,"2":1,"3":5,"4":5},"b":{"0":[0,0,5]},"_coverageSchema":"332fd63041d2c1bcb487cc26dd0d5f7d97098a6c","hash":"6b8d2a5c64ea899f709d675a96408143b3caa60c"}
,"/Users/andeladeveloper/Desktop/postIt/post-it-app/client/src/data/postItStores/PostItGroupStore.js": {"path":"/Users/andeladeveloper/Desktop/postIt/post-it-app/client/src/data/postItStores/PostItGroupStore.js","statementMap":{"0":{"start":{"line":7,"column":21},"end":{"line":7,"column":29}},"1":{"start":{"line":10,"column":13},"end":{"line":10,"column":28}},"2":{"start":{"line":13,"column":21},"end":{"line":16,"column":1}},"3":{"start":{"line":14,"column":2},"end":{"line":14,"column":28}},"4":{"start":{"line":15,"column":2},"end":{"line":15,"column":38}},"5":{"start":{"line":31,"column":4},"end":{"line":31,"column":36}},"6":{"start":{"line":41,"column":4},"end":{"line":41,"column":48}},"7":{"start":{"line":50,"column":4},"end":{"line":50,"column":35}},"8":{"start":{"line":51,"column":4},"end":{"line":51,"column":31}},"9":{"start":{"line":52,"column":4},"end":{"line":52,"column":24}},"10":{"start":{"line":53,"column":4},"end":{"line":53,"column":18}},"11":{"start":{"line":63,"column":4},"end":{"line":63,"column":31}},"12":{"start":{"line":67,"column":19},"end":{"line":67,"column":41}},"13":{"start":{"line":69,"column":0},"end":{"line":99,"column":3}},"14":{"start":{"line":70,"column":17},"end":{"line":70,"column":31}},"15":{"start":{"line":71,"column":17},"end":{"line":71,"column":31}},"16":{"start":{"line":73,"column":2},"end":{"line":98,"column":3}},"17":{"start":{"line":75,"column":4},"end":{"line":78,"column":5}},"18":{"start":{"line":77,"column":6},"end":{"line":77,"column":18}},"19":{"start":{"line":79,"column":4},"end":{"line":79,"column":10}},"20":{"start":{"line":83,"column":4},"end":{"line":83,"column":34}},"21":{"start":{"line":84,"column":4},"end":{"line":84,"column":10}},"22":{"start":{"line":88,"column":4},"end":{"line":88,"column":50}},"23":{"start":{"line":89,"column":4},"end":{"line":89,"column":35}},"24":{"start":{"line":90,"column":21},"end":{"line":90,"column":47}},"25":{"start":{"line":91,"column":4},"end":{"line":91,"column":27}},"26":{"start":{"line":92,"column":4},"end":{"line":92,"column":34}},"27":{"start":{"line":93,"column":4},"end":{"line":93,"column":10}},"28":{"start":{"line":96,"column":4},"end":{"line":96,"column":16}},"29":{"start":{"line":101,"column":0},"end":{"line":101,"column":28}}},"fnMap":{"0":{"name":"(anonymous_0)","decl":{"start":{"line":13,"column":21},"end":{"line":13,"column":22}},"loc":{"start":{"line":13,"column":39},"end":{"line":16,"column":1}},"line":13},"1":{"name":"(anonymous_1)","decl":{"start":{"line":30,"column":2},"end":{"line":30,"column":3}},"loc":{"start":{"line":30,"column":30},"end":{"line":32,"column":3}},"line":30},"2":{"name":"(anonymous_2)","decl":{"start":{"line":40,"column":2},"end":{"line":40,"column":3}},"loc":{"start":{"line":40,"column":33},"end":{"line":42,"column":3}},"line":40},"3":{"name":"(anonymous_3)","decl":{"start":{"line":49,"column":2},"end":{"line":49,"column":3}},"loc":{"start":{"line":49,"column":14},"end":{"line":54,"column":3}},"line":49},"4":{"name":"(anonymous_4)","decl":{"start":{"line":62,"column":2},"end":{"line":62,"column":3}},"loc":{"start":{"line":62,"column":20},"end":{"line":64,"column":3}},"line":62},"5":{"name":"(anonymous_5)","decl":{"start":{"line":69,"column":26},"end":{"line":69,"column":27}},"loc":{"start":{"line":69,"column":39},"end":{"line":99,"column":1}},"line":69}},"branchMap":{"0":{"loc":{"start":{"line":73,"column":2},"end":{"line":98,"column":3}},"type":"switch","locations":[{"start":{"line":74,"column":2},"end":{"line":80,"column":3}},{"start":{"line":81,"column":2},"end":{"line":85,"column":3}},{"start":{"line":86,"column":2},"end":{"line":94,"column":3}},{"start":{"line":95,"column":2},"end":{"line":97,"column":3}}],"line":73},"1":{"loc":{"start":{"line":75,"column":4},"end":{"line":78,"column":5}},"type":"if","locations":[{"start":{"line":75,"column":4},"end":{"line":78,"column":5}},{"start":{"line":75,"column":4},"end":{"line":78,"column":5}}],"line":75}},"s":{"0":9,"1":9,"2":9,"3":1,"4":1,"5":5,"6":1,"7":7,"8":7,"9":7,"10":7,"11":0,"12":9,"13":9,"14":8,"15":8,"16":8,"17":1,"18":1,"19":1,"20":1,"21":1,"22":1,"23":1,"24":1,"25":1,"26":1,"27":1,"28":5,"29":9},"f":{"0":1,"1":5,"2":1,"3":7,"4":0,"5":8},"b":{"0":[1,1,1,5],"1":[1,0]},"_coverageSchema":"332fd63041d2c1bcb487cc26dd0d5f7d97098a6c","hash":"7be0a0137904f27f4d2499f828dfc72b0a06f8b8"}
,"/Users/andeladeveloper/Desktop/postIt/post-it-app/client/src/data/postItStores/PostItMessageStore.js": {"path":"/Users/andeladeveloper/Desktop/postIt/post-it-app/client/src/data/postItStores/PostItMessageStore.js","statementMap":{"0":{"start":{"line":6,"column":21},"end":{"line":6,"column":29}},"1":{"start":{"line":9,"column":15},"end":{"line":9,"column":32}},"2":{"start":{"line":11,"column":24},"end":{"line":11,"column":33}},"3":{"start":{"line":15,"column":27},"end":{"line":19,"column":1}},"4":{"start":{"line":18,"column":2},"end":{"line":18,"column":45}},"5":{"start":{"line":35,"column":4},"end":{"line":35,"column":39}},"6":{"start":{"line":46,"column":4},"end":{"line":46,"column":51}},"7":{"start":{"line":54,"column":4},"end":{"line":54,"column":36}},"8":{"start":{"line":62,"column":4},"end":{"line":62,"column":48}},"9":{"start":{"line":72,"column":4},"end":{"line":72,"column":28}},"10":{"start":{"line":80,"column":4},"end":{"line":83,"column":6}},"11":{"start":{"line":87,"column":21},"end":{"line":87,"column":45}},"12":{"start":{"line":89,"column":0},"end":{"line":136,"column":3}},"13":{"start":{"line":90,"column":17},"end":{"line":90,"column":31}},"14":{"start":{"line":92,"column":2},"end":{"line":135,"column":3}},"15":{"start":{"line":95,"column":20},"end":{"line":95,"column":29}},"16":{"start":{"line":96,"column":28},"end":{"line":96,"column":43}},"17":{"start":{"line":97,"column":19},"end":{"line":97,"column":32}},"18":{"start":{"line":99,"column":4},"end":{"line":99,"column":36}},"19":{"start":{"line":100,"column":4},"end":{"line":103,"column":5}},"20":{"start":{"line":101,"column":6},"end":{"line":101,"column":41}},"21":{"start":{"line":102,"column":6},"end":{"line":102,"column":38}},"22":{"start":{"line":105,"column":24},"end":{"line":105,"column":45}},"23":{"start":{"line":107,"column":4},"end":{"line":117,"column":5}},"24":{"start":{"line":109,"column":6},"end":{"line":109,"column":55}},"25":{"start":{"line":110,"column":28},"end":{"line":110,"column":37}},"26":{"start":{"line":111,"column":6},"end":{"line":111,"column":48}},"27":{"start":{"line":112,"column":6},"end":{"line":112,"column":40}},"28":{"start":{"line":114,"column":25},"end":{"line":114,"column":34}},"29":{"start":{"line":115,"column":6},"end":{"line":115,"column":64}},"30":{"start":{"line":116,"column":6},"end":{"line":116,"column":37}},"31":{"start":{"line":119,"column":4},"end":{"line":119,"column":31}},"32":{"start":{"line":120,"column":4},"end":{"line":120,"column":10}},"33":{"start":{"line":124,"column":15},"end":{"line":124,"column":24}},"34":{"start":{"line":126,"column":4},"end":{"line":126,"column":31}},"35":{"start":{"line":127,"column":4},"end":{"line":127,"column":35}},"36":{"start":{"line":128,"column":4},"end":{"line":128,"column":36}},"37":{"start":{"line":129,"column":4},"end":{"line":129,"column":10}},"38":{"start":{"line":133,"column":4},"end":{"line":133,"column":16}},"39":{"start":{"line":138,"column":0},"end":{"line":138,"column":30}}},"fnMap":{"0":{"name":"(anonymous_0)","decl":{"start":{"line":15,"column":27},"end":{"line":15,"column":28}},"loc":{"start":{"line":15,"column":48},"end":{"line":19,"column":1}},"line":15},"1":{"name":"(anonymous_1)","decl":{"start":{"line":34,"column":2},"end":{"line":34,"column":3}},"loc":{"start":{"line":34,"column":47},"end":{"line":36,"column":3}},"line":34},"2":{"name":"(anonymous_2)","decl":{"start":{"line":45,"column":2},"end":{"line":45,"column":3}},"loc":{"start":{"line":45,"column":50},"end":{"line":47,"column":3}},"line":45},"3":{"name":"(anonymous_3)","decl":{"start":{"line":53,"column":2},"end":{"line":53,"column":3}},"loc":{"start":{"line":53,"column":42},"end":{"line":55,"column":3}},"line":53},"4":{"name":"(anonymous_4)","decl":{"start":{"line":61,"column":2},"end":{"line":61,"column":3}},"loc":{"start":{"line":61,"column":45},"end":{"line":63,"column":3}},"line":61},"5":{"name":"(anonymous_5)","decl":{"start":{"line":70,"column":2},"end":{"line":70,"column":3}},"loc":{"start":{"line":70,"column":17},"end":{"line":73,"column":3}},"line":70},"6":{"name":"(anonymous_6)","decl":{"start":{"line":79,"column":2},"end":{"line":79,"column":3}},"loc":{"start":{"line":79,"column":32},"end":{"line":84,"column":3}},"line":79},"7":{"name":"(anonymous_7)","decl":{"start":{"line":89,"column":26},"end":{"line":89,"column":27}},"loc":{"start":{"line":89,"column":39},"end":{"line":136,"column":1}},"line":89}},"branchMap":{"0":{"loc":{"start":{"line":92,"column":2},"end":{"line":135,"column":3}},"type":"switch","locations":[{"start":{"line":93,"column":2},"end":{"line":121,"column":3}},{"start":{"line":123,"column":2},"end":{"line":130,"column":3}},{"start":{"line":132,"column":2},"end":{"line":134,"column":3}}],"line":92},"1":{"loc":{"start":{"line":100,"column":4},"end":{"line":103,"column":5}},"type":"if","locations":[{"start":{"line":100,"column":4},"end":{"line":103,"column":5}},{"start":{"line":100,"column":4},"end":{"line":103,"column":5}}],"line":100},"2":{"loc":{"start":{"line":107,"column":4},"end":{"line":117,"column":5}},"type":"if","locations":[{"start":{"line":107,"column":4},"end":{"line":117,"column":5}},{"start":{"line":107,"column":4},"end":{"line":117,"column":5}}],"line":107}},"s":{"0":12,"1":12,"2":12,"3":12,"4":1,"5":1,"6":1,"7":6,"8":2,"9":1,"10":8,"11":12,"12":12,"13":11,"14":11,"15":1,"16":1,"17":1,"18":1,"19":1,"20":0,"21":0,"22":1,"23":1,"24":0,"25":0,"26":0,"27":0,"28":1,"29":1,"30":1,"31":1,"32":1,"33":1,"34":1,"35":1,"36":1,"37":1,"38":9,"39":12},"f":{"0":1,"1":1,"2":1,"3":6,"4":2,"5":1,"6":8,"7":11},"b":{"0":[1,1,9],"1":[0,1],"2":[0,1]},"_coverageSchema":"332fd63041d2c1bcb487cc26dd0d5f7d97098a6c","hash":"e0135a795c5a88a121f75cf501403ab7c796a5cc"}
,"/Users/andeladeveloper/Desktop/postIt/post-it-app/client/src/data/postItStores/PostItUserStore.js": {"path":"/Users/andeladeveloper/Desktop/postIt/post-it-app/client/src/data/postItStores/PostItUserStore.js","statementMap":{"0":{"start":{"line":6,"column":21},"end":{"line":6,"column":29}},"1":{"start":{"line":8,"column":22},"end":{"line":8,"column":51}},"2":{"start":{"line":10,"column":32},"end":{"line":10,"column":37}},"3":{"start":{"line":23,"column":4},"end":{"line":23,"column":36}},"4":{"start":{"line":33,"column":4},"end":{"line":33,"column":48}},"5":{"start":{"line":42,"column":4},"end":{"line":42,"column":31}},"6":{"start":{"line":43,"column":4},"end":{"line":43,"column":41}},"7":{"start":{"line":47,"column":4},"end":{"line":47,"column":37}},"8":{"start":{"line":51,"column":18},"end":{"line":51,"column":39}},"9":{"start":{"line":53,"column":0},"end":{"line":92,"column":3}},"10":{"start":{"line":54,"column":17},"end":{"line":54,"column":31}},"11":{"start":{"line":55,"column":17},"end":{"line":55,"column":31}},"12":{"start":{"line":57,"column":2},"end":{"line":57,"column":36}},"13":{"start":{"line":59,"column":2},"end":{"line":91,"column":3}},"14":{"start":{"line":61,"column":4},"end":{"line":70,"column":5}},"15":{"start":{"line":62,"column":19},"end":{"line":62,"column":30}},"16":{"start":{"line":63,"column":26},"end":{"line":63,"column":42}},"17":{"start":{"line":64,"column":20},"end":{"line":64,"column":52}},"18":{"start":{"line":65,"column":21},"end":{"line":65,"column":29}},"19":{"start":{"line":66,"column":6},"end":{"line":66,"column":43}},"20":{"start":{"line":67,"column":6},"end":{"line":67,"column":52}},"21":{"start":{"line":68,"column":6},"end":{"line":68,"column":45}},"22":{"start":{"line":69,"column":6},"end":{"line":69,"column":35}},"23":{"start":{"line":71,"column":4},"end":{"line":71,"column":10}},"24":{"start":{"line":75,"column":4},"end":{"line":75,"column":37}},"25":{"start":{"line":76,"column":4},"end":{"line":76,"column":33}},"26":{"start":{"line":77,"column":4},"end":{"line":77,"column":10}},"27":{"start":{"line":81,"column":4},"end":{"line":81,"column":37}},"28":{"start":{"line":82,"column":4},"end":{"line":82,"column":40}},"29":{"start":{"line":83,"column":4},"end":{"line":83,"column":33}},"30":{"start":{"line":85,"column":4},"end":{"line":85,"column":10}},"31":{"start":{"line":89,"column":4},"end":{"line":89,"column":16}},"32":{"start":{"line":94,"column":0},"end":{"line":94,"column":27}}},"fnMap":{"0":{"name":"(anonymous_0)","decl":{"start":{"line":22,"column":2},"end":{"line":22,"column":3}},"loc":{"start":{"line":22,"column":30},"end":{"line":24,"column":3}},"line":22},"1":{"name":"(anonymous_1)","decl":{"start":{"line":32,"column":2},"end":{"line":32,"column":3}},"loc":{"start":{"line":32,"column":33},"end":{"line":34,"column":3}},"line":32},"2":{"name":"(anonymous_2)","decl":{"start":{"line":41,"column":2},"end":{"line":41,"column":3}},"loc":{"start":{"line":41,"column":21},"end":{"line":44,"column":3}},"line":41},"3":{"name":"(anonymous_3)","decl":{"start":{"line":46,"column":2},"end":{"line":46,"column":3}},"loc":{"start":{"line":46,"column":33},"end":{"line":48,"column":3}},"line":46},"4":{"name":"(anonymous_4)","decl":{"start":{"line":53,"column":26},"end":{"line":53,"column":27}},"loc":{"start":{"line":53,"column":39},"end":{"line":92,"column":1}},"line":53}},"branchMap":{"0":{"loc":{"start":{"line":59,"column":2},"end":{"line":91,"column":3}},"type":"switch","locations":[{"start":{"line":60,"column":2},"end":{"line":72,"column":3}},{"start":{"line":74,"column":2},"end":{"line":78,"column":3}},{"start":{"line":80,"column":2},"end":{"line":86,"column":3}},{"start":{"line":88,"column":2},"end":{"line":90,"column":3}}],"line":59},"1":{"loc":{"start":{"line":61,"column":4},"end":{"line":70,"column":5}},"type":"if","locations":[{"start":{"line":61,"column":4},"end":{"line":70,"column":5}},{"start":{"line":61,"column":4},"end":{"line":70,"column":5}}],"line":61}},"s":{"0":6,"1":6,"2":6,"3":1,"4":1,"5":1,"6":1,"7":1,"8":6,"9":6,"10":2,"11":2,"12":2,"13":2,"14":1,"15":1,"16":1,"17":1,"18":1,"19":1,"20":1,"21":1,"22":1,"23":1,"24":1,"25":1,"26":1,"27":0,"28":0,"29":0,"30":0,"31":0,"32":6},"f":{"0":1,"1":1,"2":1,"3":1,"4":2},"b":{"0":[1,1,0,0],"1":[1,0]},"_coverageSchema":"332fd63041d2c1bcb487cc26dd0d5f7d97098a6c","hash":"3d6ac9dc9d4c0b8cb643f267d6815bd47c4b4499"}
,"/Users/andeladeveloper/Desktop/postIt/post-it-app/client/src/utility/bulkMessageRequest.js": {"path":"/Users/andeladeveloper/Desktop/postIt/post-it-app/client/src/utility/bulkMessageRequest.js","statementMap":{"0":{"start":{"line":5,"column":2},"end":{"line":5,"column":50}},"1":{"start":{"line":6,"column":2},"end":{"line":10,"column":5}},"2":{"start":{"line":7,"column":4},"end":{"line":9,"column":6}}},"fnMap":{"0":{"name":"(anonymous_0)","decl":{"start":{"line":4,"column":15},"end":{"line":4,"column":16}},"loc":{"start":{"line":4,"column":27},"end":{"line":16,"column":1}},"line":4},"1":{"name":"(anonymous_1)","decl":{"start":{"line":6,"column":28},"end":{"line":6,"column":29}},"loc":{"start":{"line":7,"column":4},"end":{"line":9,"column":6}},"line":7}},"branchMap":{},"s":{"0":1,"1":1,"2":3},"f":{"0":1,"1":3},"b":{},"_coverageSchema":"332fd63041d2c1bcb487cc26dd0d5f7d97098a6c","hash":"60b9b28891775d5b2bb05e50b4688b6525f405a5"}
,"/Users/andeladeveloper/Desktop/postIt/post-it-app/client/src/utility/getReadStatus.js": {"path":"/Users/andeladeveloper/Desktop/postIt/post-it-app/client/src/utility/getReadStatus.js","statementMap":{"0":{"start":{"line":4,"column":2},"end":{"line":13,"column":3}},"1":{"start":{"line":5,"column":4},"end":{"line":7,"column":5}},"2":{"start":{"line":6,"column":6},"end":{"line":6,"column":18}},"3":{"start":{"line":12,"column":4},"end":{"line":12,"column":17}}},"fnMap":{"0":{"name":"(anonymous_0)","decl":{"start":{"line":3,"column":15},"end":{"line":3,"column":16}},"loc":{"start":{"line":3,"column":41},"end":{"line":14,"column":1}},"line":3}},"branchMap":{"0":{"loc":{"start":{"line":4,"column":2},"end":{"line":13,"column":3}},"type":"if","locations":[{"start":{"line":4,"column":2},"end":{"line":13,"column":3}},{"start":{"line":4,"column":2},"end":{"line":13,"column":3}}],"line":4},"1":{"loc":{"start":{"line":5,"column":4},"end":{"line":7,"column":5}},"type":"if","locations":[{"start":{"line":5,"column":4},"end":{"line":7,"column":5}},{"start":{"line":5,"column":4},"end":{"line":7,"column":5}}],"line":5}},"s":{"0":3,"1":2,"2":1,"3":1},"f":{"0":3},"b":{"0":[2,1],"1":[1,1]},"_coverageSchema":"332fd63041d2c1bcb487cc26dd0d5f7d97098a6c","hash":"a0474d35e6e52748dea7b8cb3b4bcc90f958427d"}
,"/Users/andeladeveloper/Desktop/postIt/post-it-app/client/src/utility/getSenderInitials.js": {"path":"/Users/andeladeveloper/Desktop/postIt/post-it-app/client/src/utility/getSenderInitials.js","statementMap":{"0":{"start":{"line":3,"column":17},"end":{"line":3,"column":19}},"1":{"start":{"line":4,"column":2},"end":{"line":10,"column":3}},"2":{"start":{"line":5,"column":18},"end":{"line":5,"column":35}},"3":{"start":{"line":7,"column":4},"end":{"line":9,"column":7}},"4":{"start":{"line":8,"column":6},"end":{"line":8,"column":33}},"5":{"start":{"line":12,"column":2},"end":{"line":12,"column":18}}},"fnMap":{"0":{"name":"(anonymous_0)","decl":{"start":{"line":2,"column":15},"end":{"line":2,"column":16}},"loc":{"start":{"line":2,"column":27},"end":{"line":13,"column":1}},"line":2},"1":{"name":"(anonymous_1)","decl":{"start":{"line":7,"column":18},"end":{"line":7,"column":19}},"loc":{"start":{"line":7,"column":28},"end":{"line":9,"column":5}},"line":7}},"branchMap":{"0":{"loc":{"start":{"line":4,"column":2},"end":{"line":10,"column":3}},"type":"if","locations":[{"start":{"line":4,"column":2},"end":{"line":10,"column":3}},{"start":{"line":4,"column":2},"end":{"line":10,"column":3}}],"line":4}},"s":{"0":3,"1":3,"2":2,"3":2,"4":3,"5":3},"f":{"0":3,"1":3},"b":{"0":[2,1]},"_coverageSchema":"332fd63041d2c1bcb487cc26dd0d5f7d97098a6c","hash":"89994cc7c1b173d5d72da9105245e7029a25aaf2"}
,"/Users/andeladeveloper/Desktop/postIt/post-it-app/client/src/views/App.jsx": {"path":"/Users/andeladeveloper/Desktop/postIt/post-it-app/client/src/views/App.jsx","statementMap":{"0":{"start":{"line":20,"column":4},"end":{"line":20,"column":12}},"1":{"start":{"line":21,"column":4},"end":{"line":26,"column":6}},"2":{"start":{"line":28,"column":4},"end":{"line":28,"column":45}},"3":{"start":{"line":29,"column":4},"end":{"line":29,"column":51}},"4":{"start":{"line":38,"column":4},"end":{"line":38,"column":47}},"5":{"start":{"line":47,"column":4},"end":{"line":47,"column":50}},"6":{"start":{"line":56,"column":25},"end":{"line":56,"column":30}},"7":{"start":{"line":57,"column":4},"end":{"line":59,"column":5}},"8":{"start":{"line":58,"column":6},"end":{"line":58,"column":28}},"9":{"start":{"line":60,"column":4},"end":{"line":64,"column":7}},"10":{"start":{"line":73,"column":4},"end":{"line":73,"column":27}},"11":{"start":{"line":74,"column":4},"end":{"line":76,"column":7}},"12":{"start":{"line":84,"column":4},"end":{"line":127,"column":6}},"13":{"start":{"line":90,"column":16},"end":{"line":92,"column":17}},"14":{"start":{"line":91,"column":18},"end":{"line":91,"column":50}},"15":{"start":{"line":93,"column":16},"end":{"line":95,"column":67}},"16":{"start":{"line":98,"column":16},"end":{"line":100,"column":17}},"17":{"start":{"line":99,"column":18},"end":{"line":99,"column":45}},"18":{"start":{"line":101,"column":16},"end":{"line":101,"column":80}},"19":{"start":{"line":121,"column":29},"end":{"line":121,"column":68}},"20":{"start":{"line":131,"column":0},"end":{"line":131,"column":21}}},"fnMap":{"0":{"name":"(anonymous_0)","decl":{"start":{"line":19,"column":2},"end":{"line":19,"column":3}},"loc":{"start":{"line":19,"column":16},"end":{"line":30,"column":3}},"line":19},"1":{"name":"(anonymous_1)","decl":{"start":{"line":37,"column":2},"end":{"line":37,"column":3}},"loc":{"start":{"line":37,"column":22},"end":{"line":39,"column":3}},"line":37},"2":{"name":"(anonymous_2)","decl":{"start":{"line":46,"column":2},"end":{"line":46,"column":3}},"loc":{"start":{"line":46,"column":25},"end":{"line":48,"column":3}},"line":46},"3":{"name":"(anonymous_3)","decl":{"start":{"line":55,"column":2},"end":{"line":55,"column":3}},"loc":{"start":{"line":55,"column":13},"end":{"line":65,"column":3}},"line":55},"4":{"name":"(anonymous_4)","decl":{"start":{"line":72,"column":2},"end":{"line":72,"column":3}},"loc":{"start":{"line":72,"column":21},"end":{"line":77,"column":3}},"line":72},"5":{"name":"(anonymous_5)","decl":{"start":{"line":83,"column":2},"end":{"line":83,"column":3}},"loc":{"start":{"line":83,"column":11},"end":{"line":128,"column":3}},"line":83},"6":{"name":"(anonymous_6)","decl":{"start":{"line":89,"column":47},"end":{"line":89,"column":48}},"loc":{"start":{"line":89,"column":53},"end":{"line":96,"column":15}},"line":89},"7":{"name":"(anonymous_7)","decl":{"start":{"line":97,"column":46},"end":{"line":97,"column":47}},"loc":{"start":{"line":97,"column":52},"end":{"line":102,"column":15}},"line":97},"8":{"name":"(anonymous_8)","decl":{"start":{"line":121,"column":21},"end":{"line":121,"column":22}},"loc":{"start":{"line":121,"column":27},"end":{"line":121,"column":70}},"line":121}},"branchMap":{"0":{"loc":{"start":{"line":57,"column":4},"end":{"line":59,"column":5}},"type":"if","locations":[{"start":{"line":57,"column":4},"end":{"line":59,"column":5}},{"start":{"line":57,"column":4},"end":{"line":59,"column":5}}],"line":57},"1":{"loc":{"start":{"line":90,"column":16},"end":{"line":92,"column":17}},"type":"if","locations":[{"start":{"line":90,"column":16},"end":{"line":92,"column":17}},{"start":{"line":90,"column":16},"end":{"line":92,"column":17}}],"line":90},"2":{"loc":{"start":{"line":93,"column":24},"end":{"line":95,"column":65}},"type":"cond-expr","locations":[{"start":{"line":94,"column":19},"end":{"line":95,"column":46}},{"start":{"line":95,"column":51},"end":{"line":95,"column":64}}],"line":93},"3":{"loc":{"start":{"line":94,"column":19},"end":{"line":95,"column":46}},"type":"binary-expr","locations":[{"start":{"line":94,"column":19},"end":{"line":94,"column":43}},{"start":{"line":95,"column":20},"end":{"line":95,"column":46}}],"line":94},"4":{"loc":{"start":{"line":98,"column":16},"end":{"line":100,"column":17}},"type":"if","locations":[{"start":{"line":98,"column":16},"end":{"line":100,"column":17}},{"start":{"line":98,"column":16},"end":{"line":100,"column":17}}],"line":98},"5":{"loc":{"start":{"line":101,"column":24},"end":{"line":101,"column":78}},"type":"binary-expr","locations":[{"start":{"line":101,"column":24},"end":{"line":101,"column":48}},{"start":{"line":101,"column":52},"end":{"line":101,"column":78}}],"line":101},"6":{"loc":{"start":{"line":106,"column":9},"end":{"line":114,"column":16}},"type":"binary-expr","locations":[{"start":{"line":106,"column":9},"end":{"line":106,"column":26}},{"start":{"line":106,"column":30},"end":{"line":106,"column":54}},{"start":{"line":107,"column":10},"end":{"line":114,"column":16}}],"line":106},"7":{"loc":{"start":{"line":116,"column":9},"end":{"line":116,"column":64}},"type":"binary-expr","locations":[{"start":{"line":116,"column":9},"end":{"line":116,"column":34}},{"start":{"line":116,"column":38},"end":{"line":116,"column":64}}],"line":116},"8":{"loc":{"start":{"line":117,"column":9},"end":{"line":125,"column":12}},"type":"binary-expr","locations":[{"start":{"line":117,"column":9},"end":{"line":117,"column":34}},{"start":{"line":117,"column":38},"end":{"line":117,"column":60}},{"start":{"line":118,"column":8},"end":{"line":125,"column":12}}],"line":117}},"s":{"0":7,"1":7,"2":7,"3":7,"4":6,"5":1,"6":0,"7":0,"8":0,"9":0,"10":1,"11":1,"12":11,"13":0,"14":0,"15":0,"16":0,"17":0,"18":0,"19":0,"20":1},"f":{"0":7,"1":6,"2":1,"3":0,"4":1,"5":11,"6":0,"7":0,"8":0},"b":{"0":[0,0],"1":[0,0],"2":[0,0],"3":[0,0],"4":[0,0],"5":[0,0],"6":[11,11,9],"7":[11,2],"8":[11,2,1]},"_coverageSchema":"332fd63041d2c1bcb487cc26dd0d5f7d97098a6c","hash":"3694b16fa1aa0ecc0593e16142dfefc8e84b4d67"}
,"/Users/andeladeveloper/Desktop/postIt/post-it-app/client/src/views/Header.jsx": {"path":"/Users/andeladeveloper/Desktop/postIt/post-it-app/client/src/views/Header.jsx","statementMap":{"0":{"start":{"line":13,"column":2},"end":{"line":13,"column":25}},"1":{"start":{"line":14,"column":2},"end":{"line":14,"column":39}},"2":{"start":{"line":15,"column":2},"end":{"line":15,"column":18}},"3":{"start":{"line":18,"column":19},"end":{"line":18,"column":51}},"4":{"start":{"line":19,"column":2},"end":{"line":38,"column":4}}},"fnMap":{"0":{"name":"signOutHandler","decl":{"start":{"line":12,"column":9},"end":{"line":12,"column":23}},"loc":{"start":{"line":12,"column":31},"end":{"line":16,"column":1}},"line":12},"1":{"name":"(anonymous_1)","decl":{"start":{"line":17,"column":15},"end":{"line":17,"column":16}},"loc":{"start":{"line":17,"column":21},"end":{"line":39,"column":1}},"line":17}},"branchMap":{},"s":{"0":1,"1":1,"2":1,"3":7,"4":7},"f":{"0":1,"1":7},"b":{},"_coverageSchema":"332fd63041d2c1bcb487cc26dd0d5f7d97098a6c","hash":"6adba3944384b9957a53fa54de326157a434e45e"}
,"/Users/andeladeveloper/Desktop/postIt/post-it-app/client/src/views/GroupContainer/AddGroup.jsx": {"path":"/Users/andeladeveloper/Desktop/postIt/post-it-app/client/src/views/GroupContainer/AddGroup.jsx","statementMap":{"0":{"start":{"line":16,"column":4},"end":{"line":16,"column":12}},"1":{"start":{"line":18,"column":4},"end":{"line":20,"column":6}},"2":{"start":{"line":22,"column":4},"end":{"line":22,"column":53}},"3":{"start":{"line":23,"column":4},"end":{"line":23,"column":53}},"4":{"start":{"line":33,"column":18},"end":{"line":33,"column":36}},"5":{"start":{"line":35,"column":4},"end":{"line":38,"column":6}},"6":{"start":{"line":35,"column":25},"end":{"line":37,"column":5}},"7":{"start":{"line":48,"column":4},"end":{"line":48,"column":27}},"8":{"start":{"line":49,"column":19},"end":{"line":49,"column":49}},"9":{"start":{"line":50,"column":4},"end":{"line":53,"column":7}},"10":{"start":{"line":54,"column":4},"end":{"line":56,"column":7}},"11":{"start":{"line":65,"column":4},"end":{"line":83,"column":6}},"12":{"start":{"line":87,"column":0},"end":{"line":87,"column":30}}},"fnMap":{"0":{"name":"(anonymous_0)","decl":{"start":{"line":15,"column":2},"end":{"line":15,"column":3}},"loc":{"start":{"line":15,"column":16},"end":{"line":24,"column":3}},"line":15},"1":{"name":"(anonymous_1)","decl":{"start":{"line":32,"column":2},"end":{"line":32,"column":3}},"loc":{"start":{"line":32,"column":22},"end":{"line":39,"column":3}},"line":32},"2":{"name":"(anonymous_2)","decl":{"start":{"line":35,"column":18},"end":{"line":35,"column":19}},"loc":{"start":{"line":35,"column":25},"end":{"line":37,"column":5}},"line":35},"3":{"name":"(anonymous_3)","decl":{"start":{"line":47,"column":2},"end":{"line":47,"column":3}},"loc":{"start":{"line":47,"column":22},"end":{"line":57,"column":3}},"line":47},"4":{"name":"(anonymous_4)","decl":{"start":{"line":64,"column":2},"end":{"line":64,"column":3}},"loc":{"start":{"line":64,"column":11},"end":{"line":84,"column":3}},"line":64}},"branchMap":{},"s":{"0":8,"1":8,"2":8,"3":8,"4":2,"5":2,"6":2,"7":1,"8":1,"9":0,"10":0,"11":10,"12":5},"f":{"0":8,"1":2,"2":2,"3":1,"4":10},"b":{},"_coverageSchema":"332fd63041d2c1bcb487cc26dd0d5f7d97098a6c","hash":"4fa4a89dfe8131055530168e3dcc21397e1a03e0"}
,"/Users/andeladeveloper/Desktop/postIt/post-it-app/client/src/views/GroupContainer/Dashboard.jsx": {"path":"/Users/andeladeveloper/Desktop/postIt/post-it-app/client/src/views/GroupContainer/Dashboard.jsx","statementMap":{"0":{"start":{"line":14,"column":15},"end":{"line":14,"column":42}},"1":{"start":{"line":29,"column":4},"end":{"line":29,"column":12}},"2":{"start":{"line":30,"column":4},"end":{"line":32,"column":6}},"3":{"start":{"line":34,"column":4},"end":{"line":34,"column":45}},"4":{"start":{"line":44,"column":4},"end":{"line":44,"column":16}},"5":{"start":{"line":45,"column":19},"end":{"line":45,"column":49}},"6":{"start":{"line":48,"column":4},"end":{"line":51,"column":7}},"7":{"start":{"line":49,"column":6},"end":{"line":49,"column":28}},"8":{"start":{"line":50,"column":6},"end":{"line":50,"column":33}},"9":{"start":{"line":53,"column":4},"end":{"line":57,"column":7}},"10":{"start":{"line":54,"column":6},"end":{"line":54,"column":39}},"11":{"start":{"line":55,"column":6},"end":{"line":55,"column":28}},"12":{"start":{"line":56,"column":6},"end":{"line":56,"column":32}},"13":{"start":{"line":59,"column":4},"end":{"line":59,"column":48}},"14":{"start":{"line":69,"column":4},"end":{"line":69,"column":51}},"15":{"start":{"line":79,"column":22},"end":{"line":79,"column":44}},"16":{"start":{"line":80,"column":4},"end":{"line":84,"column":5}},"17":{"start":{"line":81,"column":6},"end":{"line":83,"column":9}},"18":{"start":{"line":105,"column":4},"end":{"line":110,"column":6}},"19":{"start":{"line":114,"column":0},"end":{"line":114,"column":27}}},"fnMap":{"0":{"name":"(anonymous_0)","decl":{"start":{"line":28,"column":2},"end":{"line":28,"column":3}},"loc":{"start":{"line":28,"column":16},"end":{"line":35,"column":3}},"line":28},"1":{"name":"(anonymous_1)","decl":{"start":{"line":42,"column":2},"end":{"line":42,"column":3}},"loc":{"start":{"line":42,"column":22},"end":{"line":61,"column":3}},"line":42},"2":{"name":"(anonymous_2)","decl":{"start":{"line":48,"column":35},"end":{"line":48,"column":36}},"loc":{"start":{"line":48,"column":47},"end":{"line":51,"column":5}},"line":48},"3":{"name":"(anonymous_3)","decl":{"start":{"line":53,"column":38},"end":{"line":53,"column":39}},"loc":{"start":{"line":53,"column":52},"end":{"line":57,"column":5}},"line":53},"4":{"name":"(anonymous_4)","decl":{"start":{"line":68,"column":2},"end":{"line":68,"column":3}},"loc":{"start":{"line":68,"column":25},"end":{"line":71,"column":3}},"line":68},"5":{"name":"(anonymous_5)","decl":{"start":{"line":78,"column":2},"end":{"line":78,"column":3}},"loc":{"start":{"line":78,"column":13},"end":{"line":85,"column":3}},"line":78},"6":{"name":"(anonymous_6)","decl":{"start":{"line":104,"column":2},"end":{"line":104,"column":3}},"loc":{"start":{"line":104,"column":11},"end":{"line":111,"column":3}},"line":104}},"branchMap":{"0":{"loc":{"start":{"line":80,"column":4},"end":{"line":84,"column":5}},"type":"if","locations":[{"start":{"line":80,"column":4},"end":{"line":84,"column":5}},{"start":{"line":80,"column":4},"end":{"line":84,"column":5}}],"line":80}},"s":{"0":2,"1":5,"2":5,"3":5,"4":5,"5":5,"6":5,"7":0,"8":0,"9":5,"10":0,"11":0,"12":0,"13":5,"14":1,"15":0,"16":0,"17":0,"18":5,"19":2},"f":{"0":5,"1":5,"2":0,"3":0,"4":1,"5":0,"6":5},"b":{"0":[0,0]},"_coverageSchema":"332fd63041d2c1bcb487cc26dd0d5f7d97098a6c","hash":"64e281cb47b088b8dec8f74ad1d522602fba62d0"}
,"/Users/andeladeveloper/Desktop/postIt/post-it-app/client/src/views/GroupContainer/GroupItem.jsx": {"path":"/Users/andeladeveloper/Desktop/postIt/post-it-app/client/src/views/GroupContainer/GroupItem.jsx","statementMap":{"0":{"start":{"line":22,"column":4},"end":{"line":22,"column":17}},"1":{"start":{"line":24,"column":4},"end":{"line":26,"column":7}},"2":{"start":{"line":28,"column":4},"end":{"line":30,"column":6}},"3":{"start":{"line":32,"column":4},"end":{"line":32,"column":51}},"4":{"start":{"line":40,"column":4},"end":{"line":42,"column":7}},"5":{"start":{"line":50,"column":4},"end":{"line":52,"column":7}},"6":{"start":{"line":54,"column":4},"end":{"line":56,"column":7}},"7":{"start":{"line":64,"column":4},"end":{"line":91,"column":6}},"8":{"start":{"line":96,"column":0},"end":{"line":99,"column":2}},"9":{"start":{"line":101,"column":0},"end":{"line":101,"column":27}}},"fnMap":{"0":{"name":"(anonymous_0)","decl":{"start":{"line":21,"column":2},"end":{"line":21,"column":3}},"loc":{"start":{"line":21,"column":21},"end":{"line":33,"column":3}},"line":21},"1":{"name":"(anonymous_1)","decl":{"start":{"line":39,"column":2},"end":{"line":39,"column":3}},"loc":{"start":{"line":39,"column":16},"end":{"line":43,"column":3}},"line":39},"2":{"name":"(anonymous_2)","decl":{"start":{"line":49,"column":2},"end":{"line":49,"column":3}},"loc":{"start":{"line":49,"column":38},"end":{"line":57,"column":3}},"line":49},"3":{"name":"(anonymous_3)","decl":{"start":{"line":63,"column":2},"end":{"line":63,"column":3}},"loc":{"start":{"line":63,"column":11},"end":{"line":92,"column":3}},"line":63}},"branchMap":{"0":{"loc":{"start":{"line":86,"column":17},"end":{"line":86,"column":92}},"type":"binary-expr","locations":[{"start":{"line":86,"column":17},"end":{"line":86,"column":35}},{"start":{"line":86,"column":39},"end":{"line":86,"column":92}}],"line":86}},"s":{"0":4,"1":4,"2":4,"3":4,"4":1,"5":0,"6":0,"7":5,"8":4,"9":4},"f":{"0":4,"1":1,"2":0,"3":5},"b":{"0":[5,1]},"_coverageSchema":"332fd63041d2c1bcb487cc26dd0d5f7d97098a6c","hash":"11ec32f204b159df726735d0a72cccdb7a426a9f"}
,"/Users/andeladeveloper/Desktop/postIt/post-it-app/client/src/views/GroupContainer/GroupList.jsx": {"path":"/Users/andeladeveloper/Desktop/postIt/post-it-app/client/src/views/GroupContainer/GroupList.jsx","statementMap":{"0":{"start":{"line":21,"column":4},"end":{"line":21,"column":17}},"1":{"start":{"line":22,"column":4},"end":{"line":22,"column":51}},"2":{"start":{"line":23,"column":4},"end":{"line":23,"column":23}},"3":{"start":{"line":24,"column":4},"end":{"line":27,"column":6}},"4":{"start":{"line":29,"column":4},"end":{"line":29,"column":45}},"5":{"start":{"line":30,"column":4},"end":{"line":30,"column":49}},"6":{"start":{"line":38,"column":4},"end":{"line":38,"column":62}},"7":{"start":{"line":46,"column":4},"end":{"line":46,"column":65}},"8":{"start":{"line":71,"column":32},"end":{"line":71,"column":74}},"9":{"start":{"line":72,"column":20},"end":{"line":72,"column":42}},"10":{"start":{"line":73,"column":19},"end":{"line":73,"column":58}},"11":{"start":{"line":75,"column":4},"end":{"line":79,"column":5}},"12":{"start":{"line":76,"column":6},"end":{"line":78,"column":9}},"13":{"start":{"line":88,"column":37},"end":{"line":88,"column":75}},"14":{"start":{"line":89,"column":19},"end":{"line":90,"column":43}},"15":{"start":{"line":92,"column":4},"end":{"line":103,"column":5}},"16":{"start":{"line":93,"column":6},"end":{"line":102,"column":7}},"17":{"start":{"line":94,"column":8},"end":{"line":101,"column":11}},"18":{"start":{"line":95,"column":10},"end":{"line":99,"column":11}},"19":{"start":{"line":96,"column":12},"end":{"line":96,"column":22}},"20":{"start":{"line":97,"column":17},"end":{"line":99,"column":11}},"21":{"start":{"line":98,"column":12},"end":{"line":98,"column":21}},"22":{"start":{"line":100,"column":10},"end":{"line":100,"column":19}},"23":{"start":{"line":104,"column":4},"end":{"line":104,"column":20}},"24":{"start":{"line":112,"column":4},"end":{"line":147,"column":6}},"25":{"start":{"line":122,"column":16},"end":{"line":142,"column":21}},"26":{"start":{"line":151,"column":0},"end":{"line":153,"column":2}},"27":{"start":{"line":155,"column":0},"end":{"line":155,"column":27}}},"fnMap":{"0":{"name":"(anonymous_0)","decl":{"start":{"line":20,"column":2},"end":{"line":20,"column":3}},"loc":{"start":{"line":20,"column":21},"end":{"line":31,"column":3}},"line":20},"1":{"name":"(anonymous_1)","decl":{"start":{"line":37,"column":2},"end":{"line":37,"column":3}},"loc":{"start":{"line":37,"column":22},"end":{"line":39,"column":3}},"line":37},"2":{"name":"(anonymous_2)","decl":{"start":{"line":45,"column":2},"end":{"line":45,"column":3}},"loc":{"start":{"line":45,"column":25},"end":{"line":47,"column":3}},"line":45},"3":{"name":"(anonymous_3)","decl":{"start":{"line":70,"column":2},"end":{"line":70,"column":3}},"loc":{"start":{"line":70,"column":13},"end":{"line":80,"column":3}},"line":70},"4":{"name":"(anonymous_4)","decl":{"start":{"line":87,"column":2},"end":{"line":87,"column":3}},"loc":{"start":{"line":87,"column":23},"end":{"line":105,"column":3}},"line":87},"5":{"name":"(anonymous_5)","decl":{"start":{"line":94,"column":33},"end":{"line":94,"column":34}},"loc":{"start":{"line":94,"column":43},"end":{"line":101,"column":9}},"line":94},"6":{"name":"(anonymous_6)","decl":{"start":{"line":111,"column":2},"end":{"line":111,"column":3}},"loc":{"start":{"line":111,"column":11},"end":{"line":148,"column":3}},"line":111},"7":{"name":"(anonymous_7)","decl":{"start":{"line":121,"column":19},"end":{"line":121,"column":20}},"loc":{"start":{"line":122,"column":16},"end":{"line":142,"column":21}},"line":122}},"branchMap":{"0":{"loc":{"start":{"line":75,"column":4},"end":{"line":79,"column":5}},"type":"if","locations":[{"start":{"line":75,"column":4},"end":{"line":79,"column":5}},{"start":{"line":75,"column":4},"end":{"line":79,"column":5}}],"line":75},"1":{"loc":{"start":{"line":92,"column":4},"end":{"line":103,"column":5}},"type":"if","locations":[{"start":{"line":92,"column":4},"end":{"line":103,"column":5}},{"start":{"line":92,"column":4},"end":{"line":103,"column":5}}],"line":92},"2":{"loc":{"start":{"line":93,"column":6},"end":{"line":102,"column":7}},"type":"if","locations":[{"start":{"line":93,"column":6},"end":{"line":102,"column":7}},{"start":{"line":93,"column":6},"end":{"line":102,"column":7}}],"line":93},"3":{"loc":{"start":{"line":95,"column":10},"end":{"line":99,"column":11}},"type":"if","locations":[{"start":{"line":95,"column":10},"end":{"line":99,"column":11}},{"start":{"line":95,"column":10},"end":{"line":99,"column":11}}],"line":95},"4":{"loc":{"start":{"line":97,"column":17},"end":{"line":99,"column":11}},"type":"if","locations":[{"start":{"line":97,"column":17},"end":{"line":99,"column":11}},{"start":{"line":97,"column":17},"end":{"line":99,"column":11}}],"line":97},"5":{"loc":{"start":{"line":136,"column":25},"end":{"line":138,"column":54}},"type":"binary-expr","locations":[{"start":{"line":136,"column":25},"end":{"line":137,"column":47}},{"start":{"line":138,"column":26},"end":{"line":138,"column":54}}],"line":136}},"s":{"0":8,"1":8,"2":8,"3":8,"4":8,"5":8,"6":5,"7":1,"8":0,"9":0,"10":0,"11":0,"12":0,"13":8,"14":8,"15":8,"16":0,"17":0,"18":0,"19":0,"20":0,"21":0,"22":0,"23":8,"24":8,"25":0,"26":4,"27":4},"f":{"0":8,"1":5,"2":1,"3":0,"4":8,"5":0,"6":8,"7":0},"b":{"0":[0,0],"1":[0,8],"2":[0,0],"3":[0,0],"4":[0,0],"5":[0,0]},"_coverageSchema":"332fd63041d2c1bcb487cc26dd0d5f7d97098a6c","hash":"cc61b3f00aecdda21b942ef735ae62ff33c3f2dd"}
,"/Users/andeladeveloper/Desktop/postIt/post-it-app/client/src/views/GroupContainer/GroupListView.jsx": {"path":"/Users/andeladeveloper/Desktop/postIt/post-it-app/client/src/views/GroupContainer/GroupListView.jsx","statementMap":{"0":{"start":{"line":16,"column":21},"end":{"line":16,"column":33}},"1":{"start":{"line":19,"column":2},"end":{"line":26,"column":5}},"2":{"start":{"line":20,"column":4},"end":{"line":25,"column":7}},"3":{"start":{"line":29,"column":2},"end":{"line":35,"column":5}},"4":{"start":{"line":30,"column":4},"end":{"line":34,"column":7}},"5":{"start":{"line":40,"column":2},"end":{"line":57,"column":4}},"6":{"start":{"line":51,"column":16},"end":{"line":51,"column":65}},"7":{"start":{"line":59,"column":0},"end":{"line":59,"column":31}}},"fnMap":{"0":{"name":"GroupListView","decl":{"start":{"line":15,"column":9},"end":{"line":15,"column":22}},"loc":{"start":{"line":15,"column":30},"end":{"line":58,"column":1}},"line":15},"1":{"name":"(anonymous_1)","decl":{"start":{"line":19,"column":30},"end":{"line":19,"column":31}},"loc":{"start":{"line":19,"column":47},"end":{"line":26,"column":3}},"line":19},"2":{"name":"(anonymous_2)","decl":{"start":{"line":29,"column":25},"end":{"line":29,"column":26}},"loc":{"start":{"line":29,"column":39},"end":{"line":35,"column":3}},"line":29},"3":{"name":"(anonymous_3)","decl":{"start":{"line":50,"column":25},"end":{"line":50,"column":26}},"loc":{"start":{"line":51,"column":16},"end":{"line":51,"column":65}},"line":51}},"branchMap":{},"s":{"0":11,"1":11,"2":0,"3":11,"4":0,"5":11,"6":0,"7":3},"f":{"0":11,"1":0,"2":0,"3":0},"b":{},"_coverageSchema":"332fd63041d2c1bcb487cc26dd0d5f7d97098a6c","hash":"70ee2e54a51bd5d5c4a9b0a6d8f68a745638d263"}
,"/Users/andeladeveloper/Desktop/postIt/post-it-app/client/src/views/GroupContainer/RequestItem.jsx": {"path":"/Users/andeladeveloper/Desktop/postIt/post-it-app/client/src/views/GroupContainer/RequestItem.jsx","statementMap":{"0":{"start":{"line":12,"column":22},"end":{"line":30,"column":3}},"1":{"start":{"line":13,"column":4},"end":{"line":13,"column":27}},"2":{"start":{"line":15,"column":4},"end":{"line":15,"column":48}},"3":{"start":{"line":16,"column":15},"end":{"line":16,"column":28}},"4":{"start":{"line":17,"column":17},"end":{"line":17,"column":47}},"5":{"start":{"line":19,"column":4},"end":{"line":22,"column":7}},"6":{"start":{"line":25,"column":4},"end":{"line":29,"column":7}},"7":{"start":{"line":32,"column":2},"end":{"line":56,"column":4}},"8":{"start":{"line":41,"column":28},"end":{"line":41,"column":54}},"9":{"start":{"line":49,"column":28},"end":{"line":49,"column":55}}},"fnMap":{"0":{"name":"(anonymous_0)","decl":{"start":{"line":11,"column":15},"end":{"line":11,"column":16}},"loc":{"start":{"line":11,"column":26},"end":{"line":57,"column":1}},"line":11},"1":{"name":"(anonymous_1)","decl":{"start":{"line":12,"column":22},"end":{"line":12,"column":23}},"loc":{"start":{"line":12,"column":49},"end":{"line":30,"column":3}},"line":12},"2":{"name":"(anonymous_2)","decl":{"start":{"line":41,"column":19},"end":{"line":41,"column":20}},"loc":{"start":{"line":41,"column":28},"end":{"line":41,"column":54}},"line":41},"3":{"name":"(anonymous_3)","decl":{"start":{"line":49,"column":19},"end":{"line":49,"column":20}},"loc":{"start":{"line":49,"column":28},"end":{"line":49,"column":55}},"line":49}},"branchMap":{},"s":{"0":4,"1":0,"2":0,"3":0,"4":0,"5":0,"6":0,"7":4,"8":0,"9":0},"f":{"0":4,"1":0,"2":0,"3":0},"b":{},"_coverageSchema":"332fd63041d2c1bcb487cc26dd0d5f7d97098a6c","hash":"b6253b811bcc9b3bf082a976b03501ea91c9a0ea"}
,"/Users/andeladeveloper/Desktop/postIt/post-it-app/client/src/views/GroupContainer/RequestList.jsx": {"path":"/Users/andeladeveloper/Desktop/postIt/post-it-app/client/src/views/GroupContainer/RequestList.jsx","statementMap":{"0":{"start":{"line":14,"column":4},"end":{"line":14,"column":17}},"1":{"start":{"line":15,"column":4},"end":{"line":15,"column":50}},"2":{"start":{"line":16,"column":4},"end":{"line":18,"column":6}},"3":{"start":{"line":20,"column":4},"end":{"line":20,"column":45}},"4":{"start":{"line":28,"column":4},"end":{"line":28,"column":50}},"5":{"start":{"line":36,"column":4},"end":{"line":36,"column":53}},"6":{"start":{"line":44,"column":24},"end":{"line":44,"column":50}},"7":{"start":{"line":45,"column":4},"end":{"line":45,"column":47}},"8":{"start":{"line":46,"column":4},"end":{"line":48,"column":7}},"9":{"start":{"line":56,"column":4},"end":{"line":73,"column":6}},"10":{"start":{"line":60,"column":12},"end":{"line":70,"column":18}},"11":{"start":{"line":77,"column":0},"end":{"line":77,"column":29}}},"fnMap":{"0":{"name":"(anonymous_0)","decl":{"start":{"line":13,"column":2},"end":{"line":13,"column":3}},"loc":{"start":{"line":13,"column":21},"end":{"line":21,"column":3}},"line":13},"1":{"name":"(anonymous_1)","decl":{"start":{"line":27,"column":2},"end":{"line":27,"column":3}},"loc":{"start":{"line":27,"column":22},"end":{"line":29,"column":3}},"line":27},"2":{"name":"(anonymous_2)","decl":{"start":{"line":35,"column":2},"end":{"line":35,"column":3}},"loc":{"start":{"line":35,"column":25},"end":{"line":37,"column":3}},"line":35},"3":{"name":"(anonymous_3)","decl":{"start":{"line":43,"column":2},"end":{"line":43,"column":3}},"loc":{"start":{"line":43,"column":13},"end":{"line":49,"column":3}},"line":43},"4":{"name":"(anonymous_4)","decl":{"start":{"line":55,"column":2},"end":{"line":55,"column":3}},"loc":{"start":{"line":55,"column":11},"end":{"line":74,"column":3}},"line":55},"5":{"name":"(anonymous_5)","decl":{"start":{"line":59,"column":35},"end":{"line":59,"column":36}},"loc":{"start":{"line":60,"column":12},"end":{"line":70,"column":18}},"line":60}},"branchMap":{"0":{"loc":{"start":{"line":57,"column":6},"end":{"line":72,"column":28}},"type":"cond-expr","locations":[{"start":{"line":58,"column":8},"end":{"line":72,"column":14}},{"start":{"line":72,"column":17},"end":{"line":72,"column":28}}],"line":57}},"s":{"0":10,"1":10,"2":10,"3":10,"4":5,"5":1,"6":0,"7":0,"8":0,"9":10,"10":0,"11":5},"f":{"0":10,"1":5,"2":1,"3":0,"4":10,"5":0},"b":{"0":[0,5]},"_coverageSchema":"332fd63041d2c1bcb487cc26dd0d5f7d97098a6c","hash":"219eee74059a39a5eba799327cdb864c32b4974d"}
,"/Users/andeladeveloper/Desktop/postIt/post-it-app/client/src/views/GroupContainer/WelcomeView.jsx": {"path":"/Users/andeladeveloper/Desktop/postIt/post-it-app/client/src/views/GroupContainer/WelcomeView.jsx","statementMap":{"0":{"start":{"line":5,"column":2},"end":{"line":10,"column":8}}},"fnMap":{"0":{"name":"(anonymous_0)","decl":{"start":{"line":4,"column":15},"end":{"line":4,"column":16}},"loc":{"start":{"line":5,"column":2},"end":{"line":10,"column":8}},"line":5}},"branchMap":{},"s":{"0":2},"f":{"0":2},"b":{},"_coverageSchema":"332fd63041d2c1bcb487cc26dd0d5f7d97098a6c","hash":"917af40ef3c01c772d58dcd7ae6a491919d1b99c"}
[...]
column":24}},"26":{"start":{"line":47,"column":10},"end":{"line":54,"column":15}},"27":{"start":{"line":49,"column":14},"end":{"line":53,"column":17}},"28":{"start":{"line":56,"column":8},"end":{"line":58,"column":11}},"29":{"start":{"line":60,"column":8},"end":{"line":63,"column":11}}},"fnMap":{"0":{"name":"(anonymous_0)","decl":{"start":{"line":3,"column":17},"end":{"line":3,"column":18}},"loc":{"start":{"line":3,"column":40},"end":{"line":67,"column":1}},"line":3},"1":{"name":"(anonymous_1)","decl":{"start":{"line":4,"column":30},"end":{"line":4,"column":31}},"loc":{"start":{"line":4,"column":44},"end":{"line":66,"column":3}},"line":4},"2":{"name":"(anonymous_2)","decl":{"start":{"line":5,"column":39},"end":{"line":5,"column":40}},"loc":{"start":{"line":5,"column":49},"end":{"line":65,"column":5}},"line":5},"3":{"name":"(anonymous_3)","decl":{"start":{"line":27,"column":44},"end":{"line":27,"column":45}},"loc":{"start":{"line":27,"column":58},"end":{"line":55,"column":9}},"line":27},"4":{"name":"(anonymous_4)","decl":{"start":{"line":28,"column":36},"end":{"line":28,"column":37}},"loc":{"start":{"line":28,"column":49},"end":{"line":46,"column":11}},"line":28},"5":{"name":"(anonymous_5)","decl":{"start":{"line":31,"column":41},"end":{"line":31,"column":42}},"loc":{"start":{"line":31,"column":51},"end":{"line":45,"column":13}},"line":31},"6":{"name":"(anonymous_6)","decl":{"start":{"line":48,"column":18},"end":{"line":48,"column":19}},"loc":{"start":{"line":48,"column":24},"end":{"line":54,"column":13}},"line":48}},"branchMap":{"0":{"loc":{"start":{"line":6,"column":6},"end":{"line":64,"column":7}},"type":"if","locations":[{"start":{"line":6,"column":6},"end":{"line":64,"column":7}},{"start":{"line":6,"column":6},"end":{"line":64,"column":7}}],"line":6},"1":{"loc":{"start":{"line":35,"column":14},"end":{"line":43,"column":15}},"type":"if","locations":[{"start":{"line":35,"column":14},"end":{"line":43,"column":15}},{"start":{"line":35,"column":14},"end":{"line":43,"column":15}}],"line":35},"2":{"loc":{"start":{"line":36,"column":16},"end":{"line":40,"column":17}},"type":"if","locations":[{"start":{"line":36,"column":16},"end":{"line":40,"column":17}},{"start":{"line":36,"column":16},"end":{"line":40,"column":17}}],"line":36},"3":{"loc":{"start":{"line":37,"column":18},"end":{"line":39,"column":19}},"type":"if","locations":[{"start":{"line":37,"column":18},"end":{"line":39,"column":19}},{"start":{"line":37,"column":18},"end":{"line":39,"column":19}}],"line":37},"4":{"loc":{"start":{"line":41,"column":21},"end":{"line":43,"column":15}},"type":"if","locations":[{"start":{"line":41,"column":21},"end":{"line":43,"column":15}},{"start":{"line":41,"column":21},"end":{"line":43,"column":15}}],"line":41}},"s":{"0":1,"1":1,"2":5,"3":9,"4":8,"5":8,"6":8,"7":8,"8":8,"9":8,"10":8,"11":8,"12":8,"13":8,"14":8,"15":8,"16":16,"17":16,"18":16,"19":16,"20":8,"21":6,"22":2,"23":8,"24":2,"25":16,"26":8,"27":8,"28":8,"29":1},"f":{"0":1,"1":5,"2":9,"3":8,"4":8,"5":16,"6":8},"b":{"0":[8,1],"1":[8,8],"2":[6,2],"3":[2,4],"4":[2,6]},"_coverageSchema":"332fd63041d2c1bcb487cc26dd0d5f7d97098a6c","hash":"15e47c7eee2d3834faa8e0f167200d6887e8ff33"}
,"/Users/andeladeveloper/Desktop/postIt/post-it-app/server/routes/google_signin_route.js": {"path":"/Users/andeladeveloper/Desktop/postIt/post-it-app/server/routes/google_signin_route.js","statementMap":{"0":{"start":{"line":3,"column":0},"end":{"line":34,"column":2}},"1":{"start":{"line":4,"column":2},"end":{"line":33,"column":5}},"2":{"start":{"line":5,"column":20},"end":{"line":5,"column":36}},"3":{"start":{"line":6,"column":15},"end":{"line":6,"column":34}},"4":{"start":{"line":8,"column":23},"end":{"line":8,"column":75}},"5":{"start":{"line":10,"column":4},"end":{"line":32,"column":9}},"6":{"start":{"line":13,"column":8},"end":{"line":21,"column":13}},"7":{"start":{"line":18,"column":12},"end":{"line":20,"column":15}},"8":{"start":{"line":23,"column":8},"end":{"line":26,"column":11}},"9":{"start":{"line":29,"column":8},"end":{"line":31,"column":11}}},"fnMap":{"0":{"name":"(anonymous_0)","decl":{"start":{"line":3,"column":17},"end":{"line":3,"column":18}},"loc":{"start":{"line":3,"column":36},"end":{"line":34,"column":1}},"line":3},"1":{"name":"(anonymous_1)","decl":{"start":{"line":4,"column":34},"end":{"line":4,"column":35}},"loc":{"start":{"line":4,"column":48},"end":{"line":33,"column":3}},"line":4},"2":{"name":"(anonymous_2)","decl":{"start":{"line":11,"column":12},"end":{"line":11,"column":13}},"loc":{"start":{"line":11,"column":22},"end":{"line":27,"column":7}},"line":11},"3":{"name":"(anonymous_3)","decl":{"start":{"line":17,"column":17},"end":{"line":17,"column":18}},"loc":{"start":{"line":17,"column":28},"end":{"line":21,"column":11}},"line":17},"4":{"name":"(anonymous_4)","decl":{"start":{"line":28,"column":13},"end":{"line":28,"column":14}},"loc":{"start":{"line":28,"column":24},"end":{"line":32,"column":7}},"line":28}},"branchMap":{},"s":{"0":1,"1":1,"2":2,"3":2,"4":2,"5":2,"6":1,"7":0,"8":1,"9":1},"f":{"0":1,"1":2,"2":1,"3":0,"4":1},"b":{},"_coverageSchema":"332fd63041d2c1bcb487cc26dd0d5f7d97098a6c","hash":"f82a41e03b9bb8faa73bd450f894b4d68eef3147"}
,"/Users/andeladeveloper/Desktop/postIt/post-it-app/server/routes/mark_messages_read_route.js": {"path":"/Users/andeladeveloper/Desktop/postIt/post-it-app/server/routes/mark_messages_read_route.js","statementMap":{"0":{"start":{"line":3,"column":0},"end":{"line":34,"column":2}},"1":{"start":{"line":4,"column":2},"end":{"line":33,"column":5}},"2":{"start":{"line":5,"column":4},"end":{"line":32,"column":7}},"3":{"start":{"line":6,"column":6},"end":{"line":31,"column":7}},"4":{"start":{"line":7,"column":25},"end":{"line":7,"column":41}},"5":{"start":{"line":8,"column":25},"end":{"line":8,"column":42}},"6":{"start":{"line":10,"column":19},"end":{"line":10,"column":38}},"7":{"start":{"line":11,"column":27},"end":{"line":11,"column":45}},"8":{"start":{"line":13,"column":8},"end":{"line":26,"column":9}},"9":{"start":{"line":14,"column":10},"end":{"line":18,"column":13}},"10":{"start":{"line":15,"column":12},"end":{"line":17,"column":13}},"11":{"start":{"line":16,"column":14},"end":{"line":16,"column":74}},"12":{"start":{"line":19,"column":10},"end":{"line":21,"column":13}},"13":{"start":{"line":23,"column":10},"end":{"line":25,"column":13}},"14":{"start":{"line":28,"column":8},"end":{"line":30,"column":11}}},"fnMap":{"0":{"name":"(anonymous_0)","decl":{"start":{"line":3,"column":17},"end":{"line":3,"column":18}},"loc":{"start":{"line":3,"column":36},"end":{"line":34,"column":1}},"line":3},"1":{"name":"(anonymous_1)","decl":{"start":{"line":4,"column":20},"end":{"line":4,"column":21}},"loc":{"start":{"line":4,"column":34},"end":{"line":33,"column":3}},"line":4},"2":{"name":"(anonymous_2)","decl":{"start":{"line":5,"column":39},"end":{"line":5,"column":40}},"loc":{"start":{"line":5,"column":49},"end":{"line":32,"column":5}},"line":5},"3":{"name":"(anonymous_3)","decl":{"start":{"line":14,"column":40},"end":{"line":14,"column":41}},"loc":{"start":{"line":14,"column":55},"end":{"line":18,"column":11}},"line":14}},"branchMap":{"0":{"loc":{"start":{"line":6,"column":6},"end":{"line":31,"column":7}},"type":"if","locations":[{"start":{"line":6,"column":6},"end":{"line":31,"column":7}},{"start":{"line":6,"column":6},"end":{"line":31,"column":7}}],"line":6},"1":{"loc":{"start":{"line":13,"column":8},"end":{"line":26,"column":9}},"type":"if","locations":[{"start":{"line":13,"column":8},"end":{"line":26,"column":9}},{"start":{"line":13,"column":8},"end":{"line":26,"column":9}}],"line":13},"2":{"loc":{"start":{"line":15,"column":12},"end":{"line":17,"column":13}},"type":"if","locations":[{"start":{"line":15,"column":12},"end":{"line":17,"column":13}},{"start":{"line":15,"column":12},"end":{"line":17,"column":13}}],"line":15}},"s":{"0":1,"1":1,"2":3,"3":5,"4":4,"5":4,"6":4,"7":4,"8":4,"9":2,"10":0,"11":0,"12":2,"13":2,"14":1},"f":{"0":1,"1":3,"2":5,"3":0},"b":{"0":[4,1],"1":[2,2],"2":[0,0]},"_coverageSchema":"332fd63041d2c1bcb487cc26dd0d5f7d97098a6c","hash":"c7fd2046a518227e7139387f294182cdbc6e699b"}
,"/Users/andeladeveloper/Desktop/postIt/post-it-app/server/routes/reset_password_route.js": {"path":"/Users/andeladeveloper/Desktop/postIt/post-it-app/server/routes/reset_password_route.js","statementMap":{"0":{"start":{"line":3,"column":0},"end":{"line":19,"column":2}},"1":{"start":{"line":4,"column":2},"end":{"line":18,"column":5}},"2":{"start":{"line":5,"column":18},"end":{"line":5,"column":32}},"3":{"start":{"line":7,"column":4},"end":{"line":17,"column":9}},"4":{"start":{"line":9,"column":8},"end":{"line":11,"column":11}},"5":{"start":{"line":14,"column":8},"end":{"line":16,"column":11}}},"fnMap":{"0":{"name":"(anonymous_0)","decl":{"start":{"line":3,"column":17},"end":{"line":3,"column":18}},"loc":{"start":{"line":3,"column":36},"end":{"line":19,"column":1}},"line":3},"1":{"name":"(anonymous_1)","decl":{"start":{"line":4,"column":35},"end":{"line":4,"column":36}},"loc":{"start":{"line":4,"column":49},"end":{"line":18,"column":3}},"line":4},"2":{"name":"(anonymous_2)","decl":{"start":{"line":8,"column":12},"end":{"line":8,"column":13}},"loc":{"start":{"line":8,"column":18},"end":{"line":12,"column":7}},"line":8},"3":{"name":"(anonymous_3)","decl":{"start":{"line":13,"column":13},"end":{"line":13,"column":14}},"loc":{"start":{"line":13,"column":24},"end":{"line":17,"column":7}},"line":13}},"branchMap":{},"s":{"0":1,"1":1,"2":2,"3":2,"4":1,"5":1},"f":{"0":1,"1":2,"2":1,"3":1},"b":{},"_coverageSchema":"332fd63041d2c1bcb487cc26dd0d5f7d97098a6c","hash":"48cf77f42e212eeb2964fb28a0199fb98bb8d498"}
,"/Users/andeladeveloper/Desktop/postIt/post-it-app/server/routes/send_message_route.js": {"path":"/Users/andeladeveloper/Desktop/postIt/post-it-app/server/routes/send_message_route.js","statementMap":{"0":{"start":{"line":5,"column":0},"end":{"line":52,"column":2}},"1":{"start":{"line":6,"column":2},"end":{"line":51,"column":5}},"2":{"start":{"line":7,"column":4},"end":{"line":50,"column":7}},"3":{"start":{"line":8,"column":6},"end":{"line":49,"column":7}},"4":{"start":{"line":9,"column":27},"end":{"line":9,"column":43}},"5":{"start":{"line":10,"column":24},"end":{"line":10,"column":40}},"6":{"start":{"line":11,"column":30},"end":{"line":11,"column":45}},"7":{"start":{"line":12,"column":30},"end":{"line":12,"column":52}},"8":{"start":{"line":14,"column":19},"end":{"line":14,"column":38}},"9":{"start":{"line":17,"column":30},"end":{"line":18,"column":25}},"10":{"start":{"line":21,"column":8},"end":{"line":25,"column":11}},"11":{"start":{"line":28,"column":35},"end":{"line":28,"column":44}},"12":{"start":{"line":29,"column":8},"end":{"line":33,"column":11}},"13":{"start":{"line":36,"column":8},"end":{"line":40,"column":11}},"14":{"start":{"line":43,"column":8},"end":{"line":43,"column":83}},"15":{"start":{"line":45,"column":8},"end":{"line":48,"column":11}}},"fnMap":{"0":{"name":"(anonymous_0)","decl":{"start":{"line":5,"column":17},"end":{"line":5,"column":18}},"loc":{"start":{"line":5,"column":36},"end":{"line":52,"column":1}},"line":5},"1":{"name":"(anonymous_1)","decl":{"start":{"line":6,"column":23},"end":{"line":6,"column":24}},"loc":{"start":{"line":6,"column":37},"end":{"line":51,"column":3}},"line":6},"2":{"name":"(anonymous_2)","decl":{"start":{"line":7,"column":39},"end":{"line":7,"column":40}},"loc":{"start":{"line":7,"column":49},"end":{"line":50,"column":5}},"line":7}},"branchMap":{"0":{"loc":{"start":{"line":8,"column":6},"end":{"line":49,"column":7}},"type":"if","locations":[{"start":{"line":8,"column":6},"end":{"line":49,"column":7}},{"start":{"line":8,"column":6},"end":{"line":49,"column":7}}],"line":8}},"s":{"0":1,"1":1,"2":2,"3":3,"4":2,"5":2,"6":2,"7":2,"8":2,"9":2,"10":2,"11":2,"12":2,"13":2,"14":1,"15":1},"f":{"0":1,"1":2,"2":3},"b":{"0":[2,1]},"_coverageSchema":"332fd63041d2c1bcb487cc26dd0d5f7d97098a6c","hash":"98107a3d51ceacdb1fe485ce68ac941c04cd6026"}
,"/Users/andeladeveloper/Desktop/postIt/post-it-app/server/routes/sign_out_route.js": {"path":"/Users/andeladeveloper/Desktop/postIt/post-it-app/server/routes/sign_out_route.js","statementMap":{"0":{"start":{"line":3,"column":0},"end":{"line":15,"column":2}},"1":{"start":{"line":4,"column":2},"end":{"line":14,"column":5}},"2":{"start":{"line":5,"column":4},"end":{"line":13,"column":7}},"3":{"start":{"line":6,"column":6},"end":{"line":8,"column":9}},"4":{"start":{"line":10,"column":6},"end":{"line":12,"column":9}}},"fnMap":{"0":{"name":"(anonymous_0)","decl":{"start":{"line":3,"column":17},"end":{"line":3,"column":18}},"loc":{"start":{"line":3,"column":36},"end":{"line":15,"column":1}},"line":3},"1":{"name":"(anonymous_1)","decl":{"start":{"line":4,"column":22},"end":{"line":4,"column":23}},"loc":{"start":{"line":4,"column":36},"end":{"line":14,"column":3}},"line":4},"2":{"name":"(anonymous_2)","decl":{"start":{"line":5,"column":35},"end":{"line":5,"column":36}},"loc":{"start":{"line":5,"column":41},"end":{"line":9,"column":5}},"line":5},"3":{"name":"(anonymous_3)","decl":{"start":{"line":9,"column":13},"end":{"line":9,"column":14}},"loc":{"start":{"line":9,"column":24},"end":{"line":13,"column":5}},"line":9}},"branchMap":{},"s":{"0":1,"1":2,"2":2,"3":1,"4":1},"f":{"0":2,"1":2,"2":1,"3":1},"b":{},"_coverageSchema":"332fd63041d2c1bcb487cc26dd0d5f7d97098a6c","hash":"3f9042cf46fe7c2762709c6357c025e8124eed8b"}
,"/Users/andeladeveloper/Desktop/postIt/post-it-app/server/routes/user_signin_route.js": {"path":"/Users/andeladeveloper/Desktop/postIt/post-it-app/server/routes/user_signin_route.js","statementMap":{"0":{"start":{"line":4,"column":0},"end":{"line":32,"column":2}},"1":{"start":{"line":5,"column":2},"end":{"line":31,"column":5}},"2":{"start":{"line":6,"column":18},"end":{"line":6,"column":32}},"3":{"start":{"line":7,"column":21},"end":{"line":7,"column":38}},"4":{"start":{"line":9,"column":4},"end":{"line":30,"column":5}},"5":{"start":{"line":10,"column":6},"end":{"line":12,"column":9}},"6":{"start":{"line":13,"column":11},"end":{"line":30,"column":5}},"7":{"start":{"line":15,"column":22},"end":{"line":15,"column":81}},"8":{"start":{"line":17,"column":6},"end":{"line":26,"column":9}},"9":{"start":{"line":18,"column":8},"end":{"line":18,"column":37}},"10":{"start":{"line":19,"column":8},"end":{"line":22,"column":11}},"11":{"start":{"line":24,"column":8},"end":{"line":25,"column":88}},"12":{"start":{"line":29,"column":6},"end":{"line":29,"column":72}}},"fnMap":{"0":{"name":"(anonymous_0)","decl":{"start":{"line":4,"column":17},"end":{"line":4,"column":18}},"loc":{"start":{"line":4,"column":36},"end":{"line":32,"column":1}},"line":4},"1":{"name":"(anonymous_1)","decl":{"start":{"line":5,"column":27},"end":{"line":5,"column":28}},"loc":{"start":{"line":5,"column":41},"end":{"line":31,"column":3}},"line":5},"2":{"name":"(anonymous_2)","decl":{"start":{"line":17,"column":19},"end":{"line":17,"column":20}},"loc":{"start":{"line":17,"column":29},"end":{"line":23,"column":7}},"line":17},"3":{"name":"(anonymous_3)","decl":{"start":{"line":23,"column":15},"end":{"line":23,"column":16}},"loc":{"start":{"line":23,"column":21},"end":{"line":26,"column":7}},"line":23}},"branchMap":{"0":{"loc":{"start":{"line":9,"column":4},"end":{"line":30,"column":5}},"type":"if","locations":[{"start":{"line":9,"column":4},"end":{"line":30,"column":5}},{"start":{"line":9,"column":4},"end":{"line":30,"column":5}}],"line":9},"1":{"loc":{"start":{"line":13,"column":11},"end":{"line":30,"column":5}},"type":"if","locations":[{"start":{"line":13,"column":11},"end":{"line":30,"column":5}},{"start":{"line":13,"column":11},"end":{"line":30,"column":5}}],"line":13}},"s":{"0":1,"1":4,"2":4,"3":4,"4":4,"5":1,"6":3,"7":2,"8":2,"9":1,"10":1,"11":1,"12":1},"f":{"0":4,"1":4,"2":1,"3":1},"b":{"0":[1,3],"1":[2,1]},"_coverageSchema":"332fd63041d2c1bcb487cc26dd0d5f7d97098a6c","hash":"be56a5948e26db82e884e4ff07c53db6065f255d"}
,"/Users/andeladeveloper/Desktop/postIt/post-it-app/server/routes/user_signup_route.js": {"path":"/Users/andeladeveloper/Desktop/postIt/post-it-app/server/routes/user_signup_route.js","statementMap":{"0":{"start":{"line":4,"column":0},"end":{"line":51,"column":2}},"1":{"start":{"line":5,"column":2},"end":{"line":50,"column":5}},"2":{"start":{"line":7,"column":21},"end":{"line":7,"column":38}},"3":{"start":{"line":8,"column":18},"end":{"line":8,"column":32}},"4":{"start":{"line":9,"column":21},"end":{"line":9,"column":38}},"5":{"start":{"line":10,"column":24},"end":{"line":10,"column":38}},"6":{"start":{"line":11,"column":15},"end":{"line":11,"column":34}},"7":{"start":{"line":13,"column":4},"end":{"line":49,"column":5}},"8":{"start":{"line":14,"column":6},"end":{"line":16,"column":9}},"9":{"start":{"line":17,"column":11},"end":{"line":49,"column":5}},"10":{"start":{"line":19,"column":6},"end":{"line":43,"column":11}},"11":{"start":{"line":22,"column":10},"end":{"line":24,"column":13}},"12":{"start":{"line":27,"column":10},"end":{"line":31,"column":13}},"13":{"start":{"line":34,"column":10},"end":{"line":39,"column":13}},"14":{"start":{"line":35,"column":12},"end":{"line":38,"column":15}},"15":{"start":{"line":41,"column":31},"end":{"line":41,"column":44}},"16":{"start":{"line":42,"column":10},"end":{"line":42,"column":58}},"17":{"start":{"line":46,"column":6},"end":{"line":48,"column":9}}},"fnMap":{"0":{"name":"(anonymous_0)","decl":{"start":{"line":4,"column":17},"end":{"line":4,"column":18}},"loc":{"start":{"line":4,"column":36},"end":{"line":51,"column":1}},"line":4},"1":{"name":"(anonymous_1)","decl":{"start":{"line":5,"column":27},"end":{"line":5,"column":28}},"loc":{"start":{"line":5,"column":41},"end":{"line":50,"column":3}},"line":5},"2":{"name":"(anonymous_2)","decl":{"start":{"line":20,"column":14},"end":{"line":20,"column":15}},"loc":{"start":{"line":20,"column":24},"end":{"line":40,"column":9}},"line":20},"3":{"name":"(anonymous_3)","decl":{"start":{"line":34,"column":44},"end":{"line":34,"column":45}},"loc":{"start":{"line":34,"column":50},"end":{"line":39,"column":11}},"line":34},"4":{"name":"(anonymous_4)","decl":{"start":{"line":40,"column":17},"end":{"line":40,"column":18}},"loc":{"start":{"line":40,"column":28},"end":{"line":43,"column":9}},"line":40}},"branchMap":{"0":{"loc":{"start":{"line":13,"column":4},"end":{"line":49,"column":5}},"type":"if","locations":[{"start":{"line":13,"column":4},"end":{"line":49,"column":5}},{"start":{"line":13,"column":4},"end":{"line":49,"column":5}}],"line":13},"1":{"loc":{"start":{"line":17,"column":11},"end":{"line":49,"column":5}},"type":"if","locations":[{"start":{"line":17,"column":11},"end":{"line":49,"column":5}},{"start":{"line":17,"column":11},"end":{"line":49,"column":5}}],"line":17},"2":{"loc":{"start":{"line":17,"column":15},"end":{"line":17,"column":35}},"type":"binary-expr","locations":[{"start":{"line":17,"column":15},"end":{"line":17,"column":23}},{"start":{"line":17,"column":27},"end":{"line":17,"column":35}}],"line":17}},"s":{"0":1,"1":3,"2":3,"3":3,"4":3,"5":3,"6":3,"7":3,"8":1,"9":2,"10":1,"11":1,"12":1,"13":1,"14":1,"15":0,"16":0,"17":1},"f":{"0":3,"1":3,"2":1,"3":1,"4":0},"b":{"0":[1,2],"1":[1,1],"2":[2,1]},"_coverageSchema":"332fd63041d2c1bcb487cc26dd0d5f7d97098a6c","hash":"687266f586c06d8f4a51feceba34774460dd83e8"}
,"/Users/andeladeveloper/Desktop/postIt/post-it-app/server/utilities/validate_email.js": {"path":"/Users/andeladeveloper/Desktop/postIt/post-it-app/server/utilities/validate_email.js","statementMap":{"0":{"start":{"line":1,"column":0},"end":{"line":4,"column":2}},"1":{"start":{"line":2,"column":24},"end":{"line":2,"column":174}},"2":{"start":{"line":3,"column":2},"end":{"line":3,"column":35}}},"fnMap":{"0":{"name":"(anonymous_0)","decl":{"start":{"line":1,"column":17},"end":{"line":1,"column":18}},"loc":{"start":{"line":1,"column":28},"end":{"line":4,"column":1}},"line":1}},"branchMap":{},"s":{"0":2,"1":7,"2":7},"f":{"0":7},"b":{},"_coverageSchema":"332fd63041d2c1bcb487cc26dd0d5f7d97098a6c","hash":"24b19ed07d6b3473f7115711f74ccd7e3b2799b7"}
}
