{"/Users/mac/PostIt/post-it-app/client/src/data/PostItActionTypes.js": {"path":"/Users/mac/PostIt/post-it-app/client/src/data/PostItActionTypes.js","statementMap":{"0":{"start":{"line":1,"column":20},"end":{"line":28,"column":1}}},"fnMap":{},"branchMap":{},"s":{"0":59},"f":{},"b":{},"_coverageSchema":"332fd63041d2c1bcb487cc26dd0d5f7d97098a6c","hash":"4ed7c73330813ddb3b97b4289b716d99f7d80c16"}
,"/Users/mac/PostIt/post-it-app/client/src/data/PostItDispatcher.js": {"path":"/Users/mac/PostIt/post-it-app/client/src/data/PostItDispatcher.js","statementMap":{"0":{"start":{"line":16,"column":4},"end":{"line":19,"column":7}},"1":{"start":{"line":28,"column":4},"end":{"line":31,"column":7}},"2":{"start":{"line":35,"column":25},"end":{"line":35,"column":46}},"3":{"start":{"line":36,"column":0},"end":{"line":36,"column":34}}},"fnMap":{"0":{"name":"(anonymous_0)","decl":{"start":{"line":15,"column":2},"end":{"line":15,"column":3}},"loc":{"start":{"line":15,"column":24},"end":{"line":20,"column":3}},"line":15},"1":{"name":"(anonymous_1)","decl":{"start":{"line":27,"column":2},"end":{"line":27,"column":3}},"loc":{"start":{"line":27,"column":26},"end":{"line":32,"column":3}},"line":27}},"branchMap":{},"s":{"0":1,"1":1,"2":27,"3":27},"f":{"0":1,"1":1},"b":{},"_coverageSchema":"332fd63041d2c1bcb487cc26dd0d5f7d97098a6c","hash":"b22abf80c33a208b17389363b69b1e5509449ce2"}
,"/Users/mac/PostIt/post-it-app/client/src/data/models/groupList.js": {"path":"/Users/mac/PostIt/post-it-app/client/src/data/models/groupList.js","statementMap":{"0":{"start":{"line":3,"column":17},"end":{"line":3,"column":30}}},"fnMap":{},"branchMap":{},"s":{"0":25},"f":{},"b":{},"_coverageSchema":"332fd63041d2c1bcb487cc26dd0d5f7d97098a6c","hash":"b0c5c311a3f7b18a5263767bcc8e35ca2230c337"}
,"/Users/mac/PostIt/post-it-app/client/src/data/postItActions/addUserGroup.js": {"path":"/Users/mac/PostIt/post-it-app/client/src/data/postItActions/addUserGroup.js","statementMap":{"0":{"start":{"line":11,"column":15},"end":{"line":11,"column":29}},"1":{"start":{"line":12,"column":18},"end":{"line":12,"column":33}},"2":{"start":{"line":14,"column":2},"end":{"line":14,"column":20}},"3":{"start":{"line":15,"column":2},"end":{"line":15,"column":23}},"4":{"start":{"line":17,"column":2},"end":{"line":17,"column":41}},"5":{"start":{"line":18,"column":2},"end":{"line":37,"column":5}},"6":{"start":{"line":24,"column":4},"end":{"line":36,"column":5}},"7":{"start":{"line":25,"column":6},"end":{"line":25,"column":25}},"8":{"start":{"line":26,"column":6},"end":{"line":28,"column":9}},"9":{"start":{"line":30,"column":6},"end":{"line":30,"column":26}},"10":{"start":{"line":31,"column":6},"end":{"line":35,"column":9}}},"fnMap":{"0":{"name":"(anonymous_0)","decl":{"start":{"line":10,"column":15},"end":{"line":10,"column":16}},"loc":{"start":{"line":10,"column":28},"end":{"line":38,"column":1}},"line":10},"1":{"name":"(anonymous_1)","decl":{"start":{"line":23,"column":7},"end":{"line":23,"column":8}},"loc":{"start":{"line":23,"column":26},"end":{"line":37,"column":3}},"line":23}},"branchMap":{"0":{"loc":{"start":{"line":24,"column":4},"end":{"line":36,"column":5}},"type":"if","locations":[{"start":{"line":24,"column":4},"end":{"line":36,"column":5}},{"start":{"line":24,"column":4},"end":{"line":36,"column":5}}],"line":24}},"s":{"0":2,"1":2,"2":2,"3":2,"4":2,"5":2,"6":2,"7":1,"8":1,"9":1,"10":1},"f":{"0":2,"1":2},"b":{"0":[1,1]},"_coverageSchema":"332fd63041d2c1bcb487cc26dd0d5f7d97098a6c","hash":"93ca09c9aff09d1e1d98ed21a7b8e9ecb5ef2619"}
,"/Users/mac/PostIt/post-it-app/client/src/data/postItActions/getAllUsersAction.js": {"path":"/Users/mac/PostIt/post-it-app/client/src/data/postItActions/getAllUsersAction.js","statementMap":{"0":{"start":{"line":12,"column":2},"end":{"line":21,"column":5}},"1":{"start":{"line":16,"column":4},"end":{"line":20,"column":5}},"2":{"start":{"line":17,"column":6},"end":{"line":17,"column":25}},"3":{"start":{"line":19,"column":6},"end":{"line":19,"column":26}}},"fnMap":{"0":{"name":"(anonymous_0)","decl":{"start":{"line":11,"column":15},"end":{"line":11,"column":16}},"loc":{"start":{"line":11,"column":28},"end":{"line":22,"column":1}},"line":11},"1":{"name":"(anonymous_1)","decl":{"start":{"line":15,"column":7},"end":{"line":15,"column":8}},"loc":{"start":{"line":15,"column":26},"end":{"line":21,"column":3}},"line":15}},"branchMap":{"0":{"loc":{"start":{"line":16,"column":4},"end":{"line":20,"column":5}},"type":"if","locations":[{"start":{"line":16,"column":4},"end":{"line":20,"column":5}},{"start":{"line":16,"column":4},"end":{"line":20,"column":5}}],"line":16}},"s":{"0":4,"1":4,"2":0,"3":4},"f":{"0":4,"1":4},"b":{"0":[0,4]},"_coverageSchema":"332fd63041d2c1bcb487cc26dd0d5f7d97098a6c","hash":"b4cac6c0020a9a7e852edb278132818548284bd3"}
,"/Users/mac/PostIt/post-it-app/client/src/data/postItActions/getMessagesAction.js": {"path":"/Users/mac/PostIt/post-it-app/client/src/data/postItActions/getMessagesAction.js","statementMap":{"0":{"start":{"line":9,"column":2},"end":{"line":9,"column":44}},"1":{"start":{"line":10,"column":2},"end":{"line":19,"column":7}},"2":{"start":{"line":14,"column":6},"end":{"line":18,"column":7}},"3":{"start":{"line":15,"column":8},"end":{"line":15,"column":27}},"4":{"start":{"line":17,"column":8},"end":{"line":17,"column":28}}},"fnMap":{"0":{"name":"(anonymous_0)","decl":{"start":{"line":8,"column":15},"end":{"line":8,"column":16}},"loc":{"start":{"line":8,"column":28},"end":{"line":20,"column":1}},"line":8},"1":{"name":"(anonymous_1)","decl":{"start":{"line":13,"column":9},"end":{"line":13,"column":10}},"loc":{"start":{"line":13,"column":28},"end":{"line":19,"column":5}},"line":13}},"branchMap":{"0":{"loc":{"start":{"line":14,"column":6},"end":{"line":18,"column":7}},"type":"if","locations":[{"start":{"line":14,"column":6},"end":{"line":18,"column":7}},{"start":{"line":14,"column":6},"end":{"line":18,"column":7}}],"line":14}},"s":{"0":0,"1":0,"2":0,"3":0,"4":0},"f":{"0":0,"1":0},"b":{"0":[0,0]},"_coverageSchema":"332fd63041d2c1bcb487cc26dd0d5f7d97098a6c","hash":"cb3337681097bd81a9959475fa735f2a578135d1"}
,"/Users/mac/PostIt/post-it-app/client/src/data/postItActions/googleSignInAction.js": {"path":"/Users/mac/PostIt/post-it-app/client/src/data/postItActions/googleSignInAction.js","statementMap":{"0":{"start":{"line":14,"column":2},"end":{"line":14,"column":46}},"1":{"start":{"line":15,"column":2},"end":{"line":32,"column":5}},"2":{"start":{"line":19,"column":4},"end":{"line":19,"column":53}},"3":{"start":{"line":20,"column":4},"end":{"line":31,"column":5}},"4":{"start":{"line":21,"column":6},"end":{"line":21,"column":25}},"5":{"start":{"line":22,"column":6},"end":{"line":24,"column":9}},"6":{"start":{"line":26,"column":23},"end":{"line":26,"column":45}},"7":{"start":{"line":27,"column":6},"end":{"line":30,"column":9}}},"fnMap":{"0":{"name":"GoogleSignInAction","decl":{"start":{"line":13,"column":24},"end":{"line":13,"column":42}},"loc":{"start":{"line":13,"column":52},"end":{"line":33,"column":1}},"line":13},"1":{"name":"(anonymous_1)","decl":{"start":{"line":18,"column":7},"end":{"line":18,"column":8}},"loc":{"start":{"line":18,"column":26},"end":{"line":32,"column":3}},"line":18}},"branchMap":{"0":{"loc":{"start":{"line":20,"column":4},"end":{"line":31,"column":5}},"type":"if","locations":[{"start":{"line":20,"column":4},"end":{"line":31,"column":5}},{"start":{"line":20,"column":4},"end":{"line":31,"column":5}}],"line":20}},"s":{"0":2,"1":2,"2":2,"3":2,"4":1,"5":1,"6":1,"7":1},"f":{"0":2,"1":2},"b":{"0":[1,1]},"_coverageSchema":"332fd63041d2c1bcb487cc26dd0d5f7d97098a6c","hash":"49e36dfc431b1a523f4b0fd8a7b9b531def333f0"}
,"/Users/mac/PostIt/post-it-app/client/src/data/postItActions/groupActions.js": {"path":"/Users/mac/PostIt/post-it-app/client/src/data/postItActions/groupActions.js","statementMap":{"0":{"start":{"line":12,"column":2},"end":{"line":15,"column":5}},"1":{"start":{"line":23,"column":2},"end":{"line":26,"column":5}},"2":{"start":{"line":34,"column":2},"end":{"line":34,"column":37}},"3":{"start":{"line":35,"column":2},"end":{"line":47,"column":5}},"4":{"start":{"line":38,"column":4},"end":{"line":46,"column":5}},"5":{"start":{"line":40,"column":6},"end":{"line":43,"column":9}},"6":{"start":{"line":45,"column":6},"end":{"line":45,"column":26}},"7":{"start":{"line":56,"column":2},"end":{"line":56,"column":42}},"8":{"start":{"line":57,"column":2},"end":{"line":69,"column":5}},"9":{"start":{"line":61,"column":4},"end":{"line":68,"column":5}},"10":{"start":{"line":62,"column":6},"end":{"line":62,"column":25}},"11":{"start":{"line":65,"column":6},"end":{"line":65,"column":26}},"12":{"start":{"line":66,"column":23},"end":{"line":66,"column":40}},"13":{"start":{"line":67,"column":6},"end":{"line":67,"column":30}}},"fnMap":{"0":{"name":"recieveGroups","decl":{"start":{"line":11,"column":16},"end":{"line":11,"column":29}},"loc":{"start":{"line":11,"column":35},"end":{"line":16,"column":1}},"line":11},"1":{"name":"addGroup","decl":{"start":{"line":22,"column":16},"end":{"line":22,"column":24}},"loc":{"start":{"line":22,"column":31},"end":{"line":27,"column":1}},"line":22},"2":{"name":"getGroups","decl":{"start":{"line":33,"column":16},"end":{"line":33,"column":25}},"loc":{"start":{"line":33,"column":28},"end":{"line":48,"column":1}},"line":33},"3":{"name":"(anonymous_3)","decl":{"start":{"line":37,"column":7},"end":{"line":37,"column":8}},"loc":{"start":{"line":37,"column":26},"end":{"line":47,"column":3}},"line":37},"4":{"name":"addGroupApi","decl":{"start":{"line":55,"column":16},"end":{"line":55,"column":27}},"loc":{"start":{"line":55,"column":39},"end":{"line":70,"column":1}},"line":55},"5":{"name":"(anonymous_5)","decl":{"start":{"line":60,"column":7},"end":{"line":60,"column":8}},"loc":{"start":{"line":60,"column":26},"end":{"line":69,"column":3}},"line":60}},"branchMap":{"0":{"loc":{"start":{"line":38,"column":4},"end":{"line":46,"column":5}},"type":"if","locations":[{"start":{"line":38,"column":4},"end":{"line":46,"column":5}},{"start":{"line":38,"column":4},"end":{"line":46,"column":5}}],"line":38},"1":{"loc":{"start":{"line":61,"column":4},"end":{"line":68,"column":5}},"type":"if","locations":[{"start":{"line":61,"column":4},"end":{"line":68,"column":5}},{"start":{"line":61,"column":4},"end":{"line":68,"column":5}}],"line":61}},"s":{"0":2,"1":1,"2":6,"3":6,"4":6,"5":1,"6":5,"7":1,"8":1,"9":1,"10":0,"11":1,"12":1,"13":1},"f":{"0":2,"1":1,"2":6,"3":6,"4":1,"5":1},"b":{"0":[1,5],"1":[0,1]},"_coverageSchema":"332fd63041d2c1bcb487cc26dd0d5f7d97098a6c","hash":"624c24214704e4f8866153f6626ce0f80969a26a"}
,"/Users/mac/PostIt/post-it-app/client/src/data/postItActions/readMessagesAction.js": {"path":"/Users/mac/PostIt/post-it-app/client/src/data/postItActions/readMessagesAction.js","statementMap":{"0":{"start":{"line":14,"column":2},"end":{"line":16,"column":4}},"1":{"start":{"line":17,"column":2},"end":{"line":34,"column":5}},"2":{"start":{"line":21,"column":4},"end":{"line":33,"column":5}},"3":{"start":{"line":22,"column":6},"end":{"line":22,"column":25}},"4":{"start":{"line":23,"column":6},"end":{"line":25,"column":9}},"5":{"start":{"line":27,"column":6},"end":{"line":27,"column":26}},"6":{"start":{"line":28,"column":6},"end":{"line":28,"column":46}},"7":{"start":{"line":29,"column":6},"end":{"line":32,"column":9}}},"fnMap":{"0":{"name":"(anonymous_0)","decl":{"start":{"line":13,"column":15},"end":{"line":13,"column":16}},"loc":{"start":{"line":13,"column":38},"end":{"line":35,"column":1}},"line":13},"1":{"name":"(anonymous_1)","decl":{"start":{"line":20,"column":7},"end":{"line":20,"column":8}},"loc":{"start":{"line":20,"column":26},"end":{"line":34,"column":3}},"line":20}},"branchMap":{"0":{"loc":{"start":{"line":21,"column":4},"end":{"line":33,"column":5}},"type":"if","locations":[{"start":{"line":21,"column":4},"end":{"line":33,"column":5}},{"start":{"line":21,"column":4},"end":{"line":33,"column":5}}],"line":21}},"s":{"0":2,"1":2,"2":2,"3":1,"4":1,"5":1,"6":1,"7":1},"f":{"0":2,"1":2},"b":{"0":[1,1]},"_coverageSchema":"332fd63041d2c1bcb487cc26dd0d5f7d97098a6c","hash":"33a30626a4dbb6f251d71097d584d474722d603e"}
,"/Users/mac/PostIt/post-it-app/client/src/data/postItActions/registerUserAction.js": {"path":"/Users/mac/PostIt/post-it-app/client/src/data/postItActions/registerUserAction.js","statementMap":{"0":{"start":{"line":14,"column":2},"end":{"line":14,"column":41}},"1":{"start":{"line":15,"column":2},"end":{"line":31,"column":5}},"2":{"start":{"line":19,"column":4},"end":{"line":30,"column":5}},"3":{"start":{"line":20,"column":6},"end":{"line":23,"column":9}},"4":{"start":{"line":25,"column":23},"end":{"line":25,"column":43}},"5":{"start":{"line":26,"column":6},"end":{"line":29,"column":9}}},"fnMap":{"0":{"name":"(anonymous_0)","decl":{"start":{"line":13,"column":15},"end":{"line":13,"column":16}},"loc":{"start":{"line":13,"column":35},"end":{"line":32,"column":1}},"line":13},"1":{"name":"(anonymous_1)","decl":{"start":{"line":18,"column":7},"end":{"line":18,"column":8}},"loc":{"start":{"line":18,"column":26},"end":{"line":31,"column":3}},"line":18}},"branchMap":{"0":{"loc":{"start":{"line":19,"column":4},"end":{"line":30,"column":5}},"type":"if","locations":[{"start":{"line":19,"column":4},"end":{"line":30,"column":5}},{"start":{"line":19,"column":4},"end":{"line":30,"column":5}}],"line":19}},"s":{"0":2,"1":2,"2":2,"3":1,"4":1,"5":1},"f":{"0":2,"1":2},"b":{"0":[1,1]},"_coverageSchema":"332fd63041d2c1bcb487cc26dd0d5f7d97098a6c","hash":"932e66899461f666769ed33cee96d06c806416de"}
,"/Users/mac/PostIt/post-it-app/client/src/data/postItActions/resetPasswordAction.js": {"path":"/Users/mac/PostIt/post-it-app/client/src/data/postItActions/resetPasswordAction.js","statementMap":{"0":{"start":{"line":14,"column":2},"end":{"line":14,"column":46}},"1":{"start":{"line":15,"column":2},"end":{"line":31,"column":5}},"2":{"start":{"line":19,"column":4},"end":{"line":19,"column":46}},"3":{"start":{"line":20,"column":4},"end":{"line":30,"column":5}},"4":{"start":{"line":21,"column":6},"end":{"line":21,"column":25}},"5":{"start":{"line":22,"column":6},"end":{"line":24,"column":9}},"6":{"start":{"line":26,"column":6},"end":{"line":26,"column":26}},"7":{"start":{"line":27,"column":6},"end":{"line":29,"column":9}}},"fnMap":{"0":{"name":"ResetPassword","decl":{"start":{"line":13,"column":24},"end":{"line":13,"column":37}},"loc":{"start":{"line":13,"column":45},"end":{"line":32,"column":1}},"line":13},"1":{"name":"(anonymous_1)","decl":{"start":{"line":18,"column":7},"end":{"line":18,"column":8}},"loc":{"start":{"line":18,"column":26},"end":{"line":31,"column":3}},"line":18}},"branchMap":{"0":{"loc":{"start":{"line":20,"column":4},"end":{"line":30,"column":5}},"type":"if","locations":[{"start":{"line":20,"column":4},"end":{"line":30,"column":5}},{"start":{"line":20,"column":4},"end":{"line":30,"column":5}}],"line":20}},"s":{"0":2,"1":2,"2":2,"3":2,"4":1,"5":1,"6":1,"7":1},"f":{"0":2,"1":2},"b":{"0":[1,1]},"_coverageSchema":"332fd63041d2c1bcb487cc26dd0d5f7d97098a6c","hash":"3b15627df688c54a17db8d0d0483ae72658b9a40"}
,"/Users/mac/PostIt/post-it-app/client/src/data/postItActions/sendMessageAction.js": {"path":"/Users/mac/PostIt/post-it-app/client/src/data/postItActions/sendMessageAction.js","statementMap":{"0":{"start":{"line":12,"column":2},"end":{"line":12,"column":45}},"1":{"start":{"line":13,"column":2},"end":{"line":33,"column":5}},"2":{"start":{"line":17,"column":4},"end":{"line":32,"column":5}},"3":{"start":{"line":18,"column":6},"end":{"line":18,"column":25}},"4":{"start":{"line":19,"column":6},"end":{"line":21,"column":9}},"5":{"start":{"line":23,"column":25},"end":{"line":23,"column":47}},"6":{"start":{"line":24,"column":22},"end":{"line":24,"column":36}},"7":{"start":{"line":25,"column":6},"end":{"line":30,"column":9}},"8":{"start":{"line":31,"column":6},"end":{"line":31,"column":26}}},"fnMap":{"0":{"name":"(anonymous_0)","decl":{"start":{"line":11,"column":15},"end":{"line":11,"column":16}},"loc":{"start":{"line":11,"column":35},"end":{"line":34,"column":1}},"line":11},"1":{"name":"(anonymous_1)","decl":{"start":{"line":16,"column":7},"end":{"line":16,"column":8}},"loc":{"start":{"line":16,"column":26},"end":{"line":33,"column":3}},"line":16}},"branchMap":{"0":{"loc":{"start":{"line":17,"column":4},"end":{"line":32,"column":5}},"type":"if","locations":[{"start":{"line":17,"column":4},"end":{"line":32,"column":5}},{"start":{"line":17,"column":4},"end":{"line":32,"column":5}}],"line":17}},"s":{"0":2,"1":2,"2":2,"3":1,"4":1,"5":1,"6":1,"7":1,"8":1},"f":{"0":2,"1":2},"b":{"0":[1,1]},"_coverageSchema":"332fd63041d2c1bcb487cc26dd0d5f7d97098a6c","hash":"05c1d75d8547624681480346973dc56f45880ae1"}
,"/Users/mac/PostIt/post-it-app/client/src/data/postItActions/signOutAction.js": {"path":"/Users/mac/PostIt/post-it-app/client/src/data/postItActions/signOutAction.js","statementMap":{"0":{"start":{"line":7,"column":2},"end":{"line":19,"column":5}},"1":{"start":{"line":10,"column":4},"end":{"line":18,"column":5}},"2":{"start":{"line":11,"column":6},"end":{"line":13,"column":9}},"3":{"start":{"line":15,"column":6},"end":{"line":17,"column":9}}},"fnMap":{"0":{"name":"(anonymous_0)","decl":{"start":{"line":6,"column":15},"end":{"line":6,"column":16}},"loc":{"start":{"line":6,"column":21},"end":{"line":20,"column":1}},"line":6},"1":{"name":"(anonymous_1)","decl":{"start":{"line":9,"column":7},"end":{"line":9,"column":8}},"loc":{"start":{"line":9,"column":26},"end":{"line":19,"column":3}},"line":9}},"branchMap":{"0":{"loc":{"start":{"line":10,"column":4},"end":{"line":18,"column":5}},"type":"if","locations":[{"start":{"line":10,"column":4},"end":{"line":18,"column":5}},{"start":{"line":10,"column":4},"end":{"line":18,"column":5}}],"line":10}},"s":{"0":2,"1":2,"2":1,"3":1},"f":{"0":2,"1":2},"b":{"0":[1,1]},"_coverageSchema":"332fd63041d2c1bcb487cc26dd0d5f7d97098a6c","hash":"725fa0543020792a48117e94798826ab9dc274c3"}
,"/Users/mac/PostIt/post-it-app/client/src/data/postItActions/userSignInAction.js": {"path":"/Users/mac/PostIt/post-it-app/client/src/data/postItActions/userSignInAction.js","statementMap":{"0":{"start":{"line":14,"column":2},"end":{"line":14,"column":46}},"1":{"start":{"line":15,"column":2},"end":{"line":32,"column":5}},"2":{"start":{"line":19,"column":4},"end":{"line":19,"column":46}},"3":{"start":{"line":20,"column":4},"end":{"line":31,"column":5}},"4":{"start":{"line":21,"column":6},"end":{"line":24,"column":9}},"5":{"start":{"line":26,"column":23},"end":{"line":26,"column":43}},"6":{"start":{"line":27,"column":6},"end":{"line":30,"column":9}}},"fnMap":{"0":{"name":"SignInAction","decl":{"start":{"line":13,"column":24},"end":{"line":13,"column":36}},"loc":{"start":{"line":13,"column":50},"end":{"line":33,"column":1}},"line":13},"1":{"name":"(anonymous_1)","decl":{"start":{"line":18,"column":7},"end":{"line":18,"column":8}},"loc":{"start":{"line":18,"column":26},"end":{"line":32,"column":3}},"line":18}},"branchMap":{"0":{"loc":{"start":{"line":20,"column":4},"end":{"line":31,"column":5}},"type":"if","locations":[{"start":{"line":20,"column":4},"end":{"line":31,"column":5}},{"start":{"line":20,"column":4},"end":{"line":31,"column":5}}],"line":20}},"s":{"0":2,"1":2,"2":2,"3":2,"4":1,"5":1,"6":1},"f":{"0":2,"1":2},"b":{"0":[1,1]},"_coverageSchema":"332fd63041d2c1bcb487cc26dd0d5f7d97098a6c","hash":"1640be77abdf368c4898c58db79bc49ff019ff52"}
,"/Users/mac/PostIt/post-it-app/client/src/data/postItStores/PostItAllUsersStore.js": {"path":"/Users/mac/PostIt/post-it-app/client/src/data/postItStores/PostItAllUsersStore.js","statementMap":{"0":{"start":{"line":7,"column":21},"end":{"line":7,"column":29}},"1":{"start":{"line":9,"column":12},"end":{"line":9,"column":26}},"2":{"start":{"line":12,"column":20},"end":{"line":15,"column":1}},"3":{"start":{"line":13,"column":2},"end":{"line":13,"column":27}},"4":{"start":{"line":14,"column":2},"end":{"line":14,"column":35}},"5":{"start":{"line":30,"column":4},"end":{"line":30,"column":42}},"6":{"start":{"line":41,"column":4},"end":{"line":41,"column":54}},"7":{"start":{"line":51,"column":4},"end":{"line":51,"column":34}},"8":{"start":{"line":52,"column":4},"end":{"line":52,"column":31}},"9":{"start":{"line":53,"column":4},"end":{"line":53,"column":36}},"10":{"start":{"line":54,"column":4},"end":{"line":54,"column":30}},"11":{"start":{"line":58,"column":21},"end":{"line":58,"column":45}},"12":{"start":{"line":60,"column":0},"end":{"line":114,"column":3}},"13":{"start":{"line":61,"column":17},"end":{"line":61,"column":31}},"14":{"start":{"line":63,"column":2},"end":{"line":113,"column":3}},"15":{"start":{"line":65,"column":4},"end":{"line":65,"column":47}},"16":{"start":{"line":66,"column":4},"end":{"line":66,"column":24}},"17":{"start":{"line":67,"column":4},"end":{"line":67,"column":10}},"18":{"start":{"line":71,"column":20},"end":{"line":71,"column":29}},"19":{"start":{"line":72,"column":21},"end":{"line":72,"column":33}},"20":{"start":{"line":74,"column":24},"end":{"line":74,"column":42}},"21":{"start":{"line":75,"column":4},"end":{"line":84,"column":5}},"22":{"start":{"line":76,"column":6},"end":{"line":76,"column":61}},"23":{"start":{"line":77,"column":25},"end":{"line":77,"column":34}},"24":{"start":{"line":78,"column":6},"end":{"line":78,"column":45}},"25":{"start":{"line":79,"column":6},"end":{"line":79,"column":30}},"26":{"start":{"line":81,"column":25},"end":{"line":81,"column":34}},"27":{"start":{"line":82,"column":6},"end":{"line":82,"column":54}},"28":{"start":{"line":83,"column":6},"end":{"line":83,"column":30}},"29":{"start":{"line":85,"column":4},"end":{"line":85,"column":23}},"30":{"start":{"line":86,"column":4},"end":{"line":86,"column":31}},"31":{"start":{"line":87,"column":4},"end":{"line":87,"column":10}},"32":{"start":{"line":91,"column":4},"end":{"line":91,"column":46}},"33":{"start":{"line":92,"column":19},"end":{"line":92,"column":28}},"34":{"start":{"line":93,"column":20},"end":{"line":93,"column":34}},"35":{"start":{"line":95,"column":4},"end":{"line":95,"column":68}},"36":{"start":{"line":96,"column":24},"end":{"line":96,"column":42}},"37":{"start":{"line":97,"column":4},"end":{"line":105,"column":5}},"38":{"start":{"line":99,"column":6},"end":{"line":99,"column":51}},"39":{"start":{"line":101,"column":34},"end":{"line":101,"column":43}},"40":{"start":{"line":102,"column":6},"end":{"line":102,"column":54}},"41":{"start":{"line":103,"column":6},"end":{"line":103,"column":39}},"42":{"start":{"line":104,"column":6},"end":{"line":104,"column":33}},"43":{"start":{"line":107,"column":4},"end":{"line":107,"column":10}},"44":{"start":{"line":111,"column":4},"end":{"line":111,"column":16}},"45":{"start":{"line":116,"column":0},"end":{"line":116,"column":30}}},"fnMap":{"0":{"name":"(anonymous_0)","decl":{"start":{"line":12,"column":20},"end":{"line":12,"column":21}},"loc":{"start":{"line":12,"column":37},"end":{"line":15,"column":1}},"line":12},"1":{"name":"(anonymous_1)","decl":{"start":{"line":29,"column":2},"end":{"line":29,"column":3}},"loc":{"start":{"line":29,"column":50},"end":{"line":31,"column":3}},"line":29},"2":{"name":"(anonymous_2)","decl":{"start":{"line":40,"column":2},"end":{"line":40,"column":3}},"loc":{"start":{"line":40,"column":53},"end":{"line":42,"column":3}},"line":40},"3":{"name":"(anonymous_3)","decl":{"start":{"line":50,"column":2},"end":{"line":50,"column":3}},"loc":{"start":{"line":50,"column":20},"end":{"line":55,"column":3}},"line":50},"4":{"name":"(anonymous_4)","decl":{"start":{"line":60,"column":26},"end":{"line":60,"column":27}},"loc":{"start":{"line":60,"column":39},"end":{"line":114,"column":1}},"line":60}},"branchMap":{"0":{"loc":{"start":{"line":63,"column":2},"end":{"line":113,"column":3}},"type":"switch","locations":[{"start":{"line":64,"column":2},"end":{"line":68,"column":3}},{"start":{"line":70,"column":2},"end":{"line":88,"column":3}},{"start":{"line":90,"column":2},"end":{"line":108,"column":3}},{"start":{"line":110,"column":2},"end":{"line":112,"column":3}}],"line":63},"1":{"loc":{"start":{"line":75,"column":4},"end":{"line":84,"column":5}},"type":"if","locations":[{"start":{"line":75,"column":4},"end":{"line":84,"column":5}},{"start":{"line":75,"column":4},"end":{"line":84,"column":5}}],"line":75},"2":{"loc":{"start":{"line":97,"column":4},"end":{"line":105,"column":5}},"type":"if","locations":[{"start":{"line":97,"column":4},"end":{"line":105,"column":5}},{"start":{"line":97,"column":4},"end":{"line":105,"column":5}}],"line":97}},"s":{"0":10,"1":10,"2":10,"3":1,"4":1,"5":1,"6":1,"7":2,"8":2,"9":2,"10":2,"11":10,"12":10,"13":2,"14":2,"15":1,"16":1,"17":1,"18":1,"19":1,"20":1,"21":1,"22":0,"23":0,"24":0,"25":0,"26":1,"27":1,"28":1,"29":1,"30":1,"31":1,"32":0,"33":0,"34":0,"35":0,"36":0,"37":0,"38":0,"39":0,"40":0,"41":0,"42":0,"43":0,"44":0,"45":10},"f":{"0":1,"1":1,"2":1,"3":2,"4":2},"b":{"0":[1,1,0,0],"1":[0,1],"2":[0,0]},"_coverageSchema":"332fd63041d2c1bcb487cc26dd0d5f7d97098a6c","hash":"4bf47e7f154b2bc9ea0f005d32168d561c697832"}
,"/Users/mac/PostIt/post-it-app/client/src/data/postItStores/PostItErrorStore.js": {"path":"/Users/mac/PostIt/post-it-app/client/src/data/postItStores/PostItErrorStore.js","statementMap":{"0":{"start":{"line":5,"column":21},"end":{"line":5,"column":29}},"1":{"start":{"line":22,"column":4},"end":{"line":22,"column":36}},"2":{"start":{"line":32,"column":4},"end":{"line":32,"column":48}},"3":{"start":{"line":40,"column":4},"end":{"line":40,"column":22}},"4":{"start":{"line":48,"column":4},"end":{"line":48,"column":25}},"5":{"start":{"line":52,"column":19},"end":{"line":52,"column":41}},"6":{"start":{"line":54,"column":0},"end":{"line":76,"column":3}},"7":{"start":{"line":55,"column":17},"end":{"line":55,"column":31}},"8":{"start":{"line":57,"column":2},"end":{"line":75,"column":3}},"9":{"start":{"line":59,"column":4},"end":{"line":59,"column":37}},"10":{"start":{"line":60,"column":4},"end":{"line":60,"column":30}},"11":{"start":{"line":61,"column":4},"end":{"line":61,"column":34}},"12":{"start":{"line":62,"column":4},"end":{"line":62,"column":10}},"13":{"start":{"line":66,"column":4},"end":{"line":66,"column":40}},"14":{"start":{"line":67,"column":4},"end":{"line":67,"column":27}},"15":{"start":{"line":68,"column":4},"end":{"line":68,"column":34}},"16":{"start":{"line":69,"column":4},"end":{"line":69,"column":10}},"17":{"start":{"line":73,"column":4},"end":{"line":73,"column":16}},"18":{"start":{"line":78,"column":0},"end":{"line":78,"column":28}}},"fnMap":{"0":{"name":"(anonymous_0)","decl":{"start":{"line":21,"column":2},"end":{"line":21,"column":3}},"loc":{"start":{"line":21,"column":30},"end":{"line":23,"column":3}},"line":21},"1":{"name":"(anonymous_1)","decl":{"start":{"line":31,"column":2},"end":{"line":31,"column":3}},"loc":{"start":{"line":31,"column":33},"end":{"line":33,"column":3}},"line":31},"2":{"name":"(anonymous_2)","decl":{"start":{"line":39,"column":2},"end":{"line":39,"column":3}},"loc":{"start":{"line":39,"column":18},"end":{"line":41,"column":3}},"line":39},"3":{"name":"(anonymous_3)","decl":{"start":{"line":47,"column":2},"end":{"line":47,"column":3}},"loc":{"start":{"line":47,"column":21},"end":{"line":49,"column":3}},"line":47},"4":{"name":"(anonymous_4)","decl":{"start":{"line":54,"column":26},"end":{"line":54,"column":27}},"loc":{"start":{"line":54,"column":39},"end":{"line":76,"column":1}},"line":54}},"branchMap":{"0":{"loc":{"start":{"line":57,"column":2},"end":{"line":75,"column":3}},"type":"switch","locations":[{"start":{"line":58,"column":2},"end":{"line":63,"column":3}},{"start":{"line":65,"column":2},"end":{"line":70,"column":3}},{"start":{"line":72,"column":2},"end":{"line":74,"column":3}}],"line":57}},"s":{"0":12,"1":20,"2":1,"3":1,"4":1,"5":12,"6":12,"7":4,"8":4,"9":2,"10":2,"11":2,"12":2,"13":2,"14":2,"15":2,"16":2,"17":0,"18":12},"f":{"0":20,"1":1,"2":1,"3":1,"4":4},"b":{"0":[2,2,0]},"_coverageSchema":"332fd63041d2c1bcb487cc26dd0d5f7d97098a6c","hash":"5995e74adb41f875a3fdec80a96f57810f87ba46"}
,"/Users/mac/PostIt/post-it-app/client/src/data/postItStores/PostItGroupStore.js": {"path":"/Users/mac/PostIt/post-it-app/client/src/data/postItStores/PostItGroupStore.js","statementMap":{"0":{"start":{"line":7,"column":21},"end":{"line":7,"column":29}},"1":{"start":{"line":10,"column":13},"end":{"line":10,"column":28}},"2":{"start":{"line":13,"column":21},"end":{"line":16,"column":1}},"3":{"start":{"line":14,"column":2},"end":{"line":14,"column":28}},"4":{"start":{"line":15,"column":2},"end":{"line":15,"column":38}},"5":{"start":{"line":32,"column":4},"end":{"line":32,"column":36}},"6":{"start":{"line":42,"column":4},"end":{"line":42,"column":48}},"7":{"start":{"line":51,"column":4},"end":{"line":51,"column":35}},"8":{"start":{"line":52,"column":4},"end":{"line":52,"column":31}},"9":{"start":{"line":53,"column":4},"end":{"line":53,"column":24}},"10":{"start":{"line":54,"column":4},"end":{"line":54,"column":18}},"11":{"start":{"line":64,"column":4},"end":{"line":64,"column":31}},"12":{"start":{"line":69,"column":19},"end":{"line":69,"column":41}},"13":{"start":{"line":71,"column":0},"end":{"line":102,"column":3}},"14":{"start":{"line":72,"column":17},"end":{"line":72,"column":31}},"15":{"start":{"line":73,"column":17},"end":{"line":73,"column":31}},"16":{"start":{"line":75,"column":2},"end":{"line":101,"column":3}},"17":{"start":{"line":77,"column":4},"end":{"line":80,"column":5}},"18":{"start":{"line":79,"column":6},"end":{"line":79,"column":18}},"19":{"start":{"line":81,"column":4},"end":{"line":81,"column":10}},"20":{"start":{"line":85,"column":4},"end":{"line":85,"column":34}},"21":{"start":{"line":86,"column":4},"end":{"line":86,"column":10}},"22":{"start":{"line":90,"column":4},"end":{"line":90,"column":50}},"23":{"start":{"line":91,"column":4},"end":{"line":91,"column":35}},"24":{"start":{"line":92,"column":21},"end":{"line":92,"column":47}},"25":{"start":{"line":93,"column":4},"end":{"line":93,"column":27}},"26":{"start":{"line":94,"column":4},"end":{"line":94,"column":34}},"27":{"start":{"line":95,"column":4},"end":{"line":95,"column":10}},"28":{"start":{"line":98,"column":4},"end":{"line":98,"column":16}},"29":{"start":{"line":104,"column":0},"end":{"line":104,"column":28}}},"fnMap":{"0":{"name":"(anonymous_0)","decl":{"start":{"line":13,"column":21},"end":{"line":13,"column":22}},"loc":{"start":{"line":13,"column":39},"end":{"line":16,"column":1}},"line":13},"1":{"name":"(anonymous_1)","decl":{"start":{"line":31,"column":2},"end":{"line":31,"column":3}},"loc":{"start":{"line":31,"column":30},"end":{"line":33,"column":3}},"line":31},"2":{"name":"(anonymous_2)","decl":{"start":{"line":41,"column":2},"end":{"line":41,"column":3}},"loc":{"start":{"line":41,"column":33},"end":{"line":43,"column":3}},"line":41},"3":{"name":"(anonymous_3)","decl":{"start":{"line":50,"column":2},"end":{"line":50,"column":3}},"loc":{"start":{"line":50,"column":14},"end":{"line":55,"column":3}},"line":50},"4":{"name":"(anonymous_4)","decl":{"start":{"line":63,"column":2},"end":{"line":63,"column":3}},"loc":{"start":{"line":63,"column":20},"end":{"line":65,"column":3}},"line":63},"5":{"name":"(anonymous_5)","decl":{"start":{"line":71,"column":26},"end":{"line":71,"column":27}},"loc":{"start":{"line":71,"column":39},"end":{"line":102,"column":1}},"line":71}},"branchMap":{"0":{"loc":{"start":{"line":75,"column":2},"end":{"line":101,"column":3}},"type":"switch","locations":[{"start":{"line":76,"column":2},"end":{"line":82,"column":3}},{"start":{"line":83,"column":2},"end":{"line":87,"column":3}},{"start":{"line":88,"column":2},"end":{"line":96,"column":3}},{"start":{"line":97,"column":2},"end":{"line":99,"column":3}}],"line":75},"1":{"loc":{"start":{"line":77,"column":4},"end":{"line":80,"column":5}},"type":"if","locations":[{"start":{"line":77,"column":4},"end":{"line":80,"column":5}},{"start":{"line":77,"column":4},"end":{"line":80,"column":5}}],"line":77}},"s":{"0":11,"1":11,"2":11,"3":1,"4":1,"5":5,"6":1,"7":7,"8":7,"9":7,"10":7,"11":0,"12":11,"13":11,"14":3,"15":3,"16":3,"17":1,"18":1,"19":1,"20":1,"21":1,"22":1,"23":1,"24":1,"25":1,"26":1,"27":1,"28":0,"29":11},"f":{"0":1,"1":5,"2":1,"3":7,"4":0,"5":3},"b":{"0":[1,1,1,0],"1":[1,0]},"_coverageSchema":"332fd63041d2c1bcb487cc26dd0d5f7d97098a6c","hash":"c59df0cdfaccc763f6e6682b379d860488c8ce18"}
,"/Users/mac/PostIt/post-it-app/client/src/data/postItStores/PostItMessageStore.js": {"path":"/Users/mac/PostIt/post-it-app/client/src/data/postItStores/PostItMessageStore.js","statementMap":{"0":{"start":{"line":6,"column":21},"end":{"line":6,"column":29}},"1":{"start":{"line":9,"column":15},"end":{"line":9,"column":32}},"2":{"start":{"line":11,"column":24},"end":{"line":11,"column":33}},"3":{"start":{"line":15,"column":27},"end":{"line":19,"column":1}},"4":{"start":{"line":16,"column":2},"end":{"line":16,"column":31}},"5":{"start":{"line":18,"column":2},"end":{"line":18,"column":45}},"6":{"start":{"line":35,"column":4},"end":{"line":35,"column":39}},"7":{"start":{"line":46,"column":4},"end":{"line":46,"column":51}},"8":{"start":{"line":54,"column":4},"end":{"line":54,"column":36}},"9":{"start":{"line":62,"column":4},"end":{"line":62,"column":48}},"10":{"start":{"line":71,"column":4},"end":{"line":71,"column":50}},"11":{"start":{"line":72,"column":4},"end":{"line":72,"column":28}},"12":{"start":{"line":80,"column":4},"end":{"line":83,"column":6}},"13":{"start":{"line":87,"column":21},"end":{"line":87,"column":45}},"14":{"start":{"line":89,"column":0},"end":{"line":135,"column":3}},"15":{"start":{"line":90,"column":17},"end":{"line":90,"column":31}},"16":{"start":{"line":92,"column":2},"end":{"line":134,"column":3}},"17":{"start":{"line":94,"column":4},"end":{"line":94,"column":45}},"18":{"start":{"line":95,"column":20},"end":{"line":95,"column":29}},"19":{"start":{"line":96,"column":28},"end":{"line":96,"column":43}},"20":{"start":{"line":97,"column":19},"end":{"line":97,"column":32}},"21":{"start":{"line":99,"column":4},"end":{"line":99,"column":36}},"22":{"start":{"line":100,"column":4},"end":{"line":103,"column":5}},"23":{"start":{"line":101,"column":6},"end":{"line":101,"column":41}},"24":{"start":{"line":102,"column":6},"end":{"line":102,"column":38}},"25":{"start":{"line":105,"column":24},"end":{"line":105,"column":45}},"26":{"start":{"line":107,"column":4},"end":{"line":116,"column":5}},"27":{"start":{"line":108,"column":6},"end":{"line":108,"column":76}},"28":{"start":{"line":109,"column":28},"end":{"line":109,"column":37}},"29":{"start":{"line":110,"column":6},"end":{"line":110,"column":48}},"30":{"start":{"line":111,"column":6},"end":{"line":111,"column":40}},"31":{"start":{"line":113,"column":25},"end":{"line":113,"column":34}},"32":{"start":{"line":114,"column":6},"end":{"line":114,"column":64}},"33":{"start":{"line":115,"column":6},"end":{"line":115,"column":37}},"34":{"start":{"line":117,"column":4},"end":{"line":117,"column":26}},"35":{"start":{"line":118,"column":4},"end":{"line":118,"column":31}},"36":{"start":{"line":119,"column":4},"end":{"line":119,"column":10}},"37":{"start":{"line":123,"column":15},"end":{"line":123,"column":24}},"38":{"start":{"line":125,"column":4},"end":{"line":125,"column":31}},"39":{"start":{"line":126,"column":4},"end":{"line":126,"column":35}},"40":{"start":{"line":127,"column":4},"end":{"line":127,"column":36}},"41":{"start":{"line":128,"column":4},"end":{"line":128,"column":10}},"42":{"start":{"line":132,"column":4},"end":{"line":132,"column":16}},"43":{"start":{"line":137,"column":0},"end":{"line":137,"column":30}}},"fnMap":{"0":{"name":"(anonymous_0)","decl":{"start":{"line":15,"column":27},"end":{"line":15,"column":28}},"loc":{"start":{"line":15,"column":48},"end":{"line":19,"column":1}},"line":15},"1":{"name":"(anonymous_1)","decl":{"start":{"line":34,"column":2},"end":{"line":34,"column":3}},"loc":{"start":{"line":34,"column":47},"end":{"line":36,"column":3}},"line":34},"2":{"name":"(anonymous_2)","decl":{"start":{"line":45,"column":2},"end":{"line":45,"column":3}},"loc":{"start":{"line":45,"column":50},"end":{"line":47,"column":3}},"line":45},"3":{"name":"(anonymous_3)","decl":{"start":{"line":53,"column":2},"end":{"line":53,"column":3}},"loc":{"start":{"line":53,"column":42},"end":{"line":55,"column":3}},"line":53},"4":{"name":"(anonymous_4)","decl":{"start":{"line":61,"column":2},"end":{"line":61,"column":3}},"loc":{"start":{"line":61,"column":45},"end":{"line":63,"column":3}},"line":61},"5":{"name":"(anonymous_5)","decl":{"start":{"line":70,"column":2},"end":{"line":70,"column":3}},"loc":{"start":{"line":70,"column":17},"end":{"line":73,"column":3}},"line":70},"6":{"name":"(anonymous_6)","decl":{"start":{"line":79,"column":2},"end":{"line":79,"column":3}},"loc":{"start":{"line":79,"column":32},"end":{"line":84,"column":3}},"line":79},"7":{"name":"(anonymous_7)","decl":{"start":{"line":89,"column":26},"end":{"line":89,"column":27}},"loc":{"start":{"line":89,"column":39},"end":{"line":135,"column":1}},"line":89}},"branchMap":{"0":{"loc":{"start":{"line":92,"column":2},"end":{"line":134,"column":3}},"type":"switch","locations":[{"start":{"line":93,"column":2},"end":{"line":120,"column":3}},{"start":{"line":122,"column":2},"end":{"line":129,"column":3}},{"start":{"line":131,"column":2},"end":{"line":133,"column":3}}],"line":92},"1":{"loc":{"start":{"line":100,"column":4},"end":{"line":103,"column":5}},"type":"if","locations":[{"start":{"line":100,"column":4},"end":{"line":103,"column":5}},{"start":{"line":100,"column":4},"end":{"line":103,"column":5}}],"line":100},"2":{"loc":{"start":{"line":107,"column":4},"end":{"line":116,"column":5}},"type":"if","locations":[{"start":{"line":107,"column":4},"end":{"line":116,"column":5}},{"start":{"line":107,"column":4},"end":{"line":116,"column":5}}],"line":107}},"s":{"0":12,"1":12,"2":12,"3":12,"4":1,"5":1,"6":1,"7":1,"8":6,"9":2,"10":1,"11":1,"12":8,"13":12,"14":12,"15":2,"16":2,"17":1,"18":1,"19":1,"20":1,"21":1,"22":1,"23":0,"24":0,"25":1,"26":1,"27":0,"28":0,"29":0,"30":0,"31":1,"32":1,"33":1,"34":1,"35":1,"36":1,"37":1,"38":1,"39":1,"40":1,"41":1,"42":0,"43":12},"f":{"0":1,"1":1,"2":1,"3":6,"4":2,"5":1,"6":8,"7":2},"b":{"0":[1,1,0],"1":[0,1],"2":[0,1]},"_coverageSchema":"332fd63041d2c1bcb487cc26dd0d5f7d97098a6c","hash":"34218330a6c05942d810ebcdc24a9d87ebb54926"}
,"/Users/mac/PostIt/post-it-app/client/src/data/postItStores/PostItUserStore.js": {"path":"/Users/mac/PostIt/post-it-app/client/src/data/postItStores/PostItUserStore.js","statementMap":{"0":{"start":{"line":6,"column":21},"end":{"line":6,"column":29}},"1":{"start":{"line":8,"column":22},"end":{"line":8,"column":51}},"2":{"start":{"line":10,"column":32},"end":{"line":10,"column":37}},"3":{"start":{"line":23,"column":4},"end":{"line":23,"column":36}},"4":{"start":{"line":33,"column":4},"end":{"line":33,"column":48}},"5":{"start":{"line":42,"column":4},"end":{"line":42,"column":31}},"6":{"start":{"line":43,"column":4},"end":{"line":43,"column":41}},"7":{"start":{"line":47,"column":4},"end":{"line":47,"column":37}},"8":{"start":{"line":51,"column":18},"end":{"line":51,"column":39}},"9":{"start":{"line":53,"column":0},"end":{"line":90,"column":3}},"10":{"start":{"line":54,"column":17},"end":{"line":54,"column":31}},"11":{"start":{"line":55,"column":17},"end":{"line":55,"column":31}},"12":{"start":{"line":57,"column":2},"end":{"line":57,"column":36}},"13":{"start":{"line":59,"column":2},"end":{"line":89,"column":3}},"14":{"start":{"line":61,"column":4},"end":{"line":68,"column":5}},"15":{"start":{"line":62,"column":19},"end":{"line":62,"column":30}},"16":{"start":{"line":63,"column":26},"end":{"line":63,"column":42}},"17":{"start":{"line":64,"column":20},"end":{"line":64,"column":52}},"18":{"start":{"line":65,"column":6},"end":{"line":65,"column":43}},"19":{"start":{"line":66,"column":6},"end":{"line":66,"column":52}},"20":{"start":{"line":67,"column":6},"end":{"line":67,"column":35}},"21":{"start":{"line":69,"column":4},"end":{"line":69,"column":10}},"22":{"start":{"line":73,"column":4},"end":{"line":73,"column":37}},"23":{"start":{"line":74,"column":4},"end":{"line":74,"column":33}},"24":{"start":{"line":75,"column":4},"end":{"line":75,"column":10}},"25":{"start":{"line":79,"column":4},"end":{"line":79,"column":37}},"26":{"start":{"line":80,"column":4},"end":{"line":80,"column":40}},"27":{"start":{"line":81,"column":4},"end":{"line":81,"column":33}},"28":{"start":{"line":83,"column":4},"end":{"line":83,"column":10}},"29":{"start":{"line":87,"column":4},"end":{"line":87,"column":16}},"30":{"start":{"line":92,"column":0},"end":{"line":92,"column":27}}},"fnMap":{"0":{"name":"(anonymous_0)","decl":{"start":{"line":22,"column":2},"end":{"line":22,"column":3}},"loc":{"start":{"line":22,"column":30},"end":{"line":24,"column":3}},"line":22},"1":{"name":"(anonymous_1)","decl":{"start":{"line":32,"column":2},"end":{"line":32,"column":3}},"loc":{"start":{"line":32,"column":33},"end":{"line":34,"column":3}},"line":32},"2":{"name":"(anonymous_2)","decl":{"start":{"line":41,"column":2},"end":{"line":41,"column":3}},"loc":{"start":{"line":41,"column":21},"end":{"line":44,"column":3}},"line":41},"3":{"name":"(anonymous_3)","decl":{"start":{"line":46,"column":2},"end":{"line":46,"column":3}},"loc":{"start":{"line":46,"column":33},"end":{"line":48,"column":3}},"line":46},"4":{"name":"(anonymous_4)","decl":{"start":{"line":53,"column":26},"end":{"line":53,"column":27}},"loc":{"start":{"line":53,"column":39},"end":{"line":90,"column":1}},"line":53}},"branchMap":{"0":{"loc":{"start":{"line":59,"column":2},"end":{"line":89,"column":3}},"type":"switch","locations":[{"start":{"line":60,"column":2},"end":{"line":70,"column":3}},{"start":{"line":72,"column":2},"end":{"line":76,"column":3}},{"start":{"line":78,"column":2},"end":{"line":84,"column":3}},{"start":{"line":86,"column":2},"end":{"line":88,"column":3}}],"line":59},"1":{"loc":{"start":{"line":61,"column":4},"end":{"line":68,"column":5}},"type":"if","locations":[{"start":{"line":61,"column":4},"end":{"line":68,"column":5}},{"start":{"line":61,"column":4},"end":{"line":68,"column":5}}],"line":61}},"s":{"0":6,"1":6,"2":6,"3":1,"4":1,"5":1,"6":1,"7":1,"8":6,"9":6,"10":2,"11":2,"12":2,"13":2,"14":1,"15":1,"16":1,"17":1,"18":1,"19":1,"20":1,"21":1,"22":1,"23":1,"24":1,"25":0,"26":0,"27":0,"28":0,"29":0,"30":6},"f":{"0":1,"1":1,"2":1,"3":1,"4":2},"b":{"0":[1,1,0,0],"1":[1,0]},"_coverageSchema":"332fd63041d2c1bcb487cc26dd0d5f7d97098a6c","hash":"d7c1b9e8a1d10a4735404d2f0d64f8bbcdc789cb"}
,"/Users/mac/PostIt/post-it-app/client/src/utility/bulkMessageRequest.js": {"path":"/Users/mac/PostIt/post-it-app/client/src/utility/bulkMessageRequest.js","statementMap":{"0":{"start":{"line":5,"column":2},"end":{"line":5,"column":50}},"1":{"start":{"line":6,"column":2},"end":{"line":10,"column":5}},"2":{"start":{"line":7,"column":4},"end":{"line":9,"column":6}}},"fnMap":{"0":{"name":"(anonymous_0)","decl":{"start":{"line":4,"column":15},"end":{"line":4,"column":16}},"loc":{"start":{"line":4,"column":27},"end":{"line":11,"column":1}},"line":4},"1":{"name":"(anonymous_1)","decl":{"start":{"line":6,"column":32},"end":{"line":6,"column":33}},"loc":{"start":{"line":7,"column":4},"end":{"line":9,"column":6}},"line":7}},"branchMap":{},"s":{"0":6,"1":6,"2":1},"f":{"0":6,"1":1},"b":{},"_coverageSchema":"332fd63041d2c1bcb487cc26dd0d5f7d97098a6c","hash":"566543283240d1ce2c14274ff435b9690eb5142d"}
,"/Users/mac/PostIt/post-it-app/client/src/utility/getReadStatus.js": {"path":"/Users/mac/PostIt/post-it-app/client/src/utility/getReadStatus.js","statementMap":{"0":{"start":{"line":4,"column":2},"end":{"line":13,"column":3}},"1":{"start":{"line":5,"column":4},"end":{"line":7,"column":5}},"2":{"start":{"line":6,"column":6},"end":{"line":6,"column":18}},"3":{"start":{"line":12,"column":4},"end":{"line":12,"column":17}}},"fnMap":{"0":{"name":"(anonymous_0)","decl":{"start":{"line":3,"column":15},"end":{"line":3,"column":16}},"loc":{"start":{"line":3,"column":41},"end":{"line":14,"column":1}},"line":3}},"branchMap":{"0":{"loc":{"start":{"line":4,"column":2},"end":{"line":13,"column":3}},"type":"if","locations":[{"start":{"line":4,"column":2},"end":{"line":13,"column":3}},{"start":{"line":4,"column":2},"end":{"line":13,"column":3}}],"line":4},"1":{"loc":{"start":{"line":5,"column":4},"end":{"line":7,"column":5}},"type":"if","locations":[{"start":{"line":5,"column":4},"end":{"line":7,"column":5}},{"start":{"line":5,"column":4},"end":{"line":7,"column":5}}],"line":5}},"s":{"0":3,"1":2,"2":1,"3":1},"f":{"0":3},"b":{"0":[2,1],"1":[1,1]},"_coverageSchema":"332fd63041d2c1bcb487cc26dd0d5f7d97098a6c","hash":"f95ee7ffac6d3bd878dce61c6ec7ffede62d04c1"}
,"/Users/mac/PostIt/post-it-app/client/src/utility/getSenderInitials.js": {"path":"/Users/mac/PostIt/post-it-app/client/src/utility/getSenderInitials.js","statementMap":{"0":{"start":{"line":3,"column":17},"end":{"line":3,"column":19}},"1":{"start":{"line":4,"column":2},"end":{"line":10,"column":3}},"2":{"start":{"line":5,"column":18},"end":{"line":5,"column":35}},"3":{"start":{"line":7,"column":4},"end":{"line":9,"column":7}},"4":{"start":{"line":8,"column":6},"end":{"line":8,"column":33}},"5":{"start":{"line":12,"column":2},"end":{"line":12,"column":18}}},"fnMap":{"0":{"name":"(anonymous_0)","decl":{"start":{"line":2,"column":15},"end":{"line":2,"column":16}},"loc":{"start":{"line":2,"column":27},"end":{"line":13,"column":1}},"line":2},"1":{"name":"(anonymous_1)","decl":{"start":{"line":7,"column":18},"end":{"line":7,"column":19}},"loc":{"start":{"line":7,"column":28},"end":{"line":9,"column":5}},"line":7}},"branchMap":{"0":{"loc":{"start":{"line":4,"column":2},"end":{"line":10,"column":3}},"type":"if","locations":[{"start":{"line":4,"column":2},"end":{"line":10,"column":3}},{"start":{"line":4,"column":2},"end":{"line":10,"column":3}}],"line":4}},"s":{"0":3,"1":3,"2":2,"3":2,"4":3,"5":3},"f":{"0":3,"1":3},"b":{"0":[2,1]},"_coverageSchema":"332fd63041d2c1bcb487cc26dd0d5f7d97098a6c","hash":"ee18cbccd24730bb5112b9d8e899b40ce627489f"}
,"/Users/mac/PostIt/post-it-app/client/src/views/App.jsx": {"path":"/Users/mac/PostIt/post-it-app/client/src/views/App.jsx","statementMap":{"0":{"start":{"line":18,"column":4},"end":{"line":18,"column":12}},"1":{"start":{"line":19,"column":4},"end":{"line":24,"column":6}},"2":{"start":{"line":26,"column":4},"end":{"line":26,"column":45}},"3":{"start":{"line":27,"column":4},"end":{"line":27,"column":51}},"4":{"start":{"line":36,"column":4},"end":{"line":36,"column":47}},"5":{"start":{"line":45,"column":4},"end":{"line":45,"column":50}},"6":{"start":{"line":54,"column":25},"end":{"line":54,"column":30}},"7":{"start":{"line":55,"column":4},"end":{"line":57,"column":5}},"8":{"start":{"line":56,"column":6},"end":{"line":56,"column":28}},"9":{"start":{"line":58,"column":4},"end":{"line":62,"column":7}},"10":{"start":{"line":71,"column":4},"end":{"line":71,"column":27}},"11":{"start":{"line":72,"column":4},"end":{"line":74,"column":7}},"12":{"start":{"line":82,"column":4},"end":{"line":124,"column":6}},"13":{"start":{"line":88,"column":16},"end":{"line":90,"column":17}},"14":{"start":{"line":89,"column":18},"end":{"line":89,"column":50}},"15":{"start":{"line":91,"column":16},"end":{"line":92,"column":94}},"16":{"start":{"line":95,"column":16},"end":{"line":97,"column":17}},"17":{"start":{"line":96,"column":18},"end":{"line":96,"column":45}},"18":{"start":{"line":98,"column":16},"end":{"line":98,"column":80}},"19":{"start":{"line":118,"column":29},"end":{"line":118,"column":68}},"20":{"start":{"line":128,"column":0},"end":{"line":128,"column":21}}},"fnMap":{"0":{"name":"(anonymous_0)","decl":{"start":{"line":17,"column":2},"end":{"line":17,"column":3}},"loc":{"start":{"line":17,"column":16},"end":{"line":28,"column":3}},"line":17},"1":{"name":"(anonymous_1)","decl":{"start":{"line":35,"column":2},"end":{"line":35,"column":3}},"loc":{"start":{"line":35,"column":22},"end":{"line":37,"column":3}},"line":35},"2":{"name":"(anonymous_2)","decl":{"start":{"line":44,"column":2},"end":{"line":44,"column":3}},"loc":{"start":{"line":44,"column":25},"end":{"line":46,"column":3}},"line":44},"3":{"name":"(anonymous_3)","decl":{"start":{"line":53,"column":2},"end":{"line":53,"column":3}},"loc":{"start":{"line":53,"column":13},"end":{"line":63,"column":3}},"line":53},"4":{"name":"(anonymous_4)","decl":{"start":{"line":70,"column":2},"end":{"line":70,"column":3}},"loc":{"start":{"line":70,"column":21},"end":{"line":75,"column":3}},"line":70},"5":{"name":"(anonymous_5)","decl":{"start":{"line":81,"column":2},"end":{"line":81,"column":3}},"loc":{"start":{"line":81,"column":11},"end":{"line":125,"column":3}},"line":81},"6":{"name":"(anonymous_6)","decl":{"start":{"line":87,"column":47},"end":{"line":87,"column":48}},"loc":{"start":{"line":87,"column":53},"end":{"line":93,"column":15}},"line":87},"7":{"name":"(anonymous_7)","decl":{"start":{"line":94,"column":46},"end":{"line":94,"column":47}},"loc":{"start":{"line":94,"column":52},"end":{"line":99,"column":15}},"line":94},"8":{"name":"(anonymous_8)","decl":{"start":{"line":118,"column":21},"end":{"line":118,"column":22}},"loc":{"start":{"line":118,"column":27},"end":{"line":118,"column":70}},"line":118}},"branchMap":{"0":{"loc":{"start":{"line":55,"column":4},"end":{"line":57,"column":5}},"type":"if","locations":[{"start":{"line":55,"column":4},"end":{"line":57,"column":5}},{"start":{"line":55,"column":4},"end":{"line":57,"column":5}}],"line":55},"1":{"loc":{"start":{"line":88,"column":16},"end":{"line":90,"column":17}},"type":"if","locations":[{"start":{"line":88,"column":16},"end":{"line":90,"column":17}},{"start":{"line":88,"column":16},"end":{"line":90,"column":17}}],"line":88},"2":{"loc":{"start":{"line":91,"column":24},"end":{"line":92,"column":92}},"type":"cond-expr","locations":[{"start":{"line":92,"column":19},"end":{"line":92,"column":73}},{"start":{"line":92,"column":78},"end":{"line":92,"column":91}}],"line":91},"3":{"loc":{"start":{"line":92,"column":19},"end":{"line":92,"column":73}},"type":"binary-expr","locations":[{"start":{"line":92,"column":19},"end":{"line":92,"column":43}},{"start":{"line":92,"column":47},"end":{"line":92,"column":73}}],"line":92},"4":{"loc":{"start":{"line":95,"column":16},"end":{"line":97,"column":17}},"type":"if","locations":[{"start":{"line":95,"column":16},"end":{"line":97,"column":17}},{"start":{"line":95,"column":16},"end":{"line":97,"column":17}}],"line":95},"5":{"loc":{"start":{"line":98,"column":24},"end":{"line":98,"column":78}},"type":"binary-expr","locations":[{"start":{"line":98,"column":24},"end":{"line":98,"column":48}},{"start":{"line":98,"column":52},"end":{"line":98,"column":78}}],"line":98},"6":{"loc":{"start":{"line":103,"column":9},"end":{"line":111,"column":16}},"type":"binary-expr","locations":[{"start":{"line":103,"column":9},"end":{"line":103,"column":26}},{"start":{"line":103,"column":30},"end":{"line":103,"column":54}},{"start":{"line":104,"column":10},"end":{"line":111,"column":16}}],"line":103},"7":{"loc":{"start":{"line":113,"column":9},"end":{"line":113,"column":64}},"type":"binary-expr","locations":[{"start":{"line":113,"column":9},"end":{"line":113,"column":34}},{"start":{"line":113,"column":38},"end":{"line":113,"column":64}}],"line":113},"8":{"loc":{"start":{"line":114,"column":9},"end":{"line":122,"column":12}},"type":"binary-expr","locations":[{"start":{"line":114,"column":9},"end":{"line":114,"column":34}},{"start":{"line":114,"column":38},"end":{"line":114,"column":60}},{"start":{"line":115,"column":8},"end":{"line":122,"column":12}}],"line":114}},"s":{"0":7,"1":7,"2":7,"3":7,"4":6,"5":1,"6":0,"7":0,"8":0,"9":0,"10":1,"11":1,"12":11,"13":0,"14":0,"15":0,"16":0,"17":0,"18":0,"19":0,"20":1},"f":{"0":7,"1":6,"2":1,"3":0,"4":1,"5":11,"6":0,"7":0,"8":0},"b":{"0":[0,0],"1":[0,0],"2":[0,0],"3":[0,0],"4":[0,0],"5":[0,0],"6":[11,11,9],"7":[11,2],"8":[11,2,1]},"_coverageSchema":"332fd63041d2c1bcb487cc26dd0d5f7d97098a6c","hash":"ee9e760031e27a02f26014d8ddab9889f2d3699f"}
,"/Users/mac/PostIt/post-it-app/client/src/views/Header.jsx": {"path":"/Users/mac/PostIt/post-it-app/client/src/views/Header.jsx","statementMap":{"0":{"start":{"line":13,"column":2},"end":{"line":13,"column":25}},"1":{"start":{"line":14,"column":2},"end":{"line":14,"column":39}},"2":{"start":{"line":15,"column":2},"end":{"line":15,"column":18}},"3":{"start":{"line":18,"column":19},"end":{"line":18,"column":51}},"4":{"start":{"line":19,"column":2},"end":{"line":38,"column":4}}},"fnMap":{"0":{"name":"signOutHandler","decl":{"start":{"line":12,"column":9},"end":{"line":12,"column":23}},"loc":{"start":{"line":12,"column":31},"end":{"line":16,"column":1}},"line":12},"1":{"name":"(anonymous_1)","decl":{"start":{"line":17,"column":15},"end":{"line":17,"column":16}},"loc":{"start":{"line":17,"column":21},"end":{"line":39,"column":1}},"line":17}},"branchMap":{},"s":{"0":1,"1":1,"2":1,"3":7,"4":7},"f":{"0":1,"1":7},"b":{},"_coverageSchema":"332fd63041d2c1bcb487cc26dd0d5f7d97098a6c","hash":"d1c43e3517d52b812aad7773bc0483550a29045a"}
,"/Users/mac/PostIt/post-it-app/client/src/views/GroupContainer/AddGroup.jsx": {"path":"/Users/mac/PostIt/post-it-app/client/src/views/GroupContainer/AddGroup.jsx","statementMap":{"0":{"start":{"line":13,"column":4},"end":{"line":13,"column":12}},"1":{"start":{"line":15,"column":4},"end":{"line":17,"column":6}},"2":{"start":{"line":19,"column":4},"end":{"line":19,"column":53}},"3":{"start":{"line":20,"column":4},"end":{"line":20,"column":53}},"4":{"start":{"line":30,"column":18},"end":{"line":30,"column":36}},"5":{"start":{"line":32,"column":4},"end":{"line":35,"column":6}},"6":{"start":{"line":32,"column":25},"end":{"line":34,"column":5}},"7":{"start":{"line":45,"column":4},"end":{"line":45,"column":27}},"8":{"start":{"line":46,"column":4},"end":{"line":46,"column":54}},"9":{"start":{"line":47,"column":4},"end":{"line":49,"column":7}},"10":{"start":{"line":58,"column":4},"end":{"line":76,"column":6}},"11":{"start":{"line":80,"column":0},"end":{"line":80,"column":30}}},"fnMap":{"0":{"name":"(anonymous_0)","decl":{"start":{"line":12,"column":2},"end":{"line":12,"column":3}},"loc":{"start":{"line":12,"column":16},"end":{"line":21,"column":3}},"line":12},"1":{"name":"(anonymous_1)","decl":{"start":{"line":29,"column":2},"end":{"line":29,"column":3}},"loc":{"start":{"line":29,"column":22},"end":{"line":36,"column":3}},"line":29},"2":{"name":"(anonymous_2)","decl":{"start":{"line":32,"column":18},"end":{"line":32,"column":19}},"loc":{"start":{"line":32,"column":25},"end":{"line":34,"column":5}},"line":32},"3":{"name":"(anonymous_3)","decl":{"start":{"line":44,"column":2},"end":{"line":44,"column":3}},"loc":{"start":{"line":44,"column":22},"end":{"line":50,"column":3}},"line":44},"4":{"name":"(anonymous_4)","decl":{"start":{"line":57,"column":2},"end":{"line":57,"column":3}},"loc":{"start":{"line":57,"column":11},"end":{"line":77,"column":3}},"line":57}},"branchMap":{},"s":{"0":8,"1":8,"2":8,"3":8,"4":2,"5":2,"6":2,"7":1,"8":1,"9":1,"10":11,"11":5},"f":{"0":8,"1":2,"2":2,"3":1,"4":11},"b":{},"_coverageSchema":"332fd63041d2c1bcb487cc26dd0d5f7d97098a6c","hash":"86db124592ae7b7609f8124a67809e1bc8b4078f"}
,"/Users/mac/PostIt/post-it-app/client/src/views/GroupContainer/Dashboard.jsx": {"path":"/Users/mac/PostIt/post-it-app/client/src/views/GroupContainer/Dashboard.jsx","statementMap":{"0":{"start":{"line":12,"column":15},"end":{"line":12,"column":62}},"1":{"start":{"line":28,"column":4},"end":{"line":28,"column":12}},"2":{"start":{"line":29,"column":4},"end":{"line":31,"column":6}},"3":{"start":{"line":33,"column":4},"end":{"line":33,"column":45}},"4":{"start":{"line":43,"column":4},"end":{"line":43,"column":16}},"5":{"start":{"line":46,"column":4},"end":{"line":48,"column":7}},"6":{"start":{"line":47,"column":6},"end":{"line":47,"column":28}},"7":{"start":{"line":50,"column":4},"end":{"line":50,"column":48}},"8":{"start":{"line":59,"column":4},"end":{"line":59,"column":51}},"9":{"start":{"line":68,"column":22},"end":{"line":68,"column":44}},"10":{"start":{"line":69,"column":4},"end":{"line":73,"column":5}},"11":{"start":{"line":70,"column":6},"end":{"line":72,"column":9}},"12":{"start":{"line":82,"column":4},"end":{"line":87,"column":6}},"13":{"start":{"line":92,"column":0},"end":{"line":92,"column":27}}},"fnMap":{"0":{"name":"(anonymous_0)","decl":{"start":{"line":27,"column":2},"end":{"line":27,"column":3}},"loc":{"start":{"line":27,"column":16},"end":{"line":34,"column":3}},"line":27},"1":{"name":"(anonymous_1)","decl":{"start":{"line":41,"column":2},"end":{"line":41,"column":3}},"loc":{"start":{"line":41,"column":22},"end":{"line":51,"column":3}},"line":41},"2":{"name":"(anonymous_2)","decl":{"start":{"line":46,"column":26},"end":{"line":46,"column":27}},"loc":{"start":{"line":46,"column":38},"end":{"line":48,"column":5}},"line":46},"3":{"name":"(anonymous_3)","decl":{"start":{"line":58,"column":2},"end":{"line":58,"column":3}},"loc":{"start":{"line":58,"column":25},"end":{"line":60,"column":3}},"line":58},"4":{"name":"(anonymous_4)","decl":{"start":{"line":67,"column":2},"end":{"line":67,"column":3}},"loc":{"start":{"line":67,"column":13},"end":{"line":74,"column":3}},"line":67},"5":{"name":"(anonymous_5)","decl":{"start":{"line":81,"column":2},"end":{"line":81,"column":3}},"loc":{"start":{"line":81,"column":11},"end":{"line":88,"column":3}},"line":81}},"branchMap":{"0":{"loc":{"start":{"line":69,"column":4},"end":{"line":73,"column":5}},"type":"if","locations":[{"start":{"line":69,"column":4},"end":{"line":73,"column":5}},{"start":{"line":69,"column":4},"end":{"line":73,"column":5}}],"line":69}},"s":{"0":2,"1":5,"2":5,"3":5,"4":5,"5":5,"6":0,"7":5,"8":1,"9":0,"10":0,"11":0,"12":5,"13":2},"f":{"0":5,"1":5,"2":0,"3":1,"4":0,"5":5},"b":{"0":[0,0]},"_coverageSchema":"332fd63041d2c1bcb487cc26dd0d5f7d97098a6c","hash":"d76f6da75cdc8f1e72143900395b045c1b7f8f93"}
,"/Users/mac/PostIt/post-it-app/client/src/views/GroupContainer/GroupItem.jsx": {"path":"/Users/mac/PostIt/post-it-app/client/src/views/GroupContainer/GroupItem.jsx","statementMap":{"0":{"start":{"line":22,"column":4},"end":{"line":22,"column":17}},"1":{"start":{"line":24,"column":4},"end":{"line":26,"column":7}},"2":{"start":{"line":28,"column":4},"end":{"line":30,"column":6}},"3":{"start":{"line":32,"column":4},"end":{"line":32,"column":51}},"4":{"start":{"line":40,"column":4},"end":{"line":42,"column":7}},"5":{"start":{"line":50,"column":4},"end":{"line":52,"column":7}},"6":{"start":{"line":54,"column":4},"end":{"line":56,"column":7}},"7":{"start":{"line":64,"column":4},"end":{"line":91,"column":6}},"8":{"start":{"line":96,"column":0},"end":{"line":99,"column":2}},"9":{"start":{"line":101,"column":0},"end":{"line":101,"column":27}}},"fnMap":{"0":{"name":"(anonymous_0)","decl":{"start":{"line":21,"column":2},"end":{"line":21,"column":3}},"loc":{"start":{"line":21,"column":21},"end":{"line":33,"column":3}},"line":21},"1":{"name":"(anonymous_1)","decl":{"start":{"line":39,"column":2},"end":{"line":39,"column":3}},"loc":{"start":{"line":39,"column":16},"end":{"line":43,"column":3}},"line":39},"2":{"name":"(anonymous_2)","decl":{"start":{"line":49,"column":2},"end":{"line":49,"column":3}},"loc":{"start":{"line":49,"column":38},"end":{"line":57,"column":3}},"line":49},"3":{"name":"(anonymous_3)","decl":{"start":{"line":63,"column":2},"end":{"line":63,"column":3}},"loc":{"start":{"line":63,"column":11},"end":{"line":92,"column":3}},"line":63}},"branchMap":{"0":{"loc":{"start":{"line":86,"column":17},"end":{"line":86,"column":92}},"type":"binary-expr","locations":[{"start":{"line":86,"column":17},"end":{"line":86,"column":35}},{"start":{"line":86,"column":39},"end":{"line":86,"column":92}}],"line":86}},"s":{"0":4,"1":4,"2":4,"3":4,"4":1,"5":0,"6":0,"7":5,"8":4,"9":4},"f":{"0":4,"1":1,"2":0,"3":5},"b":{"0":[5,1]},"_coverageSchema":"332fd63041d2c1bcb487cc26dd0d5f7d97098a6c","hash":"9bbf3dccfeec03026a702bec7e328eca4e35ebfd"}
,"/Users/mac/PostIt/post-it-app/client/src/views/GroupContainer/GroupList.jsx": {"path":"/Users/mac/PostIt/post-it-app/client/src/views/GroupContainer/GroupList.jsx","statementMap":{"0":{"start":{"line":20,"column":4},"end":{"line":20,"column":17}},"1":{"start":{"line":21,"column":4},"end":{"line":21,"column":51}},"2":{"start":{"line":22,"column":4},"end":{"line":22,"column":23}},"3":{"start":{"line":23,"column":4},"end":{"line":26,"column":6}},"4":{"start":{"line":28,"column":4},"end":{"line":28,"column":45}},"5":{"start":{"line":29,"column":4},"end":{"line":29,"column":49}},"6":{"start":{"line":37,"column":4},"end":{"line":37,"column":62}},"7":{"start":{"line":45,"column":4},"end":{"line":45,"column":65}},"8":{"start":{"line":70,"column":32},"end":{"line":70,"column":74}},"9":{"start":{"line":71,"column":20},"end":{"line":71,"column":42}},"10":{"start":{"line":72,"column":19},"end":{"line":72,"column":58}},"11":{"start":{"line":74,"column":4},"end":{"line":78,"column":5}},"12":{"start":{"line":75,"column":6},"end":{"line":77,"column":9}},"13":{"start":{"line":87,"column":37},"end":{"line":87,"column":75}},"14":{"start":{"line":88,"column":19},"end":{"line":88,"column":98}},"15":{"start":{"line":90,"column":4},"end":{"line":101,"column":5}},"16":{"start":{"line":91,"column":6},"end":{"line":100,"column":7}},"17":{"start":{"line":92,"column":8},"end":{"line":99,"column":11}},"18":{"start":{"line":93,"column":10},"end":{"line":97,"column":11}},"19":{"start":{"line":94,"column":12},"end":{"line":94,"column":22}},"20":{"start":{"line":95,"column":17},"end":{"line":97,"column":11}},"21":{"start":{"line":96,"column":12},"end":{"line":96,"column":21}},"22":{"start":{"line":98,"column":10},"end":{"line":98,"column":19}},"23":{"start":{"line":102,"column":4},"end":{"line":102,"column":20}},"24":{"start":{"line":110,"column":4},"end":{"line":142,"column":6}},"25":{"start":{"line":118,"column":14},"end":{"line":137,"column":19}},"26":{"start":{"line":146,"column":0},"end":{"line":148,"column":2}},"27":{"start":{"line":150,"column":0},"end":{"line":150,"column":27}}},"fnMap":{"0":{"name":"(anonymous_0)","decl":{"start":{"line":19,"column":2},"end":{"line":19,"column":3}},"loc":{"start":{"line":19,"column":21},"end":{"line":30,"column":3}},"line":19},"1":{"name":"(anonymous_1)","decl":{"start":{"line":36,"column":2},"end":{"line":36,"column":3}},"loc":{"start":{"line":36,"column":22},"end":{"line":38,"column":3}},"line":36},"2":{"name":"(anonymous_2)","decl":{"start":{"line":44,"column":2},"end":{"line":44,"column":3}},"loc":{"start":{"line":44,"column":25},"end":{"line":46,"column":3}},"line":44},"3":{"name":"(anonymous_3)","decl":{"start":{"line":69,"column":2},"end":{"line":69,"column":3}},"loc":{"start":{"line":69,"column":13},"end":{"line":79,"column":3}},"line":69},"4":{"name":"(anonymous_4)","decl":{"start":{"line":86,"column":2},"end":{"line":86,"column":3}},"loc":{"start":{"line":86,"column":23},"end":{"line":103,"column":3}},"line":86},"5":{"name":"(anonymous_5)","decl":{"start":{"line":92,"column":33},"end":{"line":92,"column":34}},"loc":{"start":{"line":92,"column":43},"end":{"line":99,"column":9}},"line":92},"6":{"name":"(anonymous_6)","decl":{"start":{"line":109,"column":2},"end":{"line":109,"column":3}},"loc":{"start":{"line":109,"column":11},"end":{"line":143,"column":3}},"line":109},"7":{"name":"(anonymous_7)","decl":{"start":{"line":117,"column":71},"end":{"line":117,"column":72}},"loc":{"start":{"line":118,"column":14},"end":{"line":137,"column":19}},"line":118}},"branchMap":{"0":{"loc":{"start":{"line":74,"column":4},"end":{"line":78,"column":5}},"type":"if","locations":[{"start":{"line":74,"column":4},"end":{"line":78,"column":5}},{"start":{"line":74,"column":4},"end":{"line":78,"column":5}}],"line":74},"1":{"loc":{"start":{"line":90,"column":4},"end":{"line":101,"column":5}},"type":"if","locations":[{"start":{"line":90,"column":4},"end":{"line":101,"column":5}},{"start":{"line":90,"column":4},"end":{"line":101,"column":5}}],"line":90},"2":{"loc":{"start":{"line":91,"column":6},"end":{"line":100,"column":7}},"type":"if","locations":[{"start":{"line":91,"column":6},"end":{"line":100,"column":7}},{"start":{"line":91,"column":6},"end":{"line":100,"column":7}}],"line":91},"3":{"loc":{"start":{"line":93,"column":10},"end":{"line":97,"column":11}},"type":"if","locations":[{"start":{"line":93,"column":10},"end":{"line":97,"column":11}},{"start":{"line":93,"column":10},"end":{"line":97,"column":11}}],"line":93},"4":{"loc":{"start":{"line":95,"column":17},"end":{"line":97,"column":11}},"type":"if","locations":[{"start":{"line":95,"column":17},"end":{"line":97,"column":11}},{"start":{"line":95,"column":17},"end":{"line":97,"column":11}}],"line":95},"5":{"loc":{"start":{"line":132,"column":27},"end":{"line":133,"column":53}},"type":"binary-expr","locations":[{"start":{"line":132,"column":27},"end":{"line":132,"column":90}},{"start":{"line":133,"column":26},"end":{"line":133,"column":53}}],"line":132}},"s":{"0":8,"1":8,"2":8,"3":8,"4":8,"5":8,"6":5,"7":1,"8":0,"9":0,"10":0,"11":0,"12":0,"13":8,"14":8,"15":8,"16":0,"17":0,"18":0,"19":0,"20":0,"21":0,"22":0,"23":8,"24":8,"25":0,"26":4,"27":4},"f":{"0":8,"1":5,"2":1,"3":0,"4":8,"5":0,"6":8,"7":0},"b":{"0":[0,0],"1":[0,8],"2":[0,0],"3":[0,0],"4":[0,0],"5":[0,0]},"_coverageSchema":"332fd63041d2c1bcb487cc26dd0d5f7d97098a6c","hash":"e2d048479272d4e65823f3b40d981ff63c7e5797"}
,"/Users/mac/PostIt/post-it-app/client/src/views/GroupContainer/GroupListView.jsx": {"path":"/Users/mac/PostIt/post-it-app/client/src/views/GroupContainer/GroupListView.jsx","statementMap":{"0":{"start":{"line":16,"column":21},"end":{"line":16,"column":33}},"1":{"start":{"line":19,"column":2},"end":{"line":26,"column":5}},"2":{"start":{"line":20,"column":4},"end":{"line":25,"column":7}},"3":{"start":{"line":29,"column":2},"end":{"line":35,"column":5}},"4":{"start":{"line":30,"column":4},"end":{"line":34,"column":7}},"5":{"start":{"line":38,"column":2},"end":{"line":38,"column":35}},"6":{"start":{"line":40,"column":2},"end":{"line":56,"column":4}},"7":{"start":{"line":50,"column":14},"end":{"line":50,"column":63}},"8":{"start":{"line":58,"column":0},"end":{"line":58,"column":31}}},"fnMap":{"0":{"name":"GroupListView","decl":{"start":{"line":15,"column":9},"end":{"line":15,"column":22}},"loc":{"start":{"line":15,"column":30},"end":{"line":57,"column":1}},"line":15},"1":{"name":"(anonymous_1)","decl":{"start":{"line":19,"column":30},"end":{"line":19,"column":31}},"loc":{"start":{"line":19,"column":47},"end":{"line":26,"column":3}},"line":19},"2":{"name":"(anonymous_2)","decl":{"start":{"line":29,"column":25},"end":{"line":29,"column":26}},"loc":{"start":{"line":29,"column":39},"end":{"line":35,"column":3}},"line":29},"3":{"name":"(anonymous_3)","decl":{"start":{"line":49,"column":74},"end":{"line":49,"column":75}},"loc":{"start":{"line":50,"column":14},"end":{"line":50,"column":63}},"line":50}},"branchMap":{},"s":{"0":11,"1":11,"2":0,"3":11,"4":0,"5":11,"6":11,"7":0,"8":3},"f":{"0":11,"1":0,"2":0,"3":0},"b":{},"_coverageSchema":"332fd63041d2c1bcb487cc26dd0d5f7d97098a6c","hash":"49c492ce320a5c26213ed0d30f686a71a9ee3eff"}
,"/Users/mac/PostIt/post-it-app/client/src/views/GroupContainer/WelcomeView.jsx": {"path":"/Users/mac/PostIt/post-it-app/client/src/views/GroupContainer/WelcomeView.jsx","statementMap":{"0":{"start":{"line":5,"column":4},"end":{"line":10,"column":10}}},"fnMap":{"0":{"name":"(anonymous_0)","decl":{"start":{"line":4,"column":15},"end":{"line":4,"column":16}},"loc":{"start":{"line":5,"column":4},"end":{"line":10,"column":10}},"line":5}},"branchMap":{},"s":{"0":2},"f":{"0":2},"b":{},"_coverageSchema":"332fd63041d2c1bcb487cc26dd0d5f7d97098a6c","hash":"393dd571d14c84457de311727646c735abc1b03e"}
,"/Users/mac/PostIt/post-it-app/client/src/views/GroupContainer/GroupBodyContainer/AddUserView.jsx": {"path":"/Users/mac/PostIt/post-it-app/client/src/views/GroupContainer/GroupBodyContainer/AddUserView.jsx","statementMap":{"0":{"start":{"line":18,"column":4},"end":{"line":18,"column":17}},"1":{"start":{"line":20,"column":4},"end":{"line":22,"column":6}},"2":{"start":{"line":24,"column":4},"end":{"line":24,"column":45}},"3":{"start":{"line":32,"column":4},"end":{"line":32,"column":70}},"4":{"start":{"line":40,"column":4},"end":{"line":40,"column":73}},"5":{"start":{"line":50,"column":4},"end":{"line":50,"column":73}},"6":{"start":{"line":51,"column":4},"end":{"line":51,"column":68}},"7":{"start":{"line":53,"column":4},"end":{"line":55,"column":7}},"8":{"start":{"line":63,"column":4},"end":{"line":65,"column":7}},"9":{"start":{"line":73,"column":4},"end":{"line":77,"column":6}},"10":{"start":{"line":81,"column":0},"end":{"line":83,"column":2}},"11":{"start":{"line":85,"column":0},"end":{"line":85,"column":29}}},"fnMap":{"0":{"name":"(anonymous_0)","decl":{"start":{"line":17,"column":2},"end":{"line":17,"column":3}},"loc":{"start":{"line":17,"column":21},"end":{"line":25,"column":3}},"line":17},"1":{"name":"(anonymous_1)","decl":{"start":{"line":31,"column":2},"end":{"line":31,"column":3}},"loc":{"start":{"line":31,"column":22},"end":{"line":33,"column":3}},"line":31},"2":{"name":"(anonymous_2)","decl":{"start":{"line":39,"column":2},"end":{"line":39,"column":3}},"loc":{"start":{"line":39,"column":25},"end":{"line":41,"column":3}},"line":39},"3":{"name":"(anonymous_3)","decl":{"start":{"line":48,"column":2},"end":{"line":48,"column":3}},"loc":{"start":{"line":48,"column":38},"end":{"line":56,"column":3}},"line":48},"4":{"name":"(anonymous_4)","decl":{"start":{"line":62,"column":2},"end":{"line":62,"column":3}},"loc":{"start":{"line":62,"column":13},"end":{"line":66,"column":3}},"line":62},"5":{"name":"(anonymous_5)","decl":{"start":{"line":72,"column":2},"end":{"line":72,"column":3}},"loc":{"start":{"line":72,"column":11},"end":{"line":78,"column":3}},"line":72}},"branchMap":{},"s":{"0":5,"1":5,"2":5,"3":5,"4":1,"5":0,"6":0,"7":0,"8":0,"9":5,"10":5,"11":5},"f":{"0":5,"1":5,"2":1,"3":0,"4":0,"5":5},"b":{},"_coverageSchema":"332fd63041d2c1bcb487cc26dd0d5f7d97098a6c","hash":"c40a766eacdc81355a537c6c7fec2d4d6d4806d8"}
,"/Users/mac/PostIt/post-it-app/client/src/views/GroupContainer/GroupBodyContainer/MessageBody.jsx": {"path":"/Users/mac/PostIt/post-it-app/client/src/views/GroupContainer/GroupBodyContainer/MessageBody.jsx","statementMap":{"0":{"start":{"line":21,"column":4},"end":{"line":21,"column":17}},"1":{"start":{"line":22,"column":4},"end":{"line":22,"column":31}},"2":{"start":{"line":23,"column":4},"end":{"line":25,"column":6}},"3":{"start":{"line":28,"column":4},"end":{"line":28,"column":45}},"4":{"start":{"line":33,"column":4},"end":{"line":33,"column":45}},"5":{"start":{"line":42,"column":4},"end":{"line":42,"column":70}},"6":{"start":{"line":51,"column":4},"end":{"line":51,"column":73}},"7":{"start":{"line":61,"column":4},"end":{"line":61,"column":26}},"8":{"start":{"line":62,"column":4},"end":{"line":62,"column":73}},"9":{"start":{"line":63,"column":4},"end":{"line":63,"column":68}},"10":{"start":{"line":68,"column":4},"end":{"line":70,"column":27}},"11":{"start":{"line":71,"column":4},"end":{"line":73,"column":7}},"12":{"start":{"line":82,"column":4},"end":{"line":84,"column":7}},"13":{"start":{"line":93,"column":4},"end":{"line":93,"column":53}},"14":{"start":{"line":94,"column":4},"end":{"line":103,"column":6}},"15":{"start":{"line":107,"column":0},"end":{"line":107,"column":29}}},"fnMap":{"0":{"name":"(anonymous_0)","decl":{"start":{"line":20,"column":2},"end":{"line":20,"column":3}},"loc":{"start":{"line":20,"column":21},"end":{"line":34,"column":3}},"line":20},"1":{"name":"(anonymous_1)","decl":{"start":{"line":41,"column":2},"end":{"line":41,"column":3}},"loc":{"start":{"line":41,"column":22},"end":{"line":43,"column":3}},"line":41},"2":{"name":"(anonymous_2)","decl":{"start":{"line":50,"column":2},"end":{"line":50,"column":3}},"loc":{"start":{"line":50,"column":25},"end":{"line":52,"column":3}},"line":50},"3":{"name":"(anonymous_3)","decl":{"start":{"line":60,"column":2},"end":{"line":60,"column":3}},"loc":{"start":{"line":60,"column":38},"end":{"line":74,"column":3}},"line":60},"4":{"name":"(anonymous_4)","decl":{"start":{"line":81,"column":2},"end":{"line":81,"column":3}},"loc":{"start":{"line":81,"column":13},"end":{"line":85,"column":3}},"line":81},"5":{"name":"(anonymous_5)","decl":{"start":{"line":92,"column":2},"end":{"line":92,"column":3}},"loc":{"start":{"line":92,"column":11},"end":{"line":104,"column":3}},"line":92}},"branchMap":{},"s":{"0":6,"1":6,"2":6,"3":6,"4":6,"5":6,"6":1,"7":0,"8":0,"9":0,"10":0,"11":0,"12":0,"13":6,"14":6,"15":5},"f":{"0":6,"1":6,"2":1,"3":0,"4":0,"5":6},"b":{},"_coverageSchema":"332fd63041d2c1bcb487cc26dd0d5f7d97098a6c","hash":"09f95ddf67ae3fcfbb557b7d692001447d824836"}
,"/Users/mac/PostIt/post-it-app/client/src/views/GroupContainer/GroupBodyContainer/MessageListView.jsx": {"path":"/Users/mac/PostIt/post-it-app/client/src/views/GroupContainer/GroupBodyContainer/MessageListView.jsx","statementMap":{"0":{"start":{"line":12,"column":2},"end":{"line":12,"column":30}},"1":{"start":{"line":13,"column":22},"end":{"line":13,"column":36}},"2":{"start":{"line":14,"column":22},"end":{"line":14,"column":54}},"3":{"start":{"line":15,"column":2},"end":{"line":52,"column":4}},"4":{"start":{"line":18,"column":8},"end":{"line":20,"column":9}},"5":{"start":{"line":19,"column":10},"end":{"line":19,"column":22}},"6":{"start":{"line":21,"column":8},"end":{"line":49,"column":10}},"7":{"start":{"line":42,"column":18},"end":{"line":44,"column":23}},"8":{"start":{"line":55,"column":0},"end":{"line":55,"column":33}}},"fnMap":{"0":{"name":"MessageListView","decl":{"start":{"line":11,"column":9},"end":{"line":11,"column":24}},"loc":{"start":{"line":11,"column":32},"end":{"line":53,"column":1}},"line":11},"1":{"name":"(anonymous_1)","decl":{"start":{"line":17,"column":38},"end":{"line":17,"column":39}},"loc":{"start":{"line":17,"column":56},"end":{"line":50,"column":7}},"line":17},"2":{"name":"(anonymous_2)","decl":{"start":{"line":41,"column":47},"end":{"line":41,"column":48}},"loc":{"start":{"line":42,"column":18},"end":{"line":44,"column":23}},"line":42}},"branchMap":{"0":{"loc":{"start":{"line":17,"column":7},"end":{"line":50,"column":8}},"type":"binary-expr","locations":[{"start":{"line":17,"column":7},"end":{"line":17,"column":18}},{"start":{"line":17,"column":22},"end":{"line":50,"column":8}}],"line":17},"1":{"loc":{"start":{"line":18,"column":8},"end":{"line":20,"column":9}},"type":"if","locations":[{"start":{"line":18,"column":8},"end":{"line":20,"column":9}},{"start":{"line":18,"column":8},"end":{"line":20,"column":9}}],"line":18},"2":{"loc":{"start":{"line":27,"column":14},"end":{"line":27,"column":94}},"type":"cond-expr","locations":[{"start":{"line":27,"column":47},"end":{"line":27,"column":64}},{"start":{"line":27,"column":67},"end":{"line":27,"column":94}}],"line":27},"3":{"loc":{"start":{"line":33,"column":14},"end":{"line":33,"column":88}},"type":"cond-expr","locations":[{"start":{"line":33,"column":47},"end":{"line":33,"column":61}},{"start":{"line":33,"column":64},"end":{"line":33,"column":88}}],"line":33},"4":{"loc":{"start":{"line":38,"column":14},"end":{"line":38,"column":92}},"type":"cond-expr","locations":[{"start":{"line":38,"column":47},"end":{"line":38,"column":63}},{"start":{"line":38,"column":66},"end":{"line":38,"column":92}}],"line":38},"5":{"loc":{"start":{"line":40,"column":15},"end":{"line":46,"column":19}},"type":"binary-expr","locations":[{"start":{"line":40,"column":15},"end":{"line":40,"column":27}},{"start":{"line":40,"column":31},"end":{"line":46,"column":19}}],"line":40}},"s":{"0":8,"1":8,"2":8,"3":8,"4":0,"5":0,"6":0,"7":0,"8":6},"f":{"0":8,"1":0,"2":0},"b":{"0":[8,8],"1":[0,0],"2":[0,0],"3":[0,0],"4":[0,0],"5":[0,0]},"_coverageSchema":"332fd63041d2c1bcb487cc26dd0d5f7d97098a6c","hash":"fb8fe82f3410dde5fa8b823138d703c1e746ed86"}
,"/Users/mac/PostIt/post-it-app/client/src/views/GroupContainer/GroupBodyContainer/SendMessageView.jsx": {"path":"/Users/mac/PostIt/post-it-app/client/src/views/GroupContainer/GroupBodyContainer/SendMessageView.jsx","statementMap":{"0":{"start":{"line":19,"column":4},"end":{"line":19,"column":17}},"1":{"start":{"line":21,"column":4},"end":{"line":26,"column":6}},"2":{"start":{"line":28,"column":4},"end":{"line":28,"column":53}},"3":{"start":{"line":29,"column":4},"end":{"line":29,"column":53}},"4":{"start":{"line":30,"column":4},"end":{"line":30,"column":57}},"5":{"start":{"line":40,"column":18},"end":{"line":40,"column":36}},"6":{"start":{"line":42,"column":4},"end":{"line":45,"column":6}},"7":{"start":{"line":42,"column":25},"end":{"line":44,"column":5}},"8":{"start":{"line":55,"column":4},"end":{"line":55,"column":27}},"9":{"start":{"line":56,"column":26},"end":{"line":56,"column":58}},"10":{"start":{"line":57,"column":18},"end":{"line":57,"column":36}},"11":{"start":{"line":59,"column":27},"end":{"line":64,"column":5}},"12":{"start":{"line":65,"column":4},"end":{"line":65,"column":32}},"13":{"start":{"line":66,"column":4},"end":{"line":66,"column":38}},"14":{"start":{"line":67,"column":4},"end":{"line":72,"column":7}},"15":{"start":{"line":81,"column":4},"end":{"line":81,"column":27}},"16":{"start":{"line":82,"column":26},"end":{"line":82,"column":50}},"17":{"start":{"line":83,"column":21},"end":{"line":83,"column":44}},"18":{"start":{"line":88,"column":4},"end":{"line":108,"column":5}},"19":{"start":{"line":90,"column":6},"end":{"line":90,"column":21}},"20":{"start":{"line":91,"column":6},"end":{"line":91,"column":33}},"21":{"start":{"line":92,"column":6},"end":{"line":92,"column":12}},"22":{"start":{"line":95,"column":6},"end":{"line":95,"column":23}},"23":{"start":{"line":96,"column":6},"end":{"line":96,"column":33}},"24":{"start":{"line":97,"column":6},"end":{"line":97,"column":12}},"25":{"start":{"line":100,"column":6},"end":{"line":100,"column":20}},"26":{"start":{"line":101,"column":6},"end":{"line":101,"column":35}},"27":{"start":{"line":102,"column":6},"end":{"line":102,"column":12}},"28":{"start":{"line":105,"column":6},"end":{"line":105,"column":21}},"29":{"start":{"line":106,"column":6},"end":{"line":106,"column":33}},"30":{"start":{"line":110,"column":4},"end":{"line":114,"column":7}},"31":{"start":{"line":115,"column":4},"end":{"line":115,"column":28}},"32":{"start":{"line":124,"column":4},"end":{"line":152,"column":6}},"33":{"start":{"line":156,"column":0},"end":{"line":158,"column":2}},"34":{"start":{"line":160,"column":0},"end":{"line":160,"column":33}}},"fnMap":{"0":{"name":"(anonymous_0)","decl":{"start":{"line":18,"column":2},"end":{"line":18,"column":3}},"loc":{"start":{"line":18,"column":21},"end":{"line":31,"column":3}},"line":18},"1":{"name":"(anonymous_1)","decl":{"start":{"line":39,"column":2},"end":{"line":39,"column":3}},"loc":{"start":{"line":39,"column":22},"end":{"line":46,"column":3}},"line":39},"2":{"name":"(anonymous_2)","decl":{"start":{"line":42,"column":18},"end":{"line":42,"column":19}},"loc":{"start":{"line":42,"column":25},"end":{"line":44,"column":5}},"line":42},"3":{"name":"(anonymous_3)","decl":{"start":{"line":54,"column":2},"end":{"line":54,"column":3}},"loc":{"start":{"line":54,"column":22},"end":{"line":73,"column":3}},"line":54},"4":{"name":"(anonymous_4)","decl":{"start":{"line":80,"column":2},"end":{"line":80,"column":3}},"loc":{"start":{"line":80,"column":24},"end":{"line":116,"column":3}},"line":80},"5":{"name":"(anonymous_5)","decl":{"start":{"line":123,"column":2},"end":{"line":123,"column":3}},"loc":{"start":{"line":123,"column":11},"end":{"line":153,"column":3}},"line":123}},"branchMap":{"0":{"loc":{"start":{"line":88,"column":4},"end":{"line":108,"column":5}},"type":"switch","locations":[{"start":{"line":89,"column":4},"end":{"line":93,"column":5}},{"start":{"line":94,"column":4},"end":{"line":98,"column":5}},{"start":{"line":99,"column":4},"end":{"line":103,"column":5}},{"start":{"line":104,"column":4},"end":{"line":107,"column":5}}],"line":88}},"s":{"0":10,"1":10,"2":10,"3":10,"4":10,"5":2,"6":2,"7":2,"8":1,"9":1,"10":1,"11":1,"12":1,"13":1,"14":1,"15":0,"16":0,"17":0,"18":0,"19":0,"20":0,"21":0,"22":0,"23":0,"24":0,"25":0,"26":0,"27":0,"28":0,"29":0,"30":0,"31":0,"32":13,"33":6,"34":6},"f":{"0":10,"1":2,"2":2,"3":1,"4":0,"5":13},"b":{"0":[0,0,0,0]},"_coverageSchema":"332fd63041d2c1bcb487cc26dd0d5f7d97098a6c","hash":"d59764eddac6868d4fb29e85c790debec24f4619"}
,"/Users/mac/PostIt/post-it-app/client/src/views/GroupContainer/GroupBodyContainer/userListView.jsx": {"path":"/Users/mac/PostIt/post-it-app/client/src/views/GroupContainer/GroupBodyContainer/userListView.jsx","statementMap":{"0":{"start":{"line":12,"column":16},"end":{"line":12,"column":29}},"1":{"start":{"line":19,"column":23},"end":{"line":29,"column":3}},"2":{"start":{"line":20,"column":4},"end":{"line":20,"column":46}},"3":{"start":{"line":21,"column":4},"end":{"line":21,"column":27}},"4":{"start":{"line":22,"column":18},"end":{"line":22,"column":36}},"5":{"start":{"line":23,"column":20},"end":{"line":26,"column":5}},"6":{"start":{"line":27,"column":4},"end":{"line":27,"column":27}},"7":{"start":{"line":31,"column":2},"end":{"line":47,"column":4}},"8":{"start":{"line":39,"column":8},"end":{"line":43,"column":17}},"9":{"start":{"line":50,"column":0},"end":{"line":52,"column":2}},"10":{"start":{"line":54,"column":0},"end":{"line":54,"column":26}}},"fnMap":{"0":{"name":"UserList","decl":{"start":{"line":11,"column":9},"end":{"line":11,"column":17}},"loc":{"start":{"line":11,"column":25},"end":{"line":48,"column":1}},"line":11},"1":{"name":"(anonymous_1)","decl":{"start":{"line":19,"column":23},"end":{"line":19,"column":24}},"loc":{"start":{"line":19,"column":34},"end":{"line":29,"column":3}},"line":19},"2":{"name":"(anonymous_2)","decl":{"start":{"line":38,"column":25},"end":{"line":38,"column":26}},"loc":{"start":{"line":39,"column":8},"end":{"line":43,"column":17}},"line":39}},"branchMap":{},"s":{"0":8,"1":8,"2":1,"3":1,"4":1,"5":1,"6":1,"7":8,"8":5,"9":6,"10":6},"f":{"0":8,"1":1,"2":5},"b":{},"_coverageSchema":"332fd63041d2c1bcb487cc26dd0d5f7d97098a6c","hash":"6321808bf8637b9f0cef497954388da32761d2d7"}
,"/Users/mac/PostIt/post-it-app/client/src/views/LoginRegisterContainer/GoogleSignInComponent.jsx": {"path":"/Users/mac/PostIt/post-it-app/client/src/views/LoginRegisterContainer/GoogleSignInComponent.jsx","statementMap":{"0":{"start":{"line":16,"column":4},"end":{"line":16,"column":12}},"1":{"start":{"line":18,"column":4},"end":{"line":18,"column":45}},"2":{"start":{"line":19,"column":4},"end":{"line":19,"column":75}},"3":{"start":{"line":28,"column":4},"end":{"line":28,"column":40}},"4":{"start":{"line":29,"column":18},"end":{"line":29,"column":55}},"5":{"start":{"line":30,"column":4},"end":{"line":32,"column":7}},"6":{"start":{"line":40,"column":4},"end":{"line":40,"column":50}},"7":{"start":{"line":41,"column":4},"end":{"line":48,"column":7}},"8":{"start":{"line":57,"column":4},"end":{"line":57,"column":75}},"9":{"start":{"line":65,"column":4},"end":{"line":70,"column":6}},"10":{"start":{"line":74,"column":0},"end":{"line":74,"column":29}}},"fnMap":{"0":{"name":"(anonymous_0)","decl":{"start":{"line":15,"column":2},"end":{"line":15,"column":3}},"loc":{"start":{"line":15,"column":16},"end":{"line":20,"column":3}},"line":15},"1":{"name":"(anonymous_1)","decl":{"start":{"line":27,"column":2},"end":{"line":27,"column":3}},"loc":{"start":{"line":27,"column":23},"end":{"line":33,"column":3}},"line":27},"2":{"name":"(anonymous_2)","decl":{"start":{"line":39,"column":2},"end":{"line":39,"column":3}},"loc":{"start":{"line":39,"column":28},"end":{"line":49,"column":3}},"line":39},"3":{"name":"(anonymous_3)","decl":{"start":{"line":56,"column":2},"end":{"line":56,"column":3}},"loc":{"start":{"line":56,"column":22},"end":{"line":58,"column":3}},"line":56},"4":{"name":"(anonymous_4)","decl":{"start":{"line":64,"column":2},"end":{"line":64,"column":3}},"loc":{"start":{"line":64,"column":11},"end":{"line":71,"column":3}},"line":64}},"branchMap":{},"s":{"0":4,"1":4,"2":4,"3":0,"4":0,"5":0,"6":0,"7":0,"8":4,"9":4,"10":3},"f":{"0":4,"1":0,"2":0,"3":4,"4":4},"b":{},"_coverageSchema":"332fd63041d2c1bcb487cc26dd0d5f7d97098a6c","hash":"71b388988c67d29dfd8484a74bcca3d26a0cb42a"}
,"/Users/mac/PostIt/post-it-app/client/src/views/LoginRegisterContainer/LandingPageContainer.jsx": {"path":"/Users/mac/PostIt/post-it-app/client/src/views/LoginRegisterContainer/LandingPageContainer.jsx","statementMap":{"0":{"start":{"line":9,"column":2},"end":{"line":22,"column":4}},"1":{"start":{"line":25,"column":0},"end":{"line":25,"column":38}}},"fnMap":{"0":{"name":"LandingPageContainer","decl":{"start":{"line":8,"column":9},"end":{"line":8,"column":29}},"loc":{"start":{"line":8,"column":32},"end":{"line":23,"column":1}},"line":8}},"branchMap":{},"s":{"0":1,"1":2},"f":{"0":1},"b":{},"_coverageSchema":"332fd63041d2c1bcb487cc26dd0d5f7d97098a6c","hash":"747a85d91167456d8499ae5323e983b7f0777844"}
,"/Users/mac/PostIt/post-it-app/client/src/views/LoginRegisterContainer/LoginComponent.jsx": {"path":"/Users/mac/PostIt/post-it-app/client/src/views/LoginRegisterContainer/LoginComponent.jsx","statementMap":{"0":{"start":{"line":17,"column":4},"end":{"line":17,"column":12}},"1":{"start":{"line":19,"column":4},"end":{"line":24,"column":6}},"2":{"start":{"line":26,"column":4},"end":{"line":26,"column":53}},"3":{"start":{"line":27,"column":4},"end":{"line":27,"column":53}},"4":{"start":{"line":28,"column":4},"end":{"line":28,"column":45}},"5":{"start":{"line":36,"column":18},"end":{"line":36,"column":36}},"6":{"start":{"line":38,"column":4},"end":{"line":40,"column":7}},"7":{"start":{"line":49,"column":4},"end":{"line":49,"column":27}},"8":{"start":{"line":51,"column":4},"end":{"line":51,"column":40}},"9":{"start":{"line":52,"column":4},"end":{"line":55,"column":7}},"10":{"start":{"line":58,"column":4},"end":{"line":61,"column":7}},"11":{"start":{"line":69,"column":23},"end":{"line":69,"column":49}},"12":{"start":{"line":70,"column":4},"end":{"line":76,"column":5}},"13":{"start":{"line":71,"column":6},"end":{"line":75,"column":9}},"14":{"start":{"line":85,"column":4},"end":{"line":85,"column":48}},"15":{"start":{"line":94,"column":4},"end":{"line":94,"column":51}},"16":{"start":{"line":102,"column":4},"end":{"line":136,"column":6}},"17":{"start":{"line":140,"column":0},"end":{"line":140,"column":27}}},"fnMap":{"0":{"name":"(anonymous_0)","decl":{"start":{"line":16,"column":2},"end":{"line":16,"column":3}},"loc":{"start":{"line":16,"column":16},"end":{"line":29,"column":3}},"line":16},"1":{"name":"(anonymous_1)","decl":{"start":{"line":35,"column":2},"end":{"line":35,"column":3}},"loc":{"start":{"line":35,"column":22},"end":{"line":41,"column":3}},"line":35},"2":{"name":"(anonymous_2)","decl":{"start":{"line":48,"column":2},"end":{"line":48,"column":3}},"loc":{"start":{"line":48,"column":22},"end":{"line":62,"column":3}},"line":48},"3":{"name":"(anonymous_3)","decl":{"start":{"line":68,"column":2},"end":{"line":68,"column":3}},"loc":{"start":{"line":68,"column":13},"end":{"line":77,"column":3}},"line":68},"4":{"name":"(anonymous_4)","decl":{"start":{"line":84,"column":2},"end":{"line":84,"column":3}},"loc":{"start":{"line":84,"column":22},"end":{"line":86,"column":3}},"line":84},"5":{"name":"(anonymous_5)","decl":{"start":{"line":93,"column":2},"end":{"line":93,"column":3}},"loc":{"start":{"line":93,"column":25},"end":{"line":95,"column":3}},"line":93},"6":{"name":"(anonymous_6)","decl":{"start":{"line":101,"column":2},"end":{"line":101,"column":3}},"loc":{"start":{"line":101,"column":11},"end":{"line":137,"column":3}},"line":101}},"branchMap":{"0":{"loc":{"start":{"line":70,"column":4},"end":{"line":76,"column":5}},"type":"if","locations":[{"start":{"line":70,"column":4},"end":{"line":76,"column":5}},{"start":{"line":70,"column":4},"end":{"line":76,"column":5}}],"line":70},"1":{"loc":{"start":{"line":126,"column":21},"end":{"line":126,"column":62}},"type":"binary-expr","locations":[{"start":{"line":126,"column":21},"end":{"line":126,"column":41}},{"start":{"line":126,"column":45},"end":{"line":126,"column":62}}],"line":126},"2":{"loc":{"start":{"line":127,"column":16},"end":{"line":127,"column":82}},"type":"binary-expr","locations":[{"start":{"line":127,"column":16},"end":{"line":127,"column":32}},{"start":{"line":127,"column":36},"end":{"line":127,"column":82}}],"line":127},"3":{"loc":{"start":{"line":130,"column":9},"end":{"line":133,"column":16}},"type":"binary-expr","locations":[{"start":{"line":130,"column":9},"end":{"line":130,"column":32}},{"start":{"line":131,"column":10},"end":{"line":133,"column":16}}],"line":130}},"s":{"0":8,"1":8,"2":8,"3":8,"4":8,"5":4,"6":4,"7":1,"8":1,"9":1,"10":1,"11":0,"12":0,"13":0,"14":8,"15":0,"16":13,"17":4},"f":{"0":8,"1":4,"2":1,"3":0,"4":8,"5":0,"6":13},"b":{"0":[0,0],"1":[13,3],"2":[13,1],"3":[13,0]},"_coverageSchema":"332fd63041d2c1bcb487cc26dd0d5f7d97098a6c","hash":"884606e8d36156127aabf05436abd636c1b65a72"}
,"/Users/mac/PostIt/post-it-app/client/src/views/LoginRegisterContainer/LoginRegisterContainer.jsx": {"path":"/Users/mac/PostIt/post-it-app/client/src/views/LoginRegisterContainer/LoginRegisterContainer.jsx","statementMap":{"0":{"start":{"line":13,"column":2},"end":{"line":27,"column":4}},"1":{"start":{"line":22,"column":12},"end":{"line":22,"column":30}},"2":{"start":{"line":29,"column":0},"end":{"line":29,"column":40}}},"fnMap":{"0":{"name":"LoginRegisterContainer","decl":{"start":{"line":12,"column":9},"end":{"line":12,"column":31}},"loc":{"start":{"line":12,"column":34},"end":{"line":28,"column":1}},"line":12},"1":{"name":"(anonymous_1)","decl":{"start":{"line":21,"column":28},"end":{"line":21,"column":29}},"loc":{"start":{"line":22,"column":12},"end":{"line":22,"column":30}},"line":22}},"branchMap":{},"s":{"0":2,"1":1,"2":3},"f":{"0":2,"1":1},"b":{},"_coverageSchema":"332fd63041d2c1bcb487cc26dd0d5f7d97098a6c","hash":"c855b97ab906ada3eaf1ef9c51c3c421b44b78ba"}
,"/Users/mac/PostIt/post-it-app/client/src/views/LoginRegisterContainer/Nav.js": {"path":"/Users/mac/PostIt/post-it-app/client/src/views/LoginRegisterContainer/Nav.js","statementMap":{"0":{"start":{"line":11,"column":2},"end":{"line":24,"column":11}},"1":{"start":{"line":26,"column":0},"end":{"line":26,"column":21}}},"fnMap":{"0":{"name":"Nav","decl":{"start":{"line":10,"column":9},"end":{"line":10,"column":12}},"loc":{"start":{"line":10,"column":15},"end":{"line":25,"column":1}},"line":10}},"branchMap":{},"s":{"0":2,"1":4},"f":{"0":2},"b":{},"_coverageSchema":"332fd63041d2c1bcb487cc26dd0d5f7d97098a6c","hash":"131d08dc3b796175d660fee44bece62533fce3ab"}
,"/Users/mac/PostIt/post-it-app/client/src/views/LoginRegisterContainer/RegisterComponent.jsx": {"path":"/Users/mac/PostIt/post-it-app/client/src/views/LoginRegisterContainer/RegisterComponent.jsx","statementMap":{"0":{"start":{"line":18,"column":4},"end":{"line":18,"column":12}},"1":{"start":{"line":20,"column":4},"end":{"line":27,"column":6}},"2":{"start":{"line":29,"column":4},"end":{"line":29,"column":53}},"3":{"start":{"line":30,"column":4},"end":{"line":30,"column":53}},"4":{"start":{"line":31,"column":4},"end":{"line":31,"column":45}},"5":{"start":{"line":40,"column":18},"end":{"line":40,"column":36}},"6":{"start":{"line":41,"column":4},"end":{"line":43,"column":7}},"7":{"start":{"line":52,"column":4},"end":{"line":52,"column":27}},"8":{"start":{"line":53,"column":4},"end":{"line":63,"column":5}},"9":{"start":{"line":54,"column":6},"end":{"line":58,"column":9}},"10":{"start":{"line":59,"column":6},"end":{"line":62,"column":9}},"11":{"start":{"line":71,"column":26},"end":{"line":71,"column":55}},"12":{"start":{"line":72,"column":4},"end":{"line":77,"column":5}},"13":{"start":{"line":73,"column":6},"end":{"line":76,"column":9}},"14":{"start":{"line":86,"column":4},"end":{"line":86,"column":48}},"15":{"start":{"line":95,"column":4},"end":{"line":95,"column":51}},"16":{"start":{"line":103,"column":4},"end":{"line":154,"column":6}}},"fnMap":{"0":{"name":"(anonymous_0)","decl":{"start":{"line":17,"column":2},"end":{"line":17,"column":3}},"loc":{"start":{"line":17,"column":16},"end":{"line":32,"column":3}},"line":17},"1":{"name":"(anonymous_1)","decl":{"start":{"line":39,"column":2},"end":{"line":39,"column":3}},"loc":{"start":{"line":39,"column":22},"end":{"line":44,"column":3}},"line":39},"2":{"name":"(anonymous_2)","decl":{"start":{"line":51,"column":2},"end":{"line":51,"column":3}},"loc":{"start":{"line":51,"column":22},"end":{"line":64,"column":3}},"line":51},"3":{"name":"(anonymous_3)","decl":{"start":{"line":70,"column":2},"end":{"line":70,"column":3}},"loc":{"start":{"line":70,"column":13},"end":{"line":78,"column":3}},"line":70},"4":{"name":"(anonymous_4)","decl":{"start":{"line":85,"column":2},"end":{"line":85,"column":3}},"loc":{"start":{"line":85,"column":22},"end":{"line":87,"column":3}},"line":85},"5":{"name":"(anonymous_5)","decl":{"start":{"line":94,"column":2},"end":{"line":94,"column":3}},"loc":{"start":{"line":94,"column":25},"end":{"line":96,"column":3}},"line":94},"6":{"name":"(anonymous_6)","decl":{"start":{"line":102,"column":2},"end":{"line":102,"column":3}},"loc":{"start":{"line":102,"column":11},"end":{"line":155,"column":3}},"line":102}},"branchMap":{"0":{"loc":{"start":{"line":53,"column":4},"end":{"line":63,"column":5}},"type":"if","locations":[{"start":{"line":53,"column":4},"end":{"line":63,"column":5}},{"start":{"line":53,"column":4},"end":{"line":63,"column":5}}],"line":53},"1":{"loc":{"start":{"line":72,"column":4},"end":{"line":77,"column":5}},"type":"if","locations":[{"start":{"line":72,"column":4},"end":{"line":77,"column":5}},{"start":{"line":72,"column":4},"end":{"line":77,"column":5}}],"line":72},"2":{"loc":{"start":{"line":128,"column":12},"end":{"line":128,"column":79}},"type":"cond-expr","locations":[{"start":{"line":128,"column":45},"end":{"line":128,"column":58}},{"start":{"line":128,"column":61},"end":{"line":128,"column":79}}],"line":128},"3":{"loc":{"start":{"line":136,"column":12},"end":{"line":137,"column":48}},"type":"cond-expr","locations":[{"start":{"line":137,"column":14},"end":{"line":137,"column":27}},{"start":{"line":137,"column":30},"end":{"line":137,"column":48}}],"line":136},"4":{"loc":{"start":{"line":136,"column":12},"end":{"line":137,"column":11}},"type":"binary-expr","locations":[{"start":{"line":136,"column":12},"end":{"line":136,"column":62}},{"start":{"line":136,"column":66},"end":{"line":137,"column":11}}],"line":136},"5":{"loc":{"start":{"line":141,"column":21},"end":{"line":142,"column":60}},"type":"binary-expr","locations":[{"start":{"line":141,"column":21},"end":{"line":141,"column":41}},{"start":{"line":141,"column":45},"end":{"line":141,"column":62}},{"start":{"line":142,"column":9},"end":{"line":142,"column":29}},{"start":{"line":142,"column":33},"end":{"line":142,"column":60}}],"line":141},"6":{"loc":{"start":{"line":145,"column":18},"end":{"line":145,"column":90}},"type":"binary-expr","locations":[{"start":{"line":145,"column":18},"end":{"line":145,"column":40}},{"start":{"line":145,"column":44},"end":{"line":145,"column":90}}],"line":145},"7":{"loc":{"start":{"line":148,"column":9},"end":{"line":151,"column":16}},"type":"binary-expr","locations":[{"start":{"line":148,"column":9},"end":{"line":148,"column":32}},{"start":{"line":149,"column":10},"end":{"line":151,"column":16}}],"line":148}},"s":{"0":11,"1":11,"2":11,"3":11,"4":11,"5":12,"6":12,"7":2,"8":2,"9":1,"10":1,"11":0,"12":0,"13":0,"14":11,"15":0,"16":24},"f":{"0":11,"1":12,"2":2,"3":0,"4":11,"5":0,"6":24},"b":{"0":[1,1],"1":[0,0],"2":[18,6],"3":[22,2],"4":[24,19],"5":[24,10,7,5],"6":[24,1],"7":[24,0]},"_coverageSchema":"332fd63041d2c1bcb487cc26dd0d5f7d97098a6c","hash":"c246a1238113d8c630cdac6e766a04f28fc7ccde"}
,"/Users/mac/PostIt/post-it-app/client/src/views/LoginRegisterContainer/ResetPasswordView.jsx": {"path":"/Users/mac/PostIt/post-it-app/client/src/views/LoginRegisterContainer/ResetPasswordView.jsx","statementMap":{"0":{"start":{"line":15,"column":4},"end":{"line":15,"column":12}},"1":{"start":{"line":17,"column":4},"end":{"line":19,"column":6}},"2":{"start":{"line":21,"column":4},"end":{"line":21,"column":53}},"3":{"start":{"line":22,"column":4},"end":{"line":22,"column":53}},"4":{"start":{"line":23,"column":4},"end":{"line":23,"column":45}},"5":{"start":{"line":31,"column":18},"end":{"line":31,"column":36}},"6":{"start":{"line":33,"column":4},"end":{"line":35,"column":7}},"7":{"start":{"line":43,"column":4},"end":{"line":43,"column":27}},"8":{"start":{"line":44,"column":4},"end":{"line":46,"column":7}},"9":{"start":{"line":55,"column":4},"end":{"line":55,"column":47}},"10":{"start":{"line":64,"column":4},"end":{"line":64,"column":50}},"11":{"start":{"line":71,"column":4},"end":{"line":73,"column":7}},"12":{"start":{"line":81,"column":4},"end":{"line":103,"column":6}},"13":{"start":{"line":107,"column":0},"end":{"line":107,"column":35}}},"fnMap":{"0":{"name":"(anonymous_0)","decl":{"start":{"line":14,"column":2},"end":{"line":14,"column":3}},"loc":{"start":{"line":14,"column":16},"end":{"line":24,"column":3}},"line":14},"1":{"name":"(anonymous_1)","decl":{"start":{"line":30,"column":2},"end":{"line":30,"column":3}},"loc":{"start":{"line":30,"column":22},"end":{"line":36,"column":3}},"line":30},"2":{"name":"(anonymous_2)","decl":{"start":{"line":42,"column":2},"end":{"line":42,"column":3}},"loc":{"start":{"line":42,"column":22},"end":{"line":47,"column":3}},"line":42},"3":{"name":"(anonymous_3)","decl":{"start":{"line":54,"column":2},"end":{"line":54,"column":3}},"loc":{"start":{"line":54,"column":22},"end":{"line":56,"column":3}},"line":54},"4":{"name":"(anonymous_4)","decl":{"start":{"line":63,"column":2},"end":{"line":63,"column":3}},"loc":{"start":{"line":63,"column":25},"end":{"line":65,"column":3}},"line":63},"5":{"name":"(anonymous_5)","decl":{"start":{"line":70,"column":2},"end":{"line":70,"column":3}},"loc":{"start":{"line":70,"column":13},"end":{"line":74,"column":3}},"line":70},"6":{"name":"(anonymous_6)","decl":{"start":{"line":80,"column":2},"end":{"line":80,"column":3}},"loc":{"start":{"line":80,"column":11},"end":{"line":104,"column":3}},"line":80}},"branchMap":{},"s":{"0":7,"1":7,"2":7,"3":7,"4":7,"5":1,"6":1,"7":1,"8":1,"9":7,"10":1,"11":0,"12":8,"13":2},"f":{"0":7,"1":1,"2":1,"3":7,"4":1,"5":0,"6":8},"b":{},"_coverageSchema":"332fd63041d2c1bcb487cc26dd0d5f7d97098a6c","hash":"19af80b52c500c9cdc5ee1ad5758fae83371b900"}
}
