TN:
SF:/Users/mac/PostIt/post-it-app/client/src/data/PostItActionTypes.js
FNF:0
FNH:0
DA:1,29
LF:1
LH:1
BRF:0
BRH:0
end_of_record
TN:
SF:/Users/mac/PostIt/post-it-app/client/src/data/PostItDispatcher.js
FN:15,(anonymous_0)
FN:27,(anonymous_1)
FNF:2
FNH:0
FNDA:0,(anonymous_0)
FNDA:0,(anonymous_1)
DA:16,0
DA:28,0
DA:35,15
DA:36,15
LF:4
LH:2
BRF:0
BRH:0
end_of_record
TN:
SF:/Users/mac/PostIt/post-it-app/client/src/data/models/groupList.js
FNF:0
FNH:0
DA:3,14
LF:1
LH:1
BRF:0
BRH:0
end_of_record
TN:
SF:/Users/mac/PostIt/post-it-app/client/src/data/postItActions/addUserGroup.js
FN:10,(anonymous_0)
FN:23,(anonymous_1)
FNF:2
FNH:0
FNDA:0,(anonymous_0)
FNDA:0,(anonymous_1)
DA:11,0
DA:12,0
DA:14,0
DA:15,0
DA:17,0
DA:18,0
DA:24,0
DA:25,0
DA:27,0
DA:28,0
LF:10
LH:0
BRDA:24,0,0,0
BRDA:24,0,1,0
BRF:2
BRH:0
end_of_record
TN:
SF:/Users/mac/PostIt/post-it-app/client/src/data/postItActions/getAllUsersAction.js
FN:11,(anonymous_0)
FN:15,(anonymous_1)
FNF:2
FNH:2
FNDA:4,(anonymous_0)
FNDA:4,(anonymous_1)
DA:12,4
DA:16,4
DA:17,0
DA:19,4
LF:4
LH:3
BRDA:16,0,0,0
BRDA:16,0,1,4
BRF:2
BRH:1
end_of_record
TN:
SF:/Users/mac/PostIt/post-it-app/client/src/data/postItActions/getMessagesAction.js
FN:9,(anonymous_0)
FN:14,(anonymous_1)
FNF:2
FNH:0
FNDA:0,(anonymous_0)
FNDA:0,(anonymous_1)
DA:10,0
DA:11,0
DA:15,0
DA:16,0
DA:18,0
LF:5
LH:0
BRDA:15,0,0,0
BRDA:15,0,1,0
BRF:2
BRH:0
end_of_record
TN:
SF:/Users/mac/PostIt/post-it-app/client/src/data/postItActions/googleSignInAction.js
FN:13,GoogleSignInAction
FN:18,(anonymous_1)
FNF:2
FNH:0
FNDA:0,GoogleSignInAction
FNDA:0,(anonymous_1)
DA:14,0
DA:15,0
DA:19,0
DA:20,0
DA:21,0
DA:23,0
DA:24,0
DA:25,0
LF:8
LH:0
BRDA:20,0,0,0
BRDA:20,0,1,0
BRF:2
BRH:0
end_of_record
TN:
SF:/Users/mac/PostIt/post-it-app/client/src/data/postItActions/groupActions.js
FN:11,recieveGroups
FN:22,addGroup
FN:33,getGroups
FN:37,(anonymous_3)
FN:55,addGroupApi
FN:60,(anonymous_5)
FNF:6
FNH:6
FNDA:2,recieveGroups
FNDA:1,addGroup
FNDA:1,getGroups
FNDA:1,(anonymous_3)
FNDA:1,addGroupApi
FNDA:1,(anonymous_5)
DA:12,2
DA:23,1
DA:34,1
DA:35,1
DA:38,1
DA:40,1
DA:45,0
DA:56,1
DA:57,1
DA:61,1
DA:62,0
DA:65,1
DA:66,1
DA:67,1
LF:14
LH:12
BRDA:38,0,0,1
BRDA:38,0,1,0
BRDA:61,1,0,0
BRDA:61,1,1,1
BRF:4
BRH:2
end_of_record
TN:
SF:/Users/mac/PostIt/post-it-app/client/src/data/postItActions/readMessagesAction.js
FN:12,(anonymous_0)
FN:19,(anonymous_1)
FNF:2
FNH:0
FNDA:0,(anonymous_0)
FNDA:0,(anonymous_1)
DA:13,0
DA:16,0
DA:20,0
DA:21,0
DA:23,0
DA:24,0
DA:25,0
LF:7
LH:0
BRDA:20,0,0,0
BRDA:20,0,1,0
BRF:2
BRH:0
end_of_record
TN:
SF:/Users/mac/PostIt/post-it-app/client/src/data/postItActions/registerUserAction.js
FN:13,(anonymous_0)
FN:18,(anonymous_1)
FNF:2
FNH:2
FNDA:1,(anonymous_0)
FNDA:1,(anonymous_1)
DA:14,1
DA:15,1
DA:19,1
DA:20,0
DA:25,1
DA:26,1
LF:6
LH:5
BRDA:19,0,0,0
BRDA:19,0,1,1
BRF:2
BRH:1
end_of_record
TN:
SF:/Users/mac/PostIt/post-it-app/client/src/data/postItActions/sendMessageAction.js
FN:11,(anonymous_0)
FN:16,(anonymous_1)
FNF:2
FNH:2
FNDA:1,(anonymous_0)
FNDA:1,(anonymous_1)
DA:12,1
DA:13,1
DA:17,1
DA:18,0
DA:20,1
DA:21,1
DA:22,1
DA:28,1
LF:8
LH:7
BRDA:17,0,0,0
BRDA:17,0,1,1
BRF:2
BRH:1
end_of_record
TN:
SF:/Users/mac/PostIt/post-it-app/client/src/data/postItActions/userSignInAction.js
FN:13,SignInAction
FN:18,(anonymous_1)
FNF:2
FNH:2
FNDA:1,SignInAction
FNDA:1,(anonymous_1)
DA:14,1
DA:15,1
DA:19,1
DA:20,1
DA:21,0
DA:26,1
DA:27,1
LF:7
LH:6
BRDA:20,0,0,0
BRDA:20,0,1,1
BRF:2
BRH:1
end_of_record
TN:
SF:/Users/mac/PostIt/post-it-app/client/src/data/postItStores/PostItAllUsersStore.js
FN:12,(anonymous_0)
FN:29,(anonymous_1)
FN:40,(anonymous_2)
FN:50,(anonymous_3)
FN:60,(anonymous_4)
FNF:5
FNH:3
FNDA:1,(anonymous_0)
FNDA:0,(anonymous_1)
FNDA:0,(anonymous_2)
FNDA:2,(anonymous_3)
FNDA:2,(anonymous_4)
DA:7,6
DA:9,6
DA:12,6
DA:13,1
DA:14,1
DA:30,0
DA:41,0
DA:51,2
DA:52,2
DA:53,2
DA:54,2
DA:58,6
DA:60,6
DA:61,2
DA:63,2
DA:65,1
DA:66,1
DA:67,1
DA:71,1
DA:72,1
DA:74,1
DA:75,1
DA:76,0
DA:77,0
DA:78,0
DA:79,0
DA:81,1
DA:82,1
DA:83,1
DA:85,1
DA:86,1
DA:87,1
DA:91,0
DA:92,0
DA:93,0
DA:95,0
DA:96,0
DA:97,0
DA:99,0
DA:101,0
DA:102,0
DA:103,0
DA:104,0
DA:107,0
DA:111,0
DA:116,6
LF:46
LH:27
BRDA:63,0,0,1
BRDA:63,0,1,1
BRDA:63,0,2,0
BRDA:63,0,3,0
BRDA:75,1,0,0
BRDA:75,1,1,1
BRDA:97,2,0,0
BRDA:97,2,1,0
BRF:8
BRH:3
end_of_record
TN:
SF:/Users/mac/PostIt/post-it-app/client/src/data/postItStores/PostItErrorStore.js
FN:21,(anonymous_0)
FN:31,(anonymous_1)
FN:39,(anonymous_2)
FN:47,(anonymous_3)
FN:54,(anonymous_4)
FNF:5
FNH:1
FNDA:19,(anonymous_0)
FNDA:0,(anonymous_1)
FNDA:0,(anonymous_2)
FNDA:0,(anonymous_3)
FNDA:0,(anonymous_4)
DA:5,4
DA:22,19
DA:32,0
DA:40,0
DA:48,0
DA:52,4
DA:54,4
DA:55,0
DA:57,0
DA:59,0
DA:60,0
DA:61,0
DA:62,0
DA:66,0
DA:67,0
DA:68,0
DA:69,0
DA:73,0
DA:78,4
LF:19
LH:5
BRDA:57,0,0,0
BRDA:57,0,1,0
BRDA:57,0,2,0
BRF:3
BRH:0
end_of_record
TN:
SF:/Users/mac/PostIt/post-it-app/client/src/data/postItStores/PostItGroupStore.js
FN:13,(anonymous_0)
FN:31,(anonymous_1)
FN:41,(anonymous_2)
FN:50,(anonymous_3)
FN:63,(anonymous_4)
FN:71,(anonymous_5)
FNF:6
FNH:3
FNDA:1,(anonymous_0)
FNDA:0,(anonymous_1)
FNDA:0,(anonymous_2)
FNDA:2,(anonymous_3)
FNDA:0,(anonymous_4)
FNDA:3,(anonymous_5)
DA:7,7
DA:10,7
DA:13,7
DA:14,1
DA:15,1
DA:32,0
DA:42,0
DA:51,2
DA:52,2
DA:53,2
DA:54,2
DA:64,0
DA:69,7
DA:71,7
DA:72,3
DA:73,3
DA:75,3
DA:77,1
DA:79,1
DA:81,1
DA:85,1
DA:86,1
DA:90,1
DA:91,1
DA:92,1
DA:93,1
DA:94,1
DA:95,1
DA:98,0
DA:104,7
LF:30
LH:26
BRDA:75,0,0,1
BRDA:75,0,1,1
BRDA:75,0,2,1
BRDA:75,0,3,0
BRDA:77,1,0,1
BRDA:77,1,1,0
BRF:6
BRH:4
end_of_record
TN:
SF:/Users/mac/PostIt/post-it-app/client/src/data/postItStores/PostItMessageStore.js
FN:15,(anonymous_0)
FN:34,(anonymous_1)
FN:45,(anonymous_2)
FN:53,(anonymous_3)
FN:61,(anonymous_4)
FN:70,(anonymous_5)
FN:79,(anonymous_6)
FN:89,(anonymous_7)
FNF:8
FNH:4
FNDA:1,(anonymous_0)
FNDA:0,(anonymous_1)
FNDA:0,(anonymous_2)
FNDA:0,(anonymous_3)
FNDA:0,(anonymous_4)
FNDA:1,(anonymous_5)
FNDA:3,(anonymous_6)
FNDA:1,(anonymous_7)
DA:6,5
DA:9,5
DA:11,5
DA:15,5
DA:16,1
DA:18,1
DA:35,0
DA:46,0
DA:54,0
DA:62,0
DA:71,1
DA:72,1
DA:80,3
DA:87,5
DA:89,5
DA:90,1
DA:92,1
DA:94,1
DA:95,1
DA:96,1
DA:97,1
DA:99,1
DA:100,1
DA:101,0
DA:102,0
DA:105,1
DA:107,1
DA:108,0
DA:109,0
DA:110,0
DA:111,0
DA:113,1
DA:114,1
DA:115,1
DA:117,1
DA:118,1
DA:119,1
DA:123,0
DA:124,0
DA:128,0
DA:130,0
DA:131,0
DA:132,0
DA:133,0
DA:137,0
DA:142,5
LF:46
LH:28
BRDA:92,0,0,1
BRDA:92,0,1,0
BRDA:92,0,2,0
BRDA:92,0,3,0
BRDA:100,1,0,0
BRDA:100,1,1,1
BRDA:107,2,0,0
BRDA:107,2,1,1
BRF:8
BRH:3
end_of_record
TN:
SF:/Users/mac/PostIt/post-it-app/client/src/data/postItStores/PostItUserStore.js
FN:22,(anonymous_0)
FN:32,(anonymous_1)
FN:41,(anonymous_2)
FN:46,(anonymous_3)
FN:53,(anonymous_4)
FNF:5
FNH:2
FNDA:0,(anonymous_0)
FNDA:0,(anonymous_1)
FNDA:1,(anonymous_2)
FNDA:0,(anonymous_3)
FNDA:1,(anonymous_4)
DA:6,3
DA:8,3
DA:10,3
DA:23,0
DA:33,0
DA:42,1
DA:43,1
DA:47,0
DA:51,3
DA:53,3
DA:54,1
DA:55,1
DA:57,1
DA:59,1
DA:61,1
DA:62,1
DA:63,1
DA:64,1
DA:65,1
DA:66,1
DA:67,1
DA:69,1
DA:73,0
DA:74,0
DA:75,0
DA:79,0
DA:80,0
DA:81,0
DA:83,0
DA:87,0
DA:92,3
LF:31
LH:20
BRDA:59,0,0,1
BRDA:59,0,1,0
BRDA:59,0,2,0
BRDA:59,0,3,0
BRDA:61,1,0,1
BRDA:61,1,1,0
BRF:6
BRH:2
end_of_record
TN:
SF:/Users/mac/PostIt/post-it-app/client/src/utility/getReadStatus.js
FN:3,(anonymous_0)
FN:8,(anonymous_1)
FNF:2
FNH:0
FNDA:0,(anonymous_0)
FNDA:0,(anonymous_1)
DA:4,0
DA:5,0
DA:6,0
DA:8,0
DA:9,0
DA:12,0
LF:6
LH:0
BRDA:4,0,0,0
BRDA:4,0,1,0
BRDA:5,1,0,0
BRDA:5,1,1,0
BRF:4
BRH:0
end_of_record
TN:
SF:/Users/mac/PostIt/post-it-app/client/src/utility/getSenderInitials.js
FN:2,(anonymous_0)
FN:7,(anonymous_1)
FNF:2
FNH:0
FNDA:0,(anonymous_0)
FNDA:0,(anonymous_1)
DA:3,0
DA:4,0
DA:5,0
DA:7,0
DA:8,0
DA:12,0
LF:6
LH:0
BRDA:4,0,0,0
BRDA:4,0,1,0
BRF:2
BRH:0
end_of_record
TN:
SF:/Users/mac/PostIt/post-it-app/client/src/views/GroupContainer/AddGroup.jsx
FN:12,(anonymous_0)
FN:29,(anonymous_1)
FN:32,(anonymous_2)
FN:44,(anonymous_3)
FN:57,(anonymous_4)
FNF:5
FNH:5
FNDA:3,(anonymous_0)
FNDA:2,(anonymous_1)
FNDA:2,(anonymous_2)
FNDA:1,(anonymous_3)
FNDA:6,(anonymous_4)
DA:13,3
DA:15,3
DA:19,3
DA:20,3
DA:30,2
DA:32,2
DA:45,1
DA:46,1
DA:47,1
DA:58,6
DA:80,3
LF:11
LH:11
BRF:0
BRH:0
end_of_record
TN:
SF:/Users/mac/PostIt/post-it-app/client/src/views/GroupContainer/GroupItem.jsx
FN:21,(anonymous_0)
FN:39,(anonymous_1)
FN:49,(anonymous_2)
FN:63,(anonymous_3)
FNF:4
FNH:3
FNDA:4,(anonymous_0)
FNDA:1,(anonymous_1)
FNDA:0,(anonymous_2)
FNDA:5,(anonymous_3)
DA:22,4
DA:24,4
DA:28,4
DA:32,4
DA:40,1
DA:50,0
DA:54,0
DA:64,5
DA:96,2
DA:101,2
LF:10
LH:8
BRDA:86,0,0,5
BRDA:86,0,1,1
BRF:2
BRH:2
end_of_record
TN:
SF:/Users/mac/PostIt/post-it-app/client/src/views/GroupContainer/GroupList.jsx
FN:19,(anonymous_0)
FN:36,(anonymous_1)
FN:44,(anonymous_2)
FN:69,(anonymous_3)
FN:86,(anonymous_4)
FN:92,(anonymous_5)
FN:109,(anonymous_6)
FN:117,(anonymous_7)
FNF:8
FNH:3
FNDA:3,(anonymous_0)
FNDA:0,(anonymous_1)
FNDA:0,(anonymous_2)
FNDA:0,(anonymous_3)
FNDA:3,(anonymous_4)
FNDA:0,(anonymous_5)
FNDA:3,(anonymous_6)
FNDA:0,(anonymous_7)
DA:20,3
DA:21,3
DA:22,3
DA:23,3
DA:28,3
DA:29,3
DA:37,0
DA:45,0
DA:70,0
DA:71,0
DA:72,0
DA:74,0
DA:75,0
DA:87,3
DA:88,3
DA:90,3
DA:91,0
DA:92,0
DA:93,0
DA:94,0
DA:95,0
DA:96,0
DA:98,0
DA:102,3
DA:110,3
DA:118,0
DA:146,2
DA:150,2
LF:28
LH:13
BRDA:74,0,0,0
BRDA:74,0,1,0
BRDA:90,1,0,0
BRDA:90,1,1,3
BRDA:91,2,0,0
BRDA:91,2,1,0
BRDA:93,3,0,0
BRDA:93,3,1,0
BRDA:95,4,0,0
BRDA:95,4,1,0
BRDA:132,5,0,0
BRDA:132,5,1,0
BRF:12
BRH:1
end_of_record
TN:
SF:/Users/mac/PostIt/post-it-app/client/src/views/GroupContainer/GroupListView.jsx
FN:15,GroupListView
FN:19,(anonymous_1)
FN:29,(anonymous_2)
FN:49,(anonymous_3)
FNF:4
FNH:1
FNDA:4,GroupListView
FNDA:0,(anonymous_1)
FNDA:0,(anonymous_2)
FNDA:0,(anonymous_3)
DA:16,4
DA:19,4
DA:20,0
DA:29,4
DA:30,0
DA:38,4
DA:40,4
DA:50,0
DA:58,1
LF:9
LH:6
BRF:0
BRH:0
end_of_record
TN:
SF:/Users/mac/PostIt/post-it-app/client/src/views/GroupContainer/WelcomeView.jsx
FN:4,(anonymous_0)
FNF:1
FNH:0
FNDA:0,(anonymous_0)
DA:5,0
LF:1
LH:0
BRF:0
BRH:0
end_of_record
TN:
SF:/Users/mac/PostIt/post-it-app/client/src/views/GroupContainer/GroupBodyContainer/AddUserView.jsx
FN:17,(anonymous_0)
FN:31,(anonymous_1)
FN:39,(anonymous_2)
FN:48,(anonymous_3)
FN:62,(anonymous_4)
FN:72,(anonymous_5)
FNF:6
FNH:0
FNDA:0,(anonymous_0)
FNDA:0,(anonymous_1)
FNDA:0,(anonymous_2)
FNDA:0,(anonymous_3)
FNDA:0,(anonymous_4)
FNDA:0,(anonymous_5)
DA:18,0
DA:20,0
DA:24,0
DA:32,0
DA:40,0
DA:50,0
DA:51,0
DA:53,0
DA:63,0
DA:73,0
DA:81,2
DA:85,2
LF:12
LH:2
BRF:0
BRH:0
end_of_record
TN:
SF:/Users/mac/PostIt/post-it-app/client/src/views/GroupContainer/GroupBodyContainer/MessageBody.jsx
FN:20,(anonymous_0)
FN:41,(anonymous_1)
FN:50,(anonymous_2)
FN:60,(anonymous_3)
FN:81,(anonymous_4)
FN:92,(anonymous_5)
FNF:6
FNH:0
FNDA:0,(anonymous_0)
FNDA:0,(anonymous_1)
FNDA:0,(anonymous_2)
FNDA:0,(anonymous_3)
FNDA:0,(anonymous_4)
FNDA:0,(anonymous_5)
DA:21,0
DA:22,0
DA:23,0
DA:28,0
DA:33,0
DA:42,0
DA:51,0
DA:61,0
DA:62,0
DA:63,0
DA:68,0
DA:71,0
DA:82,0
DA:93,0
DA:94,0
DA:107,2
LF:16
LH:1
BRF:0
BRH:0
end_of_record
TN:
SF:/Users/mac/PostIt/post-it-app/client/src/views/GroupContainer/GroupBodyContainer/MessageListView.jsx
FN:11,MessageListView
FN:17,(anonymous_1)
FN:41,(anonymous_2)
FNF:3
FNH:1
FNDA:2,MessageListView
FNDA:0,(anonymous_1)
FNDA:0,(anonymous_2)
DA:12,2
DA:13,2
DA:14,2
DA:15,2
DA:18,0
DA:19,0
DA:21,0
DA:42,0
DA:55,3
LF:9
LH:5
BRDA:17,0,0,2
BRDA:17,0,1,2
BRDA:18,1,0,0
BRDA:18,1,1,0
BRDA:27,2,0,0
BRDA:27,2,1,0
BRDA:33,3,0,0
BRDA:33,3,1,0
BRDA:38,4,0,0
BRDA:38,4,1,0
BRDA:40,5,0,0
BRDA:40,5,1,0
BRF:12
BRH:2
end_of_record
TN:
SF:/Users/mac/PostIt/post-it-app/client/src/views/GroupContainer/GroupBodyContainer/SendMessageView.jsx
FN:18,(anonymous_0)
FN:39,(anonymous_1)
FN:42,(anonymous_2)
FN:54,(anonymous_3)
FN:80,(anonymous_4)
FN:123,(anonymous_5)
FNF:6
FNH:5
FNDA:4,(anonymous_0)
FNDA:2,(anonymous_1)
FNDA:2,(anonymous_2)
FNDA:1,(anonymous_3)
FNDA:0,(anonymous_4)
FNDA:7,(anonymous_5)
DA:19,4
DA:21,4
DA:28,4
DA:29,4
DA:30,4
DA:40,2
DA:42,2
DA:55,1
DA:56,1
DA:57,1
DA:59,1
DA:65,1
DA:66,1
DA:67,1
DA:81,0
DA:82,0
DA:83,0
DA:88,0
DA:90,0
DA:91,0
DA:92,0
DA:95,0
DA:96,0
DA:97,0
DA:100,0
DA:101,0
DA:102,0
DA:105,0
DA:106,0
DA:110,0
DA:115,0
DA:124,7
DA:156,3
DA:160,3
LF:34
LH:17
BRDA:88,0,0,0
BRDA:88,0,1,0
BRDA:88,0,2,0
BRDA:88,0,3,0
BRF:4
BRH:0
end_of_record
TN:
SF:/Users/mac/PostIt/post-it-app/client/src/views/GroupContainer/GroupBodyContainer/userListView.jsx
FN:11,UserList
FN:19,(anonymous_1)
FN:38,(anonymous_2)
FNF:3
FNH:2
FNDA:3,UserList
FNDA:1,(anonymous_1)
FNDA:0,(anonymous_2)
DA:12,3
DA:19,3
DA:20,1
DA:21,1
DA:22,1
DA:23,1
DA:27,1
DA:31,3
DA:39,0
DA:50,3
DA:54,3
LF:11
LH:10
BRF:0
BRH:0
end_of_record
TN:
SF:/Users/mac/PostIt/post-it-app/client/src/views/LoginRegisterContainer/GoogleSignInComponent.jsx
FN:15,(anonymous_0)
FN:27,(anonymous_1)
FN:39,(anonymous_2)
FN:56,(anonymous_3)
FN:64,(anonymous_4)
FNF:5
FNH:3
FNDA:1,(anonymous_0)
FNDA:0,(anonymous_1)
FNDA:0,(anonymous_2)
FNDA:1,(anonymous_3)
FNDA:1,(anonymous_4)
DA:16,1
DA:18,1
DA:19,1
DA:28,0
DA:29,0
DA:30,0
DA:40,0
DA:41,0
DA:57,1
DA:65,1
DA:74,1
LF:11
LH:6
BRF:0
BRH:0
end_of_record
TN:
SF:/Users/mac/PostIt/post-it-app/client/src/views/LoginRegisterContainer/LandingPageContainer.jsx
FN:8,LandingPageContainer
FNF:1
FNH:1
FNDA:1,LandingPageContainer
DA:9,1
DA:25,1
LF:2
LH:2
BRF:0
BRH:0
end_of_record
TN:
SF:/Users/mac/PostIt/post-it-app/client/src/views/LoginRegisterContainer/LoginComponent.jsx
FN:16,(anonymous_0)
FN:35,(anonymous_1)
FN:48,(anonymous_2)
FN:68,(anonymous_3)
FN:84,(anonymous_4)
FN:93,(anonymous_5)
FN:101,(anonymous_6)
FNF:7
FNH:5
FNDA:8,(anonymous_0)
FNDA:4,(anonymous_1)
FNDA:1,(anonymous_2)
FNDA:0,(anonymous_3)
FNDA:8,(anonymous_4)
FNDA:0,(anonymous_5)
FNDA:13,(anonymous_6)
DA:17,8
DA:19,8
DA:26,8
DA:27,8
DA:28,8
DA:36,4
DA:38,4
DA:49,1
DA:51,1
DA:52,1
DA:58,1
DA:69,0
DA:70,0
DA:71,0
DA:85,8
DA:94,0
DA:102,13
DA:140,3
LF:18
LH:14
BRDA:70,0,0,0
BRDA:70,0,1,0
BRDA:126,1,0,13
BRDA:126,1,1,3
BRDA:127,2,0,13
BRDA:127,2,1,1
BRDA:130,3,0,13
BRDA:130,3,1,0
BRF:8
BRH:5
end_of_record
TN:
SF:/Users/mac/PostIt/post-it-app/client/src/views/LoginRegisterContainer/LoginRegisterContainer.jsx
FN:12,LoginRegisterContainer
FN:21,(anonymous_1)
FNF:2
FNH:2
FNDA:2,LoginRegisterContainer
FNDA:1,(anonymous_1)
DA:13,2
DA:22,1
DA:29,2
LF:3
LH:3
BRF:0
BRH:0
end_of_record
TN:
SF:/Users/mac/PostIt/post-it-app/client/src/views/LoginRegisterContainer/Nav.js
FN:10,Nav
FNF:1
FNH:1
FNDA:2,Nav
DA:11,2
DA:26,3
LF:2
LH:2
BRF:0
BRH:0
end_of_record
TN:
SF:/Users/mac/PostIt/post-it-app/client/src/views/LoginRegisterContainer/RegisterComponent.jsx
FN:17,(anonymous_0)
FN:39,(anonymous_1)
FN:51,(anonymous_2)
FN:70,(anonymous_3)
FN:85,(anonymous_4)
FN:94,(anonymous_5)
FN:102,(anonymous_6)
FNF:7
FNH:5
FNDA:11,(anonymous_0)
FNDA:12,(anonymous_1)
FNDA:2,(anonymous_2)
FNDA:0,(anonymous_3)
FNDA:11,(anonymous_4)
FNDA:0,(anonymous_5)
FNDA:24,(anonymous_6)
DA:18,11
DA:20,11
DA:29,11
DA:30,11
DA:31,11
DA:40,12
DA:41,12
DA:52,2
DA:53,2
DA:54,1
DA:59,1
DA:71,0
DA:72,0
DA:73,0
DA:86,11
DA:95,0
DA:103,24
LF:17
LH:13
BRDA:53,0,0,1
BRDA:53,0,1,1
BRDA:72,1,0,0
BRDA:72,1,1,0
BRDA:128,2,0,18
BRDA:128,2,1,6
BRDA:136,3,0,22
BRDA:136,3,1,2
BRDA:136,4,0,24
BRDA:136,4,1,19
BRDA:141,5,0,24
BRDA:141,5,1,10
BRDA:141,5,2,7
BRDA:141,5,3,5
BRDA:145,6,0,24
BRDA:145,6,1,1
BRDA:148,7,0,24
BRDA:148,7,1,0
BRF:18
BRH:15
end_of_record
