TN:
SF:/Users/andeladeveloper/Desktop/postIt/post-it-app/client/src/flux/ActionTypes.js
FNF:0
FNH:0
DA:1,66
LF:1
LH:1
BRF:0
BRH:0
end_of_record
TN:
SF:/Users/andeladeveloper/Desktop/postIt/post-it-app/client/src/flux/Dispatcher.js
FN:14,(anonymous_0)
FN:26,(anonymous_1)
FNF:2
FNH:2
FNDA:1,(anonymous_0)
FNDA:3,(anonymous_1)
DA:15,1
DA:27,3
DA:34,35
LF:3
LH:3
BRF:0
BRH:0
end_of_record
TN:
SF:/Users/andeladeveloper/Desktop/postIt/post-it-app/client/src/flux/firebaseFunctions.js
FN:3,(anonymous_0)
FN:16,(anonymous_1)
FN:21,(anonymous_2)
FNF:3
FNH:3
FNDA:7,(anonymous_0)
FNDA:29,(anonymous_1)
FNDA:36,(anonymous_2)
DA:3,24
DA:5,7
DA:13,7
DA:16,24
DA:17,29
DA:18,29
DA:21,24
DA:22,36
DA:23,36
DA:26,24
LF:10
LH:10
BRF:0
BRH:0
end_of_record
TN:
SF:/Users/andeladeveloper/Desktop/postIt/post-it-app/client/src/flux/actions/acceptRejectGroupRequestAction.js
FN:5,(anonymous_0)
FN:9,(anonymous_1)
FNF:2
FNH:2
FNDA:2,(anonymous_0)
FNDA:2,(anonymous_1)
DA:6,2
DA:7,2
DA:9,2
DA:10,2
DA:11,1
DA:12,1
DA:14,1
DA:17,1
DA:22,1
DA:25,1
DA:26,1
LF:11
LH:11
BRDA:10,0,0,1
BRDA:10,0,1,1
BRDA:12,1,0,1
BRDA:12,1,1,0
BRF:4
BRH:3
end_of_record
TN:
SF:/Users/andeladeveloper/Desktop/postIt/post-it-app/client/src/flux/actions/addUserGroup.js
FN:11,(anonymous_0)
FN:15,(anonymous_1)
FNF:2
FNH:2
FNDA:2,(anonymous_0)
FNDA:3,(anonymous_1)
DA:12,2
DA:13,2
DA:15,2
DA:16,3
DA:18,2
DA:19,2
DA:25,1
LF:7
LH:7
BRDA:16,0,0,2
BRDA:16,0,1,1
BRF:2
BRH:2
end_of_record
TN:
SF:/Users/andeladeveloper/Desktop/postIt/post-it-app/client/src/flux/actions/getAllUsersAction.js
FN:12,(anonymous_0)
FN:15,(anonymous_1)
FN:29,(anonymous_2)
FN:31,(anonymous_3)
FN:35,(anonymous_4)
FN:38,(anonymous_5)
FN:43,(anonymous_6)
FNF:7
FNH:6
FNDA:3,(anonymous_0)
FNDA:3,(anonymous_1)
FNDA:2,(anonymous_2)
FNDA:2,(anonymous_3)
FNDA:2,(anonymous_4)
FNDA:0,(anonymous_5)
FNDA:2,(anonymous_6)
DA:13,3
DA:14,3
DA:15,3
DA:16,3
DA:18,2
DA:21,2
DA:24,2
DA:27,2
DA:29,2
DA:30,2
DA:31,2
DA:32,2
DA:33,2
DA:35,2
DA:36,2
DA:37,2
DA:38,2
DA:39,0
DA:42,2
DA:43,2
DA:44,2
DA:47,2
DA:55,1
LF:23
LH:22
BRDA:16,0,0,2
BRDA:16,0,1,1
BRF:2
BRH:2
end_of_record
TN:
SF:/Users/andeladeveloper/Desktop/postIt/post-it-app/client/src/flux/actions/getMessagesAction.js
FN:13,(anonymous_0)
FN:18,(anonymous_1)
FN:29,(anonymous_2)
FN:33,(anonymous_3)
FNF:4
FNH:4
FNDA:4,(anonymous_0)
FNDA:5,(anonymous_1)
FNDA:2,(anonymous_2)
FNDA:6,(anonymous_3)
DA:14,4
DA:15,4
DA:16,4
DA:18,4
DA:19,5
DA:21,2
DA:23,2
DA:29,2
DA:30,2
DA:31,2
DA:32,2
DA:33,2
DA:34,6
DA:35,6
DA:36,6
DA:37,6
DA:38,4
DA:39,2
DA:40,2
DA:43,2
DA:44,2
DA:46,6
DA:55,3
LF:23
LH:23
BRDA:19,0,0,2
BRDA:19,0,1,3
BRDA:37,1,0,4
BRDA:37,1,1,2
BRDA:38,2,0,2
BRDA:38,2,1,2
BRDA:39,3,0,2
BRDA:39,3,1,0
BRDA:43,4,0,2
BRDA:43,4,1,0
BRF:10
BRH:8
end_of_record
TN:
SF:/Users/andeladeveloper/Desktop/postIt/post-it-app/client/src/flux/actions/googleSignInAction.js
FN:12,GoogleSignInAction
FN:16,(anonymous_1)
FN:23,(anonymous_2)
FN:34,(anonymous_3)
FNF:4
FNH:3
FNDA:2,GoogleSignInAction
FNDA:2,(anonymous_1)
FNDA:0,(anonymous_2)
FNDA:2,(anonymous_3)
DA:13,2
DA:14,2
DA:15,2
DA:17,2
DA:19,2
DA:24,0
DA:27,0
DA:29,0
DA:35,2
LF:9
LH:6
BRF:0
BRH:0
end_of_record
TN:
SF:/Users/andeladeveloper/Desktop/postIt/post-it-app/client/src/flux/actions/groupActions.js
FN:12,recieveGroups
FN:23,addGroup
FN:35,getGroups
FN:42,(anonymous_3)
FN:48,(anonymous_4)
FN:50,(anonymous_5)
FN:53,(anonymous_6)
FN:55,(anonymous_7)
FN:66,(anonymous_8)
FN:70,(anonymous_9)
FN:74,(anonymous_10)
FN:76,(anonymous_11)
FN:93,addGroupApi
FN:97,(anonymous_13)
FNF:14
FNH:5
FNDA:1,recieveGroups
FNDA:1,addGroup
FNDA:6,getGroups
FNDA:0,(anonymous_3)
FNDA:0,(anonymous_4)
FNDA:0,(anonymous_5)
FNDA:0,(anonymous_6)
FNDA:0,(anonymous_7)
FNDA:0,(anonymous_8)
FNDA:0,(anonymous_9)
FNDA:0,(anonymous_10)
FNDA:0,(anonymous_11)
FNDA:2,addGroupApi
FNDA:5,(anonymous_13)
DA:13,1
DA:24,1
DA:36,6
DA:37,6
DA:39,6
DA:40,6
DA:42,6
DA:43,0
DA:44,0
DA:46,0
DA:48,0
DA:49,0
DA:50,0
DA:51,0
DA:53,0
DA:54,0
DA:55,0
DA:56,0
DA:57,0
DA:58,0
DA:60,0
DA:64,0
DA:66,0
DA:67,0
DA:70,0
DA:71,0
DA:74,0
DA:75,0
DA:76,0
DA:77,0
DA:78,0
DA:79,0
DA:81,0
DA:94,2
DA:95,2
DA:97,2
DA:98,5
DA:99,4
DA:101,4
DA:106,4
DA:111,4
DA:114,4
DA:118,1
LF:43
LH:17
BRDA:43,0,0,0
BRDA:43,0,1,0
BRDA:98,1,0,4
BRDA:98,1,1,1
BRF:4
BRH:2
end_of_record
TN:
SF:/Users/andeladeveloper/Desktop/postIt/post-it-app/client/src/flux/actions/readMessagesAction.js
FN:13,(anonymous_0)
FN:17,(anonymous_1)
FN:23,(anonymous_2)
FNF:3
FNH:3
FNDA:2,(anonymous_0)
FNDA:3,(anonymous_1)
FNDA:4,(anonymous_2)
DA:14,2
DA:15,2
DA:17,2
DA:18,3
DA:19,2
DA:20,2
DA:22,2
DA:23,2
DA:24,4
DA:25,2
DA:28,2
DA:34,1
LF:12
LH:12
BRDA:18,0,0,2
BRDA:18,0,1,1
BRDA:22,1,0,2
BRDA:22,1,1,0
BRDA:24,2,0,2
BRDA:24,2,1,2
BRF:6
BRH:5
end_of_record
TN:
SF:/Users/andeladeveloper/Desktop/postIt/post-it-app/client/src/flux/actions/receiveRequestAction.js
FN:4,(anonymous_0)
FNF:1
FNH:1
FNDA:1,(anonymous_0)
DA:5,1
LF:1
LH:1
BRF:0
BRH:0
end_of_record
TN:
SF:/Users/andeladeveloper/Desktop/postIt/post-it-app/client/src/flux/actions/registerUserAction.js
FN:14,(anonymous_0)
FN:22,(anonymous_1)
FN:32,(anonymous_2)
FNF:3
FNH:3
FNDA:4,(anonymous_0)
FNDA:1,(anonymous_1)
FNDA:1,(anonymous_2)
DA:15,4
DA:16,4
DA:18,4
DA:19,3
DA:20,2
DA:21,1
DA:23,1
DA:27,1
DA:32,1
DA:33,1
DA:40,1
DA:45,1
DA:52,1
LF:13
LH:13
BRDA:18,0,0,3
BRDA:18,0,1,1
BRDA:19,1,0,2
BRDA:19,1,1,1
BRDA:20,2,0,1
BRDA:20,2,1,1
BRF:6
BRH:6
end_of_record
TN:
SF:/Users/andeladeveloper/Desktop/postIt/post-it-app/client/src/flux/actions/resetPasswordAction.js
FN:13,ResetPassword
FN:17,(anonymous_1)
FN:22,(anonymous_2)
FNF:3
FNH:3
FNDA:2,ResetPassword
FNDA:1,(anonymous_1)
FNDA:1,(anonymous_2)
DA:14,2
DA:16,2
DA:18,1
DA:23,1
LF:4
LH:4
BRF:0
BRH:0
end_of_record
TN:
SF:/Users/andeladeveloper/Desktop/postIt/post-it-app/client/src/flux/actions/sendMessageAction.js
FN:14,(anonymous_0)
FN:18,(anonymous_1)
FN:23,(anonymous_2)
FN:32,(anonymous_3)
FNF:4
FNH:4
FNDA:2,(anonymous_0)
FNDA:3,(anonymous_1)
FNDA:2,(anonymous_2)
FNDA:2,(anonymous_3)
DA:15,2
DA:16,2
DA:18,2
DA:19,3
DA:20,2
DA:23,2
DA:24,2
DA:29,2
DA:31,2
DA:33,2
DA:36,2
DA:38,0
DA:44,1
LF:13
LH:12
BRDA:19,0,0,2
BRDA:19,0,1,1
BRF:2
BRH:2
end_of_record
TN:
SF:/Users/andeladeveloper/Desktop/postIt/post-it-app/client/src/flux/actions/signOutAction.js
FN:6,(anonymous_0)
FN:9,(anonymous_1)
FN:29,(anonymous_2)
FNF:3
FNH:3
FNDA:2,(anonymous_0)
FNDA:1,(anonymous_1)
FNDA:1,(anonymous_2)
DA:7,2
DA:8,2
DA:10,1
DA:13,1
DA:16,1
DA:19,1
DA:22,1
DA:25,1
DA:30,1
LF:9
LH:9
BRF:0
BRH:0
end_of_record
TN:
SF:/Users/andeladeveloper/Desktop/postIt/post-it-app/client/src/flux/actions/userSignInAction.js
FN:14,SignInAction
FN:19,(anonymous_1)
FN:25,(anonymous_2)
FNF:3
FNH:3
FNDA:3,SignInAction
FNDA:1,(anonymous_1)
FNDA:1,(anonymous_2)
DA:15,3
DA:17,3
DA:18,2
DA:20,1
DA:26,1
DA:33,1
LF:6
LH:6
BRDA:17,0,0,2
BRDA:17,0,1,1
BRF:2
BRH:2
end_of_record
TN:
SF:/Users/andeladeveloper/Desktop/postIt/post-it-app/client/src/flux/models/groupList.js
FNF:0
FNH:0
DA:3,26
LF:1
LH:1
BRF:0
BRH:0
end_of_record
TN:
SF:/Users/andeladeveloper/Desktop/postIt/post-it-app/client/src/flux/stores/AllUsersStore.js
FN:11,(anonymous_0)
FN:27,(anonymous_1)
FN:38,(anonymous_2)
FN:50,(anonymous_3)
FN:57,(anonymous_4)
FNF:5
FNH:5
FNDA:1,(anonymous_0)
FNDA:1,(anonymous_1)
FNDA:1,(anonymous_2)
FNDA:2,(anonymous_3)
FNDA:2,(anonymous_4)
DA:8,10
DA:11,10
DA:12,1
DA:28,1
DA:39,1
DA:51,2
DA:55,10
DA:57,10
DA:58,2
DA:64,2
DA:66,1
DA:67,1
DA:70,1
DA:71,1
DA:72,1
DA:73,1
DA:74,0
DA:75,0
DA:76,0
DA:77,0
DA:79,1
DA:80,1
DA:81,1
DA:83,1
DA:84,1
DA:87,0
DA:88,0
DA:89,0
DA:90,0
DA:91,0
DA:92,0
DA:93,0
DA:94,0
DA:95,0
DA:97,0
DA:100,0
DA:101,0
DA:104,0
LF:38
LH:21
BRDA:64,0,0,1
BRDA:64,0,1,1
BRDA:64,0,2,0
BRDA:64,0,3,0
BRDA:64,0,4,0
BRDA:73,1,0,0
BRDA:73,1,1,1
BRDA:90,2,0,0
BRDA:90,2,1,0
BRF:9
BRH:3
end_of_record
TN:
SF:/Users/andeladeveloper/Desktop/postIt/post-it-app/client/src/flux/stores/ErrorStore.js
FN:21,(anonymous_0)
FN:31,(anonymous_1)
FN:41,(anonymous_2)
FN:49,(anonymous_3)
FN:56,(anonymous_4)
FNF:5
FNH:5
FNDA:20,(anonymous_0)
FNDA:1,(anonymous_1)
FNDA:1,(anonymous_2)
FNDA:1,(anonymous_3)
FNDA:4,(anonymous_4)
DA:5,12
DA:22,20
DA:32,1
DA:42,1
DA:50,1
DA:54,12
DA:56,12
DA:57,4
DA:59,4
DA:61,2
DA:62,2
DA:63,2
DA:64,2
DA:67,2
DA:68,2
DA:69,2
DA:70,2
DA:73,0
LF:18
LH:17
BRDA:59,0,0,2
BRDA:59,0,1,2
BRDA:59,0,2,0
BRF:3
BRH:2
end_of_record
TN:
SF:/Users/andeladeveloper/Desktop/postIt/post-it-app/client/src/flux/stores/GroupRequestStore.js
FN:10,(anonymous_0)
FN:26,(anonymous_1)
FN:36,(anonymous_2)
FN:46,(anonymous_3)
FN:53,(anonymous_4)
FNF:5
FNH:4
FNDA:0,(anonymous_0)
FNDA:5,(anonymous_1)
FNDA:1,(anonymous_2)
FNDA:5,(anonymous_3)
FNDA:2,(anonymous_4)
DA:6,5
DA:8,5
DA:10,5
DA:11,0
DA:27,5
DA:37,1
DA:47,5
DA:51,5
DA:53,5
DA:54,2
DA:58,2
DA:60,0
DA:61,0
DA:62,0
DA:63,0
DA:66,2
DA:67,2
DA:68,2
DA:69,2
DA:72,0
DA:73,0
DA:76,0
LF:22
LH:14
BRDA:58,0,0,0
BRDA:58,0,1,2
BRDA:58,0,2,0
BRDA:58,0,3,0
BRF:4
BRH:1
end_of_record
TN:
SF:/Users/andeladeveloper/Desktop/postIt/post-it-app/client/src/flux/stores/GroupStore.js
FN:13,(anonymous_0)
FN:29,(anonymous_1)
FN:39,(anonymous_2)
FN:49,(anonymous_3)
FN:59,(anonymous_4)
FN:66,(anonymous_5)
FNF:6
FNH:5
FNDA:1,(anonymous_0)
FNDA:5,(anonymous_1)
FNDA:1,(anonymous_2)
FNDA:7,(anonymous_3)
FNDA:0,(anonymous_4)
FNDA:3,(anonymous_5)
DA:7,9
DA:10,9
DA:13,9
DA:14,1
DA:30,5
DA:40,1
DA:50,7
DA:60,0
DA:64,9
DA:66,9
DA:67,3
DA:68,3
DA:72,3
DA:74,1
DA:75,1
DA:77,1
DA:81,1
DA:82,1
DA:85,1
DA:86,1
DA:87,1
DA:88,1
DA:91,0
DA:92,0
DA:95,0
LF:25
LH:21
BRDA:72,0,0,1
BRDA:72,0,1,1
BRDA:72,0,2,1
BRDA:72,0,3,0
BRDA:72,0,4,0
BRDA:74,1,0,1
BRDA:74,1,1,0
BRF:7
BRH:4
end_of_record
TN:
SF:/Users/andeladeveloper/Desktop/postIt/post-it-app/client/src/flux/stores/MessageStore.js
FN:16,(anonymous_0)
FN:33,(anonymous_1)
FN:44,(anonymous_2)
FN:52,(anonymous_3)
FN:60,(anonymous_4)
FN:72,(anonymous_5)
FN:80,(anonymous_6)
FN:90,(anonymous_7)
FNF:8
FNH:8
FNDA:1,(anonymous_0)
FNDA:1,(anonymous_1)
FNDA:1,(anonymous_2)
FNDA:6,(anonymous_3)
FNDA:2,(anonymous_4)
FNDA:1,(anonymous_5)
FNDA:8,(anonymous_6)
FNDA:2,(anonymous_7)
DA:6,12
DA:9,12
DA:11,12
DA:16,12
DA:17,1
DA:34,1
DA:45,1
DA:53,6
DA:61,2
DA:73,1
DA:81,8
DA:88,12
DA:90,12
DA:91,2
DA:98,2
DA:100,1
DA:101,1
DA:102,1
DA:103,1
DA:105,1
DA:106,1
DA:107,0
DA:108,0
DA:111,1
DA:113,1
DA:114,0
DA:115,0
DA:116,0
DA:117,0
DA:119,1
DA:120,1
DA:122,1
DA:124,1
DA:125,1
DA:129,1
DA:131,1
DA:132,1
DA:133,1
DA:134,1
DA:138,0
DA:139,0
DA:143,0
LF:42
LH:33
BRDA:98,0,0,1
BRDA:98,0,1,1
BRDA:98,0,2,0
BRDA:98,0,3,0
BRDA:106,1,0,0
BRDA:106,1,1,1
BRDA:113,2,0,0
BRDA:113,2,1,1
BRF:8
BRH:4
end_of_record
TN:
SF:/Users/andeladeveloper/Desktop/postIt/post-it-app/client/src/flux/stores/UserStore.js
FN:19,(anonymous_0)
FN:29,(anonymous_1)
FN:40,(anonymous_2)
FN:50,(anonymous_3)
FN:57,(anonymous_4)
FN:70,(anonymous_5)
FNF:6
FNH:6
FNDA:1,(anonymous_0)
FNDA:1,(anonymous_1)
FNDA:1,(anonymous_2)
FNDA:1,(anonymous_3)
FNDA:2,(anonymous_4)
FNDA:1,(anonymous_5)
DA:6,6
DA:8,6
DA:20,1
DA:30,1
DA:41,1
DA:51,1
DA:55,6
DA:57,6
DA:58,2
DA:59,2
DA:62,2
DA:64,1
DA:65,1
DA:66,1
DA:67,1
DA:69,1
DA:71,1
DA:73,1
DA:74,1
DA:75,1
DA:76,1
DA:78,1
DA:81,1
DA:82,1
DA:83,1
DA:87,0
DA:88,0
DA:89,0
DA:90,0
DA:93,0
LF:30
LH:25
BRDA:62,0,0,1
BRDA:62,0,1,1
BRDA:62,0,2,0
BRDA:62,0,3,0
BRDA:64,1,0,1
BRDA:64,1,1,0
BRF:6
BRH:3
end_of_record
TN:
SF:/Users/andeladeveloper/Desktop/postIt/post-it-app/client/src/utility/bulkMessageRequest.js
FN:5,(anonymous_0)
FN:6,(anonymous_1)
FNF:2
FNH:2
FNDA:1,(anonymous_0)
FNDA:1,(anonymous_1)
DA:6,1
DA:7,1
DA:10,1
LF:3
LH:3
BRF:0
BRH:0
end_of_record
TN:
SF:/Users/andeladeveloper/Desktop/postIt/post-it-app/client/src/utility/getReadStatus.js
FN:3,(anonymous_0)
FNF:1
FNH:1
FNDA:11,(anonymous_0)
DA:4,11
DA:5,2
DA:6,1
DA:9,9
LF:4
LH:4
BRDA:4,0,0,2
BRDA:4,0,1,9
BRDA:5,1,0,1
BRDA:5,1,1,1
BRF:4
BRH:4
end_of_record
TN:
SF:/Users/andeladeveloper/Desktop/postIt/post-it-app/client/src/utility/getSenderInitials.js
FN:2,(anonymous_0)
FN:7,(anonymous_1)
FNF:2
FNH:2
FNDA:11,(anonymous_0)
FNDA:3,(anonymous_1)
DA:3,11
DA:4,11
DA:5,2
DA:7,2
DA:8,3
DA:12,11
LF:6
LH:6
BRDA:4,0,0,2
BRDA:4,0,1,9
BRF:2
BRH:2
end_of_record
TN:
SF:/Users/andeladeveloper/Desktop/postIt/post-it-app/client/src/utility/getUsersEmailsNumbers.js
FN:3,(anonymous_0)
FN:4,(anonymous_1)
FN:5,(anonymous_2)
FN:8,(anonymous_3)
FN:13,(anonymous_4)
FN:22,(anonymous_5)
FN:29,(anonymous_6)
FN:31,(anonymous_7)
FN:36,(anonymous_8)
FNF:9
FNH:9
FNDA:1,(anonymous_0)
FNDA:1,(anonymous_1)
FNDA:1,(anonymous_2)
FNDA:1,(anonymous_3)
FNDA:1,(anonymous_4)
FNDA:1,(anonymous_5)
FNDA:1,(anonymous_6)
FNDA:1,(anonymous_7)
FNDA:1,(anonymous_8)
DA:3,6
DA:4,1
DA:5,1
DA:7,1
DA:8,1
DA:9,1
DA:12,1
DA:13,1
DA:14,1
DA:15,1
DA:23,1
DA:24,1
DA:25,1
DA:26,1
DA:28,1
DA:29,1
DA:31,1
DA:32,1
DA:34,1
DA:35,1
DA:37,1
LF:21
LH:21
BRF:0
BRH:0
end_of_record
TN:
SF:/Users/andeladeveloper/Desktop/postIt/post-it-app/client/src/utility/sendNotifications.js
FN:4,(anonymous_0)
FN:12,(anonymous_1)
FNF:2
FNH:2
FNDA:2,(anonymous_0)
FNDA:2,(anonymous_1)
DA:5,2
DA:13,2
DA:14,1
DA:18,1
LF:4
LH:4
BRDA:13,0,0,1
BRDA:13,0,1,1
BRF:2
BRH:2
end_of_record
TN:
SF:/Users/andeladeveloper/Desktop/postIt/post-it-app/client/src/views/App.jsx
FN:22,(anonymous_0)
FN:42,(anonymous_1)
FN:51,(anonymous_2)
FN:60,(anonymous_3)
FN:77,(anonymous_4)
FN:90,(anonymous_5)
FN:100,(anonymous_6)
FN:106,(anonymous_7)
FN:112,(anonymous_8)
FNF:9
FNH:5
FNDA:7,(anonymous_0)
FNDA:6,(anonymous_1)
FNDA:1,(anonymous_2)
FNDA:0,(anonymous_3)
FNDA:1,(anonymous_4)
FNDA:0,(anonymous_5)
FNDA:11,(anonymous_6)
FNDA:0,(anonymous_7)
FNDA:0,(anonymous_8)
DA:23,7
DA:24,7
DA:25,7
DA:32,7
DA:33,7
DA:34,7
DA:43,6
DA:52,1
DA:61,0
DA:62,0
DA:63,0
DA:65,0
DA:78,1
DA:79,1
DA:91,0
DA:101,11
DA:107,0
DA:108,0
DA:110,0
DA:113,0
DA:114,0
DA:116,0
LF:22
LH:11
BRDA:62,0,0,0
BRDA:62,0,1,0
BRDA:107,1,0,0
BRDA:107,1,1,0
BRDA:110,2,0,0
BRDA:110,2,1,0
BRDA:113,3,0,0
BRDA:113,3,1,0
BRDA:116,4,0,0
BRDA:116,4,1,0
BRDA:117,5,0,0
BRDA:117,5,1,0
BRDA:123,6,0,11
BRDA:123,6,1,11
BRDA:123,6,2,9
BRDA:133,7,0,11
BRDA:133,7,1,2
BRDA:134,8,0,11
BRDA:134,8,1,2
BRDA:134,8,2,1
BRF:20
BRH:8
end_of_record
TN:
SF:/Users/andeladeveloper/Desktop/postIt/post-it-app/client/src/views/Header.jsx
FN:12,(anonymous_0)
FN:17,(anonymous_1)
FNF:2
FNH:2
FNDA:1,(anonymous_0)
FNDA:7,(anonymous_1)
DA:12,3
DA:13,1
DA:14,1
DA:18,7
DA:19,7
LF:5
LH:5
BRF:0
BRH:0
end_of_record
TN:
SF:/Users/andeladeveloper/Desktop/postIt/post-it-app/client/src/views/GroupContainer/AddGroup.jsx
FN:17,(anonymous_0)
FN:34,(anonymous_1)
FN:37,(anonymous_2)
FN:49,(anonymous_3)
FN:66,(anonymous_4)
FNF:5
FNH:5
FNDA:8,(anonymous_0)
FNDA:2,(anonymous_1)
FNDA:2,(anonymous_2)
FNDA:1,(anonymous_3)
FNDA:11,(anonymous_4)
DA:18,8
DA:20,8
DA:24,8
DA:25,8
DA:35,2
DA:37,2
DA:50,1
DA:51,1
DA:52,1
DA:56,1
DA:67,11
LF:11
LH:11
BRF:0
BRH:0
end_of_record
TN:
SF:/Users/andeladeveloper/Desktop/postIt/post-it-app/client/src/views/GroupContainer/Dashboard.jsx
FN:18,(anonymous_0)
FN:32,(anonymous_1)
FN:43,(anonymous_2)
FN:52,(anonymous_3)
FN:66,(anonymous_4)
FNF:5
FNH:4
FNDA:5,(anonymous_0)
FNDA:5,(anonymous_1)
FNDA:1,(anonymous_2)
FNDA:0,(anonymous_3)
FNDA:5,(anonymous_4)
DA:19,5
DA:20,5
DA:24,5
DA:34,5
DA:35,5
DA:44,1
DA:53,0
DA:54,0
DA:55,0
DA:67,5
LF:10
LH:7
BRDA:54,0,0,0
BRDA:54,0,1,0
BRF:2
BRH:0
end_of_record
TN:
SF:/Users/andeladeveloper/Desktop/postIt/post-it-app/client/src/views/GroupContainer/GroupItem.jsx
FN:18,(anonymous_0)
FN:33,(anonymous_1)
FN:43,(anonymous_2)
FN:54,(anonymous_3)
FNF:4
FNH:3
FNDA:4,(anonymous_0)
FNDA:1,(anonymous_1)
FNDA:0,(anonymous_2)
FNDA:5,(anonymous_3)
DA:19,4
DA:21,4
DA:26,4
DA:34,1
DA:44,0
DA:55,5
DA:88,4
LF:7
LH:6
BRDA:76,0,0,5
BRDA:76,0,1,1
BRF:2
BRH:2
end_of_record
TN:
SF:/Users/andeladeveloper/Desktop/postIt/post-it-app/client/src/views/GroupContainer/GroupList.jsx
FN:21,(anonymous_0)
FN:36,(anonymous_1)
FN:44,(anonymous_2)
FN:52,(anonymous_3)
FN:69,(anonymous_4)
FN:76,(anonymous_5)
FN:93,(anonymous_6)
FN:103,(anonymous_7)
FNF:8
FNH:5
FNDA:8,(anonymous_0)
FNDA:5,(anonymous_1)
FNDA:1,(anonymous_2)
FNDA:0,(anonymous_3)
FNDA:8,(anonymous_4)
FNDA:0,(anonymous_5)
FNDA:8,(anonymous_6)
FNDA:0,(anonymous_7)
DA:22,8
DA:23,8
DA:28,8
DA:29,8
DA:37,5
DA:45,1
DA:53,0
DA:54,0
DA:55,0
DA:57,0
DA:58,0
DA:70,8
DA:71,8
DA:74,8
DA:75,0
DA:76,0
DA:77,0
DA:78,0
DA:79,0
DA:80,0
DA:82,0
DA:86,8
DA:94,8
DA:104,0
DA:133,4
LF:25
LH:12
BRDA:57,0,0,0
BRDA:57,0,1,0
BRDA:74,1,0,0
BRDA:74,1,1,8
BRDA:75,2,0,0
BRDA:75,2,1,0
BRDA:77,3,0,0
BRDA:77,3,1,0
BRDA:79,4,0,0
BRDA:79,4,1,0
BRDA:118,5,0,0
BRDA:118,5,1,0
BRF:12
BRH:1
end_of_record
TN:
SF:/Users/andeladeveloper/Desktop/postIt/post-it-app/client/src/views/GroupContainer/GroupListView.jsx
FN:12,GroupListView
FN:22,(anonymous_1)
FNF:2
FNH:1
FNDA:9,GroupListView
FNDA:0,(anonymous_1)
DA:13,9
DA:23,0
LF:2
LH:1
BRF:0
BRH:0
end_of_record
TN:
SF:/Users/andeladeveloper/Desktop/postIt/post-it-app/client/src/views/GroupContainer/RequestItem.jsx
FN:11,(anonymous_0)
FN:12,(anonymous_1)
FN:39,(anonymous_2)
FN:47,(anonymous_3)
FNF:4
FNH:4
FNDA:12,(anonymous_0)
FNDA:2,(anonymous_1)
FNDA:1,(anonymous_2)
FNDA:1,(anonymous_3)
DA:12,12
DA:13,2
DA:14,2
DA:15,2
DA:17,2
DA:23,2
DA:30,12
DA:39,1
DA:47,1
LF:9
LH:9
BRF:0
BRH:0
end_of_record
TN:
SF:/Users/andeladeveloper/Desktop/postIt/post-it-app/client/src/views/GroupContainer/RequestList.jsx
FN:15,(anonymous_0)
FN:28,(anonymous_1)
FN:36,(anonymous_2)
FN:44,(anonymous_3)
FN:55,(anonymous_4)
FN:59,(anonymous_5)
FNF:6
FNH:5
FNDA:10,(anonymous_0)
FNDA:10,(anonymous_1)
FNDA:2,(anonymous_2)
FNDA:0,(anonymous_3)
FNDA:10,(anonymous_4)
FNDA:8,(anonymous_5)
DA:16,10
DA:17,10
DA:21,10
DA:29,10
DA:37,2
DA:45,0
DA:46,0
DA:56,10
DA:60,8
LF:9
LH:7
BRDA:57,0,0,4
BRDA:57,0,1,6
BRF:2
BRH:2
end_of_record
TN:
SF:/Users/andeladeveloper/Desktop/postIt/post-it-app/client/src/views/GroupContainer/WelcomeView.jsx
FN:4,(anonymous_0)
FNF:1
FNH:1
FNDA:2,(anonymous_0)
DA:5,2
LF:1
LH:1
BRF:0
BRH:0
end_of_record
TN:
SF:/Users/andeladeveloper/Desktop/postIt/post-it-app/client/src/views/GroupContainer/GroupBodyContainer/AddUserView.jsx
FN:16,(anonymous_0)
FN:34,(anonymous_1)
FN:42,(anonymous_2)
FN:50,(anonymous_3)
FN:61,(anonymous_4)
FN:73,(anonymous_5)
FNF:6
FNH:4
FNDA:5,(anonymous_0)
FNDA:5,(anonymous_1)
FNDA:1,(anonymous_2)
FNDA:0,(anonymous_3)
FNDA:0,(anonymous_4)
FNDA:5,(anonymous_5)
DA:17,5
DA:19,5
DA:21,5
DA:26,5
DA:27,5
DA:35,5
DA:43,1
DA:51,0
DA:62,0
DA:63,0
DA:64,0
DA:74,5
DA:85,5
LF:13
LH:9
BRF:0
BRH:0
end_of_record
TN:
SF:/Users/andeladeveloper/Desktop/postIt/post-it-app/client/src/views/GroupContainer/GroupBodyContainer/MessageBody.jsx
FN:19,(anonymous_0)
FN:33,(anonymous_1)
FN:42,(anonymous_2)
FN:52,(anonymous_3)
FN:68,(anonymous_4)
FN:79,(anonymous_5)
FNF:6
FNH:4
FNDA:6,(anonymous_0)
FNDA:6,(anonymous_1)
FNDA:1,(anonymous_2)
FNDA:0,(anonymous_3)
FNDA:0,(anonymous_4)
FNDA:6,(anonymous_5)
DA:20,6
DA:21,6
DA:25,6
DA:34,6
DA:43,1
DA:53,0
DA:54,0
DA:55,0
DA:58,0
DA:69,0
DA:80,6
LF:11
LH:6
BRF:0
BRH:0
end_of_record
TN:
SF:/Users/andeladeveloper/Desktop/postIt/post-it-app/client/src/views/GroupContainer/GroupBodyContainer/MessageListView.jsx
FN:12,MessageListView
FN:16,(anonymous_1)
FN:43,(anonymous_2)
FNF:3
FNH:2
FNDA:8,MessageListView
FNDA:8,(anonymous_1)
FNDA:0,(anonymous_2)
DA:13,8
DA:14,8
DA:17,8
DA:18,0
DA:20,8
DA:44,0
LF:6
LH:4
BRDA:16,0,0,8
BRDA:16,0,1,8
BRDA:17,1,0,0
BRDA:17,1,1,8
BRDA:26,2,0,0
BRDA:26,2,1,8
BRDA:33,3,0,0
BRDA:33,3,1,8
BRDA:39,4,0,0
BRDA:39,4,1,8
BRDA:42,5,0,8
BRDA:42,5,1,0
BRF:12
BRH:7
end_of_record
TN:
SF:/Users/andeladeveloper/Desktop/postIt/post-it-app/client/src/views/GroupContainer/GroupBodyContainer/SendMessageView.jsx
FN:17,(anonymous_0)
FN:38,(anonymous_1)
FN:53,(anonymous_2)
FN:78,(anonymous_3)
FN:120,(anonymous_4)
FNF:5
FNH:4
FNDA:10,(anonymous_0)
FNDA:2,(anonymous_1)
FNDA:1,(anonymous_2)
FNDA:0,(anonymous_3)
FNDA:13,(anonymous_4)
DA:18,10
DA:20,10
DA:27,10
DA:28,10
DA:29,10
DA:39,2
DA:41,2
DA:54,1
DA:55,1
DA:56,1
DA:58,1
DA:64,1
DA:65,1
DA:79,0
DA:80,0
DA:81,0
DA:86,0
DA:88,0
DA:89,0
DA:90,0
DA:93,0
DA:94,0
DA:95,0
DA:98,0
DA:99,0
DA:100,0
DA:103,0
DA:104,0
DA:108,0
DA:121,13
DA:153,6
LF:31
LH:15
BRDA:86,0,0,0
BRDA:86,0,1,0
BRDA:86,0,2,0
BRDA:86,0,3,0
BRF:4
BRH:0
end_of_record
TN:
SF:/Users/andeladeveloper/Desktop/postIt/post-it-app/client/src/views/GroupContainer/GroupBodyContainer/userListView.jsx
FN:11,UserList
FN:17,(anonymous_1)
FN:34,(anonymous_2)
FN:49,(anonymous_3)
FNF:4
FNH:2
FNDA:8,UserList
FNDA:1,(anonymous_1)
FNDA:0,(anonymous_2)
FNDA:0,(anonymous_3)
DA:17,8
DA:18,1
DA:19,1
DA:20,1
DA:21,1
DA:25,1
DA:26,1
DA:34,8
DA:35,0
DA:36,0
DA:37,0
DA:39,0
DA:42,8
DA:50,0
DA:63,6
LF:15
LH:10
BRDA:36,0,0,0
BRDA:36,0,1,0
BRDA:54,1,0,0
BRDA:54,1,1,0
BRF:4
BRH:0
end_of_record
TN:
SF:/Users/andeladeveloper/Desktop/postIt/post-it-app/client/src/views/LoginRegisterContainer/GoogleSignInComponent.jsx
FN:15,(anonymous_0)
FN:27,(anonymous_1)
FN:36,(anonymous_2)
FNF:3
FNH:2
FNDA:3,(anonymous_0)
FNDA:0,(anonymous_1)
FNDA:3,(anonymous_2)
DA:16,3
DA:17,3
DA:28,0
DA:29,0
DA:37,3
LF:5
LH:3
BRF:0
BRH:0
end_of_record
TN:
SF:/Users/andeladeveloper/Desktop/postIt/post-it-app/client/src/views/LoginRegisterContainer/LandingPageContainer.jsx
FN:8,LandingPageContainer
FNF:1
FNH:1
FNDA:1,LandingPageContainer
DA:9,1
LF:1
LH:1
BRF:0
BRH:0
end_of_record
TN:
SF:/Users/andeladeveloper/Desktop/postIt/post-it-app/client/src/views/LoginRegisterContainer/LoginComponent.jsx
FN:18,(anonymous_0)
FN:37,(anonymous_1)
FN:50,(anonymous_2)
FN:68,(anonymous_3)
FN:84,(anonymous_4)
FN:93,(anonymous_5)
FN:101,(anonymous_6)
FNF:7
FNH:5
FNDA:8,(anonymous_0)
FNDA:4,(anonymous_1)
FNDA:1,(anonymous_2)
FNDA:0,(anonymous_3)
FNDA:8,(anonymous_4)
FNDA:0,(anonymous_5)
FNDA:13,(anonymous_6)
DA:19,8
DA:21,8
DA:28,8
DA:29,8
DA:30,8
DA:38,4
DA:40,4
DA:51,1
DA:53,1
DA:58,1
DA:69,0
DA:70,0
DA:71,0
DA:85,8
DA:94,0
DA:102,13
LF:16
LH:12
BRDA:70,0,0,0
BRDA:70,0,1,0
BRDA:126,1,0,13
BRDA:126,1,1,3
BRDA:127,2,0,13
BRDA:127,2,1,1
BRDA:131,3,0,13
BRDA:131,3,1,0
BRF:8
BRH:5
end_of_record
TN:
SF:/Users/andeladeveloper/Desktop/postIt/post-it-app/client/src/views/LoginRegisterContainer/LoginRegisterContainer.jsx
FN:12,LoginRegisterContainer
FN:21,(anonymous_1)
FNF:2
FNH:2
FNDA:2,LoginRegisterContainer
FNDA:1,(anonymous_1)
DA:13,2
DA:22,1
LF:2
LH:2
BRF:0
BRH:0
end_of_record
TN:
SF:/Users/andeladeveloper/Desktop/postIt/post-it-app/client/src/views/LoginRegisterContainer/Nav.js
FN:10,(anonymous_0)
FNF:1
FNH:1
FNDA:2,(anonymous_0)
DA:11,2
LF:1
LH:1
BRF:0
BRH:0
end_of_record
TN:
SF:/Users/andeladeveloper/Desktop/postIt/post-it-app/client/src/views/LoginRegisterContainer/RegisterComponent.jsx
FN:17,(anonymous_0)
FN:40,(anonymous_1)
FN:52,(anonymous_2)
FN:72,(anonymous_3)
FN:87,(anonymous_4)
FN:96,(anonymous_5)
FN:104,(anonymous_6)
FNF:7
FNH:5
FNDA:11,(anonymous_0)
FNDA:12,(anonymous_1)
FNDA:2,(anonymous_2)
FNDA:0,(anonymous_3)
FNDA:11,(anonymous_4)
FNDA:0,(anonymous_5)
FNDA:24,(anonymous_6)
DA:18,11
DA:20,11
DA:30,11
DA:31,11
DA:32,11
DA:41,12
DA:42,12
DA:53,2
DA:54,2
DA:55,1
DA:61,1
DA:73,0
DA:74,0
DA:75,0
DA:88,11
DA:97,0
DA:105,24
LF:17
LH:13
BRDA:54,0,0,1
BRDA:54,0,1,1
BRDA:74,1,0,0
BRDA:74,1,1,0
BRDA:138,2,0,18
BRDA:138,2,1,6
BRDA:146,3,0,22
BRDA:146,3,1,2
BRDA:146,4,0,24
BRDA:146,4,1,19
BRDA:152,5,0,24
BRDA:152,5,1,10
BRDA:152,5,2,7
BRDA:152,5,3,5
BRDA:156,6,0,24
BRDA:156,6,1,1
BRDA:160,7,0,24
BRDA:160,7,1,0
BRF:18
BRH:15
end_of_record
TN:
SF:/Users/andeladeveloper/Desktop/postIt/post-it-app/client/src/views/LoginRegisterContainer/ResetPasswordView.jsx
FN:13,(anonymous_0)
FN:29,(anonymous_1)
FN:41,(anonymous_2)
FN:53,(anonymous_3)
FN:62,(anonymous_4)
FN:69,(anonymous_5)
FN:79,(anonymous_6)
FNF:7
FNH:6
FNDA:7,(anonymous_0)
FNDA:1,(anonymous_1)
FNDA:1,(anonymous_2)
FNDA:7,(anonymous_3)
FNDA:1,(anonymous_4)
FNDA:0,(anonymous_5)
FNDA:8,(anonymous_6)
DA:14,7
DA:16,7
DA:20,7
DA:21,7
DA:22,7
DA:30,1
DA:32,1
DA:42,1
DA:43,1
DA:54,7
DA:63,1
DA:70,0
DA:80,8
LF:13
LH:12
BRF:0
BRH:0
end_of_record
